INFO: [SIM 2] *************** CSIM start ***************
INFO: [SIM 4] CSIM will launch GCC as the compiler.
   Compiling(apcc) ../../../../filter_envelope_detector_tb.c in debug mode
INFO: [HLS 200-10] Running '/home/caccolillo/Xilinx_2022_2/Vitis_HLS/2022.2/bin/unwrapped/lnx64.o/apcc'
INFO: [HLS 200-10] For user 'caccolillo' on host 'caccolillo-OMEN-25L-Desktop-GT12-1xxx' (Linux_x86_64 version 5.15.0-139-generic) on Sun Jun 29 20:40:36 BST 2025
INFO: [HLS 200-10] On os Ubuntu 20.04.3 LTS
INFO: [HLS 200-10] In directory '/home/caccolillo/Downloads/TUTORIAL_FSK/FSK_MODEM/HLS/FILTER_ENVELOPE_DETECTOR/filter_envelope_detector/solution1/csim/build'
../../../../filter_envelope_detector_tb.c:24:26: warning: format specifies type 'double' but the argument has type 'int32_t' (aka 'int') [-Wformat]
        fprintf(fp, "%d,%f,%f\n", n, input , output );
                        ~^           ~~~~~
                        %d
../../../../filter_envelope_detector_tb.c:24:29: warning: format specifies type 'double' but the argument has type 'int32_t' (aka 'int') [-Wformat]
        fprintf(fp, "%d,%f,%f\n", n, input , output );
                           ~^                ~~~~~~
                           %d
2 warnings generated.
../../../../filter_envelope_detector_tb.c:24:26: warning: format specifies type 'double' but the argument has type 'int32_t' (aka 'int') [-Wformat]
        fprintf(fp, "%d,%f,%f\n", n, input , output );
                        ~^           ~~~~~
                        %d
../../../../filter_envelope_detector_tb.c:24:29: warning: format specifies type 'double' but the argument has type 'int32_t' (aka 'int') [-Wformat]
        fprintf(fp, "%d,%f,%f\n", n, input , output );
                           ~^                ~~~~~~
                           %d
2 warnings generated.
INFO: [APCC 202-3] Tmp directory is /tmp/apcc_db_caccolillo/330901751226036585488
INFO: [APCC 202-1] APCC is done.
INFO: [HLS 200-112] Total CPU user time: 1.13 seconds. Total CPU system time: 0.2 seconds. Total elapsed time: 1.21 seconds; peak allocated memory: 98.969 MB.
   Compiling(apcc) ../../../../filter_envelope_detector.c in debug mode
INFO: [HLS 200-10] Running '/home/caccolillo/Xilinx_2022_2/Vitis_HLS/2022.2/bin/unwrapped/lnx64.o/apcc'
INFO: [HLS 200-10] For user 'caccolillo' on host 'caccolillo-OMEN-25L-Desktop-GT12-1xxx' (Linux_x86_64 version 5.15.0-139-generic) on Sun Jun 29 20:40:38 BST 2025
INFO: [HLS 200-10] On os Ubuntu 20.04.3 LTS
INFO: [HLS 200-10] In directory '/home/caccolillo/Downloads/TUTORIAL_FSK/FSK_MODEM/HLS/FILTER_ENVELOPE_DETECTOR/filter_envelope_detector/solution1/csim/build'
INFO: [APCC 202-3] Tmp directory is /tmp/apcc_db_caccolillo/331501751226038588033
INFO: [APCC 202-1] APCC is done.
INFO: [HLS 200-112] Total CPU user time: 1.11 seconds. Total CPU system time: 0.23 seconds. Total elapsed time: 1.23 seconds; peak allocated memory: 98.965 MB.
   Generating csim.exe
INFO: [SIM 1] CSim file generation done with 0 errors.
INFO: [SIM 3] *************** CSIM finish ***************
