Sun Jun 29 20:35:05 2025: Running xcd server. This server was built by gradle.
Sun Jun 29 20:35:05 2025: Server was asked to start on port: '33709'
Sun Jun 29 20:35:05 2025: Server is using token UUID: '5a0ef20b-0adf-45b7-8d27-11b5ff8fcd3f'
Sun Jun 29 20:35:05 2025: SESSION_MGR: creating session with session uuid: '6d04a3e9-ade5-4ab9-8d63-1f78fcd2ec76' and name 'default'
Sun Jun 29 20:35:05 2025: Attempting to start server on port '33709'
Sun Jun 29 20:35:05 2025: XCD main fifo: created main fifo '/tmp/xcdmain5a0ef20b-0adf-45b7-8d27-11b5ff8fcd3f', fd read = 13
Sun Jun 29 20:35:05 2025: Running Dispatch Server
Sun Jun 29 20:35:05 2025: Version 2.2.0
Sun Jun 29 20:35:14 2025: Dispatch Server: Accepted socket connection from client
Sun Jun 29 20:35:14 2025: Starting Socket connection
Sun Jun 29 20:35:14 2025: EXCHANGE_TOKEN received, server token: 5a0ef20b-0adf-45b7-8d27-11b5ff8fcd3f, passed token: 5a0ef20b-0adf-45b7-8d27-11b5ff8fcd3f
Sun Jun 29 20:35:14 2025: SESSION_MGR: creating session with session uuid: 'f2d8e9d8-424b-4e8b-9eee-d40685f0796e' and name 'vitis_hls'
Sun Jun 29 20:35:14 2025: KERNEL_SVC: creating session with uuid: 'f2d8e9d8-424b-4e8b-9eee-d40685f0796e' and name 'vitis_hls'
Sun Jun 29 20:35:14 2025: GUIDANCE_SMGR: creating guidance session with uuid: 'f2d8e9d8-424b-4e8b-9eee-d40685f0796e' and name 'vitis_hls'
Sun Jun 29 20:35:19 2025: STOP_SERVER received, server token: 5a0ef20b-0adf-45b7-8d27-11b5ff8fcd3f, passed token: 5a0ef20b-0adf-45b7-8d27-11b5ff8fcd3f
Sun Jun 29 20:35:19 2025: Socket received request to stop server.
Sun Jun 29 20:35:19 2025: Dispatch Server: do_await_stop
Sun Jun 29 20:35:19 2025: Dispatch Server: stopping mainFifo_
Sun Jun 29 20:35:19 2025: XCD main fifo: Stopping
Sun Jun 29 20:35:19 2025: XCD main fifo: do_read error code: Operation canceled
Sun Jun 29 20:35:19 2025: XCD main fifo: bytes_transferred: 0
Sun Jun 29 20:35:19 2025: SERVER: destructor for server bound to port 33709
Sun Jun 29 20:35:19 2025: XCD main fifo: Good unlink of /tmp/xcdmain5a0ef20b-0adf-45b7-8d27-11b5ff8fcd3f
Sun Jun 29 20:35:19 2025: Server exiting with status 0.
Sun Jun 29 20:35:19 2025: Closing log file.
Sun Jun 29 20:35:45 2025: Running xcd server. This server was built by gradle.
Sun Jun 29 20:35:45 2025: Server was asked to start on port: '43151'
Sun Jun 29 20:35:45 2025: Server is using token UUID: '08886c95-f224-4550-b88c-616dcbb26d2e'
Sun Jun 29 20:35:45 2025: SESSION_MGR: creating session with session uuid: '6d04a3e9-ade5-4ab9-8d63-1f78fcd2ec76' and name 'default'
Sun Jun 29 20:35:45 2025: Attempting to start server on port '43151'
Sun Jun 29 20:35:45 2025: XCD main fifo: created main fifo '/tmp/xcdmain08886c95-f224-4550-b88c-616dcbb26d2e', fd read = 13
Sun Jun 29 20:35:45 2025: Running Dispatch Server
Sun Jun 29 20:35:45 2025: Version 2.2.0
Sun Jun 29 20:35:54 2025: Dispatch Server: Accepted socket connection from client
Sun Jun 29 20:35:54 2025: Starting Socket connection
Sun Jun 29 20:35:54 2025: EXCHANGE_TOKEN received, server token: 08886c95-f224-4550-b88c-616dcbb26d2e, passed token: 08886c95-f224-4550-b88c-616dcbb26d2e
Sun Jun 29 20:35:54 2025: SESSION_MGR: creating session with session uuid: 'dbe6d9b0-9a83-4b8e-84d7-190144b0399c' and name 'vitis_hls'
Sun Jun 29 20:35:54 2025: KERNEL_SVC: creating session with uuid: 'dbe6d9b0-9a83-4b8e-84d7-190144b0399c' and name 'vitis_hls'
Sun Jun 29 20:35:54 2025: GUIDANCE_SMGR: creating guidance session with uuid: 'dbe6d9b0-9a83-4b8e-84d7-190144b0399c' and name 'vitis_hls'
Sun Jun 29 20:35:58 2025: STOP_SERVER received, server token: 08886c95-f224-4550-b88c-616dcbb26d2e, passed token: 08886c95-f224-4550-b88c-616dcbb26d2e
Sun Jun 29 20:35:58 2025: Socket received request to stop server.
Sun Jun 29 20:35:58 2025: Dispatch Server: do_await_stop
Sun Jun 29 20:35:58 2025: Dispatch Server: stopping mainFifo_
Sun Jun 29 20:35:58 2025: XCD main fifo: Stopping
Sun Jun 29 20:35:58 2025: XCD main fifo: do_read error code: Operation canceled
Sun Jun 29 20:35:58 2025: XCD main fifo: bytes_transferred: 0
Sun Jun 29 20:35:58 2025: SERVER: destructor for server bound to port 43151
Sun Jun 29 20:35:58 2025: XCD main fifo: Good unlink of /tmp/xcdmain08886c95-f224-4550-b88c-616dcbb26d2e
Sun Jun 29 20:35:58 2025: Server exiting with status 0.
Sun Jun 29 20:35:58 2025: Closing log file.
Sun Jun 29 20:37:53 2025: Running xcd server. This server was built by gradle.
Sun Jun 29 20:37:53 2025: Server was asked to start on port: '38605'
Sun Jun 29 20:37:53 2025: Server is using token UUID: '289a0dce-a924-4378-9c33-aa9cc51b5b84'
Sun Jun 29 20:37:53 2025: SESSION_MGR: creating session with session uuid: '6d04a3e9-ade5-4ab9-8d63-1f78fcd2ec76' and name 'default'
Sun Jun 29 20:37:53 2025: Attempting to start server on port '38605'
Sun Jun 29 20:37:53 2025: XCD main fifo: created main fifo '/tmp/xcdmain289a0dce-a924-4378-9c33-aa9cc51b5b84', fd read = 13
Sun Jun 29 20:37:53 2025: Running Dispatch Server
Sun Jun 29 20:37:53 2025: Version 2.2.0
Sun Jun 29 20:38:02 2025: Dispatch Server: Accepted socket connection from client
Sun Jun 29 20:38:02 2025: Starting Socket connection
Sun Jun 29 20:38:02 2025: EXCHANGE_TOKEN received, server token: 289a0dce-a924-4378-9c33-aa9cc51b5b84, passed token: 289a0dce-a924-4378-9c33-aa9cc51b5b84
Sun Jun 29 20:38:02 2025: SESSION_MGR: creating session with session uuid: '92270716-fd27-42ce-a699-0680a911c176' and name 'vitis_hls'
Sun Jun 29 20:38:02 2025: KERNEL_SVC: creating session with uuid: '92270716-fd27-42ce-a699-0680a911c176' and name 'vitis_hls'
Sun Jun 29 20:38:02 2025: GUIDANCE_SMGR: creating guidance session with uuid: '92270716-fd27-42ce-a699-0680a911c176' and name 'vitis_hls'
Sun Jun 29 20:38:06 2025: STOP_SERVER received, server token: 289a0dce-a924-4378-9c33-aa9cc51b5b84, passed token: 289a0dce-a924-4378-9c33-aa9cc51b5b84
Sun Jun 29 20:38:06 2025: Socket received request to stop server.
Sun Jun 29 20:38:06 2025: Dispatch Server: do_await_stop
Sun Jun 29 20:38:06 2025: Dispatch Server: stopping mainFifo_
Sun Jun 29 20:38:06 2025: XCD main fifo: Stopping
Sun Jun 29 20:38:06 2025: XCD main fifo: do_read error code: Operation canceled
Sun Jun 29 20:38:06 2025: XCD main fifo: bytes_transferred: 0
Sun Jun 29 20:38:06 2025: SERVER: destructor for server bound to port 38605
Sun Jun 29 20:38:06 2025: XCD main fifo: Good unlink of /tmp/xcdmain289a0dce-a924-4378-9c33-aa9cc51b5b84
Sun Jun 29 20:38:06 2025: Server exiting with status 0.
Sun Jun 29 20:38:06 2025: Closing log file.
Sun Jun 29 20:40:25 2025: Running xcd server. This server was built by gradle.
Sun Jun 29 20:40:25 2025: Server was asked to start on port: '42141'
Sun Jun 29 20:40:25 2025: Server is using token UUID: '5964b820-10ed-4c95-a35c-dbda0e7cefab'
Sun Jun 29 20:40:25 2025: SESSION_MGR: creating session with session uuid: '6d04a3e9-ade5-4ab9-8d63-1f78fcd2ec76' and name 'default'
Sun Jun 29 20:40:25 2025: Attempting to start server on port '42141'
Sun Jun 29 20:40:25 2025: XCD main fifo: created main fifo '/tmp/xcdmain5964b820-10ed-4c95-a35c-dbda0e7cefab', fd read = 13
Sun Jun 29 20:40:25 2025: Running Dispatch Server
Sun Jun 29 20:40:25 2025: Version 2.2.0
Sun Jun 29 20:40:35 2025: Dispatch Server: Accepted socket connection from client
Sun Jun 29 20:40:35 2025: Starting Socket connection
Sun Jun 29 20:40:35 2025: EXCHANGE_TOKEN received, server token: 5964b820-10ed-4c95-a35c-dbda0e7cefab, passed token: 5964b820-10ed-4c95-a35c-dbda0e7cefab
Sun Jun 29 20:40:35 2025: SESSION_MGR: creating session with session uuid: '0bacdf9e-3c5c-45d8-942c-d32a101285dd' and name 'vitis_hls'
Sun Jun 29 20:40:35 2025: KERNEL_SVC: creating session with uuid: '0bacdf9e-3c5c-45d8-942c-d32a101285dd' and name 'vitis_hls'
Sun Jun 29 20:40:35 2025: GUIDANCE_SMGR: creating guidance session with uuid: '0bacdf9e-3c5c-45d8-942c-d32a101285dd' and name 'vitis_hls'
Sun Jun 29 20:40:39 2025: STOP_SERVER received, server token: 5964b820-10ed-4c95-a35c-dbda0e7cefab, passed token: 5964b820-10ed-4c95-a35c-dbda0e7cefab
Sun Jun 29 20:40:39 2025: Socket received request to stop server.
Sun Jun 29 20:40:39 2025: Dispatch Server: do_await_stop
Sun Jun 29 20:40:39 2025: Dispatch Server: stopping mainFifo_
Sun Jun 29 20:40:39 2025: XCD main fifo: Stopping
Sun Jun 29 20:40:39 2025: XCD main fifo: do_read error code: Operation canceled
Sun Jun 29 20:40:39 2025: XCD main fifo: bytes_transferred: 0
Sun Jun 29 20:40:39 2025: SERVER: destructor for server bound to port 42141
Sun Jun 29 20:40:39 2025: XCD main fifo: Good unlink of /tmp/xcdmain5964b820-10ed-4c95-a35c-dbda0e7cefab
Sun Jun 29 20:40:39 2025: Server exiting with status 0.
Sun Jun 29 20:40:39 2025: Closing log file.
