

================================================================
== Vitis HLS Report for 'applyIIRFilter'
================================================================
* Date:           Sun Jun 29 20:35:18 2025

* Version:        2022.2 (Build 3670227 on Oct 13 2022)
* Project:        filter_envelope_detector
* Solution:       solution1 (Vivado IP Flow Target)
* Product family: artix7
* Target device:  xc7a100t-csg324-1


================================================================
== Performance Estimates
================================================================
+ Timing: 
    * Summary: 
    +--------+----------+----------+------------+
    |  Clock |  Target  | Estimated| Uncertainty|
    +--------+----------+----------+------------+
    |ap_clk  |  10.00 ns|  7.026 ns|     2.70 ns|
    +--------+----------+----------+------------+

+ Latency: 
    * Summary: 
    +---------+---------+----------+----------+-----+-----+---------+
    |  Latency (cycles) |  Latency (absolute) |  Interval | Pipeline|
    |   min   |   max   |    min   |    max   | min | max |   Type  |
    +---------+---------+----------+----------+-----+-----+---------+
    |       29|       29|  0.290 us|  0.290 us|   30|   30|       no|
    +---------+---------+----------+----------+-----+-----+---------+

    + Detail: 
        * Instance: 
        N/A

        * Loop: 
        +-------------------+---------+---------+----------+-----------+-----------+------+----------+
        |                   |  Latency (cycles) | Iteration|  Initiation Interval  | Trip |          |
        |     Loop Name     |   min   |   max   |  Latency |  achieved |   target  | Count| Pipelined|
        +-------------------+---------+---------+----------+-----------+-----------+------+----------+
        |- VITIS_LOOP_16_1  |       27|       27|         8|          4|          1|     6|       yes|
        +-------------------+---------+---------+----------+-----------+-----------+------+----------+

============================================================
+ Verbose Summary: Synthesis Manager
============================================================
InlineROM: 1
ExposeGlobal: 0
============================================================
+ Verbose Summary: CDFG Model
============================================================
IsTopModel: 1
ResetActiveHigh: 1
IsCombinational: 0
IsDatapathOnly: 0
HasWiredReturn: 1
HasMFsm: 2
HasVarLatency: 1
IsPipeline: 0
IsRtlPipelined: 0
IsInstanceOverlapped: 0
IsDontTouch: 0
HasImplIP: 0
IsGatedGlobalClock: 0

+ Individual pipeline summary: 
  * Pipeline-0: initiation interval (II) = 4, depth = 8


============================================================
+ Verbose Summary: Schedule
============================================================
* Number of FSM states : 8
* Pipeline : 1
  Pipeline-0 : II = 4, D = 8, States = { 1 2 3 4 5 6 7 8 }
* Dataflow Pipeline: 0

* FSM state transitions: 
1 --> 2 
2 --> 3 
3 --> 4 
4 --> 5 
5 --> 6 
6 --> 7 
7 --> 8 
8 --> 

* FSM state operations: 

State 1 <SV = 0> <Delay = 3.38>
ST_1 : Operation 11 [1/1] (0.00ns)   --->   "%x = alloca i32 1"   --->   Operation 11 'alloca' 'x' <Predicate = true> <Delay = 0.00>
ST_1 : Operation 12 [1/1] (0.00ns)   --->   "%i = alloca i32 1"   --->   Operation 12 'alloca' 'i' <Predicate = true> <Delay = 0.00>
ST_1 : Operation 13 [1/1] (0.00ns)   --->   "%specbitsmap_ln0 = specbitsmap void @_ssdm_op_SpecBitsMap, i32 0"   --->   Operation 13 'specbitsmap' 'specbitsmap_ln0' <Predicate = true> <Delay = 0.00>
ST_1 : Operation 14 [1/1] (0.00ns)   --->   "%spectopmodule_ln14 = spectopmodule void @_ssdm_op_SpecTopModule, void @empty_1" [filter_envelope_detector.c:14]   --->   Operation 14 'spectopmodule' 'spectopmodule_ln14' <Predicate = true> <Delay = 0.00>
ST_1 : Operation 15 [1/1] (0.00ns)   --->   "%specbitsmap_ln0 = specbitsmap void @_ssdm_op_SpecBitsMap, i32 %input_r"   --->   Operation 15 'specbitsmap' 'specbitsmap_ln0' <Predicate = true> <Delay = 0.00>
ST_1 : Operation 16 [1/1] (0.00ns)   --->   "%specinterface_ln0 = specinterface void @_ssdm_op_SpecInterface, i32 %input_r, void @empty, i32 0, i32 0, void @empty_0, i32 0, i32 0, void @empty_0, void @empty_0, void @empty_0, i32 0, i32 0, i32 0, i32 0, void @empty_0, void @empty_0, i32 4294967295, i32 0"   --->   Operation 16 'specinterface' 'specinterface_ln0' <Predicate = true> <Delay = 0.00>
ST_1 : Operation 17 [1/1] (0.00ns)   --->   "%input_r_read = read i32 @_ssdm_op_Read.ap_auto.i32, i32 %input_r" [filter_envelope_detector.c:14]   --->   Operation 17 'read' 'input_r_read' <Predicate = true> <Delay = 0.00>
ST_1 : Operation 18 [1/1] (1.61ns)   --->   "%store_ln16 = store i4 0, i4 %i" [filter_envelope_detector.c:16]   --->   Operation 18 'store' 'store_ln16' <Predicate = true> <Delay = 1.61>
ST_1 : Operation 19 [1/1] (1.61ns)   --->   "%store_ln16 = store i32 %input_r_read, i32 %x" [filter_envelope_detector.c:16]   --->   Operation 19 'store' 'store_ln16' <Predicate = true> <Delay = 1.61>
ST_1 : Operation 20 [1/1] (0.00ns)   --->   "%br_ln16 = br void %for.inc" [filter_envelope_detector.c:16]   --->   Operation 20 'br' 'br_ln16' <Predicate = true> <Delay = 0.00>
ST_1 : Operation 21 [1/1] (0.00ns)   --->   "%i_1 = load i4 %i" [filter_envelope_detector.c:16]   --->   Operation 21 'load' 'i_1' <Predicate = true> <Delay = 0.00>
ST_1 : Operation 22 [1/1] (0.00ns)   --->   "%specpipeline_ln0 = specpipeline void @_ssdm_op_SpecPipeline, i32 4294967295, i32 0, i32 1, i32 0, void @p_str"   --->   Operation 22 'specpipeline' 'specpipeline_ln0' <Predicate = true> <Delay = 0.00>
ST_1 : Operation 23 [1/1] (1.44ns)   --->   "%icmp_ln16 = icmp_ult  i4 %i_1, i4 11" [filter_envelope_detector.c:16]   --->   Operation 23 'icmp' 'icmp_ln16' <Predicate = true> <Delay = 1.44> <CoreInst = "Cmp">   --->   Core 9 'Cmp' <Latency = 0> <II = 1> <Delay = 1.44> <FuncUnit> <Opcode : 'icmp'> <InPorts = 2> <OutPorts = 1>
ST_1 : Operation 24 [1/1] (0.00ns)   --->   "%empty = speclooptripcount i32 @_ssdm_op_SpecLoopTripCount, i64 6, i64 6, i64 6"   --->   Operation 24 'speclooptripcount' 'empty' <Predicate = true> <Delay = 0.00>
ST_1 : Operation 25 [1/1] (0.00ns)   --->   "%br_ln16 = br i1 %icmp_ln16, void %for.end, void %for.inc.split" [filter_envelope_detector.c:16]   --->   Operation 25 'br' 'br_ln16' <Predicate = true> <Delay = 0.00>
ST_1 : Operation 26 [1/1] (0.00ns)   --->   "%i_cast1 = zext i4 %i_1" [filter_envelope_detector.c:16]   --->   Operation 26 'zext' 'i_cast1' <Predicate = (icmp_ln16)> <Delay = 0.00>
ST_1 : Operation 27 [1/1] (0.00ns)   --->   "%NUM_1_0_addr = getelementptr i23 %NUM_1_0, i64 0, i64 %i_cast1" [filter_envelope_detector.c:18]   --->   Operation 27 'getelementptr' 'NUM_1_0_addr' <Predicate = (icmp_ln16)> <Delay = 0.00>
ST_1 : Operation 28 [2/2] (2.15ns)   --->   "%NUM_1_0_load = load i4 %NUM_1_0_addr" [filter_envelope_detector.c:18]   --->   Operation 28 'load' 'NUM_1_0_load' <Predicate = (icmp_ln16)> <Delay = 2.15> <CoreInst = "ROM">   --->   Core 95 'ROM' <Latency = 1> <II = 1> <Delay = 2.15> <Storage> <Opcode : 'load'> <Ports = 0> <Width = 23> <Depth = 11> <ROM>
ST_1 : Operation 29 [1/1] (0.00ns)   --->   "%or_ln21 = or i4 %i_1, i4 1" [filter_envelope_detector.c:21]   --->   Operation 29 'or' 'or_ln21' <Predicate = (icmp_ln16)> <Delay = 0.00>
ST_1 : Operation 30 [1/1] (0.00ns)   --->   "%zext_ln21 = zext i4 %or_ln21" [filter_envelope_detector.c:21]   --->   Operation 30 'zext' 'zext_ln21' <Predicate = (icmp_ln16)> <Delay = 0.00>
ST_1 : Operation 31 [1/1] (0.00ns)   --->   "%tmp = bitconcatenate i5 @_ssdm_op_BitConcatenate.i5.i4.i1, i4 %or_ln21, i1 0" [filter_envelope_detector.c:22]   --->   Operation 31 'bitconcatenate' 'tmp' <Predicate = (icmp_ln16)> <Delay = 0.00>
ST_1 : Operation 32 [1/1] (0.00ns)   --->   "%zext_ln22 = zext i5 %tmp" [filter_envelope_detector.c:22]   --->   Operation 32 'zext' 'zext_ln22' <Predicate = (icmp_ln16)> <Delay = 0.00>
ST_1 : Operation 33 [1/1] (0.00ns)   --->   "%delay_addr = getelementptr i32 %delay, i64 0, i64 %zext_ln22" [filter_envelope_detector.c:22]   --->   Operation 33 'getelementptr' 'delay_addr' <Predicate = (icmp_ln16)> <Delay = 0.00>
ST_1 : Operation 34 [1/1] (0.00ns)   --->   "%or_ln23 = or i5 %tmp, i5 1" [filter_envelope_detector.c:23]   --->   Operation 34 'or' 'or_ln23' <Predicate = (icmp_ln16)> <Delay = 0.00>
ST_1 : Operation 35 [1/1] (0.00ns)   --->   "%zext_ln23 = zext i5 %or_ln23" [filter_envelope_detector.c:23]   --->   Operation 35 'zext' 'zext_ln23' <Predicate = (icmp_ln16)> <Delay = 0.00>
ST_1 : Operation 36 [1/1] (0.00ns)   --->   "%delay_addr_1 = getelementptr i32 %delay, i64 0, i64 %zext_ln23" [filter_envelope_detector.c:23]   --->   Operation 36 'getelementptr' 'delay_addr_1' <Predicate = (icmp_ln16)> <Delay = 0.00>
ST_1 : Operation 37 [2/2] (2.15ns)   --->   "%delay_load = load i5 %delay_addr" [filter_envelope_detector.c:22]   --->   Operation 37 'load' 'delay_load' <Predicate = (icmp_ln16)> <Delay = 2.15> <CoreInst = "RAM">   --->   Core 82 'RAM' <Latency = 1> <II = 1> <Delay = 2.15> <Storage> <Opcode : 'load' 'store'> <Ports = 2> <Width = 32> <Depth = 22> <RAM>
ST_1 : Operation 38 [1/1] (0.00ns)   --->   "%NUM_1_1_addr = getelementptr i2 %NUM_1_1, i64 0, i64 %zext_ln21" [filter_envelope_detector.c:22]   --->   Operation 38 'getelementptr' 'NUM_1_1_addr' <Predicate = (icmp_ln16)> <Delay = 0.00>
ST_1 : Operation 39 [2/2] (2.15ns)   --->   "%NUM_1_1_load = load i4 %NUM_1_1_addr" [filter_envelope_detector.c:22]   --->   Operation 39 'load' 'NUM_1_1_load' <Predicate = (icmp_ln16)> <Delay = 2.15> <CoreInst = "ROM">   --->   Core 95 'ROM' <Latency = 1> <II = 1> <Delay = 2.15> <Storage> <Opcode : 'load'> <Ports = 0> <Width = 2> <Depth = 11> <ROM>
ST_1 : Operation 40 [2/2] (2.15ns)   --->   "%delay_load_1 = load i5 %delay_addr_1" [filter_envelope_detector.c:23]   --->   Operation 40 'load' 'delay_load_1' <Predicate = (icmp_ln16)> <Delay = 2.15> <CoreInst = "RAM">   --->   Core 82 'RAM' <Latency = 1> <II = 1> <Delay = 2.15> <Storage> <Opcode : 'load' 'store'> <Ports = 2> <Width = 32> <Depth = 22> <RAM>
ST_1 : Operation 41 [1/1] (0.00ns)   --->   "%NUM_1_2_addr = getelementptr i2 %NUM_1_2, i64 0, i64 %zext_ln21" [filter_envelope_detector.c:23]   --->   Operation 41 'getelementptr' 'NUM_1_2_addr' <Predicate = (icmp_ln16)> <Delay = 0.00>
ST_1 : Operation 42 [2/2] (2.15ns)   --->   "%NUM_1_2_load = load i4 %NUM_1_2_addr" [filter_envelope_detector.c:23]   --->   Operation 42 'load' 'NUM_1_2_load' <Predicate = (icmp_ln16)> <Delay = 2.15> <CoreInst = "ROM">   --->   Core 95 'ROM' <Latency = 1> <II = 1> <Delay = 2.15> <Storage> <Opcode : 'load'> <Ports = 0> <Width = 2> <Depth = 11> <ROM>
ST_1 : Operation 43 [1/1] (0.00ns)   --->   "%DEN_1_1_addr = getelementptr i32 %DEN_1_1, i64 0, i64 %zext_ln21" [filter_envelope_detector.c:24]   --->   Operation 43 'getelementptr' 'DEN_1_1_addr' <Predicate = (icmp_ln16)> <Delay = 0.00>
ST_1 : Operation 44 [2/2] (2.15ns)   --->   "%DEN_1_1_load = load i4 %DEN_1_1_addr" [filter_envelope_detector.c:24]   --->   Operation 44 'load' 'DEN_1_1_load' <Predicate = (icmp_ln16)> <Delay = 2.15> <CoreInst = "ROM">   --->   Core 95 'ROM' <Latency = 1> <II = 1> <Delay = 2.15> <Storage> <Opcode : 'load'> <Ports = 0> <Width = 32> <Depth = 11> <ROM>
ST_1 : Operation 45 [1/1] (0.00ns)   --->   "%DEN_1_2_addr = getelementptr i30 %DEN_1_2, i64 0, i64 %zext_ln21" [filter_envelope_detector.c:25]   --->   Operation 45 'getelementptr' 'DEN_1_2_addr' <Predicate = (icmp_ln16)> <Delay = 0.00>
ST_1 : Operation 46 [2/2] (2.15ns)   --->   "%DEN_1_2_load = load i4 %DEN_1_2_addr" [filter_envelope_detector.c:25]   --->   Operation 46 'load' 'DEN_1_2_load' <Predicate = (icmp_ln16)> <Delay = 2.15> <CoreInst = "ROM">   --->   Core 95 'ROM' <Latency = 1> <II = 1> <Delay = 2.15> <Storage> <Opcode : 'load'> <Ports = 0> <Width = 30> <Depth = 11> <ROM>
ST_1 : Operation 47 [1/1] (1.77ns)   --->   "%add_ln16 = add i4 %i_1, i4 2" [filter_envelope_detector.c:16]   --->   Operation 47 'add' 'add_ln16' <Predicate = (icmp_ln16)> <Delay = 1.77> <CoreInst = "Adder">   --->   Core 1 'Adder' <Latency = 0> <II = 1> <Delay = 1.77> <FuncUnit> <Opcode : 'add' 'sub'> <InPorts = 2> <OutPorts = 1>
ST_1 : Operation 48 [1/1] (1.61ns)   --->   "%store_ln16 = store i4 %add_ln16, i4 %i" [filter_envelope_detector.c:16]   --->   Operation 48 'store' 'store_ln16' <Predicate = (icmp_ln16)> <Delay = 1.61>

State 2 <SV = 1> <Delay = 4.30>
ST_2 : Operation 49 [1/2] (2.15ns)   --->   "%NUM_1_0_load = load i4 %NUM_1_0_addr" [filter_envelope_detector.c:18]   --->   Operation 49 'load' 'NUM_1_0_load' <Predicate = (icmp_ln16)> <Delay = 2.15> <CoreInst = "ROM">   --->   Core 95 'ROM' <Latency = 1> <II = 1> <Delay = 2.15> <Storage> <Opcode : 'load'> <Ports = 0> <Width = 23> <Depth = 11> <ROM>
ST_2 : Operation 50 [1/1] (0.00ns)   --->   "%NUM_1_0_addr_1 = getelementptr i23 %NUM_1_0, i64 0, i64 %zext_ln21" [filter_envelope_detector.c:21]   --->   Operation 50 'getelementptr' 'NUM_1_0_addr_1' <Predicate = (icmp_ln16)> <Delay = 0.00>
ST_2 : Operation 51 [2/2] (2.15ns)   --->   "%NUM_1_0_load_1 = load i4 %NUM_1_0_addr_1" [filter_envelope_detector.c:21]   --->   Operation 51 'load' 'NUM_1_0_load_1' <Predicate = (icmp_ln16)> <Delay = 2.15> <CoreInst = "ROM">   --->   Core 95 'ROM' <Latency = 1> <II = 1> <Delay = 2.15> <Storage> <Opcode : 'load'> <Ports = 0> <Width = 23> <Depth = 11> <ROM>
ST_2 : Operation 52 [1/2] (2.15ns)   --->   "%delay_load = load i5 %delay_addr" [filter_envelope_detector.c:22]   --->   Operation 52 'load' 'delay_load' <Predicate = (icmp_ln16)> <Delay = 2.15> <CoreInst = "RAM">   --->   Core 82 'RAM' <Latency = 1> <II = 1> <Delay = 2.15> <Storage> <Opcode : 'load' 'store'> <Ports = 2> <Width = 32> <Depth = 22> <RAM>
ST_2 : Operation 53 [1/2] (2.15ns)   --->   "%NUM_1_1_load = load i4 %NUM_1_1_addr" [filter_envelope_detector.c:22]   --->   Operation 53 'load' 'NUM_1_1_load' <Predicate = (icmp_ln16)> <Delay = 2.15> <CoreInst = "ROM">   --->   Core 95 'ROM' <Latency = 1> <II = 1> <Delay = 2.15> <Storage> <Opcode : 'load'> <Ports = 0> <Width = 2> <Depth = 11> <ROM>
ST_2 : Operation 54 [1/2] (2.15ns)   --->   "%delay_load_1 = load i5 %delay_addr_1" [filter_envelope_detector.c:23]   --->   Operation 54 'load' 'delay_load_1' <Predicate = (icmp_ln16)> <Delay = 2.15> <CoreInst = "RAM">   --->   Core 82 'RAM' <Latency = 1> <II = 1> <Delay = 2.15> <Storage> <Opcode : 'load' 'store'> <Ports = 2> <Width = 32> <Depth = 22> <RAM>
ST_2 : Operation 55 [1/2] (2.15ns)   --->   "%NUM_1_2_load = load i4 %NUM_1_2_addr" [filter_envelope_detector.c:23]   --->   Operation 55 'load' 'NUM_1_2_load' <Predicate = (icmp_ln16)> <Delay = 2.15> <CoreInst = "ROM">   --->   Core 95 'ROM' <Latency = 1> <II = 1> <Delay = 2.15> <Storage> <Opcode : 'load'> <Ports = 0> <Width = 2> <Depth = 11> <ROM>
ST_2 : Operation 56 [1/2] (2.15ns)   --->   "%DEN_1_1_load = load i4 %DEN_1_1_addr" [filter_envelope_detector.c:24]   --->   Operation 56 'load' 'DEN_1_1_load' <Predicate = (icmp_ln16)> <Delay = 2.15> <CoreInst = "ROM">   --->   Core 95 'ROM' <Latency = 1> <II = 1> <Delay = 2.15> <Storage> <Opcode : 'load'> <Ports = 0> <Width = 32> <Depth = 11> <ROM>
ST_2 : Operation 57 [1/2] (2.15ns)   --->   "%DEN_1_2_load = load i4 %DEN_1_2_addr" [filter_envelope_detector.c:25]   --->   Operation 57 'load' 'DEN_1_2_load' <Predicate = (icmp_ln16)> <Delay = 2.15> <CoreInst = "ROM">   --->   Core 95 'ROM' <Latency = 1> <II = 1> <Delay = 2.15> <Storage> <Opcode : 'load'> <Ports = 0> <Width = 30> <Depth = 11> <ROM>
ST_2 : Operation 58 [1/1] (2.15ns)   --->   "%store_ln30 = store i32 %delay_load, i5 %delay_addr_1" [filter_envelope_detector.c:30]   --->   Operation 58 'store' 'store_ln30' <Predicate = (icmp_ln16)> <Delay = 2.15> <CoreInst = "RAM">   --->   Core 82 'RAM' <Latency = 1> <II = 1> <Delay = 2.15> <Storage> <Opcode : 'load' 'store'> <Ports = 2> <Width = 32> <Depth = 22> <RAM>

State 3 <SV = 2> <Delay = 6.86>
ST_3 : Operation 59 [1/1] (0.00ns)   --->   "%x_load = load i32 %x" [filter_envelope_detector.c:18]   --->   Operation 59 'load' 'x_load' <Predicate = (icmp_ln16)> <Delay = 0.00>
ST_3 : Operation 60 [1/1] (0.00ns)   --->   "%sext_ln18 = sext i32 %x_load" [filter_envelope_detector.c:18]   --->   Operation 60 'sext' 'sext_ln18' <Predicate = (icmp_ln16)> <Delay = 0.00>
ST_3 : Operation 61 [1/1] (0.00ns)   --->   "%sext_ln18_1 = sext i23 %NUM_1_0_load" [filter_envelope_detector.c:18]   --->   Operation 61 'sext' 'sext_ln18_1' <Predicate = (icmp_ln16)> <Delay = 0.00>
ST_3 : Operation 62 [1/1] (0.00ns)   --->   "%zext_ln18 = zext i31 %sext_ln18_1" [filter_envelope_detector.c:18]   --->   Operation 62 'zext' 'zext_ln18' <Predicate = (icmp_ln16)> <Delay = 0.00>
ST_3 : Operation 63 [2/2] (6.86ns)   --->   "%mul_ln18 = mul i63 %zext_ln18, i63 %sext_ln18" [filter_envelope_detector.c:18]   --->   Operation 63 'mul' 'mul_ln18' <Predicate = (icmp_ln16)> <Delay = 6.86> <CoreInst = "Multiplier">   --->   Core 3 'Multiplier' <Latency = 1> <II = 1> <Delay = 6.86> <FuncUnit> <Opcode : 'mul'> <InPorts = 2> <OutPorts = 1>
ST_3 : Operation 64 [1/2] (2.15ns)   --->   "%NUM_1_0_load_1 = load i4 %NUM_1_0_addr_1" [filter_envelope_detector.c:21]   --->   Operation 64 'load' 'NUM_1_0_load_1' <Predicate = (icmp_ln16)> <Delay = 2.15> <CoreInst = "ROM">   --->   Core 95 'ROM' <Latency = 1> <II = 1> <Delay = 2.15> <Storage> <Opcode : 'load'> <Ports = 0> <Width = 23> <Depth = 11> <ROM>
ST_3 : Operation 65 [1/1] (0.00ns)   --->   "%sext_ln22 = sext i32 %delay_load" [filter_envelope_detector.c:22]   --->   Operation 65 'sext' 'sext_ln22' <Predicate = (icmp_ln16)> <Delay = 0.00>
ST_3 : Operation 66 [1/1] (0.00ns)   --->   "%sext_ln22_1 = sext i2 %NUM_1_1_load" [filter_envelope_detector.c:22]   --->   Operation 66 'sext' 'sext_ln22_1' <Predicate = (icmp_ln16)> <Delay = 0.00>
ST_3 : Operation 67 [1/1] (0.00ns)   --->   "%zext_ln22_1 = zext i31 %sext_ln22_1" [filter_envelope_detector.c:22]   --->   Operation 67 'zext' 'zext_ln22_1' <Predicate = (icmp_ln16)> <Delay = 0.00>
ST_3 : Operation 68 [2/2] (6.86ns)   --->   "%mul_ln22 = mul i63 %zext_ln22_1, i63 %sext_ln22" [filter_envelope_detector.c:22]   --->   Operation 68 'mul' 'mul_ln22' <Predicate = (icmp_ln16)> <Delay = 6.86> <CoreInst = "Multiplier">   --->   Core 3 'Multiplier' <Latency = 1> <II = 1> <Delay = 6.86> <FuncUnit> <Opcode : 'mul'> <InPorts = 2> <OutPorts = 1>

State 4 <SV = 3> <Delay = 6.86>
ST_4 : Operation 69 [1/2] (6.86ns)   --->   "%mul_ln18 = mul i63 %zext_ln18, i63 %sext_ln18" [filter_envelope_detector.c:18]   --->   Operation 69 'mul' 'mul_ln18' <Predicate = (icmp_ln16)> <Delay = 6.86> <CoreInst = "Multiplier">   --->   Core 3 'Multiplier' <Latency = 1> <II = 1> <Delay = 6.86> <FuncUnit> <Opcode : 'mul'> <InPorts = 2> <OutPorts = 1>
ST_4 : Operation 70 [1/1] (0.00ns)   --->   "%y = partselect i32 @_ssdm_op_PartSelect.i32.i63.i32.i32, i63 %mul_ln18, i32 31, i32 62" [filter_envelope_detector.c:18]   --->   Operation 70 'partselect' 'y' <Predicate = (icmp_ln16)> <Delay = 0.00>
ST_4 : Operation 71 [1/2] (6.86ns)   --->   "%mul_ln22 = mul i63 %zext_ln22_1, i63 %sext_ln22" [filter_envelope_detector.c:22]   --->   Operation 71 'mul' 'mul_ln22' <Predicate = (icmp_ln16)> <Delay = 6.86> <CoreInst = "Multiplier">   --->   Core 3 'Multiplier' <Latency = 1> <II = 1> <Delay = 6.86> <FuncUnit> <Opcode : 'mul'> <InPorts = 2> <OutPorts = 1>
ST_4 : Operation 72 [1/1] (0.00ns)   --->   "%sext_ln23 = sext i32 %delay_load_1" [filter_envelope_detector.c:23]   --->   Operation 72 'sext' 'sext_ln23' <Predicate = (icmp_ln16)> <Delay = 0.00>
ST_4 : Operation 73 [1/1] (0.00ns)   --->   "%sext_ln23_1 = sext i2 %NUM_1_2_load" [filter_envelope_detector.c:23]   --->   Operation 73 'sext' 'sext_ln23_1' <Predicate = (icmp_ln16)> <Delay = 0.00>
ST_4 : Operation 74 [1/1] (0.00ns)   --->   "%zext_ln23_1 = zext i31 %sext_ln23_1" [filter_envelope_detector.c:23]   --->   Operation 74 'zext' 'zext_ln23_1' <Predicate = (icmp_ln16)> <Delay = 0.00>
ST_4 : Operation 75 [2/2] (6.86ns)   --->   "%mul_ln23 = mul i63 %zext_ln23_1, i63 %sext_ln23" [filter_envelope_detector.c:23]   --->   Operation 75 'mul' 'mul_ln23' <Predicate = (icmp_ln16)> <Delay = 6.86> <CoreInst = "Multiplier">   --->   Core 3 'Multiplier' <Latency = 1> <II = 1> <Delay = 6.86> <FuncUnit> <Opcode : 'mul'> <InPorts = 2> <OutPorts = 1>
ST_4 : Operation 76 [1/1] (0.00ns)   --->   "%sext_ln24 = sext i32 %DEN_1_1_load" [filter_envelope_detector.c:24]   --->   Operation 76 'sext' 'sext_ln24' <Predicate = (icmp_ln16)> <Delay = 0.00>
ST_4 : Operation 77 [2/2] (6.86ns)   --->   "%mul_ln24 = mul i63 %sext_ln24, i63 %sext_ln22" [filter_envelope_detector.c:24]   --->   Operation 77 'mul' 'mul_ln24' <Predicate = (icmp_ln16)> <Delay = 6.86> <CoreInst = "Multiplier">   --->   Core 3 'Multiplier' <Latency = 1> <II = 1> <Delay = 6.86> <FuncUnit> <Opcode : 'mul'> <InPorts = 2> <OutPorts = 1>
ST_4 : Operation 98 [1/1] (0.00ns)   --->   "%x_load_1 = load i32 %x" [filter_envelope_detector.c:35]   --->   Operation 98 'load' 'x_load_1' <Predicate = (!icmp_ln16)> <Delay = 0.00>
ST_4 : Operation 99 [1/1] (0.00ns)   --->   "%ret_ln35 = ret i32 %x_load_1" [filter_envelope_detector.c:35]   --->   Operation 99 'ret' 'ret_ln35' <Predicate = (!icmp_ln16)> <Delay = 0.00>

State 5 <SV = 4> <Delay = 6.86>
ST_5 : Operation 78 [1/1] (0.00ns)   --->   "%sext_ln21 = sext i32 %y" [filter_envelope_detector.c:21]   --->   Operation 78 'sext' 'sext_ln21' <Predicate = true> <Delay = 0.00>
ST_5 : Operation 79 [1/1] (0.00ns)   --->   "%sext_ln21_1 = sext i23 %NUM_1_0_load_1" [filter_envelope_detector.c:21]   --->   Operation 79 'sext' 'sext_ln21_1' <Predicate = true> <Delay = 0.00>
ST_5 : Operation 80 [1/1] (0.00ns)   --->   "%zext_ln21_1 = zext i31 %sext_ln21_1" [filter_envelope_detector.c:21]   --->   Operation 80 'zext' 'zext_ln21_1' <Predicate = true> <Delay = 0.00>
ST_5 : Operation 81 [2/2] (6.86ns)   --->   "%mul_ln21 = mul i63 %sext_ln21, i63 %zext_ln21_1" [filter_envelope_detector.c:21]   --->   Operation 81 'mul' 'mul_ln21' <Predicate = true> <Delay = 6.86> <CoreInst = "Multiplier">   --->   Core 3 'Multiplier' <Latency = 1> <II = 1> <Delay = 6.86> <FuncUnit> <Opcode : 'mul'> <InPorts = 2> <OutPorts = 1>
ST_5 : Operation 82 [1/2] (6.86ns)   --->   "%mul_ln23 = mul i63 %zext_ln23_1, i63 %sext_ln23" [filter_envelope_detector.c:23]   --->   Operation 82 'mul' 'mul_ln23' <Predicate = true> <Delay = 6.86> <CoreInst = "Multiplier">   --->   Core 3 'Multiplier' <Latency = 1> <II = 1> <Delay = 6.86> <FuncUnit> <Opcode : 'mul'> <InPorts = 2> <OutPorts = 1>
ST_5 : Operation 83 [1/2] (6.86ns)   --->   "%mul_ln24 = mul i63 %sext_ln24, i63 %sext_ln22" [filter_envelope_detector.c:24]   --->   Operation 83 'mul' 'mul_ln24' <Predicate = true> <Delay = 6.86> <CoreInst = "Multiplier">   --->   Core 3 'Multiplier' <Latency = 1> <II = 1> <Delay = 6.86> <FuncUnit> <Opcode : 'mul'> <InPorts = 2> <OutPorts = 1>
ST_5 : Operation 84 [1/1] (0.00ns)   --->   "%sext_ln25 = sext i30 %DEN_1_2_load" [filter_envelope_detector.c:25]   --->   Operation 84 'sext' 'sext_ln25' <Predicate = true> <Delay = 0.00>
ST_5 : Operation 85 [1/1] (0.00ns)   --->   "%zext_ln25 = zext i31 %sext_ln25" [filter_envelope_detector.c:25]   --->   Operation 85 'zext' 'zext_ln25' <Predicate = true> <Delay = 0.00>
ST_5 : Operation 86 [2/2] (6.86ns)   --->   "%mul_ln25 = mul i63 %zext_ln25, i63 %sext_ln23" [filter_envelope_detector.c:25]   --->   Operation 86 'mul' 'mul_ln25' <Predicate = true> <Delay = 6.86> <CoreInst = "Multiplier">   --->   Core 3 'Multiplier' <Latency = 1> <II = 1> <Delay = 6.86> <FuncUnit> <Opcode : 'mul'> <InPorts = 2> <OutPorts = 1>

State 6 <SV = 5> <Delay = 6.86>
ST_6 : Operation 87 [1/2] (6.86ns)   --->   "%mul_ln21 = mul i63 %sext_ln21, i63 %zext_ln21_1" [filter_envelope_detector.c:21]   --->   Operation 87 'mul' 'mul_ln21' <Predicate = true> <Delay = 6.86> <CoreInst = "Multiplier">   --->   Core 3 'Multiplier' <Latency = 1> <II = 1> <Delay = 6.86> <FuncUnit> <Opcode : 'mul'> <InPorts = 2> <OutPorts = 1>
ST_6 : Operation 88 [1/2] (6.86ns)   --->   "%mul_ln25 = mul i63 %zext_ln25, i63 %sext_ln23" [filter_envelope_detector.c:25]   --->   Operation 88 'mul' 'mul_ln25' <Predicate = true> <Delay = 6.86> <CoreInst = "Multiplier">   --->   Core 3 'Multiplier' <Latency = 1> <II = 1> <Delay = 6.86> <FuncUnit> <Opcode : 'mul'> <InPorts = 2> <OutPorts = 1>
ST_6 : Operation 89 [1/1] (0.00ns) (grouped into TernaryAdder)   --->   "%add_ln23 = add i63 %mul_ln22, i63 %mul_ln23" [filter_envelope_detector.c:23]   --->   Operation 89 'add' 'add_ln23' <Predicate = true> <Delay = 0.00> <CoreInst = "TAddSub">   --->   Core 10 'TAddSub' <Latency = 0> <II = 1> <Delay = 2.70> <IPBlock> <Opcode : 'add' 'sub'> <InPorts = 3> <OutPorts = 1> <Sync> <CReg>
ST_6 : Operation 90 [1/1] (5.41ns) (root node of TernaryAdder)   --->   "%newFirst = sub i63 %add_ln23, i63 %mul_ln24" [filter_envelope_detector.c:23]   --->   Operation 90 'sub' 'newFirst' <Predicate = true> <Delay = 5.41> <CoreInst = "TAddSub">   --->   Core 10 'TAddSub' <Latency = 0> <II = 1> <Delay = 2.70> <IPBlock> <Opcode : 'add' 'sub'> <InPorts = 3> <OutPorts = 1> <Sync> <CReg>

State 7 <SV = 6> <Delay = 7.02>
ST_7 : Operation 91 [1/1] (0.00ns) (grouped into TernaryAdder)   --->   "%newFirst4 = sub i63 %mul_ln21, i63 %mul_ln25" [filter_envelope_detector.c:21]   --->   Operation 91 'sub' 'newFirst4' <Predicate = true> <Delay = 0.00> <CoreInst = "TAddSub">   --->   Core 10 'TAddSub' <Latency = 0> <II = 1> <Delay = 2.70> <IPBlock> <Opcode : 'add' 'sub'> <InPorts = 3> <OutPorts = 1> <Sync> <CReg>
ST_7 : Operation 92 [1/1] (5.41ns) (root node of TernaryAdder)   --->   "%acc = add i63 %newFirst, i63 %newFirst4" [filter_envelope_detector.c:23]   --->   Operation 92 'add' 'acc' <Predicate = true> <Delay = 5.41> <CoreInst = "TAddSub">   --->   Core 10 'TAddSub' <Latency = 0> <II = 1> <Delay = 2.70> <IPBlock> <Opcode : 'add' 'sub'> <InPorts = 3> <OutPorts = 1> <Sync> <CReg>
ST_7 : Operation 93 [1/1] (0.00ns)   --->   "%output = partselect i32 @_ssdm_op_PartSelect.i32.i63.i32.i32, i63 %acc, i32 31, i32 62" [filter_envelope_detector.c:27]   --->   Operation 93 'partselect' 'output' <Predicate = true> <Delay = 0.00>
ST_7 : Operation 94 [1/1] (1.61ns)   --->   "%store_ln16 = store i32 %output, i32 %x" [filter_envelope_detector.c:16]   --->   Operation 94 'store' 'store_ln16' <Predicate = true> <Delay = 1.61>

State 8 <SV = 7> <Delay = 2.15>
ST_8 : Operation 95 [1/1] (0.00ns)   --->   "%specloopname_ln15 = specloopname void @_ssdm_op_SpecLoopName, void @empty_2" [filter_envelope_detector.c:15]   --->   Operation 95 'specloopname' 'specloopname_ln15' <Predicate = true> <Delay = 0.00>
ST_8 : Operation 96 [1/1] (2.15ns)   --->   "%store_ln31 = store i32 %output, i5 %delay_addr" [filter_envelope_detector.c:31]   --->   Operation 96 'store' 'store_ln31' <Predicate = true> <Delay = 2.15> <CoreInst = "RAM">   --->   Core 82 'RAM' <Latency = 1> <II = 1> <Delay = 2.15> <Storage> <Opcode : 'load' 'store'> <Ports = 2> <Width = 32> <Depth = 22> <RAM>
ST_8 : Operation 97 [1/1] (0.00ns)   --->   "%br_ln16 = br void %for.inc" [filter_envelope_detector.c:16]   --->   Operation 97 'br' 'br_ln16' <Predicate = true> <Delay = 0.00>


============================================================
+ Verbose Summary: Binding
============================================================
STG Binding: 
---------------- STG Properties BEGIN ----------------
- Is combinational: 0
- Is one-state seq: 0
- Is datapath-only: 0
- Is pipelined: 0
- Is top level: 1
Port [ Return ] is wired: 1; IO mode=ap_ctrl_hs:ce=0
Port [ input_r]:  wired=1; compound=0; hidden=0; nouse=0; global=0; static=0; extern=0; dir=0; type=0; pingpong=0; private_global=0; IO mode=ap_none:ce=0
Port [ NUM_1_0]:  wired=0; compound=1; hidden=1; nouse=0; global=1; static=1; extern=0; dir=0; type=1; pingpong=0; private_global=1; MemPort=[1]; IO mode=ap_memory:ce=0
Port [ delay]:  wired=0; compound=1; hidden=1; nouse=0; global=1; static=1; extern=0; dir=2; type=1; pingpong=0; private_global=1; MemPort=[22]; IO mode=ap_memory:ce=0
Port [ NUM_1_1]:  wired=0; compound=1; hidden=1; nouse=0; global=1; static=1; extern=0; dir=0; type=1; pingpong=0; private_global=1; MemPort=[1]; IO mode=ap_memory:ce=0
Port [ NUM_1_2]:  wired=0; compound=1; hidden=1; nouse=0; global=1; static=1; extern=0; dir=0; type=1; pingpong=0; private_global=1; MemPort=[1]; IO mode=ap_memory:ce=0
Port [ DEN_1_1]:  wired=0; compound=1; hidden=1; nouse=0; global=1; static=1; extern=0; dir=0; type=1; pingpong=0; private_global=1; MemPort=[1]; IO mode=ap_memory:ce=0
Port [ DEN_1_2]:  wired=0; compound=1; hidden=1; nouse=0; global=1; static=1; extern=0; dir=0; type=1; pingpong=0; private_global=1; MemPort=[1]; IO mode=ap_memory:ce=0
---------------- STG Properties END ------------------

---------------- Datapath Model BEGIN ----------------

<LifeTime>
<method=bitvector/>
x                  (alloca           ) [ 011111110]
i                  (alloca           ) [ 010000000]
specbitsmap_ln0    (specbitsmap      ) [ 000000000]
spectopmodule_ln14 (spectopmodule    ) [ 000000000]
specbitsmap_ln0    (specbitsmap      ) [ 000000000]
specinterface_ln0  (specinterface    ) [ 000000000]
input_r_read       (read             ) [ 000000000]
store_ln16         (store            ) [ 000000000]
store_ln16         (store            ) [ 000000000]
br_ln16            (br               ) [ 000000000]
i_1                (load             ) [ 000000000]
specpipeline_ln0   (specpipeline     ) [ 000000000]
icmp_ln16          (icmp             ) [ 011110000]
empty              (speclooptripcount) [ 000000000]
br_ln16            (br               ) [ 000000000]
i_cast1            (zext             ) [ 000000000]
NUM_1_0_addr       (getelementptr    ) [ 001000000]
or_ln21            (or               ) [ 000000000]
zext_ln21          (zext             ) [ 001000000]
tmp                (bitconcatenate   ) [ 000000000]
zext_ln22          (zext             ) [ 000000000]
delay_addr         (getelementptr    ) [ 011111111]
or_ln23            (or               ) [ 000000000]
zext_ln23          (zext             ) [ 000000000]
delay_addr_1       (getelementptr    ) [ 001000000]
NUM_1_1_addr       (getelementptr    ) [ 001000000]
NUM_1_2_addr       (getelementptr    ) [ 001000000]
DEN_1_1_addr       (getelementptr    ) [ 001000000]
DEN_1_2_addr       (getelementptr    ) [ 001000000]
add_ln16           (add              ) [ 000000000]
store_ln16         (store            ) [ 000000000]
NUM_1_0_load       (load             ) [ 000100000]
NUM_1_0_addr_1     (getelementptr    ) [ 000100000]
delay_load         (load             ) [ 000100000]
NUM_1_1_load       (load             ) [ 000100000]
delay_load_1       (load             ) [ 000110000]
NUM_1_2_load       (load             ) [ 000110000]
DEN_1_1_load       (load             ) [ 000110000]
DEN_1_2_load       (load             ) [ 010111000]
store_ln30         (store            ) [ 000000000]
x_load             (load             ) [ 000000000]
sext_ln18          (sext             ) [ 000010000]
sext_ln18_1        (sext             ) [ 000000000]
zext_ln18          (zext             ) [ 000010000]
NUM_1_0_load_1     (load             ) [ 010011000]
sext_ln22          (sext             ) [ 010011000]
sext_ln22_1        (sext             ) [ 000000000]
zext_ln22_1        (zext             ) [ 000010000]
mul_ln18           (mul              ) [ 000000000]
y                  (partselect       ) [ 010001000]
mul_ln22           (mul              ) [ 011001100]
sext_ln23          (sext             ) [ 011001100]
sext_ln23_1        (sext             ) [ 000000000]
zext_ln23_1        (zext             ) [ 010001000]
sext_ln24          (sext             ) [ 010001000]
sext_ln21          (sext             ) [ 001000100]
sext_ln21_1        (sext             ) [ 000000000]
zext_ln21_1        (zext             ) [ 001000100]
mul_ln23           (mul              ) [ 001000100]
mul_ln24           (mul              ) [ 001000100]
sext_ln25          (sext             ) [ 000000000]
zext_ln25          (zext             ) [ 001000100]
mul_ln21           (mul              ) [ 000100010]
mul_ln25           (mul              ) [ 000100010]
add_ln23           (add              ) [ 000000000]
newFirst           (sub              ) [ 000100010]
newFirst4          (sub              ) [ 000000000]
acc                (add              ) [ 000000000]
output             (partselect       ) [ 000010001]
store_ln16         (store            ) [ 000000000]
specloopname_ln15  (specloopname     ) [ 000000000]
store_ln31         (store            ) [ 000000000]
br_ln16            (br               ) [ 000000000]
x_load_1           (load             ) [ 000000000]
ret_ln35           (ret              ) [ 000000000]
</LifeTime>

<model>

<comp_list>
<comp id="0" class="1000" name="input_r">
<pin_list>
<pin id="1" dir="1" index="0" bw="1" slack="0"/>
</pin_list>
<bind>
<StgValue><ssdm name="input_r"/></StgValue>
</bind>
</comp>

<comp id="2" class="1000" name="NUM_1_0">
<pin_list>
<pin id="3" dir="1" index="0" bw="1" slack="0"/>
</pin_list>
<bind>
<StgValue><ssdm name="NUM_1_0"/><MemPortTyVec>1 </MemPortTyVec>
</StgValue>
</bind>
</comp>

<comp id="4" class="1000" name="delay">
<pin_list>
<pin id="5" dir="1" index="0" bw="1" slack="0"/>
</pin_list>
<bind>
<StgValue><ssdm name="delay"/><MemPortTyVec>2 2 </MemPortTyVec>
</StgValue>
</bind>
</comp>

<comp id="6" class="1000" name="NUM_1_1">
<pin_list>
<pin id="7" dir="1" index="0" bw="1" slack="0"/>
</pin_list>
<bind>
<StgValue><ssdm name="NUM_1_1"/><MemPortTyVec>1 </MemPortTyVec>
</StgValue>
</bind>
</comp>

<comp id="8" class="1000" name="NUM_1_2">
<pin_list>
<pin id="9" dir="1" index="0" bw="1" slack="0"/>
</pin_list>
<bind>
<StgValue><ssdm name="NUM_1_2"/><MemPortTyVec>1 </MemPortTyVec>
</StgValue>
</bind>
</comp>

<comp id="10" class="1000" name="DEN_1_1">
<pin_list>
<pin id="11" dir="1" index="0" bw="1" slack="0"/>
</pin_list>
<bind>
<StgValue><ssdm name="DEN_1_1"/><MemPortTyVec>1 </MemPortTyVec>
</StgValue>
</bind>
</comp>

<comp id="12" class="1000" name="DEN_1_2">
<pin_list>
<pin id="13" dir="1" index="0" bw="1" slack="0"/>
</pin_list>
<bind>
<StgValue><ssdm name="DEN_1_2"/><MemPortTyVec>1 </MemPortTyVec>
</StgValue>
</bind>
</comp>

<comp id="14" class="1001" name="const_14">
<pin_list>
<pin id="15" dir="1" index="0" bw="1" slack="0"/>
</pin_list>
<bind>
<StgValue><ssdm name=""/></StgValue>
</bind>
</comp>

<comp id="16" class="1001" name="const_16">
<pin_list>
<pin id="17" dir="1" index="0" bw="1" slack="2147483647"/>
</pin_list>
<bind>
<StgValue><ssdm name="_ssdm_op_SpecBitsMap"/></StgValue>
</bind>
</comp>

<comp id="18" class="1001" name="const_18">
<pin_list>
<pin id="19" dir="1" index="0" bw="1" slack="2147483647"/>
</pin_list>
<bind>
<StgValue><ssdm name=""/></StgValue>
</bind>
</comp>

<comp id="20" class="1001" name="const_20">
<pin_list>
<pin id="21" dir="1" index="0" bw="1" slack="2147483647"/>
</pin_list>
<bind>
<StgValue><ssdm name="_ssdm_op_SpecTopModule"/></StgValue>
</bind>
</comp>

<comp id="22" class="1001" name="const_22">
<pin_list>
<pin id="23" dir="1" index="0" bw="1" slack="2147483647"/>
</pin_list>
<bind>
<StgValue><ssdm name="empty_1"/></StgValue>
</bind>
</comp>

<comp id="24" class="1001" name="const_24">
<pin_list>
<pin id="25" dir="1" index="0" bw="1" slack="2147483647"/>
</pin_list>
<bind>
<StgValue><ssdm name="_ssdm_op_SpecInterface"/></StgValue>
</bind>
</comp>

<comp id="26" class="1001" name="const_26">
<pin_list>
<pin id="27" dir="1" index="0" bw="1" slack="2147483647"/>
</pin_list>
<bind>
<StgValue><ssdm name="empty"/></StgValue>
</bind>
</comp>

<comp id="28" class="1001" name="const_28">
<pin_list>
<pin id="29" dir="1" index="0" bw="1" slack="2147483647"/>
</pin_list>
<bind>
<StgValue><ssdm name="empty_0"/></StgValue>
</bind>
</comp>

<comp id="30" class="1001" name="const_30">
<pin_list>
<pin id="31" dir="1" index="0" bw="1" slack="2147483647"/>
</pin_list>
<bind>
<StgValue><ssdm name=""/></StgValue>
</bind>
</comp>

<comp id="32" class="1001" name="const_32">
<pin_list>
<pin id="33" dir="1" index="0" bw="1" slack="0"/>
</pin_list>
<bind>
<StgValue><ssdm name="_ssdm_op_Read.ap_auto.i32"/></StgValue>
</bind>
</comp>

<comp id="34" class="1001" name="const_34">
<pin_list>
<pin id="35" dir="1" index="0" bw="1" slack="0"/>
</pin_list>
<bind>
<StgValue><ssdm name=""/></StgValue>
</bind>
</comp>

<comp id="36" class="1001" name="const_36">
<pin_list>
<pin id="37" dir="1" index="0" bw="1" slack="2147483647"/>
</pin_list>
<bind>
<StgValue><ssdm name="_ssdm_op_SpecPipeline"/></StgValue>
</bind>
</comp>

<comp id="38" class="1001" name="const_38">
<pin_list>
<pin id="39" dir="1" index="0" bw="1" slack="2147483647"/>
</pin_list>
<bind>
<StgValue><ssdm name="p_str"/></StgValue>
</bind>
</comp>

<comp id="40" class="1001" name="const_40">
<pin_list>
<pin id="41" dir="1" index="0" bw="1" slack="0"/>
</pin_list>
<bind>
<StgValue><ssdm name=""/></StgValue>
</bind>
</comp>

<comp id="42" class="1001" name="const_42">
<pin_list>
<pin id="43" dir="1" index="0" bw="1" slack="2147483647"/>
</pin_list>
<bind>
<StgValue><ssdm name="_ssdm_op_SpecLoopTripCount"/></StgValue>
</bind>
</comp>

<comp id="44" class="1001" name="const_44">
<pin_list>
<pin id="45" dir="1" index="0" bw="1" slack="2147483647"/>
</pin_list>
<bind>
<StgValue><ssdm name=""/></StgValue>
</bind>
</comp>

<comp id="46" class="1001" name="const_46">
<pin_list>
<pin id="47" dir="1" index="0" bw="1" slack="0"/>
</pin_list>
<bind>
<StgValue><ssdm name=""/></StgValue>
</bind>
</comp>

<comp id="48" class="1001" name="const_48">
<pin_list>
<pin id="49" dir="1" index="0" bw="1" slack="0"/>
</pin_list>
<bind>
<StgValue><ssdm name=""/></StgValue>
</bind>
</comp>

<comp id="50" class="1001" name="const_50">
<pin_list>
<pin id="51" dir="1" index="0" bw="1" slack="0"/>
</pin_list>
<bind>
<StgValue><ssdm name="_ssdm_op_BitConcatenate.i5.i4.i1"/></StgValue>
</bind>
</comp>

<comp id="52" class="1001" name="const_52">
<pin_list>
<pin id="53" dir="1" index="0" bw="1" slack="0"/>
</pin_list>
<bind>
<StgValue><ssdm name=""/></StgValue>
</bind>
</comp>

<comp id="54" class="1001" name="const_54">
<pin_list>
<pin id="55" dir="1" index="0" bw="1" slack="0"/>
</pin_list>
<bind>
<StgValue><ssdm name=""/></StgValue>
</bind>
</comp>

<comp id="56" class="1001" name="const_56">
<pin_list>
<pin id="57" dir="1" index="0" bw="1" slack="0"/>
</pin_list>
<bind>
<StgValue><ssdm name=""/></StgValue>
</bind>
</comp>

<comp id="58" class="1001" name="const_58">
<pin_list>
<pin id="59" dir="1" index="0" bw="1" slack="0"/>
</pin_list>
<bind>
<StgValue><ssdm name="_ssdm_op_PartSelect.i32.i63.i32.i32"/></StgValue>
</bind>
</comp>

<comp id="60" class="1001" name="const_60">
<pin_list>
<pin id="61" dir="1" index="0" bw="1" slack="0"/>
</pin_list>
<bind>
<StgValue><ssdm name=""/></StgValue>
</bind>
</comp>

<comp id="62" class="1001" name="const_62">
<pin_list>
<pin id="63" dir="1" index="0" bw="1" slack="0"/>
</pin_list>
<bind>
<StgValue><ssdm name=""/></StgValue>
</bind>
</comp>

<comp id="64" class="1001" name="const_64">
<pin_list>
<pin id="65" dir="1" index="0" bw="1" slack="2147483647"/>
</pin_list>
<bind>
<StgValue><ssdm name="_ssdm_op_SpecLoopName"/></StgValue>
</bind>
</comp>

<comp id="66" class="1001" name="const_66">
<pin_list>
<pin id="67" dir="1" index="0" bw="1" slack="2147483647"/>
</pin_list>
<bind>
<StgValue><ssdm name="empty_2"/></StgValue>
</bind>
</comp>

<comp id="68" class="1004" name="x_fu_68">
<pin_list>
<pin id="69" dir="0" index="0" bw="1" slack="0"/>
<pin id="70" dir="1" index="1" bw="32" slack="0"/>
</pin_list>
<bind>
<opcode="alloca(26) " fcode="alloca"/>
<opset="x/1 "/>
</bind>
</comp>

<comp id="72" class="1004" name="i_fu_72">
<pin_list>
<pin id="73" dir="0" index="0" bw="1" slack="0"/>
<pin id="74" dir="1" index="1" bw="4" slack="0"/>
</pin_list>
<bind>
<opcode="alloca(26) " fcode="alloca"/>
<opset="i/1 "/>
</bind>
</comp>

<comp id="76" class="1004" name="input_r_read_read_fu_76">
<pin_list>
<pin id="77" dir="0" index="0" bw="32" slack="0"/>
<pin id="78" dir="0" index="1" bw="32" slack="0"/>
<pin id="79" dir="1" index="2" bw="32" slack="0"/>
</pin_list>
<bind>
<opcode="read(1150) " fcode="read"/>
<opset="input_r_read/1 "/>
</bind>
</comp>

<comp id="82" class="1004" name="NUM_1_0_addr_gep_fu_82">
<pin_list>
<pin id="83" dir="0" index="0" bw="23" slack="0"/>
<pin id="84" dir="0" index="1" bw="1" slack="0"/>
<pin id="85" dir="0" index="2" bw="4" slack="0"/>
<pin id="86" dir="1" index="3" bw="4" slack="0"/>
</pin_list>
<bind>
<opcode="getelementptr(29) " fcode="getelementptr"/>
<opset="NUM_1_0_addr/1 "/>
</bind>
</comp>

<comp id="89" class="1004" name="grp_access_fu_89">
<pin_list>
<pin id="90" dir="0" index="0" bw="4" slack="0"/>
<pin id="91" dir="0" index="1" bw="23" slack="2147483647"/>
<pin id="92" dir="0" index="2" bw="0" slack="2147483647"/>
<pin id="93" dir="1" index="3" bw="23" slack="1"/>
</pin_list>
<bind>
<opcode="load(27) " fcode="load"/>
<opset="NUM_1_0_load/1 NUM_1_0_load_1/2 "/>
</bind>
</comp>

<comp id="95" class="1004" name="delay_addr_gep_fu_95">
<pin_list>
<pin id="96" dir="0" index="0" bw="32" slack="0"/>
<pin id="97" dir="0" index="1" bw="1" slack="0"/>
<pin id="98" dir="0" index="2" bw="5" slack="0"/>
<pin id="99" dir="1" index="3" bw="5" slack="0"/>
</pin_list>
<bind>
<opcode="getelementptr(29) " fcode="getelementptr"/>
<opset="delay_addr/1 "/>
</bind>
</comp>

<comp id="102" class="1004" name="delay_addr_1_gep_fu_102">
<pin_list>
<pin id="103" dir="0" index="0" bw="32" slack="0"/>
<pin id="104" dir="0" index="1" bw="1" slack="0"/>
<pin id="105" dir="0" index="2" bw="5" slack="0"/>
<pin id="106" dir="1" index="3" bw="5" slack="0"/>
</pin_list>
<bind>
<opcode="getelementptr(29) " fcode="getelementptr"/>
<opset="delay_addr_1/1 "/>
</bind>
</comp>

<comp id="109" class="1004" name="grp_access_fu_109">
<pin_list>
<pin id="110" dir="0" index="0" bw="5" slack="0"/>
<pin id="111" dir="0" index="1" bw="32" slack="0"/>
<pin id="112" dir="0" index="2" bw="0" slack="0"/>
<pin id="114" dir="0" index="4" bw="5" slack="1"/>
<pin id="115" dir="0" index="5" bw="32" slack="2147483647"/>
<pin id="116" dir="0" index="6" bw="0" slack="2147483647"/>
<pin id="113" dir="1" index="3" bw="32" slack="2"/>
<pin id="117" dir="1" index="7" bw="32" slack="0"/>
</pin_list>
<bind>
<opcode="load(27) store(28) " fcode="store"/>
<opset="delay_load/1 delay_load_1/1 store_ln30/2 store_ln31/8 "/>
</bind>
</comp>

<comp id="119" class="1004" name="NUM_1_1_addr_gep_fu_119">
<pin_list>
<pin id="120" dir="0" index="0" bw="2" slack="0"/>
<pin id="121" dir="0" index="1" bw="1" slack="0"/>
<pin id="122" dir="0" index="2" bw="4" slack="0"/>
<pin id="123" dir="1" index="3" bw="4" slack="0"/>
</pin_list>
<bind>
<opcode="getelementptr(29) " fcode="getelementptr"/>
<opset="NUM_1_1_addr/1 "/>
</bind>
</comp>

<comp id="126" class="1004" name="grp_access_fu_126">
<pin_list>
<pin id="127" dir="0" index="0" bw="4" slack="0"/>
<pin id="128" dir="0" index="1" bw="2" slack="2147483647"/>
<pin id="129" dir="0" index="2" bw="0" slack="2147483647"/>
<pin id="130" dir="1" index="3" bw="2" slack="1"/>
</pin_list>
<bind>
<opcode="load(27) " fcode="load"/>
<opset="NUM_1_1_load/1 "/>
</bind>
</comp>

<comp id="133" class="1004" name="NUM_1_2_addr_gep_fu_133">
<pin_list>
<pin id="134" dir="0" index="0" bw="2" slack="0"/>
<pin id="135" dir="0" index="1" bw="1" slack="0"/>
<pin id="136" dir="0" index="2" bw="4" slack="0"/>
<pin id="137" dir="1" index="3" bw="4" slack="0"/>
</pin_list>
<bind>
<opcode="getelementptr(29) " fcode="getelementptr"/>
<opset="NUM_1_2_addr/1 "/>
</bind>
</comp>

<comp id="140" class="1004" name="grp_access_fu_140">
<pin_list>
<pin id="141" dir="0" index="0" bw="4" slack="0"/>
<pin id="142" dir="0" index="1" bw="2" slack="2147483647"/>
<pin id="143" dir="0" index="2" bw="0" slack="2147483647"/>
<pin id="144" dir="1" index="3" bw="2" slack="2"/>
</pin_list>
<bind>
<opcode="load(27) " fcode="load"/>
<opset="NUM_1_2_load/1 "/>
</bind>
</comp>

<comp id="146" class="1004" name="DEN_1_1_addr_gep_fu_146">
<pin_list>
<pin id="147" dir="0" index="0" bw="32" slack="0"/>
<pin id="148" dir="0" index="1" bw="1" slack="0"/>
<pin id="149" dir="0" index="2" bw="4" slack="0"/>
<pin id="150" dir="1" index="3" bw="4" slack="0"/>
</pin_list>
<bind>
<opcode="getelementptr(29) " fcode="getelementptr"/>
<opset="DEN_1_1_addr/1 "/>
</bind>
</comp>

<comp id="153" class="1004" name="grp_access_fu_153">
<pin_list>
<pin id="154" dir="0" index="0" bw="4" slack="0"/>
<pin id="155" dir="0" index="1" bw="32" slack="2147483647"/>
<pin id="156" dir="0" index="2" bw="0" slack="2147483647"/>
<pin id="157" dir="1" index="3" bw="32" slack="2"/>
</pin_list>
<bind>
<opcode="load(27) " fcode="load"/>
<opset="DEN_1_1_load/1 "/>
</bind>
</comp>

<comp id="159" class="1004" name="DEN_1_2_addr_gep_fu_159">
<pin_list>
<pin id="160" dir="0" index="0" bw="30" slack="0"/>
<pin id="161" dir="0" index="1" bw="1" slack="0"/>
<pin id="162" dir="0" index="2" bw="4" slack="0"/>
<pin id="163" dir="1" index="3" bw="4" slack="0"/>
</pin_list>
<bind>
<opcode="getelementptr(29) " fcode="getelementptr"/>
<opset="DEN_1_2_addr/1 "/>
</bind>
</comp>

<comp id="166" class="1004" name="grp_access_fu_166">
<pin_list>
<pin id="167" dir="0" index="0" bw="4" slack="0"/>
<pin id="168" dir="0" index="1" bw="30" slack="2147483647"/>
<pin id="169" dir="0" index="2" bw="0" slack="2147483647"/>
<pin id="170" dir="1" index="3" bw="30" slack="3"/>
</pin_list>
<bind>
<opcode="load(27) " fcode="load"/>
<opset="DEN_1_2_load/1 "/>
</bind>
</comp>

<comp id="172" class="1004" name="NUM_1_0_addr_1_gep_fu_172">
<pin_list>
<pin id="173" dir="0" index="0" bw="23" slack="0"/>
<pin id="174" dir="0" index="1" bw="1" slack="0"/>
<pin id="175" dir="0" index="2" bw="4" slack="1"/>
<pin id="176" dir="1" index="3" bw="4" slack="0"/>
</pin_list>
<bind>
<opcode="getelementptr(29) " fcode="getelementptr"/>
<opset="NUM_1_0_addr_1/2 "/>
</bind>
</comp>

<comp id="181" class="1005" name="reg_181">
<pin_list>
<pin id="182" dir="0" index="0" bw="23" slack="1"/>
<pin id="183" dir="1" index="1" bw="23" slack="1"/>
</pin_list>
<bind>
<opset="NUM_1_0_load NUM_1_0_load_1 "/>
</bind>
</comp>

<comp id="185" class="1004" name="store_ln16_store_fu_185">
<pin_list>
<pin id="186" dir="0" index="0" bw="1" slack="0"/>
<pin id="187" dir="0" index="1" bw="4" slack="0"/>
<pin id="188" dir="1" index="2" bw="0" slack="2147483647"/>
</pin_list>
<bind>
<opcode="store(28) " fcode="store"/>
<opset="store_ln16/1 "/>
</bind>
</comp>

<comp id="190" class="1004" name="store_ln16_store_fu_190">
<pin_list>
<pin id="191" dir="0" index="0" bw="32" slack="0"/>
<pin id="192" dir="0" index="1" bw="32" slack="0"/>
<pin id="193" dir="1" index="2" bw="0" slack="2147483647"/>
</pin_list>
<bind>
<opcode="store(28) " fcode="store"/>
<opset="store_ln16/1 "/>
</bind>
</comp>

<comp id="195" class="1004" name="i_1_load_fu_195">
<pin_list>
<pin id="196" dir="0" index="0" bw="4" slack="0"/>
<pin id="197" dir="1" index="1" bw="4" slack="0"/>
</pin_list>
<bind>
<opcode="load(27) " fcode="load"/>
<opset="i_1/1 "/>
</bind>
</comp>

<comp id="198" class="1004" name="icmp_ln16_fu_198">
<pin_list>
<pin id="199" dir="0" index="0" bw="4" slack="0"/>
<pin id="200" dir="0" index="1" bw="4" slack="0"/>
<pin id="201" dir="1" index="2" bw="1" slack="1"/>
</pin_list>
<bind>
<opcode="icmp(45) " fcode="icmp"/>
<opset="icmp_ln16/1 "/>
</bind>
</comp>

<comp id="204" class="1004" name="i_cast1_fu_204">
<pin_list>
<pin id="205" dir="0" index="0" bw="4" slack="0"/>
<pin id="206" dir="1" index="1" bw="64" slack="0"/>
</pin_list>
<bind>
<opcode="zext(34) " fcode="zext"/>
<opset="i_cast1/1 "/>
</bind>
</comp>

<comp id="209" class="1004" name="or_ln21_fu_209">
<pin_list>
<pin id="210" dir="0" index="0" bw="4" slack="0"/>
<pin id="211" dir="0" index="1" bw="1" slack="0"/>
<pin id="212" dir="1" index="2" bw="4" slack="0"/>
</pin_list>
<bind>
<opcode="or(24) " fcode="or"/>
<opset="or_ln21/1 "/>
</bind>
</comp>

<comp id="215" class="1004" name="zext_ln21_fu_215">
<pin_list>
<pin id="216" dir="0" index="0" bw="4" slack="0"/>
<pin id="217" dir="1" index="1" bw="64" slack="0"/>
</pin_list>
<bind>
<opcode="zext(34) " fcode="zext"/>
<opset="zext_ln21/1 "/>
</bind>
</comp>

<comp id="223" class="1004" name="tmp_fu_223">
<pin_list>
<pin id="224" dir="0" index="0" bw="5" slack="0"/>
<pin id="225" dir="0" index="1" bw="4" slack="0"/>
<pin id="226" dir="0" index="2" bw="1" slack="0"/>
<pin id="227" dir="1" index="3" bw="5" slack="0"/>
</pin_list>
<bind>
<opcode="bitconcatenate(1004) " fcode="bitconcatenate"/>
<opset="tmp/1 "/>
</bind>
</comp>

<comp id="231" class="1004" name="zext_ln22_fu_231">
<pin_list>
<pin id="232" dir="0" index="0" bw="5" slack="0"/>
<pin id="233" dir="1" index="1" bw="64" slack="0"/>
</pin_list>
<bind>
<opcode="zext(34) " fcode="zext"/>
<opset="zext_ln22/1 "/>
</bind>
</comp>

<comp id="236" class="1004" name="or_ln23_fu_236">
<pin_list>
<pin id="237" dir="0" index="0" bw="5" slack="0"/>
<pin id="238" dir="0" index="1" bw="1" slack="0"/>
<pin id="239" dir="1" index="2" bw="5" slack="0"/>
</pin_list>
<bind>
<opcode="or(24) " fcode="or"/>
<opset="or_ln23/1 "/>
</bind>
</comp>

<comp id="242" class="1004" name="zext_ln23_fu_242">
<pin_list>
<pin id="243" dir="0" index="0" bw="5" slack="0"/>
<pin id="244" dir="1" index="1" bw="64" slack="0"/>
</pin_list>
<bind>
<opcode="zext(34) " fcode="zext"/>
<opset="zext_ln23/1 "/>
</bind>
</comp>

<comp id="247" class="1004" name="add_ln16_fu_247">
<pin_list>
<pin id="248" dir="0" index="0" bw="4" slack="0"/>
<pin id="249" dir="0" index="1" bw="3" slack="0"/>
<pin id="250" dir="1" index="2" bw="4" slack="0"/>
</pin_list>
<bind>
<opcode="add(8) " fcode="add"/>
<opset="add_ln16/1 "/>
</bind>
</comp>

<comp id="253" class="1004" name="store_ln16_store_fu_253">
<pin_list>
<pin id="254" dir="0" index="0" bw="4" slack="0"/>
<pin id="255" dir="0" index="1" bw="4" slack="0"/>
<pin id="256" dir="1" index="2" bw="0" slack="2147483647"/>
</pin_list>
<bind>
<opcode="store(28) " fcode="store"/>
<opset="store_ln16/1 "/>
</bind>
</comp>

<comp id="258" class="1004" name="x_load_load_fu_258">
<pin_list>
<pin id="259" dir="0" index="0" bw="32" slack="2"/>
<pin id="260" dir="1" index="1" bw="32" slack="0"/>
</pin_list>
<bind>
<opcode="load(27) " fcode="load"/>
<opset="x_load/3 "/>
</bind>
</comp>

<comp id="261" class="1004" name="sext_ln18_fu_261">
<pin_list>
<pin id="262" dir="0" index="0" bw="32" slack="0"/>
<pin id="263" dir="1" index="1" bw="63" slack="0"/>
</pin_list>
<bind>
<opcode="sext(35) " fcode="sext"/>
<opset="sext_ln18/3 "/>
</bind>
</comp>

<comp id="265" class="1004" name="sext_ln18_1_fu_265">
<pin_list>
<pin id="266" dir="0" index="0" bw="23" slack="1"/>
<pin id="267" dir="1" index="1" bw="31" slack="0"/>
</pin_list>
<bind>
<opcode="sext(35) " fcode="sext"/>
<opset="sext_ln18_1/3 "/>
</bind>
</comp>

<comp id="269" class="1004" name="zext_ln18_fu_269">
<pin_list>
<pin id="270" dir="0" index="0" bw="23" slack="0"/>
<pin id="271" dir="1" index="1" bw="63" slack="0"/>
</pin_list>
<bind>
<opcode="zext(34) " fcode="zext"/>
<opset="zext_ln18/3 "/>
</bind>
</comp>

<comp id="273" class="1004" name="grp_fu_273">
<pin_list>
<pin id="274" dir="0" index="0" bw="31" slack="0"/>
<pin id="275" dir="0" index="1" bw="32" slack="0"/>
<pin id="276" dir="1" index="2" bw="63" slack="0"/>
</pin_list>
<bind>
<opcode="mul(12) " fcode="mul"/>
<opset="mul_ln18/3 "/>
</bind>
</comp>

<comp id="279" class="1004" name="sext_ln22_fu_279">
<pin_list>
<pin id="280" dir="0" index="0" bw="32" slack="1"/>
<pin id="281" dir="1" index="1" bw="63" slack="0"/>
</pin_list>
<bind>
<opcode="sext(35) " fcode="sext"/>
<opset="sext_ln22/3 "/>
</bind>
</comp>

<comp id="282" class="1004" name="sext_ln22_1_fu_282">
<pin_list>
<pin id="283" dir="0" index="0" bw="2" slack="1"/>
<pin id="284" dir="1" index="1" bw="31" slack="0"/>
</pin_list>
<bind>
<opcode="sext(35) " fcode="sext"/>
<opset="sext_ln22_1/3 "/>
</bind>
</comp>

<comp id="285" class="1004" name="zext_ln22_1_fu_285">
<pin_list>
<pin id="286" dir="0" index="0" bw="2" slack="0"/>
<pin id="287" dir="1" index="1" bw="63" slack="0"/>
</pin_list>
<bind>
<opcode="zext(34) " fcode="zext"/>
<opset="zext_ln22_1/3 "/>
</bind>
</comp>

<comp id="289" class="1004" name="grp_fu_289">
<pin_list>
<pin id="290" dir="0" index="0" bw="31" slack="0"/>
<pin id="291" dir="0" index="1" bw="32" slack="0"/>
<pin id="292" dir="1" index="2" bw="63" slack="2"/>
</pin_list>
<bind>
<opcode="mul(12) " fcode="mul"/>
<opset="mul_ln22/3 "/>
</bind>
</comp>

<comp id="295" class="1004" name="y_fu_295">
<pin_list>
<pin id="296" dir="0" index="0" bw="32" slack="0"/>
<pin id="297" dir="0" index="1" bw="63" slack="0"/>
<pin id="298" dir="0" index="2" bw="6" slack="0"/>
<pin id="299" dir="0" index="3" bw="7" slack="0"/>
<pin id="300" dir="1" index="4" bw="32" slack="1"/>
</pin_list>
<bind>
<opcode="partselect(1002) " fcode="partselect"/>
<opset="y/4 "/>
</bind>
</comp>

<comp id="305" class="1004" name="sext_ln23_fu_305">
<pin_list>
<pin id="306" dir="0" index="0" bw="32" slack="2"/>
<pin id="307" dir="1" index="1" bw="63" slack="0"/>
</pin_list>
<bind>
<opcode="sext(35) " fcode="sext"/>
<opset="sext_ln23/4 "/>
</bind>
</comp>

<comp id="308" class="1004" name="sext_ln23_1_fu_308">
<pin_list>
<pin id="309" dir="0" index="0" bw="2" slack="2"/>
<pin id="310" dir="1" index="1" bw="31" slack="0"/>
</pin_list>
<bind>
<opcode="sext(35) " fcode="sext"/>
<opset="sext_ln23_1/4 "/>
</bind>
</comp>

<comp id="311" class="1004" name="zext_ln23_1_fu_311">
<pin_list>
<pin id="312" dir="0" index="0" bw="2" slack="0"/>
<pin id="313" dir="1" index="1" bw="63" slack="0"/>
</pin_list>
<bind>
<opcode="zext(34) " fcode="zext"/>
<opset="zext_ln23_1/4 "/>
</bind>
</comp>

<comp id="315" class="1004" name="grp_fu_315">
<pin_list>
<pin id="316" dir="0" index="0" bw="31" slack="0"/>
<pin id="317" dir="0" index="1" bw="32" slack="0"/>
<pin id="318" dir="1" index="2" bw="63" slack="1"/>
</pin_list>
<bind>
<opcode="mul(12) " fcode="mul"/>
<opset="mul_ln23/4 "/>
</bind>
</comp>

<comp id="321" class="1004" name="sext_ln24_fu_321">
<pin_list>
<pin id="322" dir="0" index="0" bw="32" slack="2"/>
<pin id="323" dir="1" index="1" bw="63" slack="0"/>
</pin_list>
<bind>
<opcode="sext(35) " fcode="sext"/>
<opset="sext_ln24/4 "/>
</bind>
</comp>

<comp id="324" class="1004" name="grp_fu_324">
<pin_list>
<pin id="325" dir="0" index="0" bw="32" slack="0"/>
<pin id="326" dir="0" index="1" bw="32" slack="1"/>
<pin id="327" dir="1" index="2" bw="63" slack="1"/>
</pin_list>
<bind>
<opcode="mul(12) " fcode="mul"/>
<opset="mul_ln24/4 "/>
</bind>
</comp>

<comp id="329" class="1004" name="sext_ln21_fu_329">
<pin_list>
<pin id="330" dir="0" index="0" bw="32" slack="1"/>
<pin id="331" dir="1" index="1" bw="63" slack="0"/>
</pin_list>
<bind>
<opcode="sext(35) " fcode="sext"/>
<opset="sext_ln21/5 "/>
</bind>
</comp>

<comp id="332" class="1004" name="sext_ln21_1_fu_332">
<pin_list>
<pin id="333" dir="0" index="0" bw="23" slack="2"/>
<pin id="334" dir="1" index="1" bw="31" slack="0"/>
</pin_list>
<bind>
<opcode="sext(35) " fcode="sext"/>
<opset="sext_ln21_1/5 "/>
</bind>
</comp>

<comp id="336" class="1004" name="zext_ln21_1_fu_336">
<pin_list>
<pin id="337" dir="0" index="0" bw="23" slack="0"/>
<pin id="338" dir="1" index="1" bw="63" slack="0"/>
</pin_list>
<bind>
<opcode="zext(34) " fcode="zext"/>
<opset="zext_ln21_1/5 "/>
</bind>
</comp>

<comp id="340" class="1004" name="grp_fu_340">
<pin_list>
<pin id="341" dir="0" index="0" bw="32" slack="0"/>
<pin id="342" dir="0" index="1" bw="31" slack="0"/>
<pin id="343" dir="1" index="2" bw="63" slack="1"/>
</pin_list>
<bind>
<opcode="mul(12) " fcode="mul"/>
<opset="mul_ln21/5 "/>
</bind>
</comp>

<comp id="346" class="1004" name="sext_ln25_fu_346">
<pin_list>
<pin id="347" dir="0" index="0" bw="30" slack="3"/>
<pin id="348" dir="1" index="1" bw="31" slack="0"/>
</pin_list>
<bind>
<opcode="sext(35) " fcode="sext"/>
<opset="sext_ln25/5 "/>
</bind>
</comp>

<comp id="349" class="1004" name="zext_ln25_fu_349">
<pin_list>
<pin id="350" dir="0" index="0" bw="30" slack="0"/>
<pin id="351" dir="1" index="1" bw="63" slack="0"/>
</pin_list>
<bind>
<opcode="zext(34) " fcode="zext"/>
<opset="zext_ln25/5 "/>
</bind>
</comp>

<comp id="353" class="1004" name="grp_fu_353">
<pin_list>
<pin id="354" dir="0" index="0" bw="31" slack="0"/>
<pin id="355" dir="0" index="1" bw="32" slack="1"/>
<pin id="356" dir="1" index="2" bw="63" slack="1"/>
</pin_list>
<bind>
<opcode="mul(12) " fcode="mul"/>
<opset="mul_ln25/5 "/>
</bind>
</comp>

<comp id="358" class="1004" name="add_ln23_fu_358">
<pin_list>
<pin id="359" dir="0" index="0" bw="63" slack="2"/>
<pin id="360" dir="0" index="1" bw="63" slack="1"/>
<pin id="361" dir="1" index="2" bw="63" slack="0"/>
</pin_list>
<bind>
<opcode="add(8) " fcode="add"/>
<opset="add_ln23/6 "/>
</bind>
</comp>

<comp id="362" class="1004" name="newFirst_fu_362">
<pin_list>
<pin id="363" dir="0" index="0" bw="63" slack="0"/>
<pin id="364" dir="0" index="1" bw="63" slack="1"/>
<pin id="365" dir="1" index="2" bw="63" slack="1"/>
</pin_list>
<bind>
<opcode="sub(10) " fcode="sub"/>
<opset="newFirst/6 "/>
</bind>
</comp>

<comp id="367" class="1004" name="newFirst4_fu_367">
<pin_list>
<pin id="368" dir="0" index="0" bw="63" slack="1"/>
<pin id="369" dir="0" index="1" bw="63" slack="1"/>
<pin id="370" dir="1" index="2" bw="63" slack="0"/>
</pin_list>
<bind>
<opcode="sub(10) " fcode="sub"/>
<opset="newFirst4/7 "/>
</bind>
</comp>

<comp id="371" class="1004" name="acc_fu_371">
<pin_list>
<pin id="372" dir="0" index="0" bw="63" slack="1"/>
<pin id="373" dir="0" index="1" bw="63" slack="0"/>
<pin id="374" dir="1" index="2" bw="63" slack="0"/>
</pin_list>
<bind>
<opcode="add(8) " fcode="add"/>
<opset="acc/7 "/>
</bind>
</comp>

<comp id="376" class="1004" name="output_fu_376">
<pin_list>
<pin id="377" dir="0" index="0" bw="32" slack="0"/>
<pin id="378" dir="0" index="1" bw="63" slack="0"/>
<pin id="379" dir="0" index="2" bw="6" slack="0"/>
<pin id="380" dir="0" index="3" bw="7" slack="0"/>
<pin id="381" dir="1" index="4" bw="32" slack="0"/>
</pin_list>
<bind>
<opcode="partselect(1002) " fcode="partselect"/>
<opset="output/7 "/>
</bind>
</comp>

<comp id="386" class="1004" name="store_ln16_store_fu_386">
<pin_list>
<pin id="387" dir="0" index="0" bw="32" slack="0"/>
<pin id="388" dir="0" index="1" bw="32" slack="6"/>
<pin id="389" dir="1" index="2" bw="0" slack="2147483647"/>
</pin_list>
<bind>
<opcode="store(28) " fcode="store"/>
<opset="store_ln16/7 "/>
</bind>
</comp>

<comp id="391" class="1004" name="x_load_1_load_fu_391">
<pin_list>
<pin id="392" dir="0" index="0" bw="32" slack="3"/>
<pin id="393" dir="1" index="1" bw="32" slack="2147483647"/>
</pin_list>
<bind>
<opcode="load(27) " fcode="load"/>
<opset="x_load_1/4 "/>
</bind>
</comp>

<comp id="394" class="1005" name="x_reg_394">
<pin_list>
<pin id="395" dir="0" index="0" bw="32" slack="0"/>
<pin id="396" dir="1" index="1" bw="32" slack="0"/>
</pin_list>
<bind>
<opset="x "/>
</bind>
</comp>

<comp id="402" class="1005" name="i_reg_402">
<pin_list>
<pin id="403" dir="0" index="0" bw="4" slack="0"/>
<pin id="404" dir="1" index="1" bw="4" slack="0"/>
</pin_list>
<bind>
<opset="i "/>
</bind>
</comp>

<comp id="409" class="1005" name="icmp_ln16_reg_409">
<pin_list>
<pin id="410" dir="0" index="0" bw="1" slack="1"/>
<pin id="411" dir="1" index="1" bw="1" slack="2147483647"/>
</pin_list>
<bind>
<opset="icmp_ln16 "/>
</bind>
</comp>

<comp id="413" class="1005" name="NUM_1_0_addr_reg_413">
<pin_list>
<pin id="414" dir="0" index="0" bw="4" slack="1"/>
<pin id="415" dir="1" index="1" bw="4" slack="1"/>
</pin_list>
<bind>
<opset="NUM_1_0_addr "/>
</bind>
</comp>

<comp id="418" class="1005" name="zext_ln21_reg_418">
<pin_list>
<pin id="419" dir="0" index="0" bw="64" slack="1"/>
<pin id="420" dir="1" index="1" bw="64" slack="1"/>
</pin_list>
<bind>
<opset="zext_ln21 "/>
</bind>
</comp>

<comp id="423" class="1005" name="delay_addr_reg_423">
<pin_list>
<pin id="424" dir="0" index="0" bw="5" slack="1"/>
<pin id="425" dir="1" index="1" bw="5" slack="1"/>
</pin_list>
<bind>
<opset="delay_addr "/>
</bind>
</comp>

<comp id="428" class="1005" name="delay_addr_1_reg_428">
<pin_list>
<pin id="429" dir="0" index="0" bw="5" slack="1"/>
<pin id="430" dir="1" index="1" bw="5" slack="1"/>
</pin_list>
<bind>
<opset="delay_addr_1 "/>
</bind>
</comp>

<comp id="433" class="1005" name="NUM_1_1_addr_reg_433">
<pin_list>
<pin id="434" dir="0" index="0" bw="4" slack="1"/>
<pin id="435" dir="1" index="1" bw="4" slack="1"/>
</pin_list>
<bind>
<opset="NUM_1_1_addr "/>
</bind>
</comp>

<comp id="438" class="1005" name="NUM_1_2_addr_reg_438">
<pin_list>
<pin id="439" dir="0" index="0" bw="4" slack="1"/>
<pin id="440" dir="1" index="1" bw="4" slack="1"/>
</pin_list>
<bind>
<opset="NUM_1_2_addr "/>
</bind>
</comp>

<comp id="443" class="1005" name="DEN_1_1_addr_reg_443">
<pin_list>
<pin id="444" dir="0" index="0" bw="4" slack="1"/>
<pin id="445" dir="1" index="1" bw="4" slack="1"/>
</pin_list>
<bind>
<opset="DEN_1_1_addr "/>
</bind>
</comp>

<comp id="448" class="1005" name="DEN_1_2_addr_reg_448">
<pin_list>
<pin id="449" dir="0" index="0" bw="4" slack="1"/>
<pin id="450" dir="1" index="1" bw="4" slack="1"/>
</pin_list>
<bind>
<opset="DEN_1_2_addr "/>
</bind>
</comp>

<comp id="453" class="1005" name="NUM_1_0_addr_1_reg_453">
<pin_list>
<pin id="454" dir="0" index="0" bw="4" slack="1"/>
<pin id="455" dir="1" index="1" bw="4" slack="1"/>
</pin_list>
<bind>
<opset="NUM_1_0_addr_1 "/>
</bind>
</comp>

<comp id="458" class="1005" name="delay_load_reg_458">
<pin_list>
<pin id="459" dir="0" index="0" bw="32" slack="1"/>
<pin id="460" dir="1" index="1" bw="32" slack="1"/>
</pin_list>
<bind>
<opset="delay_load "/>
</bind>
</comp>

<comp id="463" class="1005" name="NUM_1_1_load_reg_463">
<pin_list>
<pin id="464" dir="0" index="0" bw="2" slack="1"/>
<pin id="465" dir="1" index="1" bw="2" slack="1"/>
</pin_list>
<bind>
<opset="NUM_1_1_load "/>
</bind>
</comp>

<comp id="468" class="1005" name="delay_load_1_reg_468">
<pin_list>
<pin id="469" dir="0" index="0" bw="32" slack="2"/>
<pin id="470" dir="1" index="1" bw="32" slack="2"/>
</pin_list>
<bind>
<opset="delay_load_1 "/>
</bind>
</comp>

<comp id="473" class="1005" name="NUM_1_2_load_reg_473">
<pin_list>
<pin id="474" dir="0" index="0" bw="2" slack="2"/>
<pin id="475" dir="1" index="1" bw="2" slack="2"/>
</pin_list>
<bind>
<opset="NUM_1_2_load "/>
</bind>
</comp>

<comp id="478" class="1005" name="DEN_1_1_load_reg_478">
<pin_list>
<pin id="479" dir="0" index="0" bw="32" slack="2"/>
<pin id="480" dir="1" index="1" bw="32" slack="2"/>
</pin_list>
<bind>
<opset="DEN_1_1_load "/>
</bind>
</comp>

<comp id="483" class="1005" name="DEN_1_2_load_reg_483">
<pin_list>
<pin id="484" dir="0" index="0" bw="30" slack="3"/>
<pin id="485" dir="1" index="1" bw="30" slack="3"/>
</pin_list>
<bind>
<opset="DEN_1_2_load "/>
</bind>
</comp>

<comp id="488" class="1005" name="sext_ln18_reg_488">
<pin_list>
<pin id="489" dir="0" index="0" bw="63" slack="1"/>
<pin id="490" dir="1" index="1" bw="63" slack="1"/>
</pin_list>
<bind>
<opset="sext_ln18 "/>
</bind>
</comp>

<comp id="493" class="1005" name="zext_ln18_reg_493">
<pin_list>
<pin id="494" dir="0" index="0" bw="63" slack="1"/>
<pin id="495" dir="1" index="1" bw="63" slack="1"/>
</pin_list>
<bind>
<opset="zext_ln18 "/>
</bind>
</comp>

<comp id="498" class="1005" name="sext_ln22_reg_498">
<pin_list>
<pin id="499" dir="0" index="0" bw="63" slack="1"/>
<pin id="500" dir="1" index="1" bw="63" slack="1"/>
</pin_list>
<bind>
<opset="sext_ln22 "/>
</bind>
</comp>

<comp id="504" class="1005" name="zext_ln22_1_reg_504">
<pin_list>
<pin id="505" dir="0" index="0" bw="63" slack="1"/>
<pin id="506" dir="1" index="1" bw="63" slack="1"/>
</pin_list>
<bind>
<opset="zext_ln22_1 "/>
</bind>
</comp>

<comp id="509" class="1005" name="y_reg_509">
<pin_list>
<pin id="510" dir="0" index="0" bw="32" slack="1"/>
<pin id="511" dir="1" index="1" bw="32" slack="1"/>
</pin_list>
<bind>
<opset="y "/>
</bind>
</comp>

<comp id="514" class="1005" name="mul_ln22_reg_514">
<pin_list>
<pin id="515" dir="0" index="0" bw="63" slack="2"/>
<pin id="516" dir="1" index="1" bw="63" slack="2"/>
</pin_list>
<bind>
<opset="mul_ln22 "/>
</bind>
</comp>

<comp id="519" class="1005" name="sext_ln23_reg_519">
<pin_list>
<pin id="520" dir="0" index="0" bw="63" slack="1"/>
<pin id="521" dir="1" index="1" bw="63" slack="1"/>
</pin_list>
<bind>
<opset="sext_ln23 "/>
</bind>
</comp>

<comp id="525" class="1005" name="zext_ln23_1_reg_525">
<pin_list>
<pin id="526" dir="0" index="0" bw="63" slack="1"/>
<pin id="527" dir="1" index="1" bw="63" slack="1"/>
</pin_list>
<bind>
<opset="zext_ln23_1 "/>
</bind>
</comp>

<comp id="530" class="1005" name="sext_ln24_reg_530">
<pin_list>
<pin id="531" dir="0" index="0" bw="63" slack="1"/>
<pin id="532" dir="1" index="1" bw="63" slack="1"/>
</pin_list>
<bind>
<opset="sext_ln24 "/>
</bind>
</comp>

<comp id="535" class="1005" name="sext_ln21_reg_535">
<pin_list>
<pin id="536" dir="0" index="0" bw="63" slack="1"/>
<pin id="537" dir="1" index="1" bw="63" slack="1"/>
</pin_list>
<bind>
<opset="sext_ln21 "/>
</bind>
</comp>

<comp id="540" class="1005" name="zext_ln21_1_reg_540">
<pin_list>
<pin id="541" dir="0" index="0" bw="63" slack="1"/>
<pin id="542" dir="1" index="1" bw="63" slack="1"/>
</pin_list>
<bind>
<opset="zext_ln21_1 "/>
</bind>
</comp>

<comp id="545" class="1005" name="mul_ln23_reg_545">
<pin_list>
<pin id="546" dir="0" index="0" bw="63" slack="1"/>
<pin id="547" dir="1" index="1" bw="63" slack="1"/>
</pin_list>
<bind>
<opset="mul_ln23 "/>
</bind>
</comp>

<comp id="550" class="1005" name="mul_ln24_reg_550">
<pin_list>
<pin id="551" dir="0" index="0" bw="63" slack="1"/>
<pin id="552" dir="1" index="1" bw="63" slack="1"/>
</pin_list>
<bind>
<opset="mul_ln24 "/>
</bind>
</comp>

<comp id="555" class="1005" name="zext_ln25_reg_555">
<pin_list>
<pin id="556" dir="0" index="0" bw="63" slack="1"/>
<pin id="557" dir="1" index="1" bw="63" slack="1"/>
</pin_list>
<bind>
<opset="zext_ln25 "/>
</bind>
</comp>

<comp id="560" class="1005" name="mul_ln21_reg_560">
<pin_list>
<pin id="561" dir="0" index="0" bw="63" slack="1"/>
<pin id="562" dir="1" index="1" bw="63" slack="1"/>
</pin_list>
<bind>
<opset="mul_ln21 "/>
</bind>
</comp>

<comp id="565" class="1005" name="mul_ln25_reg_565">
<pin_list>
<pin id="566" dir="0" index="0" bw="63" slack="1"/>
<pin id="567" dir="1" index="1" bw="63" slack="1"/>
</pin_list>
<bind>
<opset="mul_ln25 "/>
</bind>
</comp>

<comp id="570" class="1005" name="newFirst_reg_570">
<pin_list>
<pin id="571" dir="0" index="0" bw="63" slack="1"/>
<pin id="572" dir="1" index="1" bw="63" slack="1"/>
</pin_list>
<bind>
<opset="newFirst "/>
</bind>
</comp>

<comp id="575" class="1005" name="output_reg_575">
<pin_list>
<pin id="576" dir="0" index="0" bw="32" slack="1"/>
<pin id="577" dir="1" index="1" bw="32" slack="1"/>
</pin_list>
<bind>
<opset="output "/>
</bind>
</comp>

</comp_list>

<net_list>
<net id="71"><net_src comp="14" pin="0"/><net_sink comp="68" pin=0"/></net>

<net id="75"><net_src comp="14" pin="0"/><net_sink comp="72" pin=0"/></net>

<net id="80"><net_src comp="32" pin="0"/><net_sink comp="76" pin=0"/></net>

<net id="81"><net_src comp="0" pin="0"/><net_sink comp="76" pin=1"/></net>

<net id="87"><net_src comp="2" pin="0"/><net_sink comp="82" pin=0"/></net>

<net id="88"><net_src comp="46" pin="0"/><net_sink comp="82" pin=1"/></net>

<net id="94"><net_src comp="82" pin="3"/><net_sink comp="89" pin=0"/></net>

<net id="100"><net_src comp="4" pin="0"/><net_sink comp="95" pin=0"/></net>

<net id="101"><net_src comp="46" pin="0"/><net_sink comp="95" pin=1"/></net>

<net id="107"><net_src comp="4" pin="0"/><net_sink comp="102" pin=0"/></net>

<net id="108"><net_src comp="46" pin="0"/><net_sink comp="102" pin=1"/></net>

<net id="118"><net_src comp="95" pin="3"/><net_sink comp="109" pin=2"/></net>

<net id="124"><net_src comp="6" pin="0"/><net_sink comp="119" pin=0"/></net>

<net id="125"><net_src comp="46" pin="0"/><net_sink comp="119" pin=1"/></net>

<net id="131"><net_src comp="119" pin="3"/><net_sink comp="126" pin=0"/></net>

<net id="132"><net_src comp="102" pin="3"/><net_sink comp="109" pin=0"/></net>

<net id="138"><net_src comp="8" pin="0"/><net_sink comp="133" pin=0"/></net>

<net id="139"><net_src comp="46" pin="0"/><net_sink comp="133" pin=1"/></net>

<net id="145"><net_src comp="133" pin="3"/><net_sink comp="140" pin=0"/></net>

<net id="151"><net_src comp="10" pin="0"/><net_sink comp="146" pin=0"/></net>

<net id="152"><net_src comp="46" pin="0"/><net_sink comp="146" pin=1"/></net>

<net id="158"><net_src comp="146" pin="3"/><net_sink comp="153" pin=0"/></net>

<net id="164"><net_src comp="12" pin="0"/><net_sink comp="159" pin=0"/></net>

<net id="165"><net_src comp="46" pin="0"/><net_sink comp="159" pin=1"/></net>

<net id="171"><net_src comp="159" pin="3"/><net_sink comp="166" pin=0"/></net>

<net id="177"><net_src comp="2" pin="0"/><net_sink comp="172" pin=0"/></net>

<net id="178"><net_src comp="46" pin="0"/><net_sink comp="172" pin=1"/></net>

<net id="179"><net_src comp="172" pin="3"/><net_sink comp="89" pin=0"/></net>

<net id="180"><net_src comp="109" pin="7"/><net_sink comp="109" pin=1"/></net>

<net id="184"><net_src comp="89" pin="3"/><net_sink comp="181" pin=0"/></net>

<net id="189"><net_src comp="34" pin="0"/><net_sink comp="185" pin=0"/></net>

<net id="194"><net_src comp="76" pin="2"/><net_sink comp="190" pin=0"/></net>

<net id="202"><net_src comp="195" pin="1"/><net_sink comp="198" pin=0"/></net>

<net id="203"><net_src comp="40" pin="0"/><net_sink comp="198" pin=1"/></net>

<net id="207"><net_src comp="195" pin="1"/><net_sink comp="204" pin=0"/></net>

<net id="208"><net_src comp="204" pin="1"/><net_sink comp="82" pin=2"/></net>

<net id="213"><net_src comp="195" pin="1"/><net_sink comp="209" pin=0"/></net>

<net id="214"><net_src comp="48" pin="0"/><net_sink comp="209" pin=1"/></net>

<net id="218"><net_src comp="209" pin="2"/><net_sink comp="215" pin=0"/></net>

<net id="219"><net_src comp="215" pin="1"/><net_sink comp="119" pin=2"/></net>

<net id="220"><net_src comp="215" pin="1"/><net_sink comp="133" pin=2"/></net>

<net id="221"><net_src comp="215" pin="1"/><net_sink comp="146" pin=2"/></net>

<net id="222"><net_src comp="215" pin="1"/><net_sink comp="159" pin=2"/></net>

<net id="228"><net_src comp="50" pin="0"/><net_sink comp="223" pin=0"/></net>

<net id="229"><net_src comp="209" pin="2"/><net_sink comp="223" pin=1"/></net>

<net id="230"><net_src comp="52" pin="0"/><net_sink comp="223" pin=2"/></net>

<net id="234"><net_src comp="223" pin="3"/><net_sink comp="231" pin=0"/></net>

<net id="235"><net_src comp="231" pin="1"/><net_sink comp="95" pin=2"/></net>

<net id="240"><net_src comp="223" pin="3"/><net_sink comp="236" pin=0"/></net>

<net id="241"><net_src comp="54" pin="0"/><net_sink comp="236" pin=1"/></net>

<net id="245"><net_src comp="236" pin="2"/><net_sink comp="242" pin=0"/></net>

<net id="246"><net_src comp="242" pin="1"/><net_sink comp="102" pin=2"/></net>

<net id="251"><net_src comp="195" pin="1"/><net_sink comp="247" pin=0"/></net>

<net id="252"><net_src comp="56" pin="0"/><net_sink comp="247" pin=1"/></net>

<net id="257"><net_src comp="247" pin="2"/><net_sink comp="253" pin=0"/></net>

<net id="264"><net_src comp="258" pin="1"/><net_sink comp="261" pin=0"/></net>

<net id="268"><net_src comp="181" pin="1"/><net_sink comp="265" pin=0"/></net>

<net id="272"><net_src comp="265" pin="1"/><net_sink comp="269" pin=0"/></net>

<net id="277"><net_src comp="269" pin="1"/><net_sink comp="273" pin=0"/></net>

<net id="278"><net_src comp="261" pin="1"/><net_sink comp="273" pin=1"/></net>

<net id="288"><net_src comp="282" pin="1"/><net_sink comp="285" pin=0"/></net>

<net id="293"><net_src comp="285" pin="1"/><net_sink comp="289" pin=0"/></net>

<net id="294"><net_src comp="279" pin="1"/><net_sink comp="289" pin=1"/></net>

<net id="301"><net_src comp="58" pin="0"/><net_sink comp="295" pin=0"/></net>

<net id="302"><net_src comp="273" pin="2"/><net_sink comp="295" pin=1"/></net>

<net id="303"><net_src comp="60" pin="0"/><net_sink comp="295" pin=2"/></net>

<net id="304"><net_src comp="62" pin="0"/><net_sink comp="295" pin=3"/></net>

<net id="314"><net_src comp="308" pin="1"/><net_sink comp="311" pin=0"/></net>

<net id="319"><net_src comp="311" pin="1"/><net_sink comp="315" pin=0"/></net>

<net id="320"><net_src comp="305" pin="1"/><net_sink comp="315" pin=1"/></net>

<net id="328"><net_src comp="321" pin="1"/><net_sink comp="324" pin=0"/></net>

<net id="335"><net_src comp="181" pin="1"/><net_sink comp="332" pin=0"/></net>

<net id="339"><net_src comp="332" pin="1"/><net_sink comp="336" pin=0"/></net>

<net id="344"><net_src comp="329" pin="1"/><net_sink comp="340" pin=0"/></net>

<net id="345"><net_src comp="336" pin="1"/><net_sink comp="340" pin=1"/></net>

<net id="352"><net_src comp="346" pin="1"/><net_sink comp="349" pin=0"/></net>

<net id="357"><net_src comp="349" pin="1"/><net_sink comp="353" pin=0"/></net>

<net id="366"><net_src comp="358" pin="2"/><net_sink comp="362" pin=0"/></net>

<net id="375"><net_src comp="367" pin="2"/><net_sink comp="371" pin=1"/></net>

<net id="382"><net_src comp="58" pin="0"/><net_sink comp="376" pin=0"/></net>

<net id="383"><net_src comp="371" pin="2"/><net_sink comp="376" pin=1"/></net>

<net id="384"><net_src comp="60" pin="0"/><net_sink comp="376" pin=2"/></net>

<net id="385"><net_src comp="62" pin="0"/><net_sink comp="376" pin=3"/></net>

<net id="390"><net_src comp="376" pin="4"/><net_sink comp="386" pin=0"/></net>

<net id="397"><net_src comp="68" pin="1"/><net_sink comp="394" pin=0"/></net>

<net id="398"><net_src comp="394" pin="1"/><net_sink comp="190" pin=1"/></net>

<net id="399"><net_src comp="394" pin="1"/><net_sink comp="258" pin=0"/></net>

<net id="400"><net_src comp="394" pin="1"/><net_sink comp="386" pin=1"/></net>

<net id="401"><net_src comp="394" pin="1"/><net_sink comp="391" pin=0"/></net>

<net id="405"><net_src comp="72" pin="1"/><net_sink comp="402" pin=0"/></net>

<net id="406"><net_src comp="402" pin="1"/><net_sink comp="185" pin=1"/></net>

<net id="407"><net_src comp="402" pin="1"/><net_sink comp="195" pin=0"/></net>

<net id="408"><net_src comp="402" pin="1"/><net_sink comp="253" pin=1"/></net>

<net id="412"><net_src comp="198" pin="2"/><net_sink comp="409" pin=0"/></net>

<net id="416"><net_src comp="82" pin="3"/><net_sink comp="413" pin=0"/></net>

<net id="417"><net_src comp="413" pin="1"/><net_sink comp="89" pin=0"/></net>

<net id="421"><net_src comp="215" pin="1"/><net_sink comp="418" pin=0"/></net>

<net id="422"><net_src comp="418" pin="1"/><net_sink comp="172" pin=2"/></net>

<net id="426"><net_src comp="95" pin="3"/><net_sink comp="423" pin=0"/></net>

<net id="427"><net_src comp="423" pin="1"/><net_sink comp="109" pin=2"/></net>

<net id="431"><net_src comp="102" pin="3"/><net_sink comp="428" pin=0"/></net>

<net id="432"><net_src comp="428" pin="1"/><net_sink comp="109" pin=0"/></net>

<net id="436"><net_src comp="119" pin="3"/><net_sink comp="433" pin=0"/></net>

<net id="437"><net_src comp="433" pin="1"/><net_sink comp="126" pin=0"/></net>

<net id="441"><net_src comp="133" pin="3"/><net_sink comp="438" pin=0"/></net>

<net id="442"><net_src comp="438" pin="1"/><net_sink comp="140" pin=0"/></net>

<net id="446"><net_src comp="146" pin="3"/><net_sink comp="443" pin=0"/></net>

<net id="447"><net_src comp="443" pin="1"/><net_sink comp="153" pin=0"/></net>

<net id="451"><net_src comp="159" pin="3"/><net_sink comp="448" pin=0"/></net>

<net id="452"><net_src comp="448" pin="1"/><net_sink comp="166" pin=0"/></net>

<net id="456"><net_src comp="172" pin="3"/><net_sink comp="453" pin=0"/></net>

<net id="457"><net_src comp="453" pin="1"/><net_sink comp="89" pin=0"/></net>

<net id="461"><net_src comp="109" pin="7"/><net_sink comp="458" pin=0"/></net>

<net id="462"><net_src comp="458" pin="1"/><net_sink comp="279" pin=0"/></net>

<net id="466"><net_src comp="126" pin="3"/><net_sink comp="463" pin=0"/></net>

<net id="467"><net_src comp="463" pin="1"/><net_sink comp="282" pin=0"/></net>

<net id="471"><net_src comp="109" pin="3"/><net_sink comp="468" pin=0"/></net>

<net id="472"><net_src comp="468" pin="1"/><net_sink comp="305" pin=0"/></net>

<net id="476"><net_src comp="140" pin="3"/><net_sink comp="473" pin=0"/></net>

<net id="477"><net_src comp="473" pin="1"/><net_sink comp="308" pin=0"/></net>

<net id="481"><net_src comp="153" pin="3"/><net_sink comp="478" pin=0"/></net>

<net id="482"><net_src comp="478" pin="1"/><net_sink comp="321" pin=0"/></net>

<net id="486"><net_src comp="166" pin="3"/><net_sink comp="483" pin=0"/></net>

<net id="487"><net_src comp="483" pin="1"/><net_sink comp="346" pin=0"/></net>

<net id="491"><net_src comp="261" pin="1"/><net_sink comp="488" pin=0"/></net>

<net id="492"><net_src comp="488" pin="1"/><net_sink comp="273" pin=1"/></net>

<net id="496"><net_src comp="269" pin="1"/><net_sink comp="493" pin=0"/></net>

<net id="497"><net_src comp="493" pin="1"/><net_sink comp="273" pin=0"/></net>

<net id="501"><net_src comp="279" pin="1"/><net_sink comp="498" pin=0"/></net>

<net id="502"><net_src comp="498" pin="1"/><net_sink comp="289" pin=1"/></net>

<net id="503"><net_src comp="498" pin="1"/><net_sink comp="324" pin=1"/></net>

<net id="507"><net_src comp="285" pin="1"/><net_sink comp="504" pin=0"/></net>

<net id="508"><net_src comp="504" pin="1"/><net_sink comp="289" pin=0"/></net>

<net id="512"><net_src comp="295" pin="4"/><net_sink comp="509" pin=0"/></net>

<net id="513"><net_src comp="509" pin="1"/><net_sink comp="329" pin=0"/></net>

<net id="517"><net_src comp="289" pin="2"/><net_sink comp="514" pin=0"/></net>

<net id="518"><net_src comp="514" pin="1"/><net_sink comp="358" pin=0"/></net>

<net id="522"><net_src comp="305" pin="1"/><net_sink comp="519" pin=0"/></net>

<net id="523"><net_src comp="519" pin="1"/><net_sink comp="315" pin=1"/></net>

<net id="524"><net_src comp="519" pin="1"/><net_sink comp="353" pin=1"/></net>

<net id="528"><net_src comp="311" pin="1"/><net_sink comp="525" pin=0"/></net>

<net id="529"><net_src comp="525" pin="1"/><net_sink comp="315" pin=0"/></net>

<net id="533"><net_src comp="321" pin="1"/><net_sink comp="530" pin=0"/></net>

<net id="534"><net_src comp="530" pin="1"/><net_sink comp="324" pin=0"/></net>

<net id="538"><net_src comp="329" pin="1"/><net_sink comp="535" pin=0"/></net>

<net id="539"><net_src comp="535" pin="1"/><net_sink comp="340" pin=0"/></net>

<net id="543"><net_src comp="336" pin="1"/><net_sink comp="540" pin=0"/></net>

<net id="544"><net_src comp="540" pin="1"/><net_sink comp="340" pin=1"/></net>

<net id="548"><net_src comp="315" pin="2"/><net_sink comp="545" pin=0"/></net>

<net id="549"><net_src comp="545" pin="1"/><net_sink comp="358" pin=1"/></net>

<net id="553"><net_src comp="324" pin="2"/><net_sink comp="550" pin=0"/></net>

<net id="554"><net_src comp="550" pin="1"/><net_sink comp="362" pin=1"/></net>

<net id="558"><net_src comp="349" pin="1"/><net_sink comp="555" pin=0"/></net>

<net id="559"><net_src comp="555" pin="1"/><net_sink comp="353" pin=0"/></net>

<net id="563"><net_src comp="340" pin="2"/><net_sink comp="560" pin=0"/></net>

<net id="564"><net_src comp="560" pin="1"/><net_sink comp="367" pin=0"/></net>

<net id="568"><net_src comp="353" pin="2"/><net_sink comp="565" pin=0"/></net>

<net id="569"><net_src comp="565" pin="1"/><net_sink comp="367" pin=1"/></net>

<net id="573"><net_src comp="362" pin="2"/><net_sink comp="570" pin=0"/></net>

<net id="574"><net_src comp="570" pin="1"/><net_sink comp="371" pin=0"/></net>

<net id="578"><net_src comp="376" pin="4"/><net_sink comp="575" pin=0"/></net>

<net id="579"><net_src comp="575" pin="1"/><net_sink comp="109" pin=4"/></net>

</net_list>

</model> 
---------------- Datapath Model END ------------------

* FSMD analyzer results:
  - Output states:
	Port: delay | {2 8 }
 - Input state : 
	Port: applyIIRFilter : input_r | {1 }
	Port: applyIIRFilter : NUM_1_0 | {1 2 3 }
	Port: applyIIRFilter : delay | {1 2 }
	Port: applyIIRFilter : NUM_1_1 | {1 2 }
	Port: applyIIRFilter : NUM_1_2 | {1 2 }
	Port: applyIIRFilter : DEN_1_1 | {1 2 }
	Port: applyIIRFilter : DEN_1_2 | {1 2 }
  - Chain level:
	State 1
		store_ln16 : 1
		i_1 : 1
		icmp_ln16 : 2
		br_ln16 : 3
		i_cast1 : 2
		NUM_1_0_addr : 3
		NUM_1_0_load : 4
		or_ln21 : 2
		zext_ln21 : 2
		tmp : 2
		zext_ln22 : 3
		delay_addr : 4
		or_ln23 : 3
		zext_ln23 : 3
		delay_addr_1 : 4
		delay_load : 5
		NUM_1_1_addr : 3
		NUM_1_1_load : 4
		delay_load_1 : 5
		NUM_1_2_addr : 3
		NUM_1_2_load : 4
		DEN_1_1_addr : 3
		DEN_1_1_load : 4
		DEN_1_2_addr : 3
		DEN_1_2_load : 4
		add_ln16 : 2
		store_ln16 : 3
	State 2
		NUM_1_0_load_1 : 1
		store_ln30 : 1
	State 3
		sext_ln18 : 1
		zext_ln18 : 1
		mul_ln18 : 2
		zext_ln22_1 : 1
		mul_ln22 : 2
	State 4
		y : 1
		zext_ln23_1 : 1
		mul_ln23 : 2
		mul_ln24 : 1
		ret_ln35 : 1
	State 5
		zext_ln21_1 : 1
		mul_ln21 : 2
		zext_ln25 : 1
		mul_ln25 : 2
	State 6
		newFirst : 1
	State 7
		acc : 1
		output : 2
		store_ln16 : 3
	State 8


============================================================
+ Verbose Summary: Datapath Resource usage 
============================================================

* Functional unit list:
|----------|-------------------------|---------|---------|---------|
| Operation|     Functional Unit     |   DSP   |    FF   |   LUT   |
|----------|-------------------------|---------|---------|---------|
|          |        grp_fu_273       |    3    |   165   |    50   |
|          |        grp_fu_289       |    3    |   165   |    50   |
|    mul   |        grp_fu_315       |    3    |   165   |    50   |
|          |        grp_fu_324       |    3    |   165   |    50   |
|          |        grp_fu_340       |    3    |   165   |    50   |
|          |        grp_fu_353       |    3    |   165   |    50   |
|----------|-------------------------|---------|---------|---------|
|          |     add_ln16_fu_247     |    0    |    0    |    13   |
|    add   |     add_ln23_fu_358     |    0    |    0    |    63   |
|          |        acc_fu_371       |    0    |    0    |    63   |
|----------|-------------------------|---------|---------|---------|
|    sub   |     newFirst_fu_362     |    0    |    0    |    63   |
|          |     newFirst4_fu_367    |    0    |    0    |    63   |
|----------|-------------------------|---------|---------|---------|
|   icmp   |     icmp_ln16_fu_198    |    0    |    0    |    9    |
|----------|-------------------------|---------|---------|---------|
|   read   | input_r_read_read_fu_76 |    0    |    0    |    0    |
|----------|-------------------------|---------|---------|---------|
|          |      i_cast1_fu_204     |    0    |    0    |    0    |
|          |     zext_ln21_fu_215    |    0    |    0    |    0    |
|          |     zext_ln22_fu_231    |    0    |    0    |    0    |
|          |     zext_ln23_fu_242    |    0    |    0    |    0    |
|   zext   |     zext_ln18_fu_269    |    0    |    0    |    0    |
|          |    zext_ln22_1_fu_285   |    0    |    0    |    0    |
|          |    zext_ln23_1_fu_311   |    0    |    0    |    0    |
|          |    zext_ln21_1_fu_336   |    0    |    0    |    0    |
|          |     zext_ln25_fu_349    |    0    |    0    |    0    |
|----------|-------------------------|---------|---------|---------|
|    or    |      or_ln21_fu_209     |    0    |    0    |    0    |
|          |      or_ln23_fu_236     |    0    |    0    |    0    |
|----------|-------------------------|---------|---------|---------|
|bitconcatenate|        tmp_fu_223       |    0    |    0    |    0    |
|----------|-------------------------|---------|---------|---------|
|          |     sext_ln18_fu_261    |    0    |    0    |    0    |
|          |    sext_ln18_1_fu_265   |    0    |    0    |    0    |
|          |     sext_ln22_fu_279    |    0    |    0    |    0    |
|          |    sext_ln22_1_fu_282   |    0    |    0    |    0    |
|   sext   |     sext_ln23_fu_305    |    0    |    0    |    0    |
|          |    sext_ln23_1_fu_308   |    0    |    0    |    0    |
|          |     sext_ln24_fu_321    |    0    |    0    |    0    |
|          |     sext_ln21_fu_329    |    0    |    0    |    0    |
|          |    sext_ln21_1_fu_332   |    0    |    0    |    0    |
|          |     sext_ln25_fu_346    |    0    |    0    |    0    |
|----------|-------------------------|---------|---------|---------|
|partselect|         y_fu_295        |    0    |    0    |    0    |
|          |      output_fu_376      |    0    |    0    |    0    |
|----------|-------------------------|---------|---------|---------|
|   Total  |                         |    18   |   990   |   574   |
|----------|-------------------------|---------|---------|---------|

Memories:
+-------+--------+--------+--------+--------+
|       |  BRAM  |   FF   |   LUT  |  URAM  |
+-------+--------+--------+--------+--------+
|DEN_1_1|    0   |   32   |    6   |    -   |
|DEN_1_2|    0   |   30   |    6   |    -   |
|NUM_1_0|    0   |   23   |    4   |    -   |
|NUM_1_1|    0   |    2   |    1   |    -   |
|NUM_1_2|    0   |    2   |    1   |    -   |
| delay |    0   |   64   |   11   |    0   |
+-------+--------+--------+--------+--------+
| Total |    0   |   153  |   29   |    0   |
+-------+--------+--------+--------+--------+

* Register list:
+----------------------+--------+
|                      |   FF   |
+----------------------+--------+
| DEN_1_1_addr_reg_443 |    4   |
| DEN_1_1_load_reg_478 |   32   |
| DEN_1_2_addr_reg_448 |    4   |
| DEN_1_2_load_reg_483 |   30   |
|NUM_1_0_addr_1_reg_453|    4   |
| NUM_1_0_addr_reg_413 |    4   |
| NUM_1_1_addr_reg_433 |    4   |
| NUM_1_1_load_reg_463 |    2   |
| NUM_1_2_addr_reg_438 |    4   |
| NUM_1_2_load_reg_473 |    2   |
| delay_addr_1_reg_428 |    5   |
|  delay_addr_reg_423  |    5   |
| delay_load_1_reg_468 |   32   |
|  delay_load_reg_458  |   32   |
|       i_reg_402      |    4   |
|   icmp_ln16_reg_409  |    1   |
|   mul_ln21_reg_560   |   63   |
|   mul_ln22_reg_514   |   63   |
|   mul_ln23_reg_545   |   63   |
|   mul_ln24_reg_550   |   63   |
|   mul_ln25_reg_565   |   63   |
|   newFirst_reg_570   |   63   |
|    output_reg_575    |   32   |
|        reg_181       |   23   |
|   sext_ln18_reg_488  |   63   |
|   sext_ln21_reg_535  |   63   |
|   sext_ln22_reg_498  |   63   |
|   sext_ln23_reg_519  |   63   |
|   sext_ln24_reg_530  |   63   |
|       x_reg_394      |   32   |
|       y_reg_509      |   32   |
|   zext_ln18_reg_493  |   63   |
|  zext_ln21_1_reg_540 |   63   |
|   zext_ln21_reg_418  |   64   |
|  zext_ln22_1_reg_504 |   63   |
|  zext_ln23_1_reg_525 |   63   |
|   zext_ln25_reg_555  |   63   |
+----------------------+--------+
|         Total        |  1360  |
+----------------------+--------+

* Multiplexer (MUX) list: 
|-------------------|------|------|------|--------||---------||---------|
|        Comp       |  Pin | Size |  BW  | S x BW ||  Delay  ||   LUT   |
|-------------------|------|------|------|--------||---------||---------|
|  grp_access_fu_89 |  p0  |   4  |   4  |   16   ||    17   |
| grp_access_fu_109 |  p0  |   2  |   5  |   10   ||    9    |
| grp_access_fu_109 |  p2  |   2  |   0  |    0   ||    9    |
| grp_access_fu_126 |  p0  |   2  |   4  |    8   ||    9    |
| grp_access_fu_140 |  p0  |   2  |   4  |    8   ||    9    |
| grp_access_fu_153 |  p0  |   2  |   4  |    8   ||    9    |
| grp_access_fu_166 |  p0  |   2  |   4  |    8   ||    9    |
|     grp_fu_273    |  p0  |   2  |  31  |   62   ||    9    |
|     grp_fu_273    |  p1  |   2  |  32  |   64   ||    9    |
|     grp_fu_289    |  p0  |   2  |  31  |   62   ||    9    |
|     grp_fu_289    |  p1  |   2  |  32  |   64   ||    9    |
|     grp_fu_315    |  p0  |   2  |  31  |   62   ||    9    |
|     grp_fu_315    |  p1  |   2  |  32  |   64   ||    9    |
|     grp_fu_324    |  p0  |   2  |  32  |   64   ||    9    |
|     grp_fu_340    |  p0  |   2  |  32  |   64   ||    9    |
|     grp_fu_340    |  p1  |   2  |  31  |   62   ||    9    |
|     grp_fu_353    |  p0  |   2  |  31  |   62   ||    9    |
|-------------------|------|------|------|--------||---------||---------|
|       Total       |      |      |      |   688  || 27.4349 ||   161   |
|-------------------|------|------|------|--------||---------||---------|



* Summary:
+-----------+--------+--------+--------+--------+--------+--------+
|           |  BRAM  |   DSP  |  Delay |   FF   |   LUT  |  URAM  |
+-----------+--------+--------+--------+--------+--------+--------+
|  Function |    -   |   18   |    -   |   990  |   574  |    -   |
|   Memory  |    0   |    -   |    -   |   153  |   29   |    0   |
|Multiplexer|    -   |    -   |   27   |    -   |   161  |    -   |
|  Register |    -   |    -   |    -   |  1360  |    -   |    -   |
+-----------+--------+--------+--------+--------+--------+--------+
|   Total   |    0   |   18   |   27   |  2503  |   764  |    0   |
+-----------+--------+--------+--------+--------+--------+--------+
