INFO-FLOW: Workspace /home/caccolillo/Downloads/TUTORIAL_FSK/FSK_MODEM/HLS/FILTER_ENVELOPE_DETECTOR/filter_envelope_detector/solution1 opened at Sun Jun 29 20:35:03 BST 2025
Execute     ap_set_clock -name default -period 10 -default=false 
INFO: [SYN 201-201] Setting up clock 'default' with a period of 10ns.
Execute     set_part xc7a100t-csg324-1 
Execute       create_platform xc7a100t-csg324-1 -board  
DBG:HLSDevice: Trying to load device library: /home/caccolillo/Xilinx_2022_2/Vitis_HLS/2022.2/lib/lnx64.o/libxv_hlsvwrap.so
DBG:HLSDevice: first parts/arch.xml in RDI_DATADIR: /home/caccolillo/Xilinx_2022_2/Vivado/2022.2/data/parts/arch.xml
DBG:HLSDevice: init success
INFO: [HLS 200-1611] Setting target device to 'xc7a100t-csg324-1'
Command       create_platform done; 1.35 sec.
Execute       source /home/caccolillo/Xilinx_2022_2/Vitis_HLS/2022.2/common/technology/xilinx/common/xilinx.gen 
Execute         source /home/caccolillo/Xilinx_2022_2/Vitis_HLS/2022.2/common/technology/xilinx/interface/plb46.gen 
Execute         source /home/caccolillo/Xilinx_2022_2/Vitis_HLS/2022.2/common/technology/xilinx/interface/axi4.gen 
Execute         source /home/caccolillo/Xilinx_2022_2/Vitis_HLS/2022.2/common/technology/xilinx/interface/nativeAXI4.gen 
Execute           source /home/caccolillo/Xilinx_2022_2/Vitis_HLS/2022.2/common/technology/xilinx/interface/saxilite.gen 
Execute         source /home/caccolillo/Xilinx_2022_2/Vitis_HLS/2022.2/common/technology/xilinx/scripts/xilinxcoregen.gen 
Execute         source /home/caccolillo/Xilinx_2022_2/Vitis_HLS/2022.2/common/technology/xilinx/interface/XilEDKCoreGen.gen 
Execute         source /home/caccolillo/Xilinx_2022_2/Vitis_HLS/2022.2/common/technology/xilinx/ip/dds_compiler.gen 
Execute         source /home/caccolillo/Xilinx_2022_2/Vitis_HLS/2022.2/common/technology/xilinx/ip/xfft.gen 
Execute         source /home/caccolillo/Xilinx_2022_2/Vitis_HLS/2022.2/common/technology/xilinx/ip/xfir.gen 
Execute         source /home/caccolillo/Xilinx_2022_2/Vitis_HLS/2022.2/common/technology/xilinx/ip/util.gen 
Execute         source /home/caccolillo/Xilinx_2022_2/Vitis_HLS/2022.2/common/technology/xilinx/DSP48/dsp48.gen 
Execute       ap_part_info -name xc7a100t-csg324-1 -data info 
Execute       config_compile -quiet -complex-mul-dsp=0 
Command     set_part done; 1.43 sec.
Execute     send_msg_by_id INFO @200-1505@%s%s  vivado 
INFO: [HLS 200-1505] Using flow_target 'vivado'
Command   open_solution done; 1.48 sec.
Execute   set_part xc7a100tcsg324-1 
INFO: [HLS 200-1510] Running: set_part xc7a100tcsg324-1 
Execute     create_platform xc7a100tcsg324-1 -board  
Execute     source /home/caccolillo/Xilinx_2022_2/Vitis_HLS/2022.2/common/technology/xilinx/common/xilinx.gen 
Execute       source /home/caccolillo/Xilinx_2022_2/Vitis_HLS/2022.2/common/technology/xilinx/interface/plb46.gen 
Execute       source /home/caccolillo/Xilinx_2022_2/Vitis_HLS/2022.2/common/technology/xilinx/interface/axi4.gen 
Execute       source /home/caccolillo/Xilinx_2022_2/Vitis_HLS/2022.2/common/technology/xilinx/interface/nativeAXI4.gen 
Execute         source /home/caccolillo/Xilinx_2022_2/Vitis_HLS/2022.2/common/technology/xilinx/interface/saxilite.gen 
Execute       source /home/caccolillo/Xilinx_2022_2/Vitis_HLS/2022.2/common/technology/xilinx/scripts/xilinxcoregen.gen 
Execute       source /home/caccolillo/Xilinx_2022_2/Vitis_HLS/2022.2/common/technology/xilinx/interface/XilEDKCoreGen.gen 
Execute       source /home/caccolillo/Xilinx_2022_2/Vitis_HLS/2022.2/common/technology/xilinx/ip/dds_compiler.gen 
Execute       source /home/caccolillo/Xilinx_2022_2/Vitis_HLS/2022.2/common/technology/xilinx/ip/xfft.gen 
Execute       source /home/caccolillo/Xilinx_2022_2/Vitis_HLS/2022.2/common/technology/xilinx/ip/xfir.gen 
Execute       source /home/caccolillo/Xilinx_2022_2/Vitis_HLS/2022.2/common/technology/xilinx/ip/util.gen 
Execute       source /home/caccolillo/Xilinx_2022_2/Vitis_HLS/2022.2/common/technology/xilinx/DSP48/dsp48.gen 
Execute     ap_part_info -name xc7a100t-csg324-1 -data info 
Execute     config_compile -quiet -complex-mul-dsp=0 
Execute   create_clock -period 10 -name default 
INFO: [HLS 200-1510] Running: create_clock -period 10 -name default 
Execute   csynth_design 
INFO: [HLS 200-1510] Running: csynth_design 
Execute     elaborate -effort=medium -skip_syncheck=0 -keep_printf=0 -skip_cdt=0 -skip_transform=0 -ng=0 -g=0 -opt_fp=0 -from_csynth_design=1 
INFO: [HLS 200-111] Finished File checks and directory preparation: CPU user time: 0.01 seconds. CPU system time: 0.01 seconds. Elapsed time: 10.05 seconds; current allocated memory: 757.055 MB.
INFO: [HLS 200-10] Analyzing design file 'filter_envelope_detector.c' ... 
INFO-FLOW: Compiling one TU...
INFO-FLOW: Handling filter_envelope_detector.c as C
Execute       ap_part_info -name xc7a100t-csg324-1 -data info 
INFO-FLOW: Running: GCC PP 39
INFO-FLOW: Source preprocessing
Execute       ap_eval exec -ignorestderr /home/caccolillo/Xilinx_2022_2/Vitis_HLS/2022.2/lnx64/tools/clang-3.9-csynth/bin/clang filter_envelope_detector.c -foptimization-record-file=/home/caccolillo/Downloads/TUTORIAL_FSK/FSK_MODEM/HLS/FILTER_ENVELOPE_DETECTOR/filter_envelope_detector/solution1/.autopilot/db/filter_envelope_detector.c.clang.diag.yml -mllvm -pass-remarks-missed=reflow|pasta|unroll -mllvm -pass-remarks=reflow|pasta|unroll|inline -fno-limit-debug-info -gcc-toolchain /home/caccolillo/Xilinx_2022_2/Vitis_HLS/2022.2/tps/lnx64/gcc-8.3.0 -fhls -fno-exceptions -E -fno-math-errno -c -emit-llvm -mllvm -disable-llvm-optzns -Werror=implicit-function-declaration -Werror=implicit-hls-streams -Werror=return-type -Wpragmas -Wunused-parameter -Wdump-hls-pragmas -Wno-error=dump-hls-pragmas -std=gnu99 -fgnu89-inline -target fpga64-xilinx-linux-gnu -D__VITIS_HLS__ -DAESL_SYN -D__SYNTHESIS__ -D__HLS_SYN__ -I /home/caccolillo/Xilinx_2022_2/Vitis_HLS/2022.2/common/technology/autopilot -I /home/caccolillo/Xilinx_2022_2/Vitis_HLS/2022.2/common/technology/autopilot/ap_sysc -include etc/autopilot_ssdm_op.h -D__DSP48E1__ -I /usr/include/x86_64-linux-gnu -o /home/caccolillo/Downloads/TUTORIAL_FSK/FSK_MODEM/HLS/FILTER_ENVELOPE_DETECTOR/filter_envelope_detector/solution1/.autopilot/db/filter_envelope_detector.pp.0.c -hls-platform-db-name=/home/caccolillo/Xilinx_2022_2/Vitis_HLS/2022.2/common/technology/xilinx/common/platform.db -hls-platform-name=artix7_slow -device-resource-info=BRAM_270.000000_DSP_240.000000_FF_126800.000000_LUT_63400.000000_SLICE_15850.000000_URAM_0.000000 -device-name-info=xc7a100tcsg324-1 > /home/caccolillo/Downloads/TUTORIAL_FSK/FSK_MODEM/HLS/FILTER_ENVELOPE_DETECTOR/filter_envelope_detector/solution1/.autopilot/db/filter_envelope_detector.c.clang.out.log 2> /home/caccolillo/Downloads/TUTORIAL_FSK/FSK_MODEM/HLS/FILTER_ENVELOPE_DETECTOR/filter_envelope_detector/solution1/.autopilot/db/filter_envelope_detector.c.clang.err.log 
Command       ap_eval done; 0.12 sec.
INFO-FLOW: Done: GCC PP 39 time: 0.1 seconds per iteration
Execute       set_directive_top applyIIRFilter -name=applyIIRFilter 
Execute       source /home/caccolillo/Xilinx_2022_2/Vitis_HLS/2022.2/tps/tcl/tcllib1.11.1/yaml/huddle.tcl 
Execute       source /home/caccolillo/Xilinx_2022_2/Vitis_HLS/2022.2/tps/tcl/tcllib1.11.1/yaml/json2huddle.tcl 
INFO-FLOW: Source syntax check for synthesis
Execute       ap_eval exec -ignorestderr /home/caccolillo/Xilinx_2022_2/Vitis_HLS/2022.2/lnx64/tools/clang-3.9-csynth/bin/clang -foptimization-record-file=/home/caccolillo/Downloads/TUTORIAL_FSK/FSK_MODEM/HLS/FILTER_ENVELOPE_DETECTOR/filter_envelope_detector/solution1/.autopilot/db/clang.diag.yml -mllvm -pass-remarks-missed=reflow|pasta|unroll -mllvm -pass-remarks=reflow|pasta|unroll|inline -fsyntax-only -fhls -target fpga64-xilinx-linux-gnu /home/caccolillo/Downloads/TUTORIAL_FSK/FSK_MODEM/HLS/FILTER_ENVELOPE_DETECTOR/filter_envelope_detector/solution1/.autopilot/db/filter_envelope_detector.pp.0.c -hls-platform-db-name=/home/caccolillo/Xilinx_2022_2/Vitis_HLS/2022.2/common/technology/xilinx/common/platform.db -hls-platform-name=artix7_slow -device-resource-info=BRAM_270.000000_DSP_240.000000_FF_126800.000000_LUT_63400.000000_SLICE_15850.000000_URAM_0.000000 -device-name-info=xc7a100tcsg324-1 > /home/caccolillo/Downloads/TUTORIAL_FSK/FSK_MODEM/HLS/FILTER_ENVELOPE_DETECTOR/filter_envelope_detector/solution1/.autopilot/db/clang.out.log 2> /home/caccolillo/Downloads/TUTORIAL_FSK/FSK_MODEM/HLS/FILTER_ENVELOPE_DETECTOR/filter_envelope_detector/solution1/.autopilot/db/clang.err.log 
Command       ap_eval done; 0.12 sec.
Execute       clang_tidy xilinx-systemc-detector -desc systemc-detector /home/caccolillo/Downloads/TUTORIAL_FSK/FSK_MODEM/HLS/FILTER_ENVELOPE_DETECTOR/filter_envelope_detector/solution1/.autopilot/db/filter_envelope_detector.pp.0.c std=gnu99 -target fpga  -directive=/home/caccolillo/Downloads/TUTORIAL_FSK/FSK_MODEM/HLS/FILTER_ENVELOPE_DETECTOR/filter_envelope_detector/solution1/.autopilot/db/.systemc_flag 
INFO-FLOW: exec /home/caccolillo/Xilinx_2022_2/Vitis_HLS/2022.2/lnx64/tools/clang-3.9-csynth/bin/clang-tidy -header-filter=.* --checks=-*,xilinx-systemc-detector -import-directive=/home/caccolillo/Downloads/TUTORIAL_FSK/FSK_MODEM/HLS/FILTER_ENVELOPE_DETECTOR/filter_envelope_detector/solution1/.autopilot/db/.systemc_flag -fix-errors /home/caccolillo/Downloads/TUTORIAL_FSK/FSK_MODEM/HLS/FILTER_ENVELOPE_DETECTOR/filter_envelope_detector/solution1/.autopilot/db/filter_envelope_detector.pp.0.c -- -std=gnu99 -target fpga -fhls -ferror-limit=0
INFO-FLOW: Running: clang-tidy CDT preprocess 39
Execute       clang_tidy xilinx-directive2pragma -desc directive2pragma /home/caccolillo/Downloads/TUTORIAL_FSK/FSK_MODEM/HLS/FILTER_ENVELOPE_DETECTOR/filter_envelope_detector/solution1/.autopilot/db/filter_envelope_detector.pp.0.c std=gnu99 -target fpga  -directive=/home/caccolillo/Downloads/TUTORIAL_FSK/FSK_MODEM/HLS/FILTER_ENVELOPE_DETECTOR/filter_envelope_detector/solution1/.autopilot/db/all.directive.json 
INFO-FLOW: exec /home/caccolillo/Xilinx_2022_2/Vitis_HLS/2022.2/lnx64/tools/clang-3.9-csynth/bin/clang-tidy -header-filter=.* --checks=-*,xilinx-directive2pragma -import-directive=/home/caccolillo/Downloads/TUTORIAL_FSK/FSK_MODEM/HLS/FILTER_ENVELOPE_DETECTOR/filter_envelope_detector/solution1/.autopilot/db/all.directive.json -fix-errors /home/caccolillo/Downloads/TUTORIAL_FSK/FSK_MODEM/HLS/FILTER_ENVELOPE_DETECTOR/filter_envelope_detector/solution1/.autopilot/db/filter_envelope_detector.pp.0.c -- -std=gnu99 -target fpga -fhls -ferror-limit=0
Execute       clang_tidy xilinx-remove-assert -desc remove-assert /home/caccolillo/Downloads/TUTORIAL_FSK/FSK_MODEM/HLS/FILTER_ENVELOPE_DETECTOR/filter_envelope_detector/solution1/.autopilot/db/filter_envelope_detector.pp.0.c std=gnu99 -target fpga  
INFO-FLOW: exec /home/caccolillo/Xilinx_2022_2/Vitis_HLS/2022.2/lnx64/tools/clang-3.9-csynth/bin/clang-tidy -header-filter=.* --checks=-*,xilinx-remove-assert -fix-errors /home/caccolillo/Downloads/TUTORIAL_FSK/FSK_MODEM/HLS/FILTER_ENVELOPE_DETECTOR/filter_envelope_detector/solution1/.autopilot/db/filter_envelope_detector.pp.0.c -- -std=gnu99 -target fpga -fhls -ferror-limit=0
INFO-FLOW: Done: clang-tidy CDT preprocess 39 time: 0.1 seconds per iteration
INFO-FLOW: Calling xilinx-label-all-loops ... 
INFO-FLOW: Calling xilinx-aggregate-on-hls-vector ... 
Execute       clang_tidy -errorcheck -desc loop-label xilinx-label-all-loops,xilinx-aggregate-on-hls-vector,,xilinx-warn-mayneed-no-ctor-attribute /home/caccolillo/Downloads/TUTORIAL_FSK/FSK_MODEM/HLS/FILTER_ENVELOPE_DETECTOR/filter_envelope_detector/solution1/.autopilot/db/filter_envelope_detector.pp.0.c std=gnu99 -target fpga  
Execute         ap_eval exec -ignorestderr /home/caccolillo/Xilinx_2022_2/Vitis_HLS/2022.2/lnx64/tools/clang-3.9-csynth/bin/clang-tidy -export-fixes=/home/caccolillo/Downloads/TUTORIAL_FSK/FSK_MODEM/HLS/FILTER_ENVELOPE_DETECTOR/filter_envelope_detector/solution1/.autopilot/db/filter_envelope_detector.pp.0.c.clang-tidy.loop-label.diag.yml -header-filter=.* --checks=-*,xilinx-label-all-loops,xilinx-aggregate-on-hls-vector,,xilinx-warn-mayneed-no-ctor-attribute -fix-errors /home/caccolillo/Downloads/TUTORIAL_FSK/FSK_MODEM/HLS/FILTER_ENVELOPE_DETECTOR/filter_envelope_detector/solution1/.autopilot/db/filter_envelope_detector.pp.0.c -- -std=gnu99 -target fpga -fhls -ferror-limit=0 > /home/caccolillo/Downloads/TUTORIAL_FSK/FSK_MODEM/HLS/FILTER_ENVELOPE_DETECTOR/filter_envelope_detector/solution1/.autopilot/db/filter_envelope_detector.pp.0.c.clang-tidy.loop-label.out.log 2> /home/caccolillo/Downloads/TUTORIAL_FSK/FSK_MODEM/HLS/FILTER_ENVELOPE_DETECTOR/filter_envelope_detector/solution1/.autopilot/db/filter_envelope_detector.pp.0.c.clang-tidy.loop-label.err.log 
Execute         source /home/caccolillo/Xilinx_2022_2/Vitis_HLS/2022.2/tps/tcl/tcllib1.11.1/yaml/yaml.tcl 
Execute       ap_eval exec -ignorestderr /home/caccolillo/Xilinx_2022_2/Vitis_HLS/2022.2/lnx64/tools/clang-3.9-csynth/bin/xilinx-dataflow-lawyer -export-fixes=/home/caccolillo/Downloads/TUTORIAL_FSK/FSK_MODEM/HLS/FILTER_ENVELOPE_DETECTOR/filter_envelope_detector/solution1/.autopilot/db/filter_envelope_detector.pp.0.c.xilinx-dataflow-lawyer.diag.yml /home/caccolillo/Downloads/TUTORIAL_FSK/FSK_MODEM/HLS/FILTER_ENVELOPE_DETECTOR/filter_envelope_detector/solution1/.autopilot/db/filter_envelope_detector.pp.0.c -- -std=gnu99 -target fpga -fhls -ferror-limit=0 -fstrict-dataflow > /home/caccolillo/Downloads/TUTORIAL_FSK/FSK_MODEM/HLS/FILTER_ENVELOPE_DETECTOR/filter_envelope_detector/solution1/.autopilot/db/filter_envelope_detector.pp.0.c.xilinx-dataflow-lawyer.out.log 2> /home/caccolillo/Downloads/TUTORIAL_FSK/FSK_MODEM/HLS/FILTER_ENVELOPE_DETECTOR/filter_envelope_detector/solution1/.autopilot/db/filter_envelope_detector.pp.0.c.xilinx-dataflow-lawyer.err.log 
Execute       ap_part_info -name xc7a100t-csg324-1 -data info 
INFO-FLOW: compiling source code to llvm bc
Execute       ap_eval exec -ignorestderr /home/caccolillo/Xilinx_2022_2/Vitis_HLS/2022.2/lnx64/tools/clang-3.9-csynth/bin/clang -foptimization-record-file=/home/caccolillo/Downloads/TUTORIAL_FSK/FSK_MODEM/HLS/FILTER_ENVELOPE_DETECTOR/filter_envelope_detector/solution1/.autopilot/db/filter_envelope_detector.pp.0.c.clang.diag.yml -mllvm -pass-remarks-missed=reflow|pasta|unroll -mllvm -pass-remarks=reflow|pasta|unroll|inline -fno-limit-debug-info -fhls -flto -fno-exceptions -Wno-error=c++11-narrowing /home/caccolillo/Downloads/TUTORIAL_FSK/FSK_MODEM/HLS/FILTER_ENVELOPE_DETECTOR/filter_envelope_detector/solution1/.autopilot/db/filter_envelope_detector.pp.0.c -fno-math-errno -c -emit-llvm -mllvm -disable-llvm-optzns -Werror=implicit-function-declaration -Werror=implicit-hls-streams -Werror=return-type -Wpragmas -Wunused-parameter -Wdump-hls-pragmas -Wno-error=dump-hls-pragmas -std=gnu99 -fgnu89-inline -target fpga64-xilinx-linux-gnu -D__VITIS_HLS__ -DAESL_SYN -D__SYNTHESIS__ -D__HLS_SYN__ -I /home/caccolillo/Xilinx_2022_2/Vitis_HLS/2022.2/common/technology/autopilot -I /home/caccolillo/Xilinx_2022_2/Vitis_HLS/2022.2/common/technology/autopilot/ap_sysc -include etc/autopilot_ssdm_op.h -D__DSP48E1__ -g -o /home/caccolillo/Downloads/TUTORIAL_FSK/FSK_MODEM/HLS/FILTER_ENVELOPE_DETECTOR/filter_envelope_detector/solution1/.autopilot/db/filter_envelope_detector.bc -hls-platform-db-name=/home/caccolillo/Xilinx_2022_2/Vitis_HLS/2022.2/common/technology/xilinx/common/platform.db -hls-platform-name=artix7_slow -device-resource-info=BRAM_270.000000_DSP_240.000000_FF_126800.000000_LUT_63400.000000_SLICE_15850.000000_URAM_0.000000 -device-name-info=xc7a100tcsg324-1 > /home/caccolillo/Downloads/TUTORIAL_FSK/FSK_MODEM/HLS/FILTER_ENVELOPE_DETECTOR/filter_envelope_detector/solution1/.autopilot/db/filter_envelope_detector.pp.0.c.clang.out.log 2> /home/caccolillo/Downloads/TUTORIAL_FSK/FSK_MODEM/HLS/FILTER_ENVELOPE_DETECTOR/filter_envelope_detector/solution1/.autopilot/db/filter_envelope_detector.pp.0.c.clang.err.log 
Command       ap_eval done; 0.14 sec.
INFO: [HLS 200-111] Finished Source Code Analysis and Preprocessing: CPU user time: 0.18 seconds. CPU system time: 0.49 seconds. Elapsed time: 0.69 seconds; current allocated memory: 757.055 MB.
INFO-FLOW: Linking Debug ...
INFO-FLOW: Linking dut bc code.
Execute       run_link_or_opt -out /home/caccolillo/Downloads/TUTORIAL_FSK/FSK_MODEM/HLS/FILTER_ENVELOPE_DETECTOR/filter_envelope_detector/solution1/.autopilot/db/a.g.ld.0.bc -args  "/home/caccolillo/Downloads/TUTORIAL_FSK/FSK_MODEM/HLS/FILTER_ENVELOPE_DETECTOR/filter_envelope_detector/solution1/.autopilot/db/filter_envelope_detector.g.bc"  
Execute         ap_eval exec -ignorestderr /home/caccolillo/Xilinx_2022_2/Vitis_HLS/2022.2/lnx64/tools/clang-3.9-csynth/bin/llvm-link /home/caccolillo/Downloads/TUTORIAL_FSK/FSK_MODEM/HLS/FILTER_ENVELOPE_DETECTOR/filter_envelope_detector/solution1/.autopilot/db/filter_envelope_detector.g.bc -o /home/caccolillo/Downloads/TUTORIAL_FSK/FSK_MODEM/HLS/FILTER_ENVELOPE_DETECTOR/filter_envelope_detector/solution1/.autopilot/db/a.g.ld.0.bc > /home/caccolillo/Downloads/TUTORIAL_FSK/FSK_MODEM/HLS/FILTER_ENVELOPE_DETECTOR/filter_envelope_detector/solution1/.autopilot/db/a.g.ld.0.bc.llvm-link.out.log 2> /home/caccolillo/Downloads/TUTORIAL_FSK/FSK_MODEM/HLS/FILTER_ENVELOPE_DETECTOR/filter_envelope_detector/solution1/.autopilot/db/a.g.ld.0.bc.llvm-link.err.log 
INFO-FLOW: 
Execute       run_link_or_opt -opt -out /home/caccolillo/Downloads/TUTORIAL_FSK/FSK_MODEM/HLS/FILTER_ENVELOPE_DETECTOR/filter_envelope_detector/solution1/.autopilot/db/a.g.ld.1.lower.bc -args /home/caccolillo/Downloads/TUTORIAL_FSK/FSK_MODEM/HLS/FILTER_ENVELOPE_DETECTOR/filter_envelope_detector/solution1/.autopilot/db/a.g.ld.0.bc -reflow-lower-math-intrinsics 
Execute         ap_eval exec -ignorestderr /home/caccolillo/Xilinx_2022_2/Vitis_HLS/2022.2/lnx64/tools/clang-3.9-csynth/bin/opt -pass-remarks-missed=reflow|pasta|unroll -pass-remarks=reflow|pasta|unroll|inline -pass-remarks-output=/home/caccolillo/Downloads/TUTORIAL_FSK/FSK_MODEM/HLS/FILTER_ENVELOPE_DETECTOR/filter_envelope_detector/solution1/.autopilot/db/a.g.ld.1.lower.bc.opt.diag.yml /home/caccolillo/Downloads/TUTORIAL_FSK/FSK_MODEM/HLS/FILTER_ENVELOPE_DETECTOR/filter_envelope_detector/solution1/.autopilot/db/a.g.ld.0.bc -reflow-lower-math-intrinsics -o /home/caccolillo/Downloads/TUTORIAL_FSK/FSK_MODEM/HLS/FILTER_ENVELOPE_DETECTOR/filter_envelope_detector/solution1/.autopilot/db/a.g.ld.1.lower.bc > /home/caccolillo/Downloads/TUTORIAL_FSK/FSK_MODEM/HLS/FILTER_ENVELOPE_DETECTOR/filter_envelope_detector/solution1/.autopilot/db/a.g.ld.1.lower.bc.opt.out.log 2> /home/caccolillo/Downloads/TUTORIAL_FSK/FSK_MODEM/HLS/FILTER_ENVELOPE_DETECTOR/filter_envelope_detector/solution1/.autopilot/db/a.g.ld.1.lower.bc.opt.err.log 
INFO-FLOW: 
INFO-FLOW: Linking math bc lib
Execute       run_link_or_opt -out /home/caccolillo/Downloads/TUTORIAL_FSK/FSK_MODEM/HLS/FILTER_ENVELOPE_DETECTOR/filter_envelope_detector/solution1/.autopilot/db/a.g.ld.2.m1.bc -args /home/caccolillo/Downloads/TUTORIAL_FSK/FSK_MODEM/HLS/FILTER_ENVELOPE_DETECTOR/filter_envelope_detector/solution1/.autopilot/db/a.g.ld.1.lower.bc -only-needed /home/caccolillo/Xilinx_2022_2/Vitis_HLS/2022.2/lnx64/lib/libhlsm_39.bc /home/caccolillo/Xilinx_2022_2/Vitis_HLS/2022.2/lnx64/lib/libhlsmc++_39.bc 
Execute         ap_eval exec -ignorestderr /home/caccolillo/Xilinx_2022_2/Vitis_HLS/2022.2/lnx64/tools/clang-3.9-csynth/bin/llvm-link /home/caccolillo/Downloads/TUTORIAL_FSK/FSK_MODEM/HLS/FILTER_ENVELOPE_DETECTOR/filter_envelope_detector/solution1/.autopilot/db/a.g.ld.1.lower.bc -only-needed /home/caccolillo/Xilinx_2022_2/Vitis_HLS/2022.2/lnx64/lib/libhlsm_39.bc /home/caccolillo/Xilinx_2022_2/Vitis_HLS/2022.2/lnx64/lib/libhlsmc++_39.bc -o /home/caccolillo/Downloads/TUTORIAL_FSK/FSK_MODEM/HLS/FILTER_ENVELOPE_DETECTOR/filter_envelope_detector/solution1/.autopilot/db/a.g.ld.2.m1.bc > /home/caccolillo/Downloads/TUTORIAL_FSK/FSK_MODEM/HLS/FILTER_ENVELOPE_DETECTOR/filter_envelope_detector/solution1/.autopilot/db/a.g.ld.2.m1.bc.llvm-link.out.log 2> /home/caccolillo/Downloads/TUTORIAL_FSK/FSK_MODEM/HLS/FILTER_ENVELOPE_DETECTOR/filter_envelope_detector/solution1/.autopilot/db/a.g.ld.2.m1.bc.llvm-link.err.log 
Command         ap_eval done; 1.85 sec.
INFO-FLOW: 
Command       run_link_or_opt done; 1.86 sec.
Execute       run_link_or_opt -opt -out /home/caccolillo/Downloads/TUTORIAL_FSK/FSK_MODEM/HLS/FILTER_ENVELOPE_DETECTOR/filter_envelope_detector/solution1/.autopilot/db/a.g.ld.3.fpc.bc -args /home/caccolillo/Downloads/TUTORIAL_FSK/FSK_MODEM/HLS/FILTER_ENVELOPE_DETECTOR/filter_envelope_detector/solution1/.autopilot/db/a.g.ld.2.m1.bc -reflow-globaldce -hls-top-function-name=applyIIRFilter -reflow-float-conversion 
Execute         ap_eval exec -ignorestderr /home/caccolillo/Xilinx_2022_2/Vitis_HLS/2022.2/lnx64/tools/clang-3.9-csynth/bin/opt -pass-remarks-missed=reflow|pasta|unroll -pass-remarks=reflow|pasta|unroll|inline -pass-remarks-output=/home/caccolillo/Downloads/TUTORIAL_FSK/FSK_MODEM/HLS/FILTER_ENVELOPE_DETECTOR/filter_envelope_detector/solution1/.autopilot/db/a.g.ld.3.fpc.bc.opt.diag.yml /home/caccolillo/Downloads/TUTORIAL_FSK/FSK_MODEM/HLS/FILTER_ENVELOPE_DETECTOR/filter_envelope_detector/solution1/.autopilot/db/a.g.ld.2.m1.bc -reflow-globaldce -hls-top-function-name=applyIIRFilter -reflow-float-conversion -o /home/caccolillo/Downloads/TUTORIAL_FSK/FSK_MODEM/HLS/FILTER_ENVELOPE_DETECTOR/filter_envelope_detector/solution1/.autopilot/db/a.g.ld.3.fpc.bc > /home/caccolillo/Downloads/TUTORIAL_FSK/FSK_MODEM/HLS/FILTER_ENVELOPE_DETECTOR/filter_envelope_detector/solution1/.autopilot/db/a.g.ld.3.fpc.bc.opt.out.log 2> /home/caccolillo/Downloads/TUTORIAL_FSK/FSK_MODEM/HLS/FILTER_ENVELOPE_DETECTOR/filter_envelope_detector/solution1/.autopilot/db/a.g.ld.3.fpc.bc.opt.err.log 
Command         ap_eval done; 0.67 sec.
INFO-FLOW: 
Command       run_link_or_opt done; 0.67 sec.
Execute       run_link_or_opt -out /home/caccolillo/Downloads/TUTORIAL_FSK/FSK_MODEM/HLS/FILTER_ENVELOPE_DETECTOR/filter_envelope_detector/solution1/.autopilot/db/a.g.ld.4.m2.bc -args /home/caccolillo/Downloads/TUTORIAL_FSK/FSK_MODEM/HLS/FILTER_ENVELOPE_DETECTOR/filter_envelope_detector/solution1/.autopilot/db/a.g.ld.3.fpc.bc -only-needed /home/caccolillo/Xilinx_2022_2/Vitis_HLS/2022.2/lnx64/lib/libfloatconversion_39.bc 
Execute         ap_eval exec -ignorestderr /home/caccolillo/Xilinx_2022_2/Vitis_HLS/2022.2/lnx64/tools/clang-3.9-csynth/bin/llvm-link /home/caccolillo/Downloads/TUTORIAL_FSK/FSK_MODEM/HLS/FILTER_ENVELOPE_DETECTOR/filter_envelope_detector/solution1/.autopilot/db/a.g.ld.3.fpc.bc -only-needed /home/caccolillo/Xilinx_2022_2/Vitis_HLS/2022.2/lnx64/lib/libfloatconversion_39.bc -o /home/caccolillo/Downloads/TUTORIAL_FSK/FSK_MODEM/HLS/FILTER_ENVELOPE_DETECTOR/filter_envelope_detector/solution1/.autopilot/db/a.g.ld.4.m2.bc > /home/caccolillo/Downloads/TUTORIAL_FSK/FSK_MODEM/HLS/FILTER_ENVELOPE_DETECTOR/filter_envelope_detector/solution1/.autopilot/db/a.g.ld.4.m2.bc.llvm-link.out.log 2> /home/caccolillo/Downloads/TUTORIAL_FSK/FSK_MODEM/HLS/FILTER_ENVELOPE_DETECTOR/filter_envelope_detector/solution1/.autopilot/db/a.g.ld.4.m2.bc.llvm-link.err.log 
INFO-FLOW: 
Execute       run_link_or_opt -opt -out /home/caccolillo/Downloads/TUTORIAL_FSK/FSK_MODEM/HLS/FILTER_ENVELOPE_DETECTOR/filter_envelope_detector/solution1/.autopilot/db/a.g.ld.5.gdce.bc -args /home/caccolillo/Downloads/TUTORIAL_FSK/FSK_MODEM/HLS/FILTER_ENVELOPE_DETECTOR/filter_envelope_detector/solution1/.autopilot/db/a.g.ld.4.m2.bc -reflow-globaldce -hls-top-function-name=applyIIRFilter 
Execute         ap_eval exec -ignorestderr /home/caccolillo/Xilinx_2022_2/Vitis_HLS/2022.2/lnx64/tools/clang-3.9-csynth/bin/opt -pass-remarks-missed=reflow|pasta|unroll -pass-remarks=reflow|pasta|unroll|inline -pass-remarks-output=/home/caccolillo/Downloads/TUTORIAL_FSK/FSK_MODEM/HLS/FILTER_ENVELOPE_DETECTOR/filter_envelope_detector/solution1/.autopilot/db/a.g.ld.5.gdce.bc.opt.diag.yml /home/caccolillo/Downloads/TUTORIAL_FSK/FSK_MODEM/HLS/FILTER_ENVELOPE_DETECTOR/filter_envelope_detector/solution1/.autopilot/db/a.g.ld.4.m2.bc -reflow-globaldce -hls-top-function-name=applyIIRFilter -o /home/caccolillo/Downloads/TUTORIAL_FSK/FSK_MODEM/HLS/FILTER_ENVELOPE_DETECTOR/filter_envelope_detector/solution1/.autopilot/db/a.g.ld.5.gdce.bc > /home/caccolillo/Downloads/TUTORIAL_FSK/FSK_MODEM/HLS/FILTER_ENVELOPE_DETECTOR/filter_envelope_detector/solution1/.autopilot/db/a.g.ld.5.gdce.bc.opt.out.log 2> /home/caccolillo/Downloads/TUTORIAL_FSK/FSK_MODEM/HLS/FILTER_ENVELOPE_DETECTOR/filter_envelope_detector/solution1/.autopilot/db/a.g.ld.5.gdce.bc.opt.err.log 
INFO-FLOW: 
Execute       send_msg_by_id INFO @200-777@%s Vivado 
INFO: [HLS 200-777] Using interface defaults for 'Vivado' flow target.
Execute       is_m_axi_addr64 
INFO-FLOW: Doing LTO.
Execute       ap_eval exec -ignorestderr /home/caccolillo/Xilinx_2022_2/Vitis_HLS/2022.2/lnx64/tools/clang-3.9-csynth/bin/clang -foptimization-record-file=/home/caccolillo/Downloads/TUTORIAL_FSK/FSK_MODEM/HLS/FILTER_ENVELOPE_DETECTOR/filter_envelope_detector/solution1/.autopilot/db/a.g.ld.0.bc.clang.diag.yml -mllvm -pass-remarks-missed=reflow|pasta|unroll -mllvm -pass-remarks=reflow|pasta|unroll|inline -fhls -mllvm -hls-top-function-name=applyIIRFilter -mllvm -hls-db-dir -mllvm /home/caccolillo/Downloads/TUTORIAL_FSK/FSK_MODEM/HLS/FILTER_ENVELOPE_DETECTOR/filter_envelope_detector/solution1/.autopilot/db -emit-llvm -c -target fpga64-xilinx-none -mllvm -xcl-xmlinfo=/home/caccolillo/Downloads/TUTORIAL_FSK/FSK_MODEM/HLS/FILTER_ENVELOPE_DETECTOR/filter_envelope_detector/solution1/.autopilot/db/kernel.internal.xml -mllvm -top-io-mapping-info=/home/caccolillo/Downloads/TUTORIAL_FSK/FSK_MODEM/HLS/FILTER_ENVELOPE_DETECTOR/filter_envelope_detector/solution1/.autopilot/db/top-io-fe.xml -mllvm -hls-bitcode-version=3.1 -mllvm -reflow-enable-slave-interface-default-setting=true -mllvm -gen-kernel-xml=false -mllvm -default-maxi-offset=slave -mllvm -maxi-latency=0 -mllvm -hls-maxi-data-size-in-bits=8 -mllvm -hls-maxi-max-data-size-in-bits=1024 -mllvm -hls-max-widen-size-in-bits=0 -mllvm -xcl-kernel-max-mem-ports=0 -mllvm -maxi-read-trans=16 -mllvm -maxi-write-trans=16 -mllvm -maxi-read-burst-len=16 -mllvm -maxi-write-burst-len=16 -mllvm -reflow-enable-saxi-64bits=0 -mllvm -reflow-basic-block-instr-threshold=200000 -mllvm -reflow-auto-pipeline-threshold=64 -mllvm -reflow-enable-maxi-auto-id-channel=0 -mllvm -assume-maxi-align=1 -mllvm -reflow-pipeline-style-llvm-setting=2 -mllvm -reflow-enable-dataflow-strict-mode-checking=1 -mllvm -reflow-auto-array-partition-mode=default -mllvm -reflow-enable-auto-array-partition=true -mllvm -reflow-enable-auto-parallel-performance-driven=true -mllvm -reflow-enable-partition-for-automation=true -mllvm -reflow-aggregate-bitwidth-threshold=4096 -mllvm -reflow-assume-no-address-wrap=true -mllvm -hls -mllvm -disable-inlined-alloca-merging=true -mllvm -default-clock-period=10 -x ir /home/caccolillo/Downloads/TUTORIAL_FSK/FSK_MODEM/HLS/FILTER_ENVELOPE_DETECTOR/filter_envelope_detector/solution1/.autopilot/db/a.g.ld.5.gdce.bc -o /home/caccolillo/Downloads/TUTORIAL_FSK/FSK_MODEM/HLS/FILTER_ENVELOPE_DETECTOR/filter_envelope_detector/solution1/.autopilot/db/a.g.lto.bc -hls-platform-db-name=/home/caccolillo/Xilinx_2022_2/Vitis_HLS/2022.2/common/technology/xilinx/common/platform.db -hls-platform-name=artix7_slow -device-resource-info=BRAM_270.000000_DSP_240.000000_FF_126800.000000_LUT_63400.000000_SLICE_15850.000000_URAM_0.000000 -device-name-info=xc7a100tcsg324-1 > /home/caccolillo/Downloads/TUTORIAL_FSK/FSK_MODEM/HLS/FILTER_ENVELOPE_DETECTOR/filter_envelope_detector/solution1/.autopilot/db/a.g.ld.0.bc.clang.out.log 2> /home/caccolillo/Downloads/TUTORIAL_FSK/FSK_MODEM/HLS/FILTER_ENVELOPE_DETECTOR/filter_envelope_detector/solution1/.autopilot/db/a.g.ld.0.bc.clang.err.log 
Command       ap_eval done; 0.19 sec.
WARNING: [HLS 214-167] The program may have out of bound array access (filter_envelope_detector.c:21:36)
WARNING: [HLS 214-167] The program may have out of bound array access (filter_envelope_detector.c:22:32)
WARNING: [HLS 214-167] The program may have out of bound array access (filter_envelope_detector.c:22:50)
WARNING: [HLS 214-167] The program may have out of bound array access (filter_envelope_detector.c:23:32)
WARNING: [HLS 214-167] The program may have out of bound array access (filter_envelope_detector.c:23:50)
WARNING: [HLS 214-167] The program may have out of bound array access (filter_envelope_detector.c:24:50)
WARNING: [HLS 214-167] The program may have out of bound array access (filter_envelope_detector.c:25:50)
WARNING: [HLS 214-167] The program may have out of bound array access (filter_envelope_detector.c:30:25)
WARNING: [HLS 214-167] The program may have out of bound array access (filter_envelope_detector.c:31:25)
INFO-FLOW: DBG:PUTS: copy_raw_kernel_xml ap_link_39: kernel.xml not generated: /home/caccolillo/Downloads/TUTORIAL_FSK/FSK_MODEM/HLS/FILTER_ENVELOPE_DETECTOR/filter_envelope_detector/solution1/.autopilot/db/kernel.internal.xml
INFO: [HLS 200-111] Finished Compiling Optimization and Transform: CPU user time: 2.39 seconds. CPU system time: 0.58 seconds. Elapsed time: 2.97 seconds; current allocated memory: 757.902 MB.
INFO: [HLS 200-111] Finished Checking Pragmas: CPU user time: 0 seconds. CPU system time: 0 seconds. Elapsed time: 0 seconds; current allocated memory: 757.902 MB.
Execute       opt_and_import_c a -opt_level=2 -skip_syncheck=0 -ng=0 -keep_printf=0 
Execute         cleanup_all_models 
INFO: [HLS 200-10] Starting code transformations ...
INFO-FLOW: Running Standard Transforms...
Execute         transform -hls -share-std-xform -demangle-name -inline-byval-memcpy -always-inline -promote-dbg-pointer -interface-preproc -mem2reg -scalarrepl -mem2reg -keep-read-access -instcombine -dce -promote-dbg-pointer -bitop-raise -loop-simplify -indvarspre -indvars -loop-simplify -xunroll -constprop -instcombine -simplifycfg -indvars -simplifycfg -dce -globaldce -basicaa -simplifycfg -mem2reg -globalopt -global-constprop -deadargelim -instcombine -simplifycfg -scalarrepl -instcombine -reassociate -licm -simplifycfg -loop-simplify -indvars -instcombine -simplifycfg -mem2reg -loop-simplify -indvars -instcombine -gvn -gvn -instcombine -adce -break-crit-edges -simplifycfg -loop-delete -global-array-opt -dce -dse -adce -find-syn-modules -top applyIIRFilter -deadargelim -mem2reg -instcombine -dce -presyn-prepare -auto-rom-infer -interface-preproc -syn-check -check-rec-only -find-region -simplifycfg -func-extr -function-inline -globaldce -mem2reg -instcombine -dce -gvn -globaldce -adce -adse -constprop -instcombine -bit-constprop -instcombine -dce -simplifycfg -bitop-raise -simplifycfg -dce -loop-delete -reassociate -globalopt -global-privatize -mem2reg -dce -global-constprop -pointer-simplify -constprop -dce -auto-shift-reg-idiom -promote-dbg-pointer -norm-name /home/caccolillo/Downloads/TUTORIAL_FSK/FSK_MODEM/HLS/FILTER_ENVELOPE_DETECTOR/filter_envelope_detector/solution1/.autopilot/db/a.g.0.bc -o /home/caccolillo/Downloads/TUTORIAL_FSK/FSK_MODEM/HLS/FILTER_ENVELOPE_DETECTOR/filter_envelope_detector/solution1/.autopilot/db/a.g.1.bc -f -phase std-opt 
INFO: [HLS 200-111] Finished Standard Transforms: CPU user time: 0.01 seconds. CPU system time: 0 seconds. Elapsed time: 0.04 seconds; current allocated memory: 758.457 MB.
INFO: [HLS 200-10] Checking synthesizability ...
INFO-FLOW: Checking Synthesizability 1/2..
Execute         transform -hls -syn-check -check-rec-only -scalarrepl -norm-name -dce -mem2reg -instcombine -directive-preproc -mem2reg -dse -dce -auto-rom-infer -dce -pag -array-normalize -instcombine -dce -array-seg-normalize -instcombine -dce -data-pack -instcombine -dce -inst-simplify -array-flatten -instcombine -dce -array-burst -dce -deadargelim -promote-global-argument -simplifycfg -mem2reg -globaldce -dce -deadargelim -dce -instcombine -function-inline -globaldce -dce -doublePtrSimplify -doublePtrElim -dce -doublePtrSimplify -promote-dbg-pointer -dce -scalarrepl -dse -adse -instcombine -ptrLegalization -simplifycfg -dce -instcombine -pointer-simplify -ptrArgReplace -dce -instcombine -resolve-double-ptr -scalarrepl -norm-name -dce -mem2reg -instcombine -ptrLegalization -simplifycfg -deadargelim -instcombine -dce -inst-simplify -directive-preproc -mem2reg -dse -dce -globaldce /home/caccolillo/Downloads/TUTORIAL_FSK/FSK_MODEM/HLS/FILTER_ENVELOPE_DETECTOR/filter_envelope_detector/solution1/.autopilot/db/a.g.1.bc -o /home/caccolillo/Downloads/TUTORIAL_FSK/FSK_MODEM/HLS/FILTER_ENVELOPE_DETECTOR/filter_envelope_detector/solution1/.autopilot/db/a.g.2.prechk.bc -f 
INFO-FLOW: Checking Synthesizability 2/2..
Execute         transform -syn-check /home/caccolillo/Downloads/TUTORIAL_FSK/FSK_MODEM/HLS/FILTER_ENVELOPE_DETECTOR/filter_envelope_detector/solution1/.autopilot/db/a.g.2.prechk.bc -o /home/caccolillo/Downloads/TUTORIAL_FSK/FSK_MODEM/HLS/FILTER_ENVELOPE_DETECTOR/filter_envelope_detector/solution1/.autopilot/db/a.g.2.bc -f -phase syn-check 
INFO: [HLS 200-111] Finished Checking Synthesizability: CPU user time: 0.01 seconds. CPU system time: 0.01 seconds. Elapsed time: 0.01 seconds; current allocated memory: 758.523 MB.
INFO-FLOW: Compiler optimizing ...
INFO-FLOW: Share syncheck's 1.bc for syn flow: copy /home/caccolillo/Downloads/TUTORIAL_FSK/FSK_MODEM/HLS/FILTER_ENVELOPE_DETECTOR/filter_envelope_detector/solution1/.autopilot/db/a.g.1.bc to /home/caccolillo/Downloads/TUTORIAL_FSK/FSK_MODEM/HLS/FILTER_ENVELOPE_DETECTOR/filter_envelope_detector/solution1/.autopilot/db/a.o.1.bc
INFO-FLOW: Presyn 1...
Execute         transform -hls -tmp /home/caccolillo/Downloads/TUTORIAL_FSK/FSK_MODEM/HLS/FILTER_ENVELOPE_DETECTOR/filter_envelope_detector/solution1/.autopilot/db -interface-port-rename -directive-preproc -mem2reg -dse -dce -scalarrepl -norm-name -deadargelim -mem2reg -instcombine -dce -simplifycfg -auto-rom-infer -dce -resource-proc -clib-intrinsic-prepare -dce -func-buffer -dce -pag -array-normalize -func-legal -instcombine -gvn -constprop -dce -simplifycfg -mem2reg -globaldce -resolve-double-ptr -dce -deadargelim -dce -instcombine -ptrArgReplace -mem2reg -dce -array-seg-normalize -deadargelim -instcombine -dce -directive-preproc -mem2reg -dse -dce -pointer-simplify -dce -port-alignment -dce -interface-preproc -data-pack -instcombine -dce -basicaa -aggr-aa -aggrmodref-aa -aggr-aa -gvn -gvn -basicaa -aggr-aa -aggrmodref-aa -aggr-aa -dse -adse -adce -loop-simplify -indvars -instcombine -gvn -loop-simplify -mem2reg -dce -find-region -instcombine -auto-loop-pipeline -inst-simplify -interface-preproc -cfgopt -instcombine -indvars -auto-loop-unroll -loop-simplify -loop-bound -xunroll -constprop -instcombine -simplifycfg -indvars -simplifycfg -dce -globaldce -clean-region -attach-range -gvn -inst-simplify -constprop -simplifycfg -dce -pointer-simplify -dce -globalopt -constprop -dce -array-promote -scalar-auto-dep-elim -constprop -dce -ptrArgReplace -mem2reg -simplifycfg -dce -instcombine -dce -array-transform-check -array-reshape -instcombine -simplifycfg -dce -ptrArgReplace -deadargelim -mem2reg -instcombine -simplifycfg -dce -indvars -loop-simplify -loop-bound -xunroll -constprop -instcombine -simplifycfg -indvars -simplifycfg -dce -globaldce -basicaa -aggr-aa -aggrmodref-aa -aggr-aa -dse -duplicate-dataflow-processes -globaldce -instcombine -array-partition -prepare-dynamic-array-partition -instcombine -simplifycfg -dce -ptrArgReplace -global-constprop -deadargelim -mem2reg -func-legal -dce -global-constprop -deadargelim -mem2reg -simplifycfg -dce -merge-param -deadargelim -globalopt -constprop -dce -array-promote -scalar-auto-dep-elim -constprop -dce -ptrArgReplace -mem2reg -simplifycfg -dce -mem-intrinsic-preproc -dce -global-internalize -global-privatize -mem2reg -globaldce -promote-global-argument -ptrArgReplace -mem2reg -dce -globalopt -mergereturn -simplify-global-access -mem2reg -dce -pointer-simplify -dce -functionattrs -basicaa -aggr-aa -aggrmodref-aa -aggr-aa -gvn -gvn -basicaa -aggr-aa -aggrmodref-aa -aggr-aa -dse -adse -adce -dce -norm-name -basicaa -aggr-aa -aggrmodref-aa -aggr-aa -accesses-merge -function-inline -complex-op-raise -inst-simplify -globaldce -func-legal -dce -loop-bound -arraycheck -bitwidthmin2 -bitwidthmin2 -on-by-dataflow -loop-delete -instcombine -simplifycfg -globaldce -dce -gvn -deadargelim -dce -loop-simplify -clean-region -simplifycfg -propagate-stable-arguments -loop-stream -instcombine -simplifycfg -dce -globaldce -duplicate-dataflow-processes -stream-intrinsic-preproc -dce -check-ap-stream -loop-simplify -eliminate-keepreads -extract-dataflow-in-loop -loop-simplify -dce -gvn -deadargelim -dse -duplicate-dataflow-processes -check-dataflow-syntax -legalize-stream-variable -globaldce -legalize-global -extract-subproc -dce -dead-channel-elimination -canonicalize-gep -globaldce -dce -gvn -hls-dead-arg-elim -deadargelim -directive-preproc -canonicalize-dataflow -dce -globaldce -scalar-preprocessing -scalar-propagation2 -deadargelim -globaldce -mem2reg -check-dataflow-channels -function-stream -dce -globaldce -prop-fifo-spec -internal-stream-gen -canonicalize-gep -globaldce -dce -gvn -deadargelim -mergereturn -indvars -loop-simplify -instcombine -array-stream -array-seg-normalize -array-partition -func-legal -instcombine -simplifycfg -dce -bundle-memfifo-ops -deadargelim -directive-preproc -mem2reg -dse -dce -group-axi-access -licm -simplifycfg -dce -loop-delete -hls-display -norm-name /home/caccolillo/Downloads/TUTORIAL_FSK/FSK_MODEM/HLS/FILTER_ENVELOPE_DETECTOR/filter_envelope_detector/solution1/.autopilot/db/a.o.1.bc -o /home/caccolillo/Downloads/TUTORIAL_FSK/FSK_MODEM/HLS/FILTER_ENVELOPE_DETECTOR/filter_envelope_detector/solution1/.autopilot/db/a.o.1.tmp.bc -f 
INFO: [XFORM 203-510] Pipelining loop 'VITIS_LOOP_16_1' (filter_envelope_detector.c:15) in function 'applyIIRFilter' automatically.
INFO: [XFORM 203-102] Partitioning array 'NUM_1' in dimension 2 automatically.
INFO: [XFORM 203-102] Partitioning array 'DEN_1' in dimension 2 automatically.
INFO-FLOW: Presyn 2...
Execute         transform -hls -keep-callgraph -scalarrepl -mem2reg -port-alignment -attach-range -dce -pipe-mux-gen -indvars -loop-bound -inst-simplify -instcombine -dce -merge-array-access -mem2reg -dce -clean-region -mergereturn -if-conv -instcombine -dce -constprop -basicaa -aggr-aa -aggrmodref-aa -aggr-aa -gvn -gvn -basicaa -aggr-aa -aggrmodref-aa -aggr-aa -dse -adse -adce -scalarrepl -mem2reg -global-constprop -deadargelim -deadargelim -instcombine -dce -simplifycfg -ptrArgReplace -mem2reg -function-inline -globaldce -mem2reg -instcombine -dce -expr-balance -instcombine -dce -bitwidthmin2 -bitwidthmin2 -interface-preproc -directive-preproc -inst-rectify -instcombine -dce -functionattrs -constprop -instcombine -bit-constprop -simplify-global-access -globalopt -globaldce -inst-simplify -instcombine -elimdeaddata -dce -loop-delete -simplifycfg -loop-simplify -barrier -norm-name /home/caccolillo/Downloads/TUTORIAL_FSK/FSK_MODEM/HLS/FILTER_ENVELOPE_DETECTOR/filter_envelope_detector/solution1/.autopilot/db/a.o.1.tmp.bc -o /home/caccolillo/Downloads/TUTORIAL_FSK/FSK_MODEM/HLS/FILTER_ENVELOPE_DETECTOR/filter_envelope_detector/solution1/.autopilot/db/a.o.2.bc -f -phase presyn 
INFO: [HLS 200-111] Finished Loop, function and other optimizations: CPU user time: 0.02 seconds. CPU system time: 0.01 seconds. Elapsed time: 0.03 seconds; current allocated memory: 780.039 MB.
INFO-FLOW: Building ssdm...
Execute         transform -hls -auto-function-inline -globaldce -ptrArgReplace -mem2reg -dce -reset-lda -loop-simplify -indvars -aggr-aa -licm -loop-dep -loop-bound -licm -loop-simplify -loop-sink-hoist -flattenloopnest -array-flatten -gvn -instcombine -dce -array-map -dce -func-legal -gvn -adce -instcombine -cfgopt -simplifycfg -loop-simplify -array-burst -promote-global-argument -dce -array-seg-normalize -basicaa -aggrmodref-aa -globalsmodref-aa -aggr-aa -gvn -gvn -basicaa -aggrmodref-aa -globalsmodref-aa -aggr-aa -dse -adse -adce -licm -inst-simplify -dce -globaldce -instcombine -array-stream -eliminate-keepreads -instcombine -dce -deadargelim -doublePtrSimplify -doublePtrElim -dce -doublePtrSimplify -promote-dbg-pointer -dce -scalarrepl -mem2reg -norm-name -mem2reg -instcombine -dse -adse -adce -ptrLegalization -dce -auto-rom-infer -array-flatten -dce -instcombine -check-doubleptr -loop-rot -constprop -cfgopt -simplifycfg -loop-simplify -indvars -pointer-simplify -dce -loop-bound -loop-simplify -loop-preproc -constprop -global-constprop -gvn -mem2reg -instcombine -dce -loop-bound -loop-merge -dce -deadargelim -dce -canonicalize-dataflow -dce -deadargelim -globaldce -mem2reg -bram-byte-enable -load-elim -read-loop-dep -loop-simplify -loop-extract-inner -directive-preproc -bitwidthmin2 -bitwidthmin2 -read-loop-dep -interface-preproc -directive-preproc -interface-gen -bram-byte-enable-spec-prop -deadargelim -inst-simplify -dce -gvn -mem2reg -instcombine -dce -adse -loop-bound -instcombine -cfgopt -simplifycfg -loop-simplify -clean-region -io-protocol -find-region -mem2reg -bitop-raise -complex-op-raise -inst-simplify -inst-rectify -instcombine -adce -deadargelim -float-op-raise -loop-simplify -phi-opt -bitop-raise -cfgopt -simplifycfg -strip-dead-prototypes -interface-lower -bitop-lower -intrinsic-lower -auto-function-inline -basicaa -aggrmodref-aa -globalsmodref-aa -aggr-aa -inst-simplify -simplifycfg -loop-simplify -mergereturn -inst-simplify -inst-rectify -dce -load-elim -bitop-lower -float-op-raise -fma-raise -loop-rewind -pointer-simplify -dce -cfgopt -dce -loop-bound -loop-dep -read-loop-dep -dce -dyn-mem-reuse -dce -recurrence-min -dce -share-scalar-alloca -deadargelim -dce -check-stream -norm-name -legalize -validate-dataflow -inst-clarity -bitwidth -dump-loop-dep-to-ir -check-all-ssdm -cdfg-build /home/caccolillo/Downloads/TUTORIAL_FSK/FSK_MODEM/HLS/FILTER_ENVELOPE_DETECTOR/filter_envelope_detector/solution1/.autopilot/db/a.o.2.bc -o /home/caccolillo/Downloads/TUTORIAL_FSK/FSK_MODEM/HLS/FILTER_ENVELOPE_DETECTOR/filter_envelope_detector/solution1/.autopilot/db/a.o.3.bc -f -phase build-ssdm 
INFO: [HLS 200-472] Inferring partial write operation for 'delay' (filter_envelope_detector.c:30:25)
INFO: [HLS 200-472] Inferring partial write operation for 'delay' (filter_envelope_detector.c:31:25)
INFO: [HLS 200-111] Finished Architecture Synthesis: CPU user time: 0.03 seconds. CPU system time: 0 seconds. Elapsed time: 0.02 seconds; current allocated memory: 780.039 MB.
INFO-FLOW: Finish building internal data model.
Command       opt_and_import_c done; 0.11 sec.
Command     elaborate done; 3.77 sec.
Execute     ap_eval exec zip -j /home/caccolillo/Downloads/TUTORIAL_FSK/FSK_MODEM/HLS/FILTER_ENVELOPE_DETECTOR/filter_envelope_detector/solution1/.autopilot/db/dut.hcp $dbDir/a.o.3.bc $dbDir/${topname}.rtl_wrap.cfg.tcl $dbDir/apatb_${topname}.cpp $dbDir/apatb_${topname}_util.cpp $dbDir/apatb_${topname}_ir.ll $dbDir/mapper_${topname}.cpp $dbDir/top-io-fe.xml $dbDir/kernel.internal.xml $workdir/../hls.app 
Execute     autosyn -from_csynth_design=1 
INFO: [HLS 200-10] Starting hardware synthesis ...
INFO-FLOW: Synthesizing C/C++ design ...
INFO: [HLS 200-10] Synthesizing 'applyIIRFilter' ...
Execute       ap_set_top_model applyIIRFilter 
Execute       get_model_list applyIIRFilter -filter all-wo-channel -topdown 
Execute       preproc_iomode -model applyIIRFilter 
Execute       get_model_list applyIIRFilter -filter all-wo-channel 
INFO-FLOW: Model list for configure: applyIIRFilter
INFO-FLOW: Configuring Module : applyIIRFilter ...
Execute       set_default_model applyIIRFilter 
Execute       apply_spec_resource_limit applyIIRFilter 
INFO-FLOW: Model list for preprocess: applyIIRFilter
INFO-FLOW: Preprocessing Module: applyIIRFilter ...
Execute       set_default_model applyIIRFilter 
Execute       cdfg_preprocess -model applyIIRFilter 
Execute       rtl_gen_preprocess applyIIRFilter 
INFO-FLOW: Model list for synthesis: applyIIRFilter
INFO: [HLS 200-10] ----------------------------------------------------------------
INFO: [HLS 200-42] -- Implementing module 'applyIIRFilter' 
INFO: [HLS 200-10] ----------------------------------------------------------------
Execute       set_default_model applyIIRFilter 
Execute       schedule -model applyIIRFilter 
INFO: [SCHED 204-11] Starting scheduling ...
INFO: [SCHED 204-61] Pipelining loop 'VITIS_LOOP_16_1'.
WARNING: [HLS 200-880] The II Violation in module 'applyIIRFilter' (loop 'VITIS_LOOP_16_1'): Unable to enforce a carried dependence constraint (II = 1, distance = 1, offset = 0) between 'store' operation ('x_write_ln16', filter_envelope_detector.c:16) of variable 'output', filter_envelope_detector.c:27 on local variable 'x' and 'load' operation ('x_load', filter_envelope_detector.c:18) on local variable 'x'.
WARNING: [HLS 200-880] The II Violation in module 'applyIIRFilter' (loop 'VITIS_LOOP_16_1'): Unable to enforce a carried dependence constraint (II = 2, distance = 1, offset = 0) between 'store' operation ('x_write_ln16', filter_envelope_detector.c:16) of variable 'output', filter_envelope_detector.c:27 on local variable 'x' and 'load' operation ('x_load', filter_envelope_detector.c:18) on local variable 'x'.
WARNING: [HLS 200-880] The II Violation in module 'applyIIRFilter' (loop 'VITIS_LOOP_16_1'): Unable to enforce a carried dependence constraint (II = 3, distance = 1, offset = 0) between 'store' operation ('x_write_ln16', filter_envelope_detector.c:16) of variable 'output', filter_envelope_detector.c:27 on local variable 'x' and 'load' operation ('x_load', filter_envelope_detector.c:18) on local variable 'x'.
INFO: [HLS 200-1470] Pipelining result : Target II = NA, Final II = 4, Depth = 8, loop 'VITIS_LOOP_16_1'
INFO: [SCHED 204-11] Finished scheduling.
INFO: [HLS 200-111] Finished Scheduling: CPU user time: 0.05 seconds. CPU system time: 0.04 seconds. Elapsed time: 0.12 seconds; current allocated memory: 780.039 MB.
Execute       syn_report -verbosereport -o /home/caccolillo/Downloads/TUTORIAL_FSK/FSK_MODEM/HLS/FILTER_ENVELOPE_DETECTOR/filter_envelope_detector/solution1/.autopilot/db/applyIIRFilter.verbose.sched.rpt 
Execute         AP::get_flow_target_display_name
Execute       db_write -o /home/caccolillo/Downloads/TUTORIAL_FSK/FSK_MODEM/HLS/FILTER_ENVELOPE_DETECTOR/filter_envelope_detector/solution1/.autopilot/db/applyIIRFilter.sched.adb -f 
INFO-FLOW: Finish scheduling applyIIRFilter.
Execute       set_default_model applyIIRFilter 
Execute       bind -model applyIIRFilter 
INFO: [BIND 205-100] Starting micro-architecture generation ...
INFO: [BIND 205-101] Performing variable lifetime analysis.
INFO: [BIND 205-101] Exploring resource sharing.
INFO: [BIND 205-101] Binding ...
INFO: [BIND 205-100] Finished micro-architecture generation.
INFO: [HLS 200-111] Finished Binding: CPU user time: 0.05 seconds. CPU system time: 0 seconds. Elapsed time: 0.05 seconds; current allocated memory: 780.039 MB.
Execute       syn_report -verbosereport -o /home/caccolillo/Downloads/TUTORIAL_FSK/FSK_MODEM/HLS/FILTER_ENVELOPE_DETECTOR/filter_envelope_detector/solution1/.autopilot/db/applyIIRFilter.verbose.bind.rpt 
Execute         AP::get_flow_target_display_name
Execute       db_write -o /home/caccolillo/Downloads/TUTORIAL_FSK/FSK_MODEM/HLS/FILTER_ENVELOPE_DETECTOR/filter_envelope_detector/solution1/.autopilot/db/applyIIRFilter.bind.adb -f 
INFO-FLOW: Finish binding applyIIRFilter.
Execute       get_model_list applyIIRFilter -filter all-wo-channel 
INFO-FLOW: Preprocessing for RTLGen ...
Execute       rtl_gen_preprocess applyIIRFilter 
INFO-FLOW: Model list for RTL generation: applyIIRFilter
INFO: [HLS 200-10] ----------------------------------------------------------------
INFO: [HLS 200-10] -- Generating RTL for module 'applyIIRFilter' 
INFO: [HLS 200-10] ----------------------------------------------------------------
Execute       create_rtl_model applyIIRFilter -top_prefix  -sub_prefix applyIIRFilter_ -mg_file /home/caccolillo/Downloads/TUTORIAL_FSK/FSK_MODEM/HLS/FILTER_ENVELOPE_DETECTOR/filter_envelope_detector/solution1/.autopilot/db/applyIIRFilter.compgen.tcl 
INFO: [RTGEN 206-500] Setting interface mode on port 'applyIIRFilter/input_r' to 'ap_none'.
INFO: [RTGEN 206-500] Setting interface mode on function 'applyIIRFilter' to 'ap_ctrl_hs'.
INFO: [HLS 200-1030] Apply Unified Pipeline Control on module 'applyIIRFilter' pipeline 'VITIS_LOOP_16_1' pipeline type 'loop pipeline'
INFO: [RTGEN 206-100] Generating core module 'mul_31ns_32s_63_2_1': 4 instance(s).
INFO: [RTGEN 206-100] Generating core module 'mul_32s_31ns_63_2_1': 1 instance(s).
INFO: [RTGEN 206-100] Generating core module 'mul_32s_32s_63_2_1': 1 instance(s).
INFO: [RTGEN 206-100] Finished creating RTL model for 'applyIIRFilter'.
INFO: [RTMG 210-279] Implementing memory 'applyIIRFilter_NUM_1_0_ROM_AUTO_1R' using auto ROMs.
INFO: [RTMG 210-278] Implementing memory 'applyIIRFilter_delay_RAM_AUTO_1R1W' using auto RAMs.
INFO: [RTMG 210-279] Implementing memory 'applyIIRFilter_NUM_1_1_ROM_AUTO_1R' using auto ROMs.
INFO: [RTMG 210-279] Implementing memory 'applyIIRFilter_DEN_1_1_ROM_AUTO_1R' using auto ROMs.
INFO: [RTMG 210-279] Implementing memory 'applyIIRFilter_DEN_1_2_ROM_AUTO_1R' using auto ROMs.
INFO: [HLS 200-111] Finished Creating RTL model: CPU user time: 0.07 seconds. CPU system time: 0.01 seconds. Elapsed time: 0.1 seconds; current allocated memory: 780.039 MB.
Execute       source /home/caccolillo/Downloads/TUTORIAL_FSK/FSK_MODEM/HLS/FILTER_ENVELOPE_DETECTOR/filter_envelope_detector/solution1/.autopilot/db/applyIIRFilter.rtl_wrap.cfg.tcl 
Execute       gen_rtl applyIIRFilter -istop -style xilinx -f -lang vhdl -o /home/caccolillo/Downloads/TUTORIAL_FSK/FSK_MODEM/HLS/FILTER_ENVELOPE_DETECTOR/filter_envelope_detector/solution1/syn/vhdl/applyIIRFilter 
Execute       gen_rtl applyIIRFilter -istop -style xilinx -f -lang vlog -o /home/caccolillo/Downloads/TUTORIAL_FSK/FSK_MODEM/HLS/FILTER_ENVELOPE_DETECTOR/filter_envelope_detector/solution1/syn/verilog/applyIIRFilter 
Execute       syn_report -csynth -model applyIIRFilter -o /home/caccolillo/Downloads/TUTORIAL_FSK/FSK_MODEM/HLS/FILTER_ENVELOPE_DETECTOR/filter_envelope_detector/solution1/syn/report/applyIIRFilter_csynth.rpt 
Execute         AP::get_flow_target_display_name
Execute       syn_report -rtlxml -model applyIIRFilter -o /home/caccolillo/Downloads/TUTORIAL_FSK/FSK_MODEM/HLS/FILTER_ENVELOPE_DETECTOR/filter_envelope_detector/solution1/syn/report/applyIIRFilter_csynth.xml 
Execute       syn_report -verbosereport -model applyIIRFilter -o /home/caccolillo/Downloads/TUTORIAL_FSK/FSK_MODEM/HLS/FILTER_ENVELOPE_DETECTOR/filter_envelope_detector/solution1/.autopilot/db/applyIIRFilter.verbose.rpt 
Execute         AP::get_flow_target_display_name
Execute       db_write -model applyIIRFilter -f -o /home/caccolillo/Downloads/TUTORIAL_FSK/FSK_MODEM/HLS/FILTER_ENVELOPE_DETECTOR/filter_envelope_detector/solution1/.autopilot/db/applyIIRFilter.adb 
Execute       db_write -model applyIIRFilter -bindview -o /home/caccolillo/Downloads/TUTORIAL_FSK/FSK_MODEM/HLS/FILTER_ENVELOPE_DETECTOR/filter_envelope_detector/solution1/.autopilot/db/design.bindinfo.xml 
Execute       gen_tb_info applyIIRFilter -p /home/caccolillo/Downloads/TUTORIAL_FSK/FSK_MODEM/HLS/FILTER_ENVELOPE_DETECTOR/filter_envelope_detector/solution1/.autopilot/db -o /home/caccolillo/Downloads/TUTORIAL_FSK/FSK_MODEM/HLS/FILTER_ENVELOPE_DETECTOR/filter_envelope_detector/solution1/.autopilot/db/applyIIRFilter 
Execute       export_constraint_db -f -tool general -o /home/caccolillo/Downloads/TUTORIAL_FSK/FSK_MODEM/HLS/FILTER_ENVELOPE_DETECTOR/filter_envelope_detector/solution1/.autopilot/db/applyIIRFilter.constraint.tcl 
Execute       syn_report -designview -model applyIIRFilter -o /home/caccolillo/Downloads/TUTORIAL_FSK/FSK_MODEM/HLS/FILTER_ENVELOPE_DETECTOR/filter_envelope_detector/solution1/.autopilot/db/applyIIRFilter.design.xml 
Execute       syn_report -csynthDesign -model applyIIRFilter -o /home/caccolillo/Downloads/TUTORIAL_FSK/FSK_MODEM/HLS/FILTER_ENVELOPE_DETECTOR/filter_envelope_detector/solution1/syn/report/csynth.rpt 
Execute         AP::get_flow_target_display_name
Execute       syn_report -wcfg -model applyIIRFilter -o /home/caccolillo/Downloads/TUTORIAL_FSK/FSK_MODEM/HLS/FILTER_ENVELOPE_DETECTOR/filter_envelope_detector/solution1/.autopilot/db/applyIIRFilter_dataflow_ana.wcfg 
Execute       syn_report -protoinst -model applyIIRFilter -o /home/caccolillo/Downloads/TUTORIAL_FSK/FSK_MODEM/HLS/FILTER_ENVELOPE_DETECTOR/filter_envelope_detector/solution1/.autopilot/db/applyIIRFilter.protoinst 
Execute       sc_get_clocks applyIIRFilter 
Execute       sc_get_portdomain applyIIRFilter 
INFO-FLOW: Model list for RTL component generation: applyIIRFilter
INFO-FLOW: Handling components in module [applyIIRFilter] ... 
Execute       source /home/caccolillo/Downloads/TUTORIAL_FSK/FSK_MODEM/HLS/FILTER_ENVELOPE_DETECTOR/filter_envelope_detector/solution1/.autopilot/db/applyIIRFilter.compgen.tcl 
INFO-FLOW: Found component applyIIRFilter_mul_31ns_32s_63_2_1.
INFO-FLOW: Append model applyIIRFilter_mul_31ns_32s_63_2_1
INFO-FLOW: Found component applyIIRFilter_mul_32s_32s_63_2_1.
INFO-FLOW: Append model applyIIRFilter_mul_32s_32s_63_2_1
INFO-FLOW: Found component applyIIRFilter_mul_32s_31ns_63_2_1.
INFO-FLOW: Append model applyIIRFilter_mul_32s_31ns_63_2_1
INFO-FLOW: Found component applyIIRFilter_NUM_1_0_ROM_AUTO_1R.
INFO-FLOW: Append model applyIIRFilter_NUM_1_0_ROM_AUTO_1R
INFO-FLOW: Found component applyIIRFilter_delay_RAM_AUTO_1R1W.
INFO-FLOW: Append model applyIIRFilter_delay_RAM_AUTO_1R1W
INFO-FLOW: Found component applyIIRFilter_NUM_1_1_ROM_AUTO_1R.
INFO-FLOW: Append model applyIIRFilter_NUM_1_1_ROM_AUTO_1R
INFO-FLOW: Found component applyIIRFilter_DEN_1_1_ROM_AUTO_1R.
INFO-FLOW: Append model applyIIRFilter_DEN_1_1_ROM_AUTO_1R
INFO-FLOW: Found component applyIIRFilter_DEN_1_2_ROM_AUTO_1R.
INFO-FLOW: Append model applyIIRFilter_DEN_1_2_ROM_AUTO_1R
INFO-FLOW: Found component applyIIRFilter_flow_control_loop_pipe.
INFO-FLOW: Append model applyIIRFilter_flow_control_loop_pipe
INFO-FLOW: Append model applyIIRFilter
INFO-FLOW: Generating RTL model list ...
INFO-FLOW: All models in this session: applyIIRFilter_mul_31ns_32s_63_2_1 applyIIRFilter_mul_32s_32s_63_2_1 applyIIRFilter_mul_32s_31ns_63_2_1 applyIIRFilter_NUM_1_0_ROM_AUTO_1R applyIIRFilter_delay_RAM_AUTO_1R1W applyIIRFilter_NUM_1_1_ROM_AUTO_1R applyIIRFilter_DEN_1_1_ROM_AUTO_1R applyIIRFilter_DEN_1_2_ROM_AUTO_1R applyIIRFilter_flow_control_loop_pipe applyIIRFilter
INFO-FLOW: Generating /home/caccolillo/Downloads/TUTORIAL_FSK/FSK_MODEM/HLS/FILTER_ENVELOPE_DETECTOR/filter_envelope_detector/solution1/.autopilot/db/autopilot.rtl.models.txt file...
INFO-FLOW: To file: write model applyIIRFilter_mul_31ns_32s_63_2_1
INFO-FLOW: To file: write model applyIIRFilter_mul_32s_32s_63_2_1
INFO-FLOW: To file: write model applyIIRFilter_mul_32s_31ns_63_2_1
INFO-FLOW: To file: write model applyIIRFilter_NUM_1_0_ROM_AUTO_1R
INFO-FLOW: To file: write model applyIIRFilter_delay_RAM_AUTO_1R1W
INFO-FLOW: To file: write model applyIIRFilter_NUM_1_1_ROM_AUTO_1R
INFO-FLOW: To file: write model applyIIRFilter_DEN_1_1_ROM_AUTO_1R
INFO-FLOW: To file: write model applyIIRFilter_DEN_1_2_ROM_AUTO_1R
INFO-FLOW: To file: write model applyIIRFilter_flow_control_loop_pipe
INFO-FLOW: To file: write model applyIIRFilter
INFO-FLOW: Generating /home/caccolillo/Downloads/TUTORIAL_FSK/FSK_MODEM/HLS/FILTER_ENVELOPE_DETECTOR/filter_envelope_detector/solution1/.autopilot/db/autopilot.rtl.models.tcl file...
INFO-FLOW: Finished generating RTL model list.


INFO-FLOW: RTL Generation done.
INFO-FLOW: CAS Generation done.
INFO-FLOW: CBC Generation done.
INFO-FLOW: DBG:PROC: ::AESL_AUTOMG::auto_generate_csynth_design
INFO-FLOW: DBG:PUTS: read_platform_lib /home/caccolillo/Downloads/TUTORIAL_FSK/FSK_MODEM/HLS/FILTER_ENVELOPE_DETECTOR/filter_envelope_detector/solution1/.autopilot/db/global.setting.tcl
Execute       source /home/caccolillo/Xilinx_2022_2/Vitis_HLS/2022.2/common/technology/generic/autopilot/common.gen 
Execute         source /home/caccolillo/Xilinx_2022_2/Vitis_HLS/2022.2/common/technology/generic/autopilot/APCoreGen.gen 
Execute       source /home/caccolillo/Xilinx_2022_2/Vitis_HLS/2022.2/common/technology/generic/autopilot/op.gen 
Execute       source /home/caccolillo/Xilinx_2022_2/Vitis_HLS/2022.2/common/technology/generic/autopilot/op_simcore.gen 
Execute       source /home/caccolillo/Xilinx_2022_2/Vitis_HLS/2022.2/common/technology/generic/autopilot/interface.gen 
Execute       source /home/caccolillo/Downloads/TUTORIAL_FSK/FSK_MODEM/HLS/FILTER_ENVELOPE_DETECTOR/filter_envelope_detector/solution1/.autopilot/db/global.setting.tcl 
Execute       ap_family_info -name artix7 -data parts 
Execute       ap_part_info -name xc7a12ticsg325-1L -data info 
Execute       source /home/caccolillo/Xilinx_2022_2/Vitis_HLS/2022.2/common/technology/xilinx/common/xilinx.gen 
Execute         source /home/caccolillo/Xilinx_2022_2/Vitis_HLS/2022.2/common/technology/xilinx/interface/plb46.gen 
Execute         source /home/caccolillo/Xilinx_2022_2/Vitis_HLS/2022.2/common/technology/xilinx/interface/axi4.gen 
Execute         source /home/caccolillo/Xilinx_2022_2/Vitis_HLS/2022.2/common/technology/xilinx/interface/nativeAXI4.gen 
Execute           source /home/caccolillo/Xilinx_2022_2/Vitis_HLS/2022.2/common/technology/xilinx/interface/saxilite.gen 
Execute         source /home/caccolillo/Xilinx_2022_2/Vitis_HLS/2022.2/common/technology/xilinx/scripts/xilinxcoregen.gen 
Execute         source /home/caccolillo/Xilinx_2022_2/Vitis_HLS/2022.2/common/technology/xilinx/interface/XilEDKCoreGen.gen 
Execute         source /home/caccolillo/Xilinx_2022_2/Vitis_HLS/2022.2/common/technology/xilinx/ip/dds_compiler.gen 
Execute         source /home/caccolillo/Xilinx_2022_2/Vitis_HLS/2022.2/common/technology/xilinx/ip/xfft.gen 
Execute         source /home/caccolillo/Xilinx_2022_2/Vitis_HLS/2022.2/common/technology/xilinx/ip/xfir.gen 
Execute         source /home/caccolillo/Xilinx_2022_2/Vitis_HLS/2022.2/common/technology/xilinx/ip/util.gen 
Execute         source /home/caccolillo/Xilinx_2022_2/Vitis_HLS/2022.2/common/technology/xilinx/DSP48/dsp48.gen 
INFO-FLOW: DBG:PUTS:   using AESL_AUTOCG::g_clock_period=10.000 (was NA)
INFO-FLOW: DBG:PROC: ::AESL_AUTOMG::generate_ip_cores gen_sim_model='1' gen_fp_models='0' gen_for_export='0' dstSCDir='' dstVhdlDir='/home/caccolillo/Downloads/TUTORIAL_FSK/FSK_MODEM/HLS/FILTER_ENVELOPE_DETECTOR/filter_envelope_detector/solution1/.autopilot/db/vhdl' dstVlogDir='/home/caccolillo/Downloads/TUTORIAL_FSK/FSK_MODEM/HLS/FILTER_ENVELOPE_DETECTOR/filter_envelope_detector/solution1/.autopilot/db/vlog' tclDir='/home/caccolillo/Downloads/TUTORIAL_FSK/FSK_MODEM/HLS/FILTER_ENVELOPE_DETECTOR/filter_envelope_detector/solution1/.autopilot/db' modelList='applyIIRFilter_mul_31ns_32s_63_2_1
applyIIRFilter_mul_32s_32s_63_2_1
applyIIRFilter_mul_32s_31ns_63_2_1
applyIIRFilter_NUM_1_0_ROM_AUTO_1R
applyIIRFilter_delay_RAM_AUTO_1R1W
applyIIRFilter_NUM_1_1_ROM_AUTO_1R
applyIIRFilter_DEN_1_1_ROM_AUTO_1R
applyIIRFilter_DEN_1_2_ROM_AUTO_1R
applyIIRFilter_flow_control_loop_pipe
applyIIRFilter
' expOnly='0'
Execute       source /home/caccolillo/Downloads/TUTORIAL_FSK/FSK_MODEM/HLS/FILTER_ENVELOPE_DETECTOR/filter_envelope_detector/solution1/.autopilot/db/global.setting.tcl 
Execute       ap_part_info -name xc7a100t-csg324-1 -data names -quiet 
Execute       ap_part_info -name xc7a100t-csg324-1 -data info -quiet 
Execute       source /home/caccolillo/Downloads/TUTORIAL_FSK/FSK_MODEM/HLS/FILTER_ENVELOPE_DETECTOR/filter_envelope_detector/solution1/.autopilot/db/global.setting.tcl 
Execute       source /home/caccolillo/Downloads/TUTORIAL_FSK/FSK_MODEM/HLS/FILTER_ENVELOPE_DETECTOR/filter_envelope_detector/solution1/.autopilot/db/global.setting.tcl 
Execute       source /home/caccolillo/Downloads/TUTORIAL_FSK/FSK_MODEM/HLS/FILTER_ENVELOPE_DETECTOR/filter_envelope_detector/solution1/.autopilot/db/applyIIRFilter.compgen.tcl 
INFO: [HLS 200-111] Finished Generating all RTL models: CPU user time: 0.24 seconds. CPU system time: 0.03 seconds. Elapsed time: 0.28 seconds; current allocated memory: 780.039 MB.
INFO-FLOW: DBG:PROC: ::HLSREPORTS::create_csynth_xml bind_info_var='bind_info' RtlSubPrefix='applyIIRFilter_' outfile=''
INFO-FLOW: Running: create_csynth_xml read xml data
INFO-FLOW: Done: create_csynth_xml read xml data time: 0 seconds per iteration
INFO-FLOW: Running: create_csynth_xml bind info
INFO-FLOW: Done: create_csynth_xml bind info time: 0 seconds per iteration
INFO-FLOW: Running: create_csynth_xml config info
INFO-FLOW: Done: create_csynth_xml config info time: 0 seconds per iteration
INFO-FLOW: Running: create_csynth_xml write xml
INFO-FLOW: Done: create_csynth_xml write xml time: 0 seconds per iteration
INFO-FLOW: DBG:PUTS:      create_csynth_xml wrote csynth_xml=/home/caccolillo/Downloads/TUTORIAL_FSK/FSK_MODEM/HLS/FILTER_ENVELOPE_DETECTOR/filter_envelope_detector/solution1/syn/report/csynth.xml
INFO-FLOW: DBG:PROC: ::AP::DESIGN_DATA::generate_json generate_bd_files='0' generate_xo_files='0' modelList='applyIIRFilter_mul_31ns_32s_63_2_1
applyIIRFilter_mul_32s_32s_63_2_1
applyIIRFilter_mul_32s_31ns_63_2_1
applyIIRFilter_NUM_1_0_ROM_AUTO_1R
applyIIRFilter_delay_RAM_AUTO_1R1W
applyIIRFilter_NUM_1_1_ROM_AUTO_1R
applyIIRFilter_DEN_1_1_ROM_AUTO_1R
applyIIRFilter_DEN_1_2_ROM_AUTO_1R
applyIIRFilter_flow_control_loop_pipe
applyIIRFilter
' rtl_lang='both' bootstrap_tcl='false' outdir='' outfilename=''
Execute       source /home/caccolillo/Downloads/TUTORIAL_FSK/FSK_MODEM/HLS/FILTER_ENVELOPE_DETECTOR/filter_envelope_detector/solution1/.autopilot/db/global.setting.tcl 
Execute       source /home/caccolillo/Downloads/TUTORIAL_FSK/FSK_MODEM/HLS/FILTER_ENVELOPE_DETECTOR/filter_envelope_detector/solution1/.autopilot/db/global.setting.tcl 
Execute       source /home/caccolillo/Downloads/TUTORIAL_FSK/FSK_MODEM/HLS/FILTER_ENVELOPE_DETECTOR/filter_envelope_detector/solution1/.autopilot/db/top-io-be.tcl 
Execute       source /home/caccolillo/Downloads/TUTORIAL_FSK/FSK_MODEM/HLS/FILTER_ENVELOPE_DETECTOR/filter_envelope_detector/solution1/.autopilot/db/applyIIRFilter.tbgen.tcl 
Execute       source /home/caccolillo/Downloads/TUTORIAL_FSK/FSK_MODEM/HLS/FILTER_ENVELOPE_DETECTOR/filter_envelope_detector/solution1/.autopilot/db/applyIIRFilter.rtl_wrap.cfg.tcl 
Execute       source /home/caccolillo/Downloads/TUTORIAL_FSK/FSK_MODEM/HLS/FILTER_ENVELOPE_DETECTOR/filter_envelope_detector/solution1/.autopilot/db/applyIIRFilter.compgen.dataonly.tcl 
Execute       source /home/caccolillo/Downloads/TUTORIAL_FSK/FSK_MODEM/HLS/FILTER_ENVELOPE_DETECTOR/filter_envelope_detector/solution1/.autopilot/db/applyIIRFilter.tbgen.tcl 
Execute       source /home/caccolillo/Downloads/TUTORIAL_FSK/FSK_MODEM/HLS/FILTER_ENVELOPE_DETECTOR/filter_envelope_detector/solution1/.autopilot/db/global.setting.tcl 
Execute       ap_part_info -name xc7a100t-csg324-1 -data names -quiet 
Execute       ap_part_info -name xc7a100t-csg324-1 -data info -quiet 
Execute       source /home/caccolillo/Downloads/TUTORIAL_FSK/FSK_MODEM/HLS/FILTER_ENVELOPE_DETECTOR/filter_envelope_detector/solution1/.autopilot/db/applyIIRFilter.constraint.tcl 
Execute       sc_get_clocks applyIIRFilter 
Execute       source /home/caccolillo/Downloads/TUTORIAL_FSK/FSK_MODEM/HLS/FILTER_ENVELOPE_DETECTOR/filter_envelope_detector/solution1/.autopilot/db/global.setting.tcl 
INFO-FLOW: DBG:PROC: ::HLSREPORTS::add_csynth_report_sections bind_info_dict='adapter_nodes {} report_dict {TOPINST applyIIRFilter MODULE2INSTS {applyIIRFilter applyIIRFilter} INST2MODULE {applyIIRFilter applyIIRFilter} INSTDATA {applyIIRFilter {DEPTH 1 CHILDREN {}}} MODULEDATA {applyIIRFilter {BINDINFO {{BINDTYPE op ID {} IMPL auto LATENCY 1 OPTYPE mul PRAGMA {} RTLNAME mul_31ns_32s_63_2_1_U1 SOURCE filter_envelope_detector.c:18 VARIABLE mul_ln18 LOOP VITIS_LOOP_16_1 BUNDLEDNAME {} DSP 3 BRAM 0 URAM 0 DISPNAME {bind_op mul}} {BINDTYPE op ID {} IMPL auto LATENCY 1 OPTYPE mul PRAGMA {} RTLNAME mul_32s_31ns_63_2_1_U5 SOURCE filter_envelope_detector.c:21 VARIABLE mul_ln21 LOOP VITIS_LOOP_16_1 BUNDLEDNAME {} DSP 3 BRAM 0 URAM 0 DISPNAME {bind_op mul}} {BINDTYPE op ID {} IMPL auto LATENCY 1 OPTYPE mul PRAGMA {} RTLNAME mul_31ns_32s_63_2_1_U2 SOURCE filter_envelope_detector.c:22 VARIABLE mul_ln22 LOOP VITIS_LOOP_16_1 BUNDLEDNAME {} DSP 3 BRAM 0 URAM 0 DISPNAME {bind_op mul}} {BINDTYPE op ID {} IMPL auto LATENCY 1 OPTYPE mul PRAGMA {} RTLNAME mul_31ns_32s_63_2_1_U3 SOURCE filter_envelope_detector.c:23 VARIABLE mul_ln23 LOOP VITIS_LOOP_16_1 BUNDLEDNAME {} DSP 3 BRAM 0 URAM 0 DISPNAME {bind_op mul}} {BINDTYPE op ID {} IMPL auto LATENCY 1 OPTYPE mul PRAGMA {} RTLNAME mul_32s_32s_63_2_1_U4 SOURCE filter_envelope_detector.c:24 VARIABLE mul_ln24 LOOP VITIS_LOOP_16_1 BUNDLEDNAME {} DSP 3 BRAM 0 URAM 0 DISPNAME {bind_op mul}} {BINDTYPE op ID {} IMPL auto LATENCY 1 OPTYPE mul PRAGMA {} RTLNAME mul_31ns_32s_63_2_1_U6 SOURCE filter_envelope_detector.c:25 VARIABLE mul_ln25 LOOP VITIS_LOOP_16_1 BUNDLEDNAME {} DSP 3 BRAM 0 URAM 0 DISPNAME {bind_op mul}} {BINDTYPE op ID {} IMPL fabric LATENCY 0 OPTYPE add PRAGMA {} RTLNAME add_ln16_fu_247_p2 SOURCE filter_envelope_detector.c:16 VARIABLE add_ln16 LOOP VITIS_LOOP_16_1 BUNDLEDNAME {} DSP 0 BRAM 0 URAM 0 DISPNAME {bind_op add}} {BINDTYPE storage ID {} IMPL auto LATENCY 1 OPTYPE rom_1p PRAGMA {} RTLNAME NUM_1_0_U SOURCE {} VARIABLE NUM_1_0 LOOP {} BUNDLEDNAME {} DSP 0 BRAM 0 URAM 0 DISPNAME {bind_storage rom_1p}} {BINDTYPE storage ID {} IMPL auto LATENCY 1 OPTYPE ram_t2p PRAGMA {} RTLNAME delay_U SOURCE {} VARIABLE delay LOOP {} BUNDLEDNAME {} DSP 0 BRAM 0 URAM 0 DISPNAME {bind_storage ram_t2p}} {BINDTYPE storage ID {} IMPL auto LATENCY 1 OPTYPE rom_1p PRAGMA {} RTLNAME NUM_1_1_U SOURCE {} VARIABLE NUM_1_1 LOOP {} BUNDLEDNAME {} DSP 0 BRAM 0 URAM 0 DISPNAME {bind_storage rom_1p}} {BINDTYPE storage ID {} IMPL auto LATENCY 1 OPTYPE rom_1p PRAGMA {} RTLNAME NUM_1_2_U SOURCE {} VARIABLE NUM_1_2 LOOP {} BUNDLEDNAME {} DSP 0 BRAM 0 URAM 0 DISPNAME {bind_storage rom_1p}} {BINDTYPE storage ID {} IMPL auto LATENCY 1 OPTYPE rom_1p PRAGMA {} RTLNAME DEN_1_1_U SOURCE {} VARIABLE DEN_1_1 LOOP {} BUNDLEDNAME {} DSP 0 BRAM 0 URAM 0 DISPNAME {bind_storage rom_1p}} {BINDTYPE storage ID {} IMPL auto LATENCY 1 OPTYPE rom_1p PRAGMA {} RTLNAME DEN_1_2_U SOURCE {} VARIABLE DEN_1_2 LOOP {} BUNDLEDNAME {} DSP 0 BRAM 0 URAM 0 DISPNAME {bind_storage rom_1p}}} AREA {DSP 18 BRAM 0 URAM 0}}}}'
INFO-FLOW: DBG:PUTS:      update_csynth_reports json2rpt_hw_sw_interfaces
INFO-FLOW: Running: gen_csynth_sec_pragma
INFO-FLOW: Done: gen_csynth_sec_pragma time: 0 seconds per iteration
INFO-FLOW: DBG:PUTS:      update_csynth_reports wrote xml
INFO-FLOW: DBG:PUTS:      update_csynth_reports appended to csynth rpt file
INFO: [HLS 200-111] Finished Updating report files: CPU user time: 0.14 seconds. CPU system time: 0 seconds. Elapsed time: 0.15 seconds; current allocated memory: 783.152 MB.
INFO: [VHDL 208-304] Generating VHDL RTL for applyIIRFilter.
INFO: [VLOG 209-307] Generating Verilog RTL for applyIIRFilter.
Execute       syn_report -model applyIIRFilter -printsummary 
INFO: [HLS 200-790] **** Loop Constraint Status: All loop constraints were NOT satisfied.
INFO: [HLS 200-789] **** Estimated Fmax: 142.33 MHz
Command     autosyn done; 0.66 sec.
Command   csynth_design done; 4.47 sec.
INFO: [HLS 200-111] Finished Command csynth_design CPU user time: 3.19 seconds. CPU system time: 1.17 seconds. Elapsed time: 4.47 seconds; current allocated memory: 26.266 MB.
Command ap_source done; 16.11 sec.
Execute cleanup_all 
INFO-FLOW: Workspace /home/caccolillo/Downloads/TUTORIAL_FSK/FSK_MODEM/HLS/FILTER_ENVELOPE_DETECTOR/filter_envelope_detector/solution1 opened at Sun Jun 29 20:35:42 BST 2025
Execute     ap_set_clock -name default -period 10 -default=false 
INFO: [SYN 201-201] Setting up clock 'default' with a period of 10ns.
Execute     set_part xc7a100t-csg324-1 
Execute       create_platform xc7a100t-csg324-1 -board  
DBG:HLSDevice: Trying to load device library: /home/caccolillo/Xilinx_2022_2/Vitis_HLS/2022.2/lib/lnx64.o/libxv_hlsvwrap.so
DBG:HLSDevice: first parts/arch.xml in RDI_DATADIR: /home/caccolillo/Xilinx_2022_2/Vivado/2022.2/data/parts/arch.xml
DBG:HLSDevice: init success
INFO: [HLS 200-1611] Setting target device to 'xc7a100t-csg324-1'
Command       create_platform done; 1.38 sec.
Execute       source /home/caccolillo/Xilinx_2022_2/Vitis_HLS/2022.2/common/technology/xilinx/common/xilinx.gen 
Execute         source /home/caccolillo/Xilinx_2022_2/Vitis_HLS/2022.2/common/technology/xilinx/interface/plb46.gen 
Execute         source /home/caccolillo/Xilinx_2022_2/Vitis_HLS/2022.2/common/technology/xilinx/interface/axi4.gen 
Execute         source /home/caccolillo/Xilinx_2022_2/Vitis_HLS/2022.2/common/technology/xilinx/interface/nativeAXI4.gen 
Execute           source /home/caccolillo/Xilinx_2022_2/Vitis_HLS/2022.2/common/technology/xilinx/interface/saxilite.gen 
Execute         source /home/caccolillo/Xilinx_2022_2/Vitis_HLS/2022.2/common/technology/xilinx/scripts/xilinxcoregen.gen 
Execute         source /home/caccolillo/Xilinx_2022_2/Vitis_HLS/2022.2/common/technology/xilinx/interface/XilEDKCoreGen.gen 
Execute         source /home/caccolillo/Xilinx_2022_2/Vitis_HLS/2022.2/common/technology/xilinx/ip/dds_compiler.gen 
Execute         source /home/caccolillo/Xilinx_2022_2/Vitis_HLS/2022.2/common/technology/xilinx/ip/xfft.gen 
Execute         source /home/caccolillo/Xilinx_2022_2/Vitis_HLS/2022.2/common/technology/xilinx/ip/xfir.gen 
Execute         source /home/caccolillo/Xilinx_2022_2/Vitis_HLS/2022.2/common/technology/xilinx/ip/util.gen 
Execute         source /home/caccolillo/Xilinx_2022_2/Vitis_HLS/2022.2/common/technology/xilinx/DSP48/dsp48.gen 
Execute       ap_part_info -name xc7a100t-csg324-1 -data info 
Execute       config_compile -quiet -complex-mul-dsp=0 
Command     set_part done; 1.46 sec.
Execute     send_msg_by_id INFO @200-1505@%s%s  vivado 
INFO: [HLS 200-1505] Using flow_target 'vivado'
Command   open_solution done; 1.51 sec.
Execute   set_part xc7a100tcsg324-1 
INFO: [HLS 200-1510] Running: set_part xc7a100tcsg324-1 
Execute     create_platform xc7a100tcsg324-1 -board  
Execute     source /home/caccolillo/Xilinx_2022_2/Vitis_HLS/2022.2/common/technology/xilinx/common/xilinx.gen 
Execute       source /home/caccolillo/Xilinx_2022_2/Vitis_HLS/2022.2/common/technology/xilinx/interface/plb46.gen 
Execute       source /home/caccolillo/Xilinx_2022_2/Vitis_HLS/2022.2/common/technology/xilinx/interface/axi4.gen 
Execute       source /home/caccolillo/Xilinx_2022_2/Vitis_HLS/2022.2/common/technology/xilinx/interface/nativeAXI4.gen 
Execute         source /home/caccolillo/Xilinx_2022_2/Vitis_HLS/2022.2/common/technology/xilinx/interface/saxilite.gen 
Execute       source /home/caccolillo/Xilinx_2022_2/Vitis_HLS/2022.2/common/technology/xilinx/scripts/xilinxcoregen.gen 
Execute       source /home/caccolillo/Xilinx_2022_2/Vitis_HLS/2022.2/common/technology/xilinx/interface/XilEDKCoreGen.gen 
Execute       source /home/caccolillo/Xilinx_2022_2/Vitis_HLS/2022.2/common/technology/xilinx/ip/dds_compiler.gen 
Execute       source /home/caccolillo/Xilinx_2022_2/Vitis_HLS/2022.2/common/technology/xilinx/ip/xfft.gen 
Execute       source /home/caccolillo/Xilinx_2022_2/Vitis_HLS/2022.2/common/technology/xilinx/ip/xfir.gen 
Execute       source /home/caccolillo/Xilinx_2022_2/Vitis_HLS/2022.2/common/technology/xilinx/ip/util.gen 
Execute       source /home/caccolillo/Xilinx_2022_2/Vitis_HLS/2022.2/common/technology/xilinx/DSP48/dsp48.gen 
Execute     ap_part_info -name xc7a100t-csg324-1 -data info 
Execute     config_compile -quiet -complex-mul-dsp=0 
Execute   create_clock -period 10 -name default 
INFO: [HLS 200-1510] Running: create_clock -period 10 -name default 
Execute   csim_design -clean -setup -quiet 
INFO: [HLS 200-1510] Running: csim_design -clean -setup -quiet 
Execute     source /home/caccolillo/Downloads/TUTORIAL_FSK/FSK_MODEM/HLS/FILTER_ENVELOPE_DETECTOR/filter_envelope_detector/solution1/.autopilot/db/global.setting.tcl 
INFO: [SIM 211-2] *************** CSIM start ***************
INFO: [SIM 211-4] CSIM will launch GCC as the compiler.
Execute     ap_part_info -name xc7a100t-csg324-1 -data info 
INFO: [SIM 211-1] CSim file generation done with 0 errors.
INFO: [SIM 211-3] *************** CSIM finish ***************
Command   csim_design done; 4.31 sec.
INFO: [HLS 200-111] Finished Command csim_design CPU user time: 3.75 seconds. CPU system time: 0.81 seconds. Elapsed time: 4.31 seconds; current allocated memory: 0.000 MB.
Command ap_source done; 15.97 sec.
Execute cleanup_all 
INFO-FLOW: Workspace /home/caccolillo/Downloads/TUTORIAL_FSK/FSK_MODEM/HLS/FILTER_ENVELOPE_DETECTOR/filter_envelope_detector/solution1 opened at Sun Jun 29 20:37:50 BST 2025
Execute     ap_set_clock -name default -period 10 -default=false 
INFO: [SYN 201-201] Setting up clock 'default' with a period of 10ns.
Execute     set_part xc7a100t-csg324-1 
Execute       create_platform xc7a100t-csg324-1 -board  
DBG:HLSDevice: Trying to load device library: /home/caccolillo/Xilinx_2022_2/Vitis_HLS/2022.2/lib/lnx64.o/libxv_hlsvwrap.so
DBG:HLSDevice: first parts/arch.xml in RDI_DATADIR: /home/caccolillo/Xilinx_2022_2/Vivado/2022.2/data/parts/arch.xml
DBG:HLSDevice: init success
INFO: [HLS 200-1611] Setting target device to 'xc7a100t-csg324-1'
Command       create_platform done; 1.35 sec.
Execute       source /home/caccolillo/Xilinx_2022_2/Vitis_HLS/2022.2/common/technology/xilinx/common/xilinx.gen 
Execute         source /home/caccolillo/Xilinx_2022_2/Vitis_HLS/2022.2/common/technology/xilinx/interface/plb46.gen 
Execute         source /home/caccolillo/Xilinx_2022_2/Vitis_HLS/2022.2/common/technology/xilinx/interface/axi4.gen 
Execute         source /home/caccolillo/Xilinx_2022_2/Vitis_HLS/2022.2/common/technology/xilinx/interface/nativeAXI4.gen 
Execute           source /home/caccolillo/Xilinx_2022_2/Vitis_HLS/2022.2/common/technology/xilinx/interface/saxilite.gen 
Execute         source /home/caccolillo/Xilinx_2022_2/Vitis_HLS/2022.2/common/technology/xilinx/scripts/xilinxcoregen.gen 
Execute         source /home/caccolillo/Xilinx_2022_2/Vitis_HLS/2022.2/common/technology/xilinx/interface/XilEDKCoreGen.gen 
Execute         source /home/caccolillo/Xilinx_2022_2/Vitis_HLS/2022.2/common/technology/xilinx/ip/dds_compiler.gen 
Execute         source /home/caccolillo/Xilinx_2022_2/Vitis_HLS/2022.2/common/technology/xilinx/ip/xfft.gen 
Execute         source /home/caccolillo/Xilinx_2022_2/Vitis_HLS/2022.2/common/technology/xilinx/ip/xfir.gen 
Execute         source /home/caccolillo/Xilinx_2022_2/Vitis_HLS/2022.2/common/technology/xilinx/ip/util.gen 
Execute         source /home/caccolillo/Xilinx_2022_2/Vitis_HLS/2022.2/common/technology/xilinx/DSP48/dsp48.gen 
Execute       ap_part_info -name xc7a100t-csg324-1 -data info 
Execute       config_compile -quiet -complex-mul-dsp=0 
Command     set_part done; 1.44 sec.
Execute     send_msg_by_id INFO @200-1505@%s%s  vivado 
INFO: [HLS 200-1505] Using flow_target 'vivado'
Command   open_solution done; 1.49 sec.
Execute   set_part xc7a100tcsg324-1 
INFO: [HLS 200-1510] Running: set_part xc7a100tcsg324-1 
Execute     create_platform xc7a100tcsg324-1 -board  
Execute     source /home/caccolillo/Xilinx_2022_2/Vitis_HLS/2022.2/common/technology/xilinx/common/xilinx.gen 
Execute       source /home/caccolillo/Xilinx_2022_2/Vitis_HLS/2022.2/common/technology/xilinx/interface/plb46.gen 
Execute       source /home/caccolillo/Xilinx_2022_2/Vitis_HLS/2022.2/common/technology/xilinx/interface/axi4.gen 
Execute       source /home/caccolillo/Xilinx_2022_2/Vitis_HLS/2022.2/common/technology/xilinx/interface/nativeAXI4.gen 
Execute         source /home/caccolillo/Xilinx_2022_2/Vitis_HLS/2022.2/common/technology/xilinx/interface/saxilite.gen 
Execute       source /home/caccolillo/Xilinx_2022_2/Vitis_HLS/2022.2/common/technology/xilinx/scripts/xilinxcoregen.gen 
Execute       source /home/caccolillo/Xilinx_2022_2/Vitis_HLS/2022.2/common/technology/xilinx/interface/XilEDKCoreGen.gen 
Execute       source /home/caccolillo/Xilinx_2022_2/Vitis_HLS/2022.2/common/technology/xilinx/ip/dds_compiler.gen 
Execute       source /home/caccolillo/Xilinx_2022_2/Vitis_HLS/2022.2/common/technology/xilinx/ip/xfft.gen 
Execute       source /home/caccolillo/Xilinx_2022_2/Vitis_HLS/2022.2/common/technology/xilinx/ip/xfir.gen 
Execute       source /home/caccolillo/Xilinx_2022_2/Vitis_HLS/2022.2/common/technology/xilinx/ip/util.gen 
Execute       source /home/caccolillo/Xilinx_2022_2/Vitis_HLS/2022.2/common/technology/xilinx/DSP48/dsp48.gen 
Execute     ap_part_info -name xc7a100t-csg324-1 -data info 
Execute     config_compile -quiet -complex-mul-dsp=0 
Execute   create_clock -period 10 -name default 
INFO: [HLS 200-1510] Running: create_clock -period 10 -name default 
Execute   csim_design -clean -setup -quiet 
INFO: [HLS 200-1510] Running: csim_design -clean -setup -quiet 
Execute     source /home/caccolillo/Downloads/TUTORIAL_FSK/FSK_MODEM/HLS/FILTER_ENVELOPE_DETECTOR/filter_envelope_detector/solution1/.autopilot/db/global.setting.tcl 
INFO: [SIM 211-2] *************** CSIM start ***************
INFO: [SIM 211-4] CSIM will launch GCC as the compiler.
Execute     source csim/.lst_opt.tcl 
Execute     ap_part_info -name xc7a100t-csg324-1 -data info 
INFO: [SIM 211-1] CSim file generation done with 0 errors.
INFO: [SIM 211-3] *************** CSIM finish ***************
Command   csim_design done; 4.31 sec.
INFO: [HLS 200-111] Finished Command csim_design CPU user time: 3.74 seconds. CPU system time: 0.85 seconds. Elapsed time: 4.31 seconds; current allocated memory: 0.000 MB.
Command ap_source done; 15.95 sec.
Execute cleanup_all 
INFO-FLOW: Workspace /home/caccolillo/Downloads/TUTORIAL_FSK/FSK_MODEM/HLS/FILTER_ENVELOPE_DETECTOR/filter_envelope_detector/solution1 opened at Sun Jun 29 20:40:23 BST 2025
Execute     ap_set_clock -name default -period 10 -default=false 
INFO: [SYN 201-201] Setting up clock 'default' with a period of 10ns.
Execute     set_part xc7a100t-csg324-1 
Execute       create_platform xc7a100t-csg324-1 -board  
DBG:HLSDevice: Trying to load device library: /home/caccolillo/Xilinx_2022_2/Vitis_HLS/2022.2/lib/lnx64.o/libxv_hlsvwrap.so
DBG:HLSDevice: first parts/arch.xml in RDI_DATADIR: /home/caccolillo/Xilinx_2022_2/Vivado/2022.2/data/parts/arch.xml
DBG:HLSDevice: init success
INFO: [HLS 200-1611] Setting target device to 'xc7a100t-csg324-1'
Command       create_platform done; 1.35 sec.
Execute       source /home/caccolillo/Xilinx_2022_2/Vitis_HLS/2022.2/common/technology/xilinx/common/xilinx.gen 
Execute         source /home/caccolillo/Xilinx_2022_2/Vitis_HLS/2022.2/common/technology/xilinx/interface/plb46.gen 
Execute         source /home/caccolillo/Xilinx_2022_2/Vitis_HLS/2022.2/common/technology/xilinx/interface/axi4.gen 
Execute         source /home/caccolillo/Xilinx_2022_2/Vitis_HLS/2022.2/common/technology/xilinx/interface/nativeAXI4.gen 
Execute           source /home/caccolillo/Xilinx_2022_2/Vitis_HLS/2022.2/common/technology/xilinx/interface/saxilite.gen 
Execute         source /home/caccolillo/Xilinx_2022_2/Vitis_HLS/2022.2/common/technology/xilinx/scripts/xilinxcoregen.gen 
Execute         source /home/caccolillo/Xilinx_2022_2/Vitis_HLS/2022.2/common/technology/xilinx/interface/XilEDKCoreGen.gen 
Execute         source /home/caccolillo/Xilinx_2022_2/Vitis_HLS/2022.2/common/technology/xilinx/ip/dds_compiler.gen 
Execute         source /home/caccolillo/Xilinx_2022_2/Vitis_HLS/2022.2/common/technology/xilinx/ip/xfft.gen 
Execute         source /home/caccolillo/Xilinx_2022_2/Vitis_HLS/2022.2/common/technology/xilinx/ip/xfir.gen 
Execute         source /home/caccolillo/Xilinx_2022_2/Vitis_HLS/2022.2/common/technology/xilinx/ip/util.gen 
Execute         source /home/caccolillo/Xilinx_2022_2/Vitis_HLS/2022.2/common/technology/xilinx/DSP48/dsp48.gen 
Execute       ap_part_info -name xc7a100t-csg324-1 -data info 
Execute       config_compile -quiet -complex-mul-dsp=0 
Command     set_part done; 1.44 sec.
Execute     send_msg_by_id INFO @200-1505@%s%s  vivado 
INFO: [HLS 200-1505] Using flow_target 'vivado'
Command   open_solution done; 1.49 sec.
Execute   set_part xc7a100tcsg324-1 
INFO: [HLS 200-1510] Running: set_part xc7a100tcsg324-1 
Execute     create_platform xc7a100tcsg324-1 -board  
Execute     source /home/caccolillo/Xilinx_2022_2/Vitis_HLS/2022.2/common/technology/xilinx/common/xilinx.gen 
Execute       source /home/caccolillo/Xilinx_2022_2/Vitis_HLS/2022.2/common/technology/xilinx/interface/plb46.gen 
Execute       source /home/caccolillo/Xilinx_2022_2/Vitis_HLS/2022.2/common/technology/xilinx/interface/axi4.gen 
Execute       source /home/caccolillo/Xilinx_2022_2/Vitis_HLS/2022.2/common/technology/xilinx/interface/nativeAXI4.gen 
Execute         source /home/caccolillo/Xilinx_2022_2/Vitis_HLS/2022.2/common/technology/xilinx/interface/saxilite.gen 
Execute       source /home/caccolillo/Xilinx_2022_2/Vitis_HLS/2022.2/common/technology/xilinx/scripts/xilinxcoregen.gen 
Execute       source /home/caccolillo/Xilinx_2022_2/Vitis_HLS/2022.2/common/technology/xilinx/interface/XilEDKCoreGen.gen 
Execute       source /home/caccolillo/Xilinx_2022_2/Vitis_HLS/2022.2/common/technology/xilinx/ip/dds_compiler.gen 
Execute       source /home/caccolillo/Xilinx_2022_2/Vitis_HLS/2022.2/common/technology/xilinx/ip/xfft.gen 
Execute       source /home/caccolillo/Xilinx_2022_2/Vitis_HLS/2022.2/common/technology/xilinx/ip/xfir.gen 
Execute       source /home/caccolillo/Xilinx_2022_2/Vitis_HLS/2022.2/common/technology/xilinx/ip/util.gen 
Execute       source /home/caccolillo/Xilinx_2022_2/Vitis_HLS/2022.2/common/technology/xilinx/DSP48/dsp48.gen 
Execute     ap_part_info -name xc7a100t-csg324-1 -data info 
Execute     config_compile -quiet -complex-mul-dsp=0 
Execute   create_clock -period 10 -name default 
INFO: [HLS 200-1510] Running: create_clock -period 10 -name default 
Execute   csim_design -clean -setup -quiet 
INFO: [HLS 200-1510] Running: csim_design -clean -setup -quiet 
Execute     source /home/caccolillo/Downloads/TUTORIAL_FSK/FSK_MODEM/HLS/FILTER_ENVELOPE_DETECTOR/filter_envelope_detector/solution1/.autopilot/db/global.setting.tcl 
INFO: [SIM 211-2] *************** CSIM start ***************
INFO: [SIM 211-4] CSIM will launch GCC as the compiler.
Execute     source csim/.lst_opt.tcl 
Execute     ap_part_info -name xc7a100t-csg324-1 -data info 
INFO: [SIM 211-1] CSim file generation done with 0 errors.
INFO: [SIM 211-3] *************** CSIM finish ***************
Command   csim_design done; 4.32 sec.
INFO: [HLS 200-111] Finished Command csim_design CPU user time: 3.74 seconds. CPU system time: 0.84 seconds. Elapsed time: 4.32 seconds; current allocated memory: 0.000 MB.
Command ap_source done; 15.94 sec.
Execute cleanup_all 
