INFO: [SIM 2] *************** CSIM start ***************
INFO: [SIM 4] CSIM will launch GCC as the compiler.
   Compiling(apcc) ../../../../filter1_tb.c in debug mode
INFO: [HLS 200-10] Running '/home/caccolillo/Xilinx_2022_2/Vitis_HLS/2022.2/bin/unwrapped/lnx64.o/apcc'
INFO: [HLS 200-10] For user 'caccolillo' on host 'caccolillo-OMEN-25L-Desktop-GT12-1xxx' (Linux_x86_64 version 5.15.0-139-generic) on Sun Jun 29 19:52:30 BST 2025
INFO: [HLS 200-10] On os Ubuntu 20.04.3 LTS
INFO: [HLS 200-10] In directory '/home/caccolillo/Downloads/TUTORIAL_FSK/FSK_MODEM/HLS/FILTER1/filter1_prj/solution1/csim/build'
INFO: [APCC 202-3] Tmp directory is /tmp/apcc_db_caccolillo/249411751223150214691
INFO: [APCC 202-1] APCC is done.
INFO: [HLS 200-112] Total CPU user time: 1.1 seconds. Total CPU system time: 0.22 seconds. Total elapsed time: 1.22 seconds; peak allocated memory: 98.980 MB.
   Compiling(apcc) ../../../../filter1.c in debug mode
INFO: [HLS 200-10] Running '/home/caccolillo/Xilinx_2022_2/Vitis_HLS/2022.2/bin/unwrapped/lnx64.o/apcc'
INFO: [HLS 200-10] For user 'caccolillo' on host 'caccolillo-OMEN-25L-Desktop-GT12-1xxx' (Linux_x86_64 version 5.15.0-139-generic) on Sun Jun 29 19:52:32 BST 2025
INFO: [HLS 200-10] On os Ubuntu 20.04.3 LTS
INFO: [HLS 200-10] In directory '/home/caccolillo/Downloads/TUTORIAL_FSK/FSK_MODEM/HLS/FILTER1/filter1_prj/solution1/csim/build'
INFO: [APCC 202-3] Tmp directory is /tmp/apcc_db_caccolillo/250021751223152206270
INFO: [APCC 202-1] APCC is done.
INFO: [HLS 200-112] Total CPU user time: 1.12 seconds. Total CPU system time: 0.24 seconds. Total elapsed time: 1.23 seconds; peak allocated memory: 98.980 MB.
   Generating csim.exe
INFO: [SIM 1] CSim file generation done with 0 errors.
INFO: [SIM 3] *************** CSIM finish ***************
