Sun Jun 29 19:50:11 2025: Running xcd server. This server was built by gradle.
Sun Jun 29 19:50:11 2025: Server was asked to start on port: '41029'
Sun Jun 29 19:50:11 2025: Server is using token UUID: '8439db8a-c319-4e63-9eed-9c30478e389f'
Sun Jun 29 19:50:11 2025: SESSION_MGR: creating session with session uuid: '6d04a3e9-ade5-4ab9-8d63-1f78fcd2ec76' and name 'default'
Sun Jun 29 19:50:11 2025: Attempting to start server on port '41029'
Sun Jun 29 19:50:11 2025: XCD main fifo: created main fifo '/tmp/xcdmain8439db8a-c319-4e63-9eed-9c30478e389f', fd read = 13
Sun Jun 29 19:50:11 2025: Running Dispatch Server
Sun Jun 29 19:50:11 2025: Version 2.2.0
Sun Jun 29 19:50:21 2025: Dispatch Server: Accepted socket connection from client
Sun Jun 29 19:50:21 2025: Starting Socket connection
Sun Jun 29 19:50:21 2025: EXCHANGE_TOKEN received, server token: 8439db8a-c319-4e63-9eed-9c30478e389f, passed token: 8439db8a-c319-4e63-9eed-9c30478e389f
Sun Jun 29 19:50:21 2025: SESSION_MGR: creating session with session uuid: 'f9ae6099-19ae-48fc-9d32-f99bb2f13cb5' and name 'vitis_hls'
Sun Jun 29 19:50:21 2025: KERNEL_SVC: creating session with uuid: 'f9ae6099-19ae-48fc-9d32-f99bb2f13cb5' and name 'vitis_hls'
Sun Jun 29 19:50:21 2025: GUIDANCE_SMGR: creating guidance session with uuid: 'f9ae6099-19ae-48fc-9d32-f99bb2f13cb5' and name 'vitis_hls'
Sun Jun 29 19:50:26 2025: STOP_SERVER received, server token: 8439db8a-c319-4e63-9eed-9c30478e389f, passed token: 8439db8a-c319-4e63-9eed-9c30478e389f
Sun Jun 29 19:50:26 2025: Socket received request to stop server.
Sun Jun 29 19:50:26 2025: Dispatch Server: do_await_stop
Sun Jun 29 19:50:26 2025: Dispatch Server: stopping mainFifo_
Sun Jun 29 19:50:26 2025: XCD main fifo: Stopping
Sun Jun 29 19:50:26 2025: XCD main fifo: do_read error code: Operation canceled
Sun Jun 29 19:50:26 2025: XCD main fifo: bytes_transferred: 0
Sun Jun 29 19:50:26 2025: SERVER: destructor for server bound to port 41029
Sun Jun 29 19:50:26 2025: XCD main fifo: Good unlink of /tmp/xcdmain8439db8a-c319-4e63-9eed-9c30478e389f
Sun Jun 29 19:50:26 2025: Server exiting with status 0.
Sun Jun 29 19:50:26 2025: Closing log file.
Sun Jun 29 19:50:57 2025: Running xcd server. This server was built by gradle.
Sun Jun 29 19:50:57 2025: Server was asked to start on port: '37045'
Sun Jun 29 19:50:57 2025: Server is using token UUID: '73d9edcd-01c9-4ae4-a536-d83500fb5c7e'
Sun Jun 29 19:50:57 2025: SESSION_MGR: creating session with session uuid: '6d04a3e9-ade5-4ab9-8d63-1f78fcd2ec76' and name 'default'
Sun Jun 29 19:50:57 2025: Attempting to start server on port '37045'
Sun Jun 29 19:50:57 2025: XCD main fifo: created main fifo '/tmp/xcdmain73d9edcd-01c9-4ae4-a536-d83500fb5c7e', fd read = 13
Sun Jun 29 19:50:57 2025: Running Dispatch Server
Sun Jun 29 19:50:57 2025: Version 2.2.0
Sun Jun 29 19:51:06 2025: Dispatch Server: Accepted socket connection from client
Sun Jun 29 19:51:06 2025: Starting Socket connection
Sun Jun 29 19:51:06 2025: EXCHANGE_TOKEN received, server token: 73d9edcd-01c9-4ae4-a536-d83500fb5c7e, passed token: 73d9edcd-01c9-4ae4-a536-d83500fb5c7e
Sun Jun 29 19:51:06 2025: SESSION_MGR: creating session with session uuid: 'd6d8f1ee-bf58-4e7b-a673-138ad8bc5c89' and name 'vitis_hls'
Sun Jun 29 19:51:06 2025: KERNEL_SVC: creating session with uuid: 'd6d8f1ee-bf58-4e7b-a673-138ad8bc5c89' and name 'vitis_hls'
Sun Jun 29 19:51:06 2025: GUIDANCE_SMGR: creating guidance session with uuid: 'd6d8f1ee-bf58-4e7b-a673-138ad8bc5c89' and name 'vitis_hls'
Sun Jun 29 19:51:13 2025: STOP_SERVER received, server token: 73d9edcd-01c9-4ae4-a536-d83500fb5c7e, passed token: 73d9edcd-01c9-4ae4-a536-d83500fb5c7e
Sun Jun 29 19:51:13 2025: Socket received request to stop server.
Sun Jun 29 19:51:13 2025: Dispatch Server: do_await_stop
Sun Jun 29 19:51:13 2025: Dispatch Server: stopping mainFifo_
Sun Jun 29 19:51:13 2025: XCD main fifo: Stopping
Sun Jun 29 19:51:13 2025: XCD main fifo: do_read error code: Operation canceled
Sun Jun 29 19:51:13 2025: XCD main fifo: bytes_transferred: 0
Sun Jun 29 19:51:13 2025: SERVER: destructor for server bound to port 37045
Sun Jun 29 19:51:13 2025: XCD main fifo: Good unlink of /tmp/xcdmain73d9edcd-01c9-4ae4-a536-d83500fb5c7e
Sun Jun 29 19:51:13 2025: Server exiting with status 0.
Sun Jun 29 19:51:13 2025: Closing log file.
Sun Jun 29 19:52:19 2025: Running xcd server. This server was built by gradle.
Sun Jun 29 19:52:19 2025: Server was asked to start on port: '38367'
Sun Jun 29 19:52:19 2025: Server is using token UUID: '83c31ac2-d537-46c8-ac70-2c8d61973307'
Sun Jun 29 19:52:19 2025: SESSION_MGR: creating session with session uuid: '6d04a3e9-ade5-4ab9-8d63-1f78fcd2ec76' and name 'default'
Sun Jun 29 19:52:19 2025: Attempting to start server on port '38367'
Sun Jun 29 19:52:19 2025: XCD main fifo: created main fifo '/tmp/xcdmain83c31ac2-d537-46c8-ac70-2c8d61973307', fd read = 13
Sun Jun 29 19:52:19 2025: Running Dispatch Server
Sun Jun 29 19:52:19 2025: Version 2.2.0
Sun Jun 29 19:52:28 2025: Dispatch Server: Accepted socket connection from client
Sun Jun 29 19:52:28 2025: Starting Socket connection
Sun Jun 29 19:52:28 2025: EXCHANGE_TOKEN received, server token: 83c31ac2-d537-46c8-ac70-2c8d61973307, passed token: 83c31ac2-d537-46c8-ac70-2c8d61973307
Sun Jun 29 19:52:28 2025: SESSION_MGR: creating session with session uuid: '0a4ac671-40c3-4371-bc1e-1d5b0db78b13' and name 'vitis_hls'
Sun Jun 29 19:52:28 2025: KERNEL_SVC: creating session with uuid: '0a4ac671-40c3-4371-bc1e-1d5b0db78b13' and name 'vitis_hls'
Sun Jun 29 19:52:28 2025: GUIDANCE_SMGR: creating guidance session with uuid: '0a4ac671-40c3-4371-bc1e-1d5b0db78b13' and name 'vitis_hls'
Sun Jun 29 19:52:33 2025: STOP_SERVER received, server token: 83c31ac2-d537-46c8-ac70-2c8d61973307, passed token: 83c31ac2-d537-46c8-ac70-2c8d61973307
Sun Jun 29 19:52:33 2025: Socket received request to stop server.
Sun Jun 29 19:52:33 2025: Dispatch Server: do_await_stop
Sun Jun 29 19:52:33 2025: Dispatch Server: stopping mainFifo_
Sun Jun 29 19:52:33 2025: XCD main fifo: Stopping
Sun Jun 29 19:52:33 2025: XCD main fifo: do_read error code: Operation canceled
Sun Jun 29 19:52:33 2025: XCD main fifo: bytes_transferred: 0
Sun Jun 29 19:52:33 2025: SERVER: destructor for server bound to port 38367
Sun Jun 29 19:52:33 2025: XCD main fifo: Good unlink of /tmp/xcdmain83c31ac2-d537-46c8-ac70-2c8d61973307
Sun Jun 29 19:52:33 2025: Server exiting with status 0.
Sun Jun 29 19:52:33 2025: Closing log file.
Sun Jun 29 19:53:12 2025: Running xcd server. This server was built by gradle.
Sun Jun 29 19:53:12 2025: Server was asked to start on port: '43131'
Sun Jun 29 19:53:12 2025: Server is using token UUID: '59e3d02d-c32c-40f2-bad7-353569f0ad5c'
Sun Jun 29 19:53:12 2025: SESSION_MGR: creating session with session uuid: '6d04a3e9-ade5-4ab9-8d63-1f78fcd2ec76' and name 'default'
Sun Jun 29 19:53:12 2025: Attempting to start server on port '43131'
Sun Jun 29 19:53:12 2025: XCD main fifo: created main fifo '/tmp/xcdmain59e3d02d-c32c-40f2-bad7-353569f0ad5c', fd read = 13
Sun Jun 29 19:53:12 2025: Running Dispatch Server
Sun Jun 29 19:53:12 2025: Version 2.2.0
Sun Jun 29 19:53:21 2025: Dispatch Server: Accepted socket connection from client
Sun Jun 29 19:53:21 2025: Starting Socket connection
Sun Jun 29 19:53:21 2025: EXCHANGE_TOKEN received, server token: 59e3d02d-c32c-40f2-bad7-353569f0ad5c, passed token: 59e3d02d-c32c-40f2-bad7-353569f0ad5c
Sun Jun 29 19:53:21 2025: SESSION_MGR: creating session with session uuid: 'cb12c667-4589-4fe3-b03a-498576a88771' and name 'vitis_hls'
Sun Jun 29 19:53:21 2025: KERNEL_SVC: creating session with uuid: 'cb12c667-4589-4fe3-b03a-498576a88771' and name 'vitis_hls'
Sun Jun 29 19:53:21 2025: GUIDANCE_SMGR: creating guidance session with uuid: 'cb12c667-4589-4fe3-b03a-498576a88771' and name 'vitis_hls'
Sun Jun 29 19:53:40 2025: STOP_SERVER received, server token: 59e3d02d-c32c-40f2-bad7-353569f0ad5c, passed token: 59e3d02d-c32c-40f2-bad7-353569f0ad5c
Sun Jun 29 19:53:40 2025: Socket received request to stop server.
Sun Jun 29 19:53:40 2025: Dispatch Server: do_await_stop
Sun Jun 29 19:53:40 2025: Dispatch Server: stopping mainFifo_
Sun Jun 29 19:53:40 2025: XCD main fifo: Stopping
Sun Jun 29 19:53:40 2025: XCD main fifo: do_read error code: Operation canceled
Sun Jun 29 19:53:40 2025: XCD main fifo: bytes_transferred: 0
Sun Jun 29 19:53:40 2025: SERVER: destructor for server bound to port 43131
Sun Jun 29 19:53:40 2025: XCD main fifo: Good unlink of /tmp/xcdmain59e3d02d-c32c-40f2-bad7-353569f0ad5c
Sun Jun 29 19:53:40 2025: Server exiting with status 0.
Sun Jun 29 19:53:40 2025: Closing log file.
