

================================================================
== Vitis HLS Report for 'filter2'
================================================================
* Date:           Sun Jun 29 19:59:47 2025

* Version:        2022.2 (Build 3670227 on Oct 13 2022)
* Project:        filter2_prj
* Solution:       solution1 (Vivado IP Flow Target)
* Product family: artix7
* Target device:  xc7a100t-csg324-1


================================================================
== Performance Estimates
================================================================
+ Timing: 
    * Summary: 
    +--------+----------+----------+------------+
    |  Clock |  Target  | Estimated| Uncertainty|
    +--------+----------+----------+------------+
    |ap_clk  |  10.00 ns|  6.860 ns|     2.70 ns|
    +--------+----------+----------+------------+

+ Latency: 
    * Summary: 
    +---------+---------+----------+----------+-----+-----+---------+
    |  Latency (cycles) |  Latency (absolute) |  Interval | Pipeline|
    |   min   |   max   |    min   |    max   | min | max |   Type  |
    +---------+---------+----------+----------+-----+-----+---------+
    |       12|       12|  0.120 us|  0.120 us|   13|   13|       no|
    +---------+---------+----------+----------+-----+-----+---------+

    + Detail: 
        * Instance: 
        N/A

        * Loop: 
        N/A

============================================================
+ Verbose Summary: Synthesis Manager
============================================================
InlineROM: 1
ExposeGlobal: 0
============================================================
+ Verbose Summary: CDFG Model
============================================================
IsTopModel: 1
ResetActiveHigh: 1
IsCombinational: 0
IsDatapathOnly: 0
HasWiredReturn: 1
HasMFsm: 0
HasVarLatency: 1
IsPipeline: 0
IsRtlPipelined: 0
IsInstanceOverlapped: 0
IsDontTouch: 0
HasImplIP: 0
IsGatedGlobalClock: 0


============================================================
+ Verbose Summary: Schedule
============================================================
* Number of FSM states : 13
* Pipeline : 0
* Dataflow Pipeline: 0

* FSM state transitions: 
1 --> 2 
2 --> 3 
3 --> 4 
4 --> 5 
5 --> 6 
6 --> 7 
7 --> 8 
8 --> 9 
9 --> 10 
10 --> 11 
11 --> 12 
12 --> 13 
13 --> 

* FSM state operations: 

State 1 <SV = 0> <Delay = 6.86>
ST_1 : Operation 14 [1/1] (0.00ns)   --->   "%input_r_read = read i32 @_ssdm_op_Read.ap_auto.i32, i32 %input_r" [HLS/FILTER2/filter2.c:92]   --->   Operation 14 'read' 'input_r_read' <Predicate = true> <Delay = 0.00>
ST_1 : Operation 15 [1/1] (0.00ns)   --->   "%sext_ln66 = sext i32 %input_r_read" [HLS/FILTER2/filter2.c:66]   --->   Operation 15 'sext' 'sext_ln66' <Predicate = true> <Delay = 0.00>
ST_1 : Operation 16 [2/2] (6.86ns)   --->   "%temp = mul i56 %sext_ln66, i56 9722799" [HLS/FILTER2/filter2.c:66]   --->   Operation 16 'mul' 'temp' <Predicate = true> <Delay = 6.86> <CoreInst = "Multiplier">   --->   Core 3 'Multiplier' <Latency = 1> <II = 1> <Delay = 6.86> <FuncUnit> <Opcode : 'mul'> <InPorts = 2> <OutPorts = 1>
ST_1 : Operation 17 [1/1] (0.00ns)   --->   "%filter_state_w2_2_load = load i32 %filter_state_w2_2" [HLS/FILTER2/filter2.c:82]   --->   Operation 17 'load' 'filter_state_w2_2_load' <Predicate = true> <Delay = 0.00>
ST_1 : Operation 18 [1/1] (0.00ns)   --->   "%sext_ln66_1 = sext i32 %filter_state_w2_2_load" [HLS/FILTER2/filter2.c:66]   --->   Operation 18 'sext' 'sext_ln66_1' <Predicate = true> <Delay = 0.00>
ST_1 : Operation 19 [2/2] (6.86ns)   --->   "%temp_2 = mul i63 %sext_ln66_1, i63 2137155102" [HLS/FILTER2/filter2.c:66]   --->   Operation 19 'mul' 'temp_2' <Predicate = true> <Delay = 6.86> <CoreInst = "Multiplier">   --->   Core 3 'Multiplier' <Latency = 1> <II = 1> <Delay = 6.86> <FuncUnit> <Opcode : 'mul'> <InPorts = 2> <OutPorts = 1>

State 2 <SV = 1> <Delay = 6.86>
ST_2 : Operation 20 [1/2] (6.86ns)   --->   "%temp = mul i56 %sext_ln66, i56 9722799" [HLS/FILTER2/filter2.c:66]   --->   Operation 20 'mul' 'temp' <Predicate = true> <Delay = 6.86> <CoreInst = "Multiplier">   --->   Core 3 'Multiplier' <Latency = 1> <II = 1> <Delay = 6.86> <FuncUnit> <Opcode : 'mul'> <InPorts = 2> <OutPorts = 1>
ST_2 : Operation 21 [1/1] (0.00ns)   --->   "%x_1 = partselect i25 @_ssdm_op_PartSelect.i25.i56.i32.i32, i56 %temp, i32 31, i32 55" [HLS/FILTER2/filter2.c:67]   --->   Operation 21 'partselect' 'x_1' <Predicate = true> <Delay = 0.00>
ST_2 : Operation 22 [1/1] (0.00ns)   --->   "%filter_state_w1_2_load = load i32 %filter_state_w1_2" [HLS/FILTER2/filter2.c:81]   --->   Operation 22 'load' 'filter_state_w1_2_load' <Predicate = true> <Delay = 0.00>
ST_2 : Operation 23 [1/1] (0.00ns)   --->   "%shl_ln = bitconcatenate i63 @_ssdm_op_BitConcatenate.i63.i32.i31, i32 %filter_state_w1_2_load, i31 0" [HLS/FILTER2/filter2.c:66]   --->   Operation 23 'bitconcatenate' 'shl_ln' <Predicate = true> <Delay = 0.00>
ST_2 : Operation 24 [1/1] (3.53ns)   --->   "%temp_1 = sub i63 0, i63 %shl_ln" [HLS/FILTER2/filter2.c:66]   --->   Operation 24 'sub' 'temp_1' <Predicate = true> <Delay = 3.53> <CoreInst = "Adder">   --->   Core 1 'Adder' <Latency = 0> <II = 1> <Delay = 3.53> <FuncUnit> <Opcode : 'add' 'sub'> <InPorts = 2> <OutPorts = 1>
ST_2 : Operation 25 [1/1] (0.00ns)   --->   "%trunc_ln = partselect i32 @_ssdm_op_PartSelect.i32.i63.i32.i32, i63 %temp_1, i32 31, i32 62" [HLS/FILTER2/filter2.c:67]   --->   Operation 25 'partselect' 'trunc_ln' <Predicate = true> <Delay = 0.00>
ST_2 : Operation 26 [1/2] (6.86ns)   --->   "%temp_2 = mul i63 %sext_ln66_1, i63 2137155102" [HLS/FILTER2/filter2.c:66]   --->   Operation 26 'mul' 'temp_2' <Predicate = true> <Delay = 6.86> <CoreInst = "Multiplier">   --->   Core 3 'Multiplier' <Latency = 1> <II = 1> <Delay = 6.86> <FuncUnit> <Opcode : 'mul'> <InPorts = 2> <OutPorts = 1>
ST_2 : Operation 27 [1/1] (0.00ns)   --->   "%trunc_ln67_1 = partselect i32 @_ssdm_op_PartSelect.i32.i63.i32.i32, i63 %temp_2, i32 31, i32 62" [HLS/FILTER2/filter2.c:67]   --->   Operation 27 'partselect' 'trunc_ln67_1' <Predicate = true> <Delay = 0.00>
ST_2 : Operation 28 [1/1] (0.00ns)   --->   "%store_ln86 = store i32 %filter_state_w1_2_load, i32 %filter_state_w2_2" [HLS/FILTER2/filter2.c:86]   --->   Operation 28 'store' 'store_ln86' <Predicate = true> <Delay = 0.00>

State 3 <SV = 2> <Delay = 4.50>
ST_3 : Operation 29 [1/1] (0.00ns)   --->   "%sext_ln67 = sext i25 %x_1" [HLS/FILTER2/filter2.c:67]   --->   Operation 29 'sext' 'sext_ln67' <Predicate = true> <Delay = 0.00>
ST_3 : Operation 30 [1/1] (0.00ns) (grouped into TernaryAdder)   --->   "%sub_ln81 = sub i32 %sext_ln67, i32 %trunc_ln" [HLS/FILTER2/filter2.c:81]   --->   Operation 30 'sub' 'sub_ln81' <Predicate = true> <Delay = 0.00> <CoreInst = "TAddSub">   --->   Core 10 'TAddSub' <Latency = 0> <II = 1> <Delay = 2.25> <IPBlock> <Opcode : 'add' 'sub'> <InPorts = 3> <OutPorts = 1> <Sync> <CReg>
ST_3 : Operation 31 [1/1] (4.50ns) (root node of TernaryAdder)   --->   "%w = sub i32 %sub_ln81, i32 %trunc_ln67_1" [HLS/FILTER2/filter2.c:82]   --->   Operation 31 'sub' 'w' <Predicate = true> <Delay = 4.50> <CoreInst = "TAddSub">   --->   Core 10 'TAddSub' <Latency = 0> <II = 1> <Delay = 2.25> <IPBlock> <Opcode : 'add' 'sub'> <InPorts = 3> <OutPorts = 1> <Sync> <CReg>
ST_3 : Operation 32 [1/1] (0.00ns)   --->   "%store_ln87 = store i32 %w, i32 %filter_state_w1_2" [HLS/FILTER2/filter2.c:87]   --->   Operation 32 'store' 'store_ln87' <Predicate = true> <Delay = 0.00>

State 4 <SV = 3> <Delay = 6.23>
ST_4 : Operation 33 [1/1] (0.00ns)   --->   "%sext_ln66_2 = sext i32 %w" [HLS/FILTER2/filter2.c:66]   --->   Operation 33 'sext' 'sext_ln66_2' <Predicate = true> <Delay = 0.00>
ST_4 : Operation 34 [1/1] (0.00ns)   --->   "%shl_ln66_1 = bitconcatenate i63 @_ssdm_op_BitConcatenate.i63.i32.i31, i32 %w, i31 0" [HLS/FILTER2/filter2.c:66]   --->   Operation 34 'bitconcatenate' 'shl_ln66_1' <Predicate = true> <Delay = 0.00>
ST_4 : Operation 35 [1/1] (3.53ns)   --->   "%temp_3 = sub i63 %shl_ln66_1, i63 %sext_ln66_2" [HLS/FILTER2/filter2.c:66]   --->   Operation 35 'sub' 'temp_3' <Predicate = true> <Delay = 3.53> <CoreInst = "Adder">   --->   Core 1 'Adder' <Latency = 0> <II = 1> <Delay = 3.53> <FuncUnit> <Opcode : 'add' 'sub'> <InPorts = 2> <OutPorts = 1>
ST_4 : Operation 36 [1/1] (0.00ns)   --->   "%trunc_ln67_2 = partselect i32 @_ssdm_op_PartSelect.i32.i63.i32.i32, i63 %temp_3, i32 31, i32 62" [HLS/FILTER2/filter2.c:67]   --->   Operation 36 'partselect' 'trunc_ln67_2' <Predicate = true> <Delay = 0.00>
ST_4 : Operation 37 [1/1] (0.00ns)   --->   "%shl_ln66_2 = bitconcatenate i63 @_ssdm_op_BitConcatenate.i63.i32.i31, i32 %filter_state_w2_2_load, i31 0" [HLS/FILTER2/filter2.c:66]   --->   Operation 37 'bitconcatenate' 'shl_ln66_2' <Predicate = true> <Delay = 0.00>
ST_4 : Operation 38 [1/1] (3.53ns)   --->   "%temp_4 = sub i63 0, i63 %shl_ln66_2" [HLS/FILTER2/filter2.c:66]   --->   Operation 38 'sub' 'temp_4' <Predicate = true> <Delay = 3.53> <CoreInst = "Adder">   --->   Core 1 'Adder' <Latency = 0> <II = 1> <Delay = 3.53> <FuncUnit> <Opcode : 'add' 'sub'> <InPorts = 2> <OutPorts = 1>
ST_4 : Operation 39 [1/1] (0.00ns)   --->   "%trunc_ln67_3 = partselect i32 @_ssdm_op_PartSelect.i32.i63.i32.i32, i63 %temp_4, i32 31, i32 62" [HLS/FILTER2/filter2.c:67]   --->   Operation 39 'partselect' 'trunc_ln67_3' <Predicate = true> <Delay = 0.00>
ST_4 : Operation 40 [1/1] (2.70ns)   --->   "%y = add i32 %trunc_ln67_2, i32 %trunc_ln67_3" [HLS/FILTER2/filter2.c:85]   --->   Operation 40 'add' 'y' <Predicate = true> <Delay = 2.70> <CoreInst = "Adder">   --->   Core 1 'Adder' <Latency = 0> <II = 1> <Delay = 2.70> <FuncUnit> <Opcode : 'add' 'sub'> <InPorts = 2> <OutPorts = 1>

State 5 <SV = 4> <Delay = 6.86>
ST_5 : Operation 41 [1/1] (0.00ns)   --->   "%sext_ln66_3 = sext i32 %y" [HLS/FILTER2/filter2.c:66]   --->   Operation 41 'sext' 'sext_ln66_3' <Predicate = true> <Delay = 0.00>
ST_5 : Operation 42 [2/2] (6.86ns)   --->   "%temp_5 = mul i56 %sext_ln66_3, i56 9722799" [HLS/FILTER2/filter2.c:66]   --->   Operation 42 'mul' 'temp_5' <Predicate = true> <Delay = 6.86> <CoreInst = "Multiplier">   --->   Core 3 'Multiplier' <Latency = 1> <II = 1> <Delay = 6.86> <FuncUnit> <Opcode : 'mul'> <InPorts = 2> <OutPorts = 1>
ST_5 : Operation 43 [1/1] (0.00ns)   --->   "%filter_state_w2_1_load = load i32 %filter_state_w2_1" [HLS/FILTER2/filter2.c:82]   --->   Operation 43 'load' 'filter_state_w2_1_load' <Predicate = true> <Delay = 0.00>
ST_5 : Operation 44 [1/1] (0.00ns)   --->   "%sext_ln66_4 = sext i32 %filter_state_w2_1_load" [HLS/FILTER2/filter2.c:66]   --->   Operation 44 'sext' 'sext_ln66_4' <Predicate = true> <Delay = 0.00>
ST_5 : Operation 45 [2/2] (6.86ns)   --->   "%temp_7 = mul i63 %sext_ln66_4, i63 2138366919" [HLS/FILTER2/filter2.c:66]   --->   Operation 45 'mul' 'temp_7' <Predicate = true> <Delay = 6.86> <CoreInst = "Multiplier">   --->   Core 3 'Multiplier' <Latency = 1> <II = 1> <Delay = 6.86> <FuncUnit> <Opcode : 'mul'> <InPorts = 2> <OutPorts = 1>

State 6 <SV = 5> <Delay = 6.86>
ST_6 : Operation 46 [1/2] (6.86ns)   --->   "%temp_5 = mul i56 %sext_ln66_3, i56 9722799" [HLS/FILTER2/filter2.c:66]   --->   Operation 46 'mul' 'temp_5' <Predicate = true> <Delay = 6.86> <CoreInst = "Multiplier">   --->   Core 3 'Multiplier' <Latency = 1> <II = 1> <Delay = 6.86> <FuncUnit> <Opcode : 'mul'> <InPorts = 2> <OutPorts = 1>
ST_6 : Operation 47 [1/1] (0.00ns)   --->   "%x_3 = partselect i25 @_ssdm_op_PartSelect.i25.i56.i32.i32, i56 %temp_5, i32 31, i32 55" [HLS/FILTER2/filter2.c:67]   --->   Operation 47 'partselect' 'x_3' <Predicate = true> <Delay = 0.00>
ST_6 : Operation 48 [1/1] (0.00ns)   --->   "%filter_state_w1_1_load = load i32 %filter_state_w1_1" [HLS/FILTER2/filter2.c:81]   --->   Operation 48 'load' 'filter_state_w1_1_load' <Predicate = true> <Delay = 0.00>
ST_6 : Operation 49 [1/1] (0.00ns)   --->   "%shl_ln66_3 = bitconcatenate i63 @_ssdm_op_BitConcatenate.i63.i32.i31, i32 %filter_state_w1_1_load, i31 0" [HLS/FILTER2/filter2.c:66]   --->   Operation 49 'bitconcatenate' 'shl_ln66_3' <Predicate = true> <Delay = 0.00>
ST_6 : Operation 50 [1/1] (3.53ns)   --->   "%temp_6 = sub i63 0, i63 %shl_ln66_3" [HLS/FILTER2/filter2.c:66]   --->   Operation 50 'sub' 'temp_6' <Predicate = true> <Delay = 3.53> <CoreInst = "Adder">   --->   Core 1 'Adder' <Latency = 0> <II = 1> <Delay = 3.53> <FuncUnit> <Opcode : 'add' 'sub'> <InPorts = 2> <OutPorts = 1>
ST_6 : Operation 51 [1/1] (0.00ns)   --->   "%trunc_ln67_5 = partselect i32 @_ssdm_op_PartSelect.i32.i63.i32.i32, i63 %temp_6, i32 31, i32 62" [HLS/FILTER2/filter2.c:67]   --->   Operation 51 'partselect' 'trunc_ln67_5' <Predicate = true> <Delay = 0.00>
ST_6 : Operation 52 [1/2] (6.86ns)   --->   "%temp_7 = mul i63 %sext_ln66_4, i63 2138366919" [HLS/FILTER2/filter2.c:66]   --->   Operation 52 'mul' 'temp_7' <Predicate = true> <Delay = 6.86> <CoreInst = "Multiplier">   --->   Core 3 'Multiplier' <Latency = 1> <II = 1> <Delay = 6.86> <FuncUnit> <Opcode : 'mul'> <InPorts = 2> <OutPorts = 1>
ST_6 : Operation 53 [1/1] (0.00ns)   --->   "%trunc_ln67_6 = partselect i32 @_ssdm_op_PartSelect.i32.i63.i32.i32, i63 %temp_7, i32 31, i32 62" [HLS/FILTER2/filter2.c:67]   --->   Operation 53 'partselect' 'trunc_ln67_6' <Predicate = true> <Delay = 0.00>
ST_6 : Operation 54 [1/1] (0.00ns)   --->   "%store_ln86 = store i32 %filter_state_w1_1_load, i32 %filter_state_w2_1" [HLS/FILTER2/filter2.c:86]   --->   Operation 54 'store' 'store_ln86' <Predicate = true> <Delay = 0.00>

State 7 <SV = 6> <Delay = 4.50>
ST_7 : Operation 55 [1/1] (0.00ns)   --->   "%sext_ln67_1 = sext i25 %x_3" [HLS/FILTER2/filter2.c:67]   --->   Operation 55 'sext' 'sext_ln67_1' <Predicate = true> <Delay = 0.00>
ST_7 : Operation 56 [1/1] (0.00ns) (grouped into TernaryAdder)   --->   "%sub_ln81_1 = sub i32 %sext_ln67_1, i32 %trunc_ln67_5" [HLS/FILTER2/filter2.c:81]   --->   Operation 56 'sub' 'sub_ln81_1' <Predicate = true> <Delay = 0.00> <CoreInst = "TAddSub">   --->   Core 10 'TAddSub' <Latency = 0> <II = 1> <Delay = 2.25> <IPBlock> <Opcode : 'add' 'sub'> <InPorts = 3> <OutPorts = 1> <Sync> <CReg>
ST_7 : Operation 57 [1/1] (4.50ns) (root node of TernaryAdder)   --->   "%w_1 = sub i32 %sub_ln81_1, i32 %trunc_ln67_6" [HLS/FILTER2/filter2.c:82]   --->   Operation 57 'sub' 'w_1' <Predicate = true> <Delay = 4.50> <CoreInst = "TAddSub">   --->   Core 10 'TAddSub' <Latency = 0> <II = 1> <Delay = 2.25> <IPBlock> <Opcode : 'add' 'sub'> <InPorts = 3> <OutPorts = 1> <Sync> <CReg>
ST_7 : Operation 58 [1/1] (0.00ns)   --->   "%store_ln87 = store i32 %w_1, i32 %filter_state_w1_1" [HLS/FILTER2/filter2.c:87]   --->   Operation 58 'store' 'store_ln87' <Predicate = true> <Delay = 0.00>

State 8 <SV = 7> <Delay = 6.23>
ST_8 : Operation 59 [1/1] (0.00ns)   --->   "%sext_ln66_5 = sext i32 %w_1" [HLS/FILTER2/filter2.c:66]   --->   Operation 59 'sext' 'sext_ln66_5' <Predicate = true> <Delay = 0.00>
ST_8 : Operation 60 [1/1] (0.00ns)   --->   "%shl_ln66_4 = bitconcatenate i63 @_ssdm_op_BitConcatenate.i63.i32.i31, i32 %w_1, i31 0" [HLS/FILTER2/filter2.c:66]   --->   Operation 60 'bitconcatenate' 'shl_ln66_4' <Predicate = true> <Delay = 0.00>
ST_8 : Operation 61 [1/1] (3.53ns)   --->   "%temp_8 = sub i63 %shl_ln66_4, i63 %sext_ln66_5" [HLS/FILTER2/filter2.c:66]   --->   Operation 61 'sub' 'temp_8' <Predicate = true> <Delay = 3.53> <CoreInst = "Adder">   --->   Core 1 'Adder' <Latency = 0> <II = 1> <Delay = 3.53> <FuncUnit> <Opcode : 'add' 'sub'> <InPorts = 2> <OutPorts = 1>
ST_8 : Operation 62 [1/1] (0.00ns)   --->   "%trunc_ln67_7 = partselect i32 @_ssdm_op_PartSelect.i32.i63.i32.i32, i63 %temp_8, i32 31, i32 62" [HLS/FILTER2/filter2.c:67]   --->   Operation 62 'partselect' 'trunc_ln67_7' <Predicate = true> <Delay = 0.00>
ST_8 : Operation 63 [1/1] (0.00ns)   --->   "%shl_ln66_5 = bitconcatenate i63 @_ssdm_op_BitConcatenate.i63.i32.i31, i32 %filter_state_w2_1_load, i31 0" [HLS/FILTER2/filter2.c:66]   --->   Operation 63 'bitconcatenate' 'shl_ln66_5' <Predicate = true> <Delay = 0.00>
ST_8 : Operation 64 [1/1] (3.53ns)   --->   "%temp_9 = sub i63 0, i63 %shl_ln66_5" [HLS/FILTER2/filter2.c:66]   --->   Operation 64 'sub' 'temp_9' <Predicate = true> <Delay = 3.53> <CoreInst = "Adder">   --->   Core 1 'Adder' <Latency = 0> <II = 1> <Delay = 3.53> <FuncUnit> <Opcode : 'add' 'sub'> <InPorts = 2> <OutPorts = 1>
ST_8 : Operation 65 [1/1] (0.00ns)   --->   "%trunc_ln67_8 = partselect i32 @_ssdm_op_PartSelect.i32.i63.i32.i32, i63 %temp_9, i32 31, i32 62" [HLS/FILTER2/filter2.c:67]   --->   Operation 65 'partselect' 'trunc_ln67_8' <Predicate = true> <Delay = 0.00>
ST_8 : Operation 66 [1/1] (2.70ns)   --->   "%y_1 = add i32 %trunc_ln67_7, i32 %trunc_ln67_8" [HLS/FILTER2/filter2.c:85]   --->   Operation 66 'add' 'y_1' <Predicate = true> <Delay = 2.70> <CoreInst = "Adder">   --->   Core 1 'Adder' <Latency = 0> <II = 1> <Delay = 2.70> <FuncUnit> <Opcode : 'add' 'sub'> <InPorts = 2> <OutPorts = 1>

State 9 <SV = 8> <Delay = 6.86>
ST_9 : Operation 67 [1/1] (0.00ns)   --->   "%sext_ln66_6 = sext i32 %y_1" [HLS/FILTER2/filter2.c:66]   --->   Operation 67 'sext' 'sext_ln66_6' <Predicate = true> <Delay = 0.00>
ST_9 : Operation 68 [2/2] (6.86ns)   --->   "%temp_10 = mul i56 %sext_ln66_6, i56 9700913" [HLS/FILTER2/filter2.c:66]   --->   Operation 68 'mul' 'temp_10' <Predicate = true> <Delay = 6.86> <CoreInst = "Multiplier">   --->   Core 3 'Multiplier' <Latency = 1> <II = 1> <Delay = 6.86> <FuncUnit> <Opcode : 'mul'> <InPorts = 2> <OutPorts = 1>
ST_9 : Operation 69 [1/1] (0.00ns)   --->   "%filter_state_w2_load = load i32 %filter_state_w2" [HLS/FILTER2/filter2.c:82]   --->   Operation 69 'load' 'filter_state_w2_load' <Predicate = true> <Delay = 0.00>
ST_9 : Operation 70 [1/1] (0.00ns)   --->   "%sext_ln66_7 = sext i32 %filter_state_w2_load" [HLS/FILTER2/filter2.c:66]   --->   Operation 70 'sext' 'sext_ln66_7' <Predicate = true> <Delay = 0.00>
ST_9 : Operation 71 [2/2] (6.86ns)   --->   "%temp_12 = mul i63 %sext_ln66_7, i63 2128081823" [HLS/FILTER2/filter2.c:66]   --->   Operation 71 'mul' 'temp_12' <Predicate = true> <Delay = 6.86> <CoreInst = "Multiplier">   --->   Core 3 'Multiplier' <Latency = 1> <II = 1> <Delay = 6.86> <FuncUnit> <Opcode : 'mul'> <InPorts = 2> <OutPorts = 1>

State 10 <SV = 9> <Delay = 6.86>
ST_10 : Operation 72 [1/2] (6.86ns)   --->   "%temp_10 = mul i56 %sext_ln66_6, i56 9700913" [HLS/FILTER2/filter2.c:66]   --->   Operation 72 'mul' 'temp_10' <Predicate = true> <Delay = 6.86> <CoreInst = "Multiplier">   --->   Core 3 'Multiplier' <Latency = 1> <II = 1> <Delay = 6.86> <FuncUnit> <Opcode : 'mul'> <InPorts = 2> <OutPorts = 1>
ST_10 : Operation 73 [1/1] (0.00ns)   --->   "%x_5 = partselect i25 @_ssdm_op_PartSelect.i25.i56.i32.i32, i56 %temp_10, i32 31, i32 55" [HLS/FILTER2/filter2.c:67]   --->   Operation 73 'partselect' 'x_5' <Predicate = true> <Delay = 0.00>
ST_10 : Operation 74 [1/1] (0.00ns)   --->   "%filter_state_w1_load = load i32 %filter_state_w1" [HLS/FILTER2/filter2.c:81]   --->   Operation 74 'load' 'filter_state_w1_load' <Predicate = true> <Delay = 0.00>
ST_10 : Operation 75 [1/1] (0.00ns)   --->   "%shl_ln66_6 = bitconcatenate i63 @_ssdm_op_BitConcatenate.i63.i32.i31, i32 %filter_state_w1_load, i31 0" [HLS/FILTER2/filter2.c:66]   --->   Operation 75 'bitconcatenate' 'shl_ln66_6' <Predicate = true> <Delay = 0.00>
ST_10 : Operation 76 [1/1] (3.53ns)   --->   "%temp_11 = sub i63 0, i63 %shl_ln66_6" [HLS/FILTER2/filter2.c:66]   --->   Operation 76 'sub' 'temp_11' <Predicate = true> <Delay = 3.53> <CoreInst = "Adder">   --->   Core 1 'Adder' <Latency = 0> <II = 1> <Delay = 3.53> <FuncUnit> <Opcode : 'add' 'sub'> <InPorts = 2> <OutPorts = 1>
ST_10 : Operation 77 [1/1] (0.00ns)   --->   "%trunc_ln67_s = partselect i32 @_ssdm_op_PartSelect.i32.i63.i32.i32, i63 %temp_11, i32 31, i32 62" [HLS/FILTER2/filter2.c:67]   --->   Operation 77 'partselect' 'trunc_ln67_s' <Predicate = true> <Delay = 0.00>
ST_10 : Operation 78 [1/2] (6.86ns)   --->   "%temp_12 = mul i63 %sext_ln66_7, i63 2128081823" [HLS/FILTER2/filter2.c:66]   --->   Operation 78 'mul' 'temp_12' <Predicate = true> <Delay = 6.86> <CoreInst = "Multiplier">   --->   Core 3 'Multiplier' <Latency = 1> <II = 1> <Delay = 6.86> <FuncUnit> <Opcode : 'mul'> <InPorts = 2> <OutPorts = 1>
ST_10 : Operation 79 [1/1] (0.00ns)   --->   "%trunc_ln67_4 = partselect i32 @_ssdm_op_PartSelect.i32.i63.i32.i32, i63 %temp_12, i32 31, i32 62" [HLS/FILTER2/filter2.c:67]   --->   Operation 79 'partselect' 'trunc_ln67_4' <Predicate = true> <Delay = 0.00>
ST_10 : Operation 80 [1/1] (0.00ns)   --->   "%store_ln86 = store i32 %filter_state_w1_load, i32 %filter_state_w2" [HLS/FILTER2/filter2.c:86]   --->   Operation 80 'store' 'store_ln86' <Predicate = true> <Delay = 0.00>

State 11 <SV = 10> <Delay = 4.50>
ST_11 : Operation 81 [1/1] (0.00ns)   --->   "%sext_ln67_2 = sext i25 %x_5" [HLS/FILTER2/filter2.c:67]   --->   Operation 81 'sext' 'sext_ln67_2' <Predicate = true> <Delay = 0.00>
ST_11 : Operation 82 [1/1] (0.00ns) (grouped into TernaryAdder)   --->   "%sub_ln81_2 = sub i32 %sext_ln67_2, i32 %trunc_ln67_s" [HLS/FILTER2/filter2.c:81]   --->   Operation 82 'sub' 'sub_ln81_2' <Predicate = true> <Delay = 0.00> <CoreInst = "TAddSub">   --->   Core 10 'TAddSub' <Latency = 0> <II = 1> <Delay = 2.25> <IPBlock> <Opcode : 'add' 'sub'> <InPorts = 3> <OutPorts = 1> <Sync> <CReg>
ST_11 : Operation 83 [1/1] (4.50ns) (root node of TernaryAdder)   --->   "%w_2 = sub i32 %sub_ln81_2, i32 %trunc_ln67_4" [HLS/FILTER2/filter2.c:82]   --->   Operation 83 'sub' 'w_2' <Predicate = true> <Delay = 4.50> <CoreInst = "TAddSub">   --->   Core 10 'TAddSub' <Latency = 0> <II = 1> <Delay = 2.25> <IPBlock> <Opcode : 'add' 'sub'> <InPorts = 3> <OutPorts = 1> <Sync> <CReg>
ST_11 : Operation 84 [1/1] (0.00ns)   --->   "%store_ln87 = store i32 %w_2, i32 %filter_state_w1" [HLS/FILTER2/filter2.c:87]   --->   Operation 84 'store' 'store_ln87' <Predicate = true> <Delay = 0.00>

State 12 <SV = 11> <Delay = 6.23>
ST_12 : Operation 85 [1/1] (0.00ns)   --->   "%sext_ln66_8 = sext i32 %w_2" [HLS/FILTER2/filter2.c:66]   --->   Operation 85 'sext' 'sext_ln66_8' <Predicate = true> <Delay = 0.00>
ST_12 : Operation 86 [1/1] (0.00ns)   --->   "%shl_ln66_7 = bitconcatenate i63 @_ssdm_op_BitConcatenate.i63.i32.i31, i32 %w_2, i31 0" [HLS/FILTER2/filter2.c:66]   --->   Operation 86 'bitconcatenate' 'shl_ln66_7' <Predicate = true> <Delay = 0.00>
ST_12 : Operation 87 [1/1] (3.53ns)   --->   "%temp_13 = sub i63 %shl_ln66_7, i63 %sext_ln66_8" [HLS/FILTER2/filter2.c:66]   --->   Operation 87 'sub' 'temp_13' <Predicate = true> <Delay = 3.53> <CoreInst = "Adder">   --->   Core 1 'Adder' <Latency = 0> <II = 1> <Delay = 3.53> <FuncUnit> <Opcode : 'add' 'sub'> <InPorts = 2> <OutPorts = 1>
ST_12 : Operation 88 [1/1] (0.00ns)   --->   "%trunc_ln67_9 = partselect i32 @_ssdm_op_PartSelect.i32.i63.i32.i32, i63 %temp_13, i32 31, i32 62" [HLS/FILTER2/filter2.c:67]   --->   Operation 88 'partselect' 'trunc_ln67_9' <Predicate = true> <Delay = 0.00>
ST_12 : Operation 89 [1/1] (0.00ns)   --->   "%shl_ln66_8 = bitconcatenate i63 @_ssdm_op_BitConcatenate.i63.i32.i31, i32 %filter_state_w2_load, i31 0" [HLS/FILTER2/filter2.c:66]   --->   Operation 89 'bitconcatenate' 'shl_ln66_8' <Predicate = true> <Delay = 0.00>
ST_12 : Operation 90 [1/1] (3.53ns)   --->   "%temp_14 = sub i63 0, i63 %shl_ln66_8" [HLS/FILTER2/filter2.c:66]   --->   Operation 90 'sub' 'temp_14' <Predicate = true> <Delay = 3.53> <CoreInst = "Adder">   --->   Core 1 'Adder' <Latency = 0> <II = 1> <Delay = 3.53> <FuncUnit> <Opcode : 'add' 'sub'> <InPorts = 2> <OutPorts = 1>
ST_12 : Operation 91 [1/1] (0.00ns)   --->   "%trunc_ln67_10 = partselect i32 @_ssdm_op_PartSelect.i32.i63.i32.i32, i63 %temp_14, i32 31, i32 62" [HLS/FILTER2/filter2.c:67]   --->   Operation 91 'partselect' 'trunc_ln67_10' <Predicate = true> <Delay = 0.00>
ST_12 : Operation 92 [1/1] (2.70ns)   --->   "%y_2 = add i32 %trunc_ln67_9, i32 %trunc_ln67_10" [HLS/FILTER2/filter2.c:85]   --->   Operation 92 'add' 'y_2' <Predicate = true> <Delay = 2.70> <CoreInst = "Adder">   --->   Core 1 'Adder' <Latency = 0> <II = 1> <Delay = 2.70> <FuncUnit> <Opcode : 'add' 'sub'> <InPorts = 2> <OutPorts = 1>

State 13 <SV = 12> <Delay = 3.53>
ST_13 : Operation 93 [1/1] (0.00ns)   --->   "%specbitsmap_ln0 = specbitsmap void @_ssdm_op_SpecBitsMap, i32 0"   --->   Operation 93 'specbitsmap' 'specbitsmap_ln0' <Predicate = true> <Delay = 0.00>
ST_13 : Operation 94 [1/1] (0.00ns)   --->   "%spectopmodule_ln92 = spectopmodule void @_ssdm_op_SpecTopModule, void @empty_1" [HLS/FILTER2/filter2.c:92]   --->   Operation 94 'spectopmodule' 'spectopmodule_ln92' <Predicate = true> <Delay = 0.00>
ST_13 : Operation 95 [1/1] (0.00ns)   --->   "%specbitsmap_ln0 = specbitsmap void @_ssdm_op_SpecBitsMap, i32 %input_r"   --->   Operation 95 'specbitsmap' 'specbitsmap_ln0' <Predicate = true> <Delay = 0.00>
ST_13 : Operation 96 [1/1] (0.00ns)   --->   "%specinterface_ln0 = specinterface void @_ssdm_op_SpecInterface, i32 %input_r, void @empty, i32 0, i32 0, void @empty_0, i32 0, i32 0, void @empty_0, void @empty_0, void @empty_0, i32 0, i32 0, i32 0, i32 0, void @empty_0, void @empty_0, i32 4294967295, i32 0"   --->   Operation 96 'specinterface' 'specinterface_ln0' <Predicate = true> <Delay = 0.00>
ST_13 : Operation 97 [1/1] (0.00ns)   --->   "%sext_ln66_9 = sext i32 %y_2" [HLS/FILTER2/filter2.c:66]   --->   Operation 97 'sext' 'sext_ln66_9' <Predicate = true> <Delay = 0.00>
ST_13 : Operation 98 [1/1] (0.00ns)   --->   "%shl_ln66_9 = bitconcatenate i63 @_ssdm_op_BitConcatenate.i63.i32.i31, i32 %y_2, i31 0" [HLS/FILTER2/filter2.c:66]   --->   Operation 98 'bitconcatenate' 'shl_ln66_9' <Predicate = true> <Delay = 0.00>
ST_13 : Operation 99 [1/1] (3.53ns)   --->   "%temp_15 = sub i63 %shl_ln66_9, i63 %sext_ln66_9" [HLS/FILTER2/filter2.c:66]   --->   Operation 99 'sub' 'temp_15' <Predicate = true> <Delay = 3.53> <CoreInst = "Adder">   --->   Core 1 'Adder' <Latency = 0> <II = 1> <Delay = 3.53> <FuncUnit> <Opcode : 'add' 'sub'> <InPorts = 2> <OutPorts = 1>
ST_13 : Operation 100 [1/1] (0.00ns)   --->   "%x = partselect i32 @_ssdm_op_PartSelect.i32.i63.i32.i32, i63 %temp_15, i32 31, i32 62" [HLS/FILTER2/filter2.c:67]   --->   Operation 100 'partselect' 'x' <Predicate = true> <Delay = 0.00>
ST_13 : Operation 101 [1/1] (0.00ns)   --->   "%ret_ln116 = ret i32 %x" [HLS/FILTER2/filter2.c:116]   --->   Operation 101 'ret' 'ret_ln116' <Predicate = true> <Delay = 0.00>


============================================================
+ Verbose Summary: Binding
============================================================
STG Binding: 
---------------- STG Properties BEGIN ----------------
- Is combinational: 0
- Is one-state seq: 0
- Is datapath-only: 0
- Is pipelined: 0
- Is top level: 1
Port [ Return ] is wired: 1; IO mode=ap_ctrl_hs:ce=0
Port [ input_r]:  wired=1; compound=0; hidden=0; nouse=0; global=0; static=0; extern=0; dir=0; type=0; pingpong=0; private_global=0; IO mode=ap_none:ce=0
Port [ filter_state_w1_2]:  wired=0; compound=0; hidden=1; nouse=0; global=1; static=1; extern=0; dir=2; type=0; pingpong=0; private_global=1; IO mode=ap_ovld:ce=0
Port [ filter_state_w2_2]:  wired=0; compound=0; hidden=1; nouse=0; global=1; static=1; extern=0; dir=2; type=0; pingpong=0; private_global=1; IO mode=ap_ovld:ce=0
Port [ filter_state_w1_1]:  wired=0; compound=0; hidden=1; nouse=0; global=1; static=1; extern=0; dir=2; type=0; pingpong=0; private_global=1; IO mode=ap_ovld:ce=0
Port [ filter_state_w2_1]:  wired=0; compound=0; hidden=1; nouse=0; global=1; static=1; extern=0; dir=2; type=0; pingpong=0; private_global=1; IO mode=ap_ovld:ce=0
Port [ filter_state_w1]:  wired=0; compound=0; hidden=1; nouse=0; global=1; static=1; extern=0; dir=2; type=0; pingpong=0; private_global=1; IO mode=ap_ovld:ce=0
Port [ filter_state_w2]:  wired=0; compound=0; hidden=1; nouse=0; global=1; static=1; extern=0; dir=2; type=0; pingpong=0; private_global=1; IO mode=ap_ovld:ce=0
---------------- STG Properties END ------------------

---------------- Datapath Model BEGIN ----------------

<LifeTime>
<method=bitvector/>
input_r_read           (read          ) [ 00000000000000]
sext_ln66              (sext          ) [ 00100000000000]
filter_state_w2_2_load (load          ) [ 00111000000000]
sext_ln66_1            (sext          ) [ 00100000000000]
temp                   (mul           ) [ 00000000000000]
x_1                    (partselect    ) [ 00010000000000]
filter_state_w1_2_load (load          ) [ 00000000000000]
shl_ln                 (bitconcatenate) [ 00000000000000]
temp_1                 (sub           ) [ 00000000000000]
trunc_ln               (partselect    ) [ 00010000000000]
temp_2                 (mul           ) [ 00000000000000]
trunc_ln67_1           (partselect    ) [ 00010000000000]
store_ln86             (store         ) [ 00000000000000]
sext_ln67              (sext          ) [ 00000000000000]
sub_ln81               (sub           ) [ 00000000000000]
w                      (sub           ) [ 00001000000000]
store_ln87             (store         ) [ 00000000000000]
sext_ln66_2            (sext          ) [ 00000000000000]
shl_ln66_1             (bitconcatenate) [ 00000000000000]
temp_3                 (sub           ) [ 00000000000000]
trunc_ln67_2           (partselect    ) [ 00000000000000]
shl_ln66_2             (bitconcatenate) [ 00000000000000]
temp_4                 (sub           ) [ 00000000000000]
trunc_ln67_3           (partselect    ) [ 00000000000000]
y                      (add           ) [ 00000100000000]
sext_ln66_3            (sext          ) [ 00000010000000]
filter_state_w2_1_load (load          ) [ 00000011100000]
sext_ln66_4            (sext          ) [ 00000010000000]
temp_5                 (mul           ) [ 00000000000000]
x_3                    (partselect    ) [ 00000001000000]
filter_state_w1_1_load (load          ) [ 00000000000000]
shl_ln66_3             (bitconcatenate) [ 00000000000000]
temp_6                 (sub           ) [ 00000000000000]
trunc_ln67_5           (partselect    ) [ 00000001000000]
temp_7                 (mul           ) [ 00000000000000]
trunc_ln67_6           (partselect    ) [ 00000001000000]
store_ln86             (store         ) [ 00000000000000]
sext_ln67_1            (sext          ) [ 00000000000000]
sub_ln81_1             (sub           ) [ 00000000000000]
w_1                    (sub           ) [ 00000000100000]
store_ln87             (store         ) [ 00000000000000]
sext_ln66_5            (sext          ) [ 00000000000000]
shl_ln66_4             (bitconcatenate) [ 00000000000000]
temp_8                 (sub           ) [ 00000000000000]
trunc_ln67_7           (partselect    ) [ 00000000000000]
shl_ln66_5             (bitconcatenate) [ 00000000000000]
temp_9                 (sub           ) [ 00000000000000]
trunc_ln67_8           (partselect    ) [ 00000000000000]
y_1                    (add           ) [ 00000000010000]
sext_ln66_6            (sext          ) [ 00000000001000]
filter_state_w2_load   (load          ) [ 00000000001110]
sext_ln66_7            (sext          ) [ 00000000001000]
temp_10                (mul           ) [ 00000000000000]
x_5                    (partselect    ) [ 00000000000100]
filter_state_w1_load   (load          ) [ 00000000000000]
shl_ln66_6             (bitconcatenate) [ 00000000000000]
temp_11                (sub           ) [ 00000000000000]
trunc_ln67_s           (partselect    ) [ 00000000000100]
temp_12                (mul           ) [ 00000000000000]
trunc_ln67_4           (partselect    ) [ 00000000000100]
store_ln86             (store         ) [ 00000000000000]
sext_ln67_2            (sext          ) [ 00000000000000]
sub_ln81_2             (sub           ) [ 00000000000000]
w_2                    (sub           ) [ 00000000000010]
store_ln87             (store         ) [ 00000000000000]
sext_ln66_8            (sext          ) [ 00000000000000]
shl_ln66_7             (bitconcatenate) [ 00000000000000]
temp_13                (sub           ) [ 00000000000000]
trunc_ln67_9           (partselect    ) [ 00000000000000]
shl_ln66_8             (bitconcatenate) [ 00000000000000]
temp_14                (sub           ) [ 00000000000000]
trunc_ln67_10          (partselect    ) [ 00000000000000]
y_2                    (add           ) [ 00000000000001]
specbitsmap_ln0        (specbitsmap   ) [ 00000000000000]
spectopmodule_ln92     (spectopmodule ) [ 00000000000000]
specbitsmap_ln0        (specbitsmap   ) [ 00000000000000]
specinterface_ln0      (specinterface ) [ 00000000000000]
sext_ln66_9            (sext          ) [ 00000000000000]
shl_ln66_9             (bitconcatenate) [ 00000000000000]
temp_15                (sub           ) [ 00000000000000]
x                      (partselect    ) [ 00000000000000]
ret_ln116              (ret           ) [ 00000000000000]
</LifeTime>

<model>

<comp_list>
<comp id="0" class="1000" name="input_r">
<pin_list>
<pin id="1" dir="1" index="0" bw="1" slack="0"/>
</pin_list>
<bind>
<StgValue><ssdm name="input_r"/></StgValue>
</bind>
</comp>

<comp id="2" class="1000" name="filter_state_w1_2">
<pin_list>
<pin id="3" dir="1" index="0" bw="1" slack="0"/>
</pin_list>
<bind>
<StgValue><ssdm name="filter_state_w1_2"/></StgValue>
</bind>
</comp>

<comp id="4" class="1000" name="filter_state_w2_2">
<pin_list>
<pin id="5" dir="1" index="0" bw="1" slack="0"/>
</pin_list>
<bind>
<StgValue><ssdm name="filter_state_w2_2"/></StgValue>
</bind>
</comp>

<comp id="6" class="1000" name="filter_state_w1_1">
<pin_list>
<pin id="7" dir="1" index="0" bw="1" slack="0"/>
</pin_list>
<bind>
<StgValue><ssdm name="filter_state_w1_1"/></StgValue>
</bind>
</comp>

<comp id="8" class="1000" name="filter_state_w2_1">
<pin_list>
<pin id="9" dir="1" index="0" bw="1" slack="0"/>
</pin_list>
<bind>
<StgValue><ssdm name="filter_state_w2_1"/></StgValue>
</bind>
</comp>

<comp id="10" class="1000" name="filter_state_w1">
<pin_list>
<pin id="11" dir="1" index="0" bw="1" slack="0"/>
</pin_list>
<bind>
<StgValue><ssdm name="filter_state_w1"/></StgValue>
</bind>
</comp>

<comp id="12" class="1000" name="filter_state_w2">
<pin_list>
<pin id="13" dir="1" index="0" bw="1" slack="0"/>
</pin_list>
<bind>
<StgValue><ssdm name="filter_state_w2"/></StgValue>
</bind>
</comp>

<comp id="14" class="1001" name="const_14">
<pin_list>
<pin id="15" dir="1" index="0" bw="1" slack="0"/>
</pin_list>
<bind>
<StgValue><ssdm name="_ssdm_op_Read.ap_auto.i32"/></StgValue>
</bind>
</comp>

<comp id="16" class="1001" name="const_16">
<pin_list>
<pin id="17" dir="1" index="0" bw="1" slack="0"/>
</pin_list>
<bind>
<StgValue><ssdm name=""/></StgValue>
</bind>
</comp>

<comp id="18" class="1001" name="const_18">
<pin_list>
<pin id="19" dir="1" index="0" bw="1" slack="0"/>
</pin_list>
<bind>
<StgValue><ssdm name=""/></StgValue>
</bind>
</comp>

<comp id="20" class="1001" name="const_20">
<pin_list>
<pin id="21" dir="1" index="0" bw="1" slack="0"/>
</pin_list>
<bind>
<StgValue><ssdm name="_ssdm_op_PartSelect.i25.i56.i32.i32"/></StgValue>
</bind>
</comp>

<comp id="22" class="1001" name="const_22">
<pin_list>
<pin id="23" dir="1" index="0" bw="1" slack="0"/>
</pin_list>
<bind>
<StgValue><ssdm name=""/></StgValue>
</bind>
</comp>

<comp id="24" class="1001" name="const_24">
<pin_list>
<pin id="25" dir="1" index="0" bw="1" slack="0"/>
</pin_list>
<bind>
<StgValue><ssdm name=""/></StgValue>
</bind>
</comp>

<comp id="26" class="1001" name="const_26">
<pin_list>
<pin id="27" dir="1" index="0" bw="1" slack="0"/>
</pin_list>
<bind>
<StgValue><ssdm name="_ssdm_op_BitConcatenate.i63.i32.i31"/></StgValue>
</bind>
</comp>

<comp id="28" class="1001" name="const_28">
<pin_list>
<pin id="29" dir="1" index="0" bw="1" slack="0"/>
</pin_list>
<bind>
<StgValue><ssdm name=""/></StgValue>
</bind>
</comp>

<comp id="30" class="1001" name="const_30">
<pin_list>
<pin id="31" dir="1" index="0" bw="1" slack="0"/>
</pin_list>
<bind>
<StgValue><ssdm name=""/></StgValue>
</bind>
</comp>

<comp id="32" class="1001" name="const_32">
<pin_list>
<pin id="33" dir="1" index="0" bw="1" slack="0"/>
</pin_list>
<bind>
<StgValue><ssdm name="_ssdm_op_PartSelect.i32.i63.i32.i32"/></StgValue>
</bind>
</comp>

<comp id="34" class="1001" name="const_34">
<pin_list>
<pin id="35" dir="1" index="0" bw="1" slack="0"/>
</pin_list>
<bind>
<StgValue><ssdm name=""/></StgValue>
</bind>
</comp>

<comp id="36" class="1001" name="const_36">
<pin_list>
<pin id="37" dir="1" index="0" bw="1" slack="0"/>
</pin_list>
<bind>
<StgValue><ssdm name=""/></StgValue>
</bind>
</comp>

<comp id="38" class="1001" name="const_38">
<pin_list>
<pin id="39" dir="1" index="0" bw="1" slack="0"/>
</pin_list>
<bind>
<StgValue><ssdm name=""/></StgValue>
</bind>
</comp>

<comp id="40" class="1001" name="const_40">
<pin_list>
<pin id="41" dir="1" index="0" bw="1" slack="0"/>
</pin_list>
<bind>
<StgValue><ssdm name=""/></StgValue>
</bind>
</comp>

<comp id="42" class="1001" name="const_42">
<pin_list>
<pin id="43" dir="1" index="0" bw="1" slack="2147483647"/>
</pin_list>
<bind>
<StgValue><ssdm name="_ssdm_op_SpecBitsMap"/></StgValue>
</bind>
</comp>

<comp id="44" class="1001" name="const_44">
<pin_list>
<pin id="45" dir="1" index="0" bw="1" slack="2147483647"/>
</pin_list>
<bind>
<StgValue><ssdm name=""/></StgValue>
</bind>
</comp>

<comp id="46" class="1001" name="const_46">
<pin_list>
<pin id="47" dir="1" index="0" bw="1" slack="2147483647"/>
</pin_list>
<bind>
<StgValue><ssdm name="_ssdm_op_SpecTopModule"/></StgValue>
</bind>
</comp>

<comp id="48" class="1001" name="const_48">
<pin_list>
<pin id="49" dir="1" index="0" bw="1" slack="2147483647"/>
</pin_list>
<bind>
<StgValue><ssdm name="empty_1"/></StgValue>
</bind>
</comp>

<comp id="50" class="1001" name="const_50">
<pin_list>
<pin id="51" dir="1" index="0" bw="1" slack="2147483647"/>
</pin_list>
<bind>
<StgValue><ssdm name="_ssdm_op_SpecInterface"/></StgValue>
</bind>
</comp>

<comp id="52" class="1001" name="const_52">
<pin_list>
<pin id="53" dir="1" index="0" bw="1" slack="2147483647"/>
</pin_list>
<bind>
<StgValue><ssdm name="empty"/></StgValue>
</bind>
</comp>

<comp id="54" class="1001" name="const_54">
<pin_list>
<pin id="55" dir="1" index="0" bw="1" slack="2147483647"/>
</pin_list>
<bind>
<StgValue><ssdm name="empty_0"/></StgValue>
</bind>
</comp>

<comp id="56" class="1001" name="const_56">
<pin_list>
<pin id="57" dir="1" index="0" bw="1" slack="2147483647"/>
</pin_list>
<bind>
<StgValue><ssdm name=""/></StgValue>
</bind>
</comp>

<comp id="58" class="1004" name="input_r_read_read_fu_58">
<pin_list>
<pin id="59" dir="0" index="0" bw="32" slack="0"/>
<pin id="60" dir="0" index="1" bw="32" slack="0"/>
<pin id="61" dir="1" index="2" bw="32" slack="0"/>
</pin_list>
<bind>
<opcode="read(1150) " fcode="read"/>
<opset="input_r_read/1 "/>
</bind>
</comp>

<comp id="64" class="1004" name="sext_ln66_fu_64">
<pin_list>
<pin id="65" dir="0" index="0" bw="32" slack="0"/>
<pin id="66" dir="1" index="1" bw="56" slack="0"/>
</pin_list>
<bind>
<opcode="sext(35) " fcode="sext"/>
<opset="sext_ln66/1 "/>
</bind>
</comp>

<comp id="68" class="1004" name="grp_fu_68">
<pin_list>
<pin id="69" dir="0" index="0" bw="32" slack="0"/>
<pin id="70" dir="0" index="1" bw="25" slack="0"/>
<pin id="71" dir="1" index="2" bw="56" slack="0"/>
</pin_list>
<bind>
<opcode="mul(12) " fcode="mul"/>
<opset="temp/1 "/>
</bind>
</comp>

<comp id="74" class="1004" name="filter_state_w2_2_load_load_fu_74">
<pin_list>
<pin id="75" dir="0" index="0" bw="32" slack="0"/>
<pin id="76" dir="1" index="1" bw="32" slack="0"/>
</pin_list>
<bind>
<opcode="load(27) " fcode="load"/>
<opset="filter_state_w2_2_load/1 "/>
</bind>
</comp>

<comp id="78" class="1004" name="sext_ln66_1_fu_78">
<pin_list>
<pin id="79" dir="0" index="0" bw="32" slack="0"/>
<pin id="80" dir="1" index="1" bw="63" slack="0"/>
</pin_list>
<bind>
<opcode="sext(35) " fcode="sext"/>
<opset="sext_ln66_1/1 "/>
</bind>
</comp>

<comp id="82" class="1004" name="grp_fu_82">
<pin_list>
<pin id="83" dir="0" index="0" bw="32" slack="0"/>
<pin id="84" dir="0" index="1" bw="32" slack="0"/>
<pin id="85" dir="1" index="2" bw="63" slack="0"/>
</pin_list>
<bind>
<opcode="mul(12) " fcode="mul"/>
<opset="temp_2/1 "/>
</bind>
</comp>

<comp id="88" class="1004" name="x_1_fu_88">
<pin_list>
<pin id="89" dir="0" index="0" bw="25" slack="0"/>
<pin id="90" dir="0" index="1" bw="56" slack="0"/>
<pin id="91" dir="0" index="2" bw="6" slack="0"/>
<pin id="92" dir="0" index="3" bw="7" slack="0"/>
<pin id="93" dir="1" index="4" bw="25" slack="1"/>
</pin_list>
<bind>
<opcode="partselect(1002) " fcode="partselect"/>
<opset="x_1/2 "/>
</bind>
</comp>

<comp id="98" class="1004" name="filter_state_w1_2_load_load_fu_98">
<pin_list>
<pin id="99" dir="0" index="0" bw="32" slack="0"/>
<pin id="100" dir="1" index="1" bw="32" slack="0"/>
</pin_list>
<bind>
<opcode="load(27) " fcode="load"/>
<opset="filter_state_w1_2_load/2 "/>
</bind>
</comp>

<comp id="102" class="1004" name="shl_ln_fu_102">
<pin_list>
<pin id="103" dir="0" index="0" bw="63" slack="0"/>
<pin id="104" dir="0" index="1" bw="32" slack="0"/>
<pin id="105" dir="0" index="2" bw="1" slack="0"/>
<pin id="106" dir="1" index="3" bw="63" slack="0"/>
</pin_list>
<bind>
<opcode="bitconcatenate(1004) " fcode="bitconcatenate"/>
<opset="shl_ln/2 "/>
</bind>
</comp>

<comp id="110" class="1004" name="temp_1_fu_110">
<pin_list>
<pin id="111" dir="0" index="0" bw="1" slack="0"/>
<pin id="112" dir="0" index="1" bw="63" slack="0"/>
<pin id="113" dir="1" index="2" bw="63" slack="0"/>
</pin_list>
<bind>
<opcode="sub(10) " fcode="sub"/>
<opset="temp_1/2 "/>
</bind>
</comp>

<comp id="116" class="1004" name="trunc_ln_fu_116">
<pin_list>
<pin id="117" dir="0" index="0" bw="32" slack="0"/>
<pin id="118" dir="0" index="1" bw="63" slack="0"/>
<pin id="119" dir="0" index="2" bw="6" slack="0"/>
<pin id="120" dir="0" index="3" bw="7" slack="0"/>
<pin id="121" dir="1" index="4" bw="32" slack="1"/>
</pin_list>
<bind>
<opcode="partselect(1002) " fcode="partselect"/>
<opset="trunc_ln/2 "/>
</bind>
</comp>

<comp id="126" class="1004" name="trunc_ln67_1_fu_126">
<pin_list>
<pin id="127" dir="0" index="0" bw="32" slack="0"/>
<pin id="128" dir="0" index="1" bw="63" slack="0"/>
<pin id="129" dir="0" index="2" bw="6" slack="0"/>
<pin id="130" dir="0" index="3" bw="7" slack="0"/>
<pin id="131" dir="1" index="4" bw="32" slack="1"/>
</pin_list>
<bind>
<opcode="partselect(1002) " fcode="partselect"/>
<opset="trunc_ln67_1/2 "/>
</bind>
</comp>

<comp id="136" class="1004" name="store_ln86_store_fu_136">
<pin_list>
<pin id="137" dir="0" index="0" bw="32" slack="0"/>
<pin id="138" dir="0" index="1" bw="32" slack="0"/>
<pin id="139" dir="1" index="2" bw="0" slack="2147483647"/>
</pin_list>
<bind>
<opcode="store(28) " fcode="store"/>
<opset="store_ln86/2 "/>
</bind>
</comp>

<comp id="142" class="1004" name="sext_ln67_fu_142">
<pin_list>
<pin id="143" dir="0" index="0" bw="25" slack="1"/>
<pin id="144" dir="1" index="1" bw="32" slack="0"/>
</pin_list>
<bind>
<opcode="sext(35) " fcode="sext"/>
<opset="sext_ln67/3 "/>
</bind>
</comp>

<comp id="145" class="1004" name="sub_ln81_fu_145">
<pin_list>
<pin id="146" dir="0" index="0" bw="25" slack="0"/>
<pin id="147" dir="0" index="1" bw="32" slack="1"/>
<pin id="148" dir="1" index="2" bw="32" slack="0"/>
</pin_list>
<bind>
<opcode="sub(10) " fcode="sub"/>
<opset="sub_ln81/3 "/>
</bind>
</comp>

<comp id="150" class="1004" name="w_fu_150">
<pin_list>
<pin id="151" dir="0" index="0" bw="32" slack="0"/>
<pin id="152" dir="0" index="1" bw="32" slack="1"/>
<pin id="153" dir="1" index="2" bw="32" slack="0"/>
</pin_list>
<bind>
<opcode="sub(10) " fcode="sub"/>
<opset="w/3 "/>
</bind>
</comp>

<comp id="155" class="1004" name="store_ln87_store_fu_155">
<pin_list>
<pin id="156" dir="0" index="0" bw="32" slack="0"/>
<pin id="157" dir="0" index="1" bw="32" slack="0"/>
<pin id="158" dir="1" index="2" bw="0" slack="2147483647"/>
</pin_list>
<bind>
<opcode="store(28) " fcode="store"/>
<opset="store_ln87/3 "/>
</bind>
</comp>

<comp id="161" class="1004" name="sext_ln66_2_fu_161">
<pin_list>
<pin id="162" dir="0" index="0" bw="32" slack="1"/>
<pin id="163" dir="1" index="1" bw="63" slack="0"/>
</pin_list>
<bind>
<opcode="sext(35) " fcode="sext"/>
<opset="sext_ln66_2/4 "/>
</bind>
</comp>

<comp id="164" class="1004" name="shl_ln66_1_fu_164">
<pin_list>
<pin id="165" dir="0" index="0" bw="63" slack="0"/>
<pin id="166" dir="0" index="1" bw="32" slack="1"/>
<pin id="167" dir="0" index="2" bw="1" slack="0"/>
<pin id="168" dir="1" index="3" bw="63" slack="0"/>
</pin_list>
<bind>
<opcode="bitconcatenate(1004) " fcode="bitconcatenate"/>
<opset="shl_ln66_1/4 "/>
</bind>
</comp>

<comp id="171" class="1004" name="temp_3_fu_171">
<pin_list>
<pin id="172" dir="0" index="0" bw="63" slack="0"/>
<pin id="173" dir="0" index="1" bw="32" slack="0"/>
<pin id="174" dir="1" index="2" bw="63" slack="0"/>
</pin_list>
<bind>
<opcode="sub(10) " fcode="sub"/>
<opset="temp_3/4 "/>
</bind>
</comp>

<comp id="177" class="1004" name="trunc_ln67_2_fu_177">
<pin_list>
<pin id="178" dir="0" index="0" bw="32" slack="0"/>
<pin id="179" dir="0" index="1" bw="63" slack="0"/>
<pin id="180" dir="0" index="2" bw="6" slack="0"/>
<pin id="181" dir="0" index="3" bw="7" slack="0"/>
<pin id="182" dir="1" index="4" bw="32" slack="0"/>
</pin_list>
<bind>
<opcode="partselect(1002) " fcode="partselect"/>
<opset="trunc_ln67_2/4 "/>
</bind>
</comp>

<comp id="187" class="1004" name="shl_ln66_2_fu_187">
<pin_list>
<pin id="188" dir="0" index="0" bw="63" slack="0"/>
<pin id="189" dir="0" index="1" bw="32" slack="3"/>
<pin id="190" dir="0" index="2" bw="1" slack="0"/>
<pin id="191" dir="1" index="3" bw="63" slack="0"/>
</pin_list>
<bind>
<opcode="bitconcatenate(1004) " fcode="bitconcatenate"/>
<opset="shl_ln66_2/4 "/>
</bind>
</comp>

<comp id="194" class="1004" name="temp_4_fu_194">
<pin_list>
<pin id="195" dir="0" index="0" bw="1" slack="0"/>
<pin id="196" dir="0" index="1" bw="63" slack="0"/>
<pin id="197" dir="1" index="2" bw="63" slack="0"/>
</pin_list>
<bind>
<opcode="sub(10) " fcode="sub"/>
<opset="temp_4/4 "/>
</bind>
</comp>

<comp id="200" class="1004" name="trunc_ln67_3_fu_200">
<pin_list>
<pin id="201" dir="0" index="0" bw="32" slack="0"/>
<pin id="202" dir="0" index="1" bw="63" slack="0"/>
<pin id="203" dir="0" index="2" bw="6" slack="0"/>
<pin id="204" dir="0" index="3" bw="7" slack="0"/>
<pin id="205" dir="1" index="4" bw="32" slack="0"/>
</pin_list>
<bind>
<opcode="partselect(1002) " fcode="partselect"/>
<opset="trunc_ln67_3/4 "/>
</bind>
</comp>

<comp id="210" class="1004" name="y_fu_210">
<pin_list>
<pin id="211" dir="0" index="0" bw="32" slack="0"/>
<pin id="212" dir="0" index="1" bw="32" slack="0"/>
<pin id="213" dir="1" index="2" bw="32" slack="1"/>
</pin_list>
<bind>
<opcode="add(8) " fcode="add"/>
<opset="y/4 "/>
</bind>
</comp>

<comp id="216" class="1004" name="sext_ln66_3_fu_216">
<pin_list>
<pin id="217" dir="0" index="0" bw="32" slack="1"/>
<pin id="218" dir="1" index="1" bw="56" slack="0"/>
</pin_list>
<bind>
<opcode="sext(35) " fcode="sext"/>
<opset="sext_ln66_3/5 "/>
</bind>
</comp>

<comp id="219" class="1004" name="grp_fu_219">
<pin_list>
<pin id="220" dir="0" index="0" bw="32" slack="0"/>
<pin id="221" dir="0" index="1" bw="25" slack="0"/>
<pin id="222" dir="1" index="2" bw="56" slack="0"/>
</pin_list>
<bind>
<opcode="mul(12) " fcode="mul"/>
<opset="temp_5/5 "/>
</bind>
</comp>

<comp id="225" class="1004" name="filter_state_w2_1_load_load_fu_225">
<pin_list>
<pin id="226" dir="0" index="0" bw="32" slack="0"/>
<pin id="227" dir="1" index="1" bw="32" slack="0"/>
</pin_list>
<bind>
<opcode="load(27) " fcode="load"/>
<opset="filter_state_w2_1_load/5 "/>
</bind>
</comp>

<comp id="229" class="1004" name="sext_ln66_4_fu_229">
<pin_list>
<pin id="230" dir="0" index="0" bw="32" slack="0"/>
<pin id="231" dir="1" index="1" bw="63" slack="0"/>
</pin_list>
<bind>
<opcode="sext(35) " fcode="sext"/>
<opset="sext_ln66_4/5 "/>
</bind>
</comp>

<comp id="233" class="1004" name="grp_fu_233">
<pin_list>
<pin id="234" dir="0" index="0" bw="32" slack="0"/>
<pin id="235" dir="0" index="1" bw="32" slack="0"/>
<pin id="236" dir="1" index="2" bw="63" slack="0"/>
</pin_list>
<bind>
<opcode="mul(12) " fcode="mul"/>
<opset="temp_7/5 "/>
</bind>
</comp>

<comp id="239" class="1004" name="x_3_fu_239">
<pin_list>
<pin id="240" dir="0" index="0" bw="25" slack="0"/>
<pin id="241" dir="0" index="1" bw="56" slack="0"/>
<pin id="242" dir="0" index="2" bw="6" slack="0"/>
<pin id="243" dir="0" index="3" bw="7" slack="0"/>
<pin id="244" dir="1" index="4" bw="25" slack="1"/>
</pin_list>
<bind>
<opcode="partselect(1002) " fcode="partselect"/>
<opset="x_3/6 "/>
</bind>
</comp>

<comp id="249" class="1004" name="filter_state_w1_1_load_load_fu_249">
<pin_list>
<pin id="250" dir="0" index="0" bw="32" slack="0"/>
<pin id="251" dir="1" index="1" bw="32" slack="0"/>
</pin_list>
<bind>
<opcode="load(27) " fcode="load"/>
<opset="filter_state_w1_1_load/6 "/>
</bind>
</comp>

<comp id="253" class="1004" name="shl_ln66_3_fu_253">
<pin_list>
<pin id="254" dir="0" index="0" bw="63" slack="0"/>
<pin id="255" dir="0" index="1" bw="32" slack="0"/>
<pin id="256" dir="0" index="2" bw="1" slack="0"/>
<pin id="257" dir="1" index="3" bw="63" slack="0"/>
</pin_list>
<bind>
<opcode="bitconcatenate(1004) " fcode="bitconcatenate"/>
<opset="shl_ln66_3/6 "/>
</bind>
</comp>

<comp id="261" class="1004" name="temp_6_fu_261">
<pin_list>
<pin id="262" dir="0" index="0" bw="1" slack="0"/>
<pin id="263" dir="0" index="1" bw="63" slack="0"/>
<pin id="264" dir="1" index="2" bw="63" slack="0"/>
</pin_list>
<bind>
<opcode="sub(10) " fcode="sub"/>
<opset="temp_6/6 "/>
</bind>
</comp>

<comp id="267" class="1004" name="trunc_ln67_5_fu_267">
<pin_list>
<pin id="268" dir="0" index="0" bw="32" slack="0"/>
<pin id="269" dir="0" index="1" bw="63" slack="0"/>
<pin id="270" dir="0" index="2" bw="6" slack="0"/>
<pin id="271" dir="0" index="3" bw="7" slack="0"/>
<pin id="272" dir="1" index="4" bw="32" slack="1"/>
</pin_list>
<bind>
<opcode="partselect(1002) " fcode="partselect"/>
<opset="trunc_ln67_5/6 "/>
</bind>
</comp>

<comp id="277" class="1004" name="trunc_ln67_6_fu_277">
<pin_list>
<pin id="278" dir="0" index="0" bw="32" slack="0"/>
<pin id="279" dir="0" index="1" bw="63" slack="0"/>
<pin id="280" dir="0" index="2" bw="6" slack="0"/>
<pin id="281" dir="0" index="3" bw="7" slack="0"/>
<pin id="282" dir="1" index="4" bw="32" slack="1"/>
</pin_list>
<bind>
<opcode="partselect(1002) " fcode="partselect"/>
<opset="trunc_ln67_6/6 "/>
</bind>
</comp>

<comp id="287" class="1004" name="store_ln86_store_fu_287">
<pin_list>
<pin id="288" dir="0" index="0" bw="32" slack="0"/>
<pin id="289" dir="0" index="1" bw="32" slack="0"/>
<pin id="290" dir="1" index="2" bw="0" slack="2147483647"/>
</pin_list>
<bind>
<opcode="store(28) " fcode="store"/>
<opset="store_ln86/6 "/>
</bind>
</comp>

<comp id="293" class="1004" name="sext_ln67_1_fu_293">
<pin_list>
<pin id="294" dir="0" index="0" bw="25" slack="1"/>
<pin id="295" dir="1" index="1" bw="32" slack="0"/>
</pin_list>
<bind>
<opcode="sext(35) " fcode="sext"/>
<opset="sext_ln67_1/7 "/>
</bind>
</comp>

<comp id="296" class="1004" name="sub_ln81_1_fu_296">
<pin_list>
<pin id="297" dir="0" index="0" bw="25" slack="0"/>
<pin id="298" dir="0" index="1" bw="32" slack="1"/>
<pin id="299" dir="1" index="2" bw="32" slack="0"/>
</pin_list>
<bind>
<opcode="sub(10) " fcode="sub"/>
<opset="sub_ln81_1/7 "/>
</bind>
</comp>

<comp id="301" class="1004" name="w_1_fu_301">
<pin_list>
<pin id="302" dir="0" index="0" bw="32" slack="0"/>
<pin id="303" dir="0" index="1" bw="32" slack="1"/>
<pin id="304" dir="1" index="2" bw="32" slack="0"/>
</pin_list>
<bind>
<opcode="sub(10) " fcode="sub"/>
<opset="w_1/7 "/>
</bind>
</comp>

<comp id="306" class="1004" name="store_ln87_store_fu_306">
<pin_list>
<pin id="307" dir="0" index="0" bw="32" slack="0"/>
<pin id="308" dir="0" index="1" bw="32" slack="0"/>
<pin id="309" dir="1" index="2" bw="0" slack="2147483647"/>
</pin_list>
<bind>
<opcode="store(28) " fcode="store"/>
<opset="store_ln87/7 "/>
</bind>
</comp>

<comp id="312" class="1004" name="sext_ln66_5_fu_312">
<pin_list>
<pin id="313" dir="0" index="0" bw="32" slack="1"/>
<pin id="314" dir="1" index="1" bw="63" slack="0"/>
</pin_list>
<bind>
<opcode="sext(35) " fcode="sext"/>
<opset="sext_ln66_5/8 "/>
</bind>
</comp>

<comp id="315" class="1004" name="shl_ln66_4_fu_315">
<pin_list>
<pin id="316" dir="0" index="0" bw="63" slack="0"/>
<pin id="317" dir="0" index="1" bw="32" slack="1"/>
<pin id="318" dir="0" index="2" bw="1" slack="0"/>
<pin id="319" dir="1" index="3" bw="63" slack="0"/>
</pin_list>
<bind>
<opcode="bitconcatenate(1004) " fcode="bitconcatenate"/>
<opset="shl_ln66_4/8 "/>
</bind>
</comp>

<comp id="322" class="1004" name="temp_8_fu_322">
<pin_list>
<pin id="323" dir="0" index="0" bw="63" slack="0"/>
<pin id="324" dir="0" index="1" bw="32" slack="0"/>
<pin id="325" dir="1" index="2" bw="63" slack="0"/>
</pin_list>
<bind>
<opcode="sub(10) " fcode="sub"/>
<opset="temp_8/8 "/>
</bind>
</comp>

<comp id="328" class="1004" name="trunc_ln67_7_fu_328">
<pin_list>
<pin id="329" dir="0" index="0" bw="32" slack="0"/>
<pin id="330" dir="0" index="1" bw="63" slack="0"/>
<pin id="331" dir="0" index="2" bw="6" slack="0"/>
<pin id="332" dir="0" index="3" bw="7" slack="0"/>
<pin id="333" dir="1" index="4" bw="32" slack="0"/>
</pin_list>
<bind>
<opcode="partselect(1002) " fcode="partselect"/>
<opset="trunc_ln67_7/8 "/>
</bind>
</comp>

<comp id="338" class="1004" name="shl_ln66_5_fu_338">
<pin_list>
<pin id="339" dir="0" index="0" bw="63" slack="0"/>
<pin id="340" dir="0" index="1" bw="32" slack="3"/>
<pin id="341" dir="0" index="2" bw="1" slack="0"/>
<pin id="342" dir="1" index="3" bw="63" slack="0"/>
</pin_list>
<bind>
<opcode="bitconcatenate(1004) " fcode="bitconcatenate"/>
<opset="shl_ln66_5/8 "/>
</bind>
</comp>

<comp id="345" class="1004" name="temp_9_fu_345">
<pin_list>
<pin id="346" dir="0" index="0" bw="1" slack="0"/>
<pin id="347" dir="0" index="1" bw="63" slack="0"/>
<pin id="348" dir="1" index="2" bw="63" slack="0"/>
</pin_list>
<bind>
<opcode="sub(10) " fcode="sub"/>
<opset="temp_9/8 "/>
</bind>
</comp>

<comp id="351" class="1004" name="trunc_ln67_8_fu_351">
<pin_list>
<pin id="352" dir="0" index="0" bw="32" slack="0"/>
<pin id="353" dir="0" index="1" bw="63" slack="0"/>
<pin id="354" dir="0" index="2" bw="6" slack="0"/>
<pin id="355" dir="0" index="3" bw="7" slack="0"/>
<pin id="356" dir="1" index="4" bw="32" slack="0"/>
</pin_list>
<bind>
<opcode="partselect(1002) " fcode="partselect"/>
<opset="trunc_ln67_8/8 "/>
</bind>
</comp>

<comp id="361" class="1004" name="y_1_fu_361">
<pin_list>
<pin id="362" dir="0" index="0" bw="32" slack="0"/>
<pin id="363" dir="0" index="1" bw="32" slack="0"/>
<pin id="364" dir="1" index="2" bw="32" slack="1"/>
</pin_list>
<bind>
<opcode="add(8) " fcode="add"/>
<opset="y_1/8 "/>
</bind>
</comp>

<comp id="367" class="1004" name="sext_ln66_6_fu_367">
<pin_list>
<pin id="368" dir="0" index="0" bw="32" slack="1"/>
<pin id="369" dir="1" index="1" bw="56" slack="0"/>
</pin_list>
<bind>
<opcode="sext(35) " fcode="sext"/>
<opset="sext_ln66_6/9 "/>
</bind>
</comp>

<comp id="370" class="1004" name="grp_fu_370">
<pin_list>
<pin id="371" dir="0" index="0" bw="32" slack="0"/>
<pin id="372" dir="0" index="1" bw="25" slack="0"/>
<pin id="373" dir="1" index="2" bw="56" slack="0"/>
</pin_list>
<bind>
<opcode="mul(12) " fcode="mul"/>
<opset="temp_10/9 "/>
</bind>
</comp>

<comp id="376" class="1004" name="filter_state_w2_load_load_fu_376">
<pin_list>
<pin id="377" dir="0" index="0" bw="32" slack="0"/>
<pin id="378" dir="1" index="1" bw="32" slack="0"/>
</pin_list>
<bind>
<opcode="load(27) " fcode="load"/>
<opset="filter_state_w2_load/9 "/>
</bind>
</comp>

<comp id="380" class="1004" name="sext_ln66_7_fu_380">
<pin_list>
<pin id="381" dir="0" index="0" bw="32" slack="0"/>
<pin id="382" dir="1" index="1" bw="63" slack="0"/>
</pin_list>
<bind>
<opcode="sext(35) " fcode="sext"/>
<opset="sext_ln66_7/9 "/>
</bind>
</comp>

<comp id="384" class="1004" name="grp_fu_384">
<pin_list>
<pin id="385" dir="0" index="0" bw="32" slack="0"/>
<pin id="386" dir="0" index="1" bw="32" slack="0"/>
<pin id="387" dir="1" index="2" bw="63" slack="0"/>
</pin_list>
<bind>
<opcode="mul(12) " fcode="mul"/>
<opset="temp_12/9 "/>
</bind>
</comp>

<comp id="390" class="1004" name="x_5_fu_390">
<pin_list>
<pin id="391" dir="0" index="0" bw="25" slack="0"/>
<pin id="392" dir="0" index="1" bw="56" slack="0"/>
<pin id="393" dir="0" index="2" bw="6" slack="0"/>
<pin id="394" dir="0" index="3" bw="7" slack="0"/>
<pin id="395" dir="1" index="4" bw="25" slack="1"/>
</pin_list>
<bind>
<opcode="partselect(1002) " fcode="partselect"/>
<opset="x_5/10 "/>
</bind>
</comp>

<comp id="400" class="1004" name="filter_state_w1_load_load_fu_400">
<pin_list>
<pin id="401" dir="0" index="0" bw="32" slack="0"/>
<pin id="402" dir="1" index="1" bw="32" slack="0"/>
</pin_list>
<bind>
<opcode="load(27) " fcode="load"/>
<opset="filter_state_w1_load/10 "/>
</bind>
</comp>

<comp id="404" class="1004" name="shl_ln66_6_fu_404">
<pin_list>
<pin id="405" dir="0" index="0" bw="63" slack="0"/>
<pin id="406" dir="0" index="1" bw="32" slack="0"/>
<pin id="407" dir="0" index="2" bw="1" slack="0"/>
<pin id="408" dir="1" index="3" bw="63" slack="0"/>
</pin_list>
<bind>
<opcode="bitconcatenate(1004) " fcode="bitconcatenate"/>
<opset="shl_ln66_6/10 "/>
</bind>
</comp>

<comp id="412" class="1004" name="temp_11_fu_412">
<pin_list>
<pin id="413" dir="0" index="0" bw="1" slack="0"/>
<pin id="414" dir="0" index="1" bw="63" slack="0"/>
<pin id="415" dir="1" index="2" bw="63" slack="0"/>
</pin_list>
<bind>
<opcode="sub(10) " fcode="sub"/>
<opset="temp_11/10 "/>
</bind>
</comp>

<comp id="418" class="1004" name="trunc_ln67_s_fu_418">
<pin_list>
<pin id="419" dir="0" index="0" bw="32" slack="0"/>
<pin id="420" dir="0" index="1" bw="63" slack="0"/>
<pin id="421" dir="0" index="2" bw="6" slack="0"/>
<pin id="422" dir="0" index="3" bw="7" slack="0"/>
<pin id="423" dir="1" index="4" bw="32" slack="1"/>
</pin_list>
<bind>
<opcode="partselect(1002) " fcode="partselect"/>
<opset="trunc_ln67_s/10 "/>
</bind>
</comp>

<comp id="428" class="1004" name="trunc_ln67_4_fu_428">
<pin_list>
<pin id="429" dir="0" index="0" bw="32" slack="0"/>
<pin id="430" dir="0" index="1" bw="63" slack="0"/>
<pin id="431" dir="0" index="2" bw="6" slack="0"/>
<pin id="432" dir="0" index="3" bw="7" slack="0"/>
<pin id="433" dir="1" index="4" bw="32" slack="1"/>
</pin_list>
<bind>
<opcode="partselect(1002) " fcode="partselect"/>
<opset="trunc_ln67_4/10 "/>
</bind>
</comp>

<comp id="438" class="1004" name="store_ln86_store_fu_438">
<pin_list>
<pin id="439" dir="0" index="0" bw="32" slack="0"/>
<pin id="440" dir="0" index="1" bw="32" slack="0"/>
<pin id="441" dir="1" index="2" bw="0" slack="2147483647"/>
</pin_list>
<bind>
<opcode="store(28) " fcode="store"/>
<opset="store_ln86/10 "/>
</bind>
</comp>

<comp id="444" class="1004" name="sext_ln67_2_fu_444">
<pin_list>
<pin id="445" dir="0" index="0" bw="25" slack="1"/>
<pin id="446" dir="1" index="1" bw="32" slack="0"/>
</pin_list>
<bind>
<opcode="sext(35) " fcode="sext"/>
<opset="sext_ln67_2/11 "/>
</bind>
</comp>

<comp id="447" class="1004" name="sub_ln81_2_fu_447">
<pin_list>
<pin id="448" dir="0" index="0" bw="25" slack="0"/>
<pin id="449" dir="0" index="1" bw="32" slack="1"/>
<pin id="450" dir="1" index="2" bw="32" slack="0"/>
</pin_list>
<bind>
<opcode="sub(10) " fcode="sub"/>
<opset="sub_ln81_2/11 "/>
</bind>
</comp>

<comp id="452" class="1004" name="w_2_fu_452">
<pin_list>
<pin id="453" dir="0" index="0" bw="32" slack="0"/>
<pin id="454" dir="0" index="1" bw="32" slack="1"/>
<pin id="455" dir="1" index="2" bw="32" slack="0"/>
</pin_list>
<bind>
<opcode="sub(10) " fcode="sub"/>
<opset="w_2/11 "/>
</bind>
</comp>

<comp id="457" class="1004" name="store_ln87_store_fu_457">
<pin_list>
<pin id="458" dir="0" index="0" bw="32" slack="0"/>
<pin id="459" dir="0" index="1" bw="32" slack="0"/>
<pin id="460" dir="1" index="2" bw="0" slack="2147483647"/>
</pin_list>
<bind>
<opcode="store(28) " fcode="store"/>
<opset="store_ln87/11 "/>
</bind>
</comp>

<comp id="463" class="1004" name="sext_ln66_8_fu_463">
<pin_list>
<pin id="464" dir="0" index="0" bw="32" slack="1"/>
<pin id="465" dir="1" index="1" bw="63" slack="0"/>
</pin_list>
<bind>
<opcode="sext(35) " fcode="sext"/>
<opset="sext_ln66_8/12 "/>
</bind>
</comp>

<comp id="466" class="1004" name="shl_ln66_7_fu_466">
<pin_list>
<pin id="467" dir="0" index="0" bw="63" slack="0"/>
<pin id="468" dir="0" index="1" bw="32" slack="1"/>
<pin id="469" dir="0" index="2" bw="1" slack="0"/>
<pin id="470" dir="1" index="3" bw="63" slack="0"/>
</pin_list>
<bind>
<opcode="bitconcatenate(1004) " fcode="bitconcatenate"/>
<opset="shl_ln66_7/12 "/>
</bind>
</comp>

<comp id="473" class="1004" name="temp_13_fu_473">
<pin_list>
<pin id="474" dir="0" index="0" bw="63" slack="0"/>
<pin id="475" dir="0" index="1" bw="32" slack="0"/>
<pin id="476" dir="1" index="2" bw="63" slack="0"/>
</pin_list>
<bind>
<opcode="sub(10) " fcode="sub"/>
<opset="temp_13/12 "/>
</bind>
</comp>

<comp id="479" class="1004" name="trunc_ln67_9_fu_479">
<pin_list>
<pin id="480" dir="0" index="0" bw="32" slack="0"/>
<pin id="481" dir="0" index="1" bw="63" slack="0"/>
<pin id="482" dir="0" index="2" bw="6" slack="0"/>
<pin id="483" dir="0" index="3" bw="7" slack="0"/>
<pin id="484" dir="1" index="4" bw="32" slack="0"/>
</pin_list>
<bind>
<opcode="partselect(1002) " fcode="partselect"/>
<opset="trunc_ln67_9/12 "/>
</bind>
</comp>

<comp id="489" class="1004" name="shl_ln66_8_fu_489">
<pin_list>
<pin id="490" dir="0" index="0" bw="63" slack="0"/>
<pin id="491" dir="0" index="1" bw="32" slack="3"/>
<pin id="492" dir="0" index="2" bw="1" slack="0"/>
<pin id="493" dir="1" index="3" bw="63" slack="0"/>
</pin_list>
<bind>
<opcode="bitconcatenate(1004) " fcode="bitconcatenate"/>
<opset="shl_ln66_8/12 "/>
</bind>
</comp>

<comp id="496" class="1004" name="temp_14_fu_496">
<pin_list>
<pin id="497" dir="0" index="0" bw="1" slack="0"/>
<pin id="498" dir="0" index="1" bw="63" slack="0"/>
<pin id="499" dir="1" index="2" bw="63" slack="0"/>
</pin_list>
<bind>
<opcode="sub(10) " fcode="sub"/>
<opset="temp_14/12 "/>
</bind>
</comp>

<comp id="502" class="1004" name="trunc_ln67_10_fu_502">
<pin_list>
<pin id="503" dir="0" index="0" bw="32" slack="0"/>
<pin id="504" dir="0" index="1" bw="63" slack="0"/>
<pin id="505" dir="0" index="2" bw="6" slack="0"/>
<pin id="506" dir="0" index="3" bw="7" slack="0"/>
<pin id="507" dir="1" index="4" bw="32" slack="0"/>
</pin_list>
<bind>
<opcode="partselect(1002) " fcode="partselect"/>
<opset="trunc_ln67_10/12 "/>
</bind>
</comp>

<comp id="512" class="1004" name="y_2_fu_512">
<pin_list>
<pin id="513" dir="0" index="0" bw="32" slack="0"/>
<pin id="514" dir="0" index="1" bw="32" slack="0"/>
<pin id="515" dir="1" index="2" bw="32" slack="1"/>
</pin_list>
<bind>
<opcode="add(8) " fcode="add"/>
<opset="y_2/12 "/>
</bind>
</comp>

<comp id="518" class="1004" name="sext_ln66_9_fu_518">
<pin_list>
<pin id="519" dir="0" index="0" bw="32" slack="1"/>
<pin id="520" dir="1" index="1" bw="63" slack="0"/>
</pin_list>
<bind>
<opcode="sext(35) " fcode="sext"/>
<opset="sext_ln66_9/13 "/>
</bind>
</comp>

<comp id="521" class="1004" name="shl_ln66_9_fu_521">
<pin_list>
<pin id="522" dir="0" index="0" bw="63" slack="0"/>
<pin id="523" dir="0" index="1" bw="32" slack="1"/>
<pin id="524" dir="0" index="2" bw="1" slack="0"/>
<pin id="525" dir="1" index="3" bw="63" slack="0"/>
</pin_list>
<bind>
<opcode="bitconcatenate(1004) " fcode="bitconcatenate"/>
<opset="shl_ln66_9/13 "/>
</bind>
</comp>

<comp id="528" class="1004" name="temp_15_fu_528">
<pin_list>
<pin id="529" dir="0" index="0" bw="63" slack="0"/>
<pin id="530" dir="0" index="1" bw="32" slack="0"/>
<pin id="531" dir="1" index="2" bw="63" slack="0"/>
</pin_list>
<bind>
<opcode="sub(10) " fcode="sub"/>
<opset="temp_15/13 "/>
</bind>
</comp>

<comp id="534" class="1004" name="x_fu_534">
<pin_list>
<pin id="535" dir="0" index="0" bw="32" slack="0"/>
<pin id="536" dir="0" index="1" bw="63" slack="0"/>
<pin id="537" dir="0" index="2" bw="6" slack="0"/>
<pin id="538" dir="0" index="3" bw="7" slack="0"/>
<pin id="539" dir="1" index="4" bw="32" slack="2147483647"/>
</pin_list>
<bind>
<opcode="partselect(1002) " fcode="partselect"/>
<opset="x/13 "/>
</bind>
</comp>

<comp id="544" class="1005" name="sext_ln66_reg_544">
<pin_list>
<pin id="545" dir="0" index="0" bw="56" slack="1"/>
<pin id="546" dir="1" index="1" bw="56" slack="1"/>
</pin_list>
<bind>
<opset="sext_ln66 "/>
</bind>
</comp>

<comp id="549" class="1005" name="filter_state_w2_2_load_reg_549">
<pin_list>
<pin id="550" dir="0" index="0" bw="32" slack="3"/>
<pin id="551" dir="1" index="1" bw="32" slack="3"/>
</pin_list>
<bind>
<opset="filter_state_w2_2_load "/>
</bind>
</comp>

<comp id="554" class="1005" name="sext_ln66_1_reg_554">
<pin_list>
<pin id="555" dir="0" index="0" bw="63" slack="1"/>
<pin id="556" dir="1" index="1" bw="63" slack="1"/>
</pin_list>
<bind>
<opset="sext_ln66_1 "/>
</bind>
</comp>

<comp id="559" class="1005" name="x_1_reg_559">
<pin_list>
<pin id="560" dir="0" index="0" bw="25" slack="1"/>
<pin id="561" dir="1" index="1" bw="25" slack="1"/>
</pin_list>
<bind>
<opset="x_1 "/>
</bind>
</comp>

<comp id="564" class="1005" name="trunc_ln_reg_564">
<pin_list>
<pin id="565" dir="0" index="0" bw="32" slack="1"/>
<pin id="566" dir="1" index="1" bw="32" slack="1"/>
</pin_list>
<bind>
<opset="trunc_ln "/>
</bind>
</comp>

<comp id="569" class="1005" name="trunc_ln67_1_reg_569">
<pin_list>
<pin id="570" dir="0" index="0" bw="32" slack="1"/>
<pin id="571" dir="1" index="1" bw="32" slack="1"/>
</pin_list>
<bind>
<opset="trunc_ln67_1 "/>
</bind>
</comp>

<comp id="574" class="1005" name="w_reg_574">
<pin_list>
<pin id="575" dir="0" index="0" bw="32" slack="1"/>
<pin id="576" dir="1" index="1" bw="32" slack="1"/>
</pin_list>
<bind>
<opset="w "/>
</bind>
</comp>

<comp id="580" class="1005" name="y_reg_580">
<pin_list>
<pin id="581" dir="0" index="0" bw="32" slack="1"/>
<pin id="582" dir="1" index="1" bw="32" slack="1"/>
</pin_list>
<bind>
<opset="y "/>
</bind>
</comp>

<comp id="585" class="1005" name="sext_ln66_3_reg_585">
<pin_list>
<pin id="586" dir="0" index="0" bw="56" slack="1"/>
<pin id="587" dir="1" index="1" bw="56" slack="1"/>
</pin_list>
<bind>
<opset="sext_ln66_3 "/>
</bind>
</comp>

<comp id="590" class="1005" name="filter_state_w2_1_load_reg_590">
<pin_list>
<pin id="591" dir="0" index="0" bw="32" slack="3"/>
<pin id="592" dir="1" index="1" bw="32" slack="3"/>
</pin_list>
<bind>
<opset="filter_state_w2_1_load "/>
</bind>
</comp>

<comp id="595" class="1005" name="sext_ln66_4_reg_595">
<pin_list>
<pin id="596" dir="0" index="0" bw="63" slack="1"/>
<pin id="597" dir="1" index="1" bw="63" slack="1"/>
</pin_list>
<bind>
<opset="sext_ln66_4 "/>
</bind>
</comp>

<comp id="600" class="1005" name="x_3_reg_600">
<pin_list>
<pin id="601" dir="0" index="0" bw="25" slack="1"/>
<pin id="602" dir="1" index="1" bw="25" slack="1"/>
</pin_list>
<bind>
<opset="x_3 "/>
</bind>
</comp>

<comp id="605" class="1005" name="trunc_ln67_5_reg_605">
<pin_list>
<pin id="606" dir="0" index="0" bw="32" slack="1"/>
<pin id="607" dir="1" index="1" bw="32" slack="1"/>
</pin_list>
<bind>
<opset="trunc_ln67_5 "/>
</bind>
</comp>

<comp id="610" class="1005" name="trunc_ln67_6_reg_610">
<pin_list>
<pin id="611" dir="0" index="0" bw="32" slack="1"/>
<pin id="612" dir="1" index="1" bw="32" slack="1"/>
</pin_list>
<bind>
<opset="trunc_ln67_6 "/>
</bind>
</comp>

<comp id="615" class="1005" name="w_1_reg_615">
<pin_list>
<pin id="616" dir="0" index="0" bw="32" slack="1"/>
<pin id="617" dir="1" index="1" bw="32" slack="1"/>
</pin_list>
<bind>
<opset="w_1 "/>
</bind>
</comp>

<comp id="621" class="1005" name="y_1_reg_621">
<pin_list>
<pin id="622" dir="0" index="0" bw="32" slack="1"/>
<pin id="623" dir="1" index="1" bw="32" slack="1"/>
</pin_list>
<bind>
<opset="y_1 "/>
</bind>
</comp>

<comp id="626" class="1005" name="sext_ln66_6_reg_626">
<pin_list>
<pin id="627" dir="0" index="0" bw="56" slack="1"/>
<pin id="628" dir="1" index="1" bw="56" slack="1"/>
</pin_list>
<bind>
<opset="sext_ln66_6 "/>
</bind>
</comp>

<comp id="631" class="1005" name="filter_state_w2_load_reg_631">
<pin_list>
<pin id="632" dir="0" index="0" bw="32" slack="3"/>
<pin id="633" dir="1" index="1" bw="32" slack="3"/>
</pin_list>
<bind>
<opset="filter_state_w2_load "/>
</bind>
</comp>

<comp id="636" class="1005" name="sext_ln66_7_reg_636">
<pin_list>
<pin id="637" dir="0" index="0" bw="63" slack="1"/>
<pin id="638" dir="1" index="1" bw="63" slack="1"/>
</pin_list>
<bind>
<opset="sext_ln66_7 "/>
</bind>
</comp>

<comp id="641" class="1005" name="x_5_reg_641">
<pin_list>
<pin id="642" dir="0" index="0" bw="25" slack="1"/>
<pin id="643" dir="1" index="1" bw="25" slack="1"/>
</pin_list>
<bind>
<opset="x_5 "/>
</bind>
</comp>

<comp id="646" class="1005" name="trunc_ln67_s_reg_646">
<pin_list>
<pin id="647" dir="0" index="0" bw="32" slack="1"/>
<pin id="648" dir="1" index="1" bw="32" slack="1"/>
</pin_list>
<bind>
<opset="trunc_ln67_s "/>
</bind>
</comp>

<comp id="651" class="1005" name="trunc_ln67_4_reg_651">
<pin_list>
<pin id="652" dir="0" index="0" bw="32" slack="1"/>
<pin id="653" dir="1" index="1" bw="32" slack="1"/>
</pin_list>
<bind>
<opset="trunc_ln67_4 "/>
</bind>
</comp>

<comp id="656" class="1005" name="w_2_reg_656">
<pin_list>
<pin id="657" dir="0" index="0" bw="32" slack="1"/>
<pin id="658" dir="1" index="1" bw="32" slack="1"/>
</pin_list>
<bind>
<opset="w_2 "/>
</bind>
</comp>

<comp id="662" class="1005" name="y_2_reg_662">
<pin_list>
<pin id="663" dir="0" index="0" bw="32" slack="1"/>
<pin id="664" dir="1" index="1" bw="32" slack="1"/>
</pin_list>
<bind>
<opset="y_2 "/>
</bind>
</comp>

</comp_list>

<net_list>
<net id="62"><net_src comp="14" pin="0"/><net_sink comp="58" pin=0"/></net>

<net id="63"><net_src comp="0" pin="0"/><net_sink comp="58" pin=1"/></net>

<net id="67"><net_src comp="58" pin="2"/><net_sink comp="64" pin=0"/></net>

<net id="72"><net_src comp="64" pin="1"/><net_sink comp="68" pin=0"/></net>

<net id="73"><net_src comp="16" pin="0"/><net_sink comp="68" pin=1"/></net>

<net id="77"><net_src comp="4" pin="0"/><net_sink comp="74" pin=0"/></net>

<net id="81"><net_src comp="74" pin="1"/><net_sink comp="78" pin=0"/></net>

<net id="86"><net_src comp="78" pin="1"/><net_sink comp="82" pin=0"/></net>

<net id="87"><net_src comp="18" pin="0"/><net_sink comp="82" pin=1"/></net>

<net id="94"><net_src comp="20" pin="0"/><net_sink comp="88" pin=0"/></net>

<net id="95"><net_src comp="68" pin="2"/><net_sink comp="88" pin=1"/></net>

<net id="96"><net_src comp="22" pin="0"/><net_sink comp="88" pin=2"/></net>

<net id="97"><net_src comp="24" pin="0"/><net_sink comp="88" pin=3"/></net>

<net id="101"><net_src comp="2" pin="0"/><net_sink comp="98" pin=0"/></net>

<net id="107"><net_src comp="26" pin="0"/><net_sink comp="102" pin=0"/></net>

<net id="108"><net_src comp="98" pin="1"/><net_sink comp="102" pin=1"/></net>

<net id="109"><net_src comp="28" pin="0"/><net_sink comp="102" pin=2"/></net>

<net id="114"><net_src comp="30" pin="0"/><net_sink comp="110" pin=0"/></net>

<net id="115"><net_src comp="102" pin="3"/><net_sink comp="110" pin=1"/></net>

<net id="122"><net_src comp="32" pin="0"/><net_sink comp="116" pin=0"/></net>

<net id="123"><net_src comp="110" pin="2"/><net_sink comp="116" pin=1"/></net>

<net id="124"><net_src comp="22" pin="0"/><net_sink comp="116" pin=2"/></net>

<net id="125"><net_src comp="34" pin="0"/><net_sink comp="116" pin=3"/></net>

<net id="132"><net_src comp="32" pin="0"/><net_sink comp="126" pin=0"/></net>

<net id="133"><net_src comp="82" pin="2"/><net_sink comp="126" pin=1"/></net>

<net id="134"><net_src comp="22" pin="0"/><net_sink comp="126" pin=2"/></net>

<net id="135"><net_src comp="34" pin="0"/><net_sink comp="126" pin=3"/></net>

<net id="140"><net_src comp="98" pin="1"/><net_sink comp="136" pin=0"/></net>

<net id="141"><net_src comp="4" pin="0"/><net_sink comp="136" pin=1"/></net>

<net id="149"><net_src comp="142" pin="1"/><net_sink comp="145" pin=0"/></net>

<net id="154"><net_src comp="145" pin="2"/><net_sink comp="150" pin=0"/></net>

<net id="159"><net_src comp="150" pin="2"/><net_sink comp="155" pin=0"/></net>

<net id="160"><net_src comp="2" pin="0"/><net_sink comp="155" pin=1"/></net>

<net id="169"><net_src comp="26" pin="0"/><net_sink comp="164" pin=0"/></net>

<net id="170"><net_src comp="28" pin="0"/><net_sink comp="164" pin=2"/></net>

<net id="175"><net_src comp="164" pin="3"/><net_sink comp="171" pin=0"/></net>

<net id="176"><net_src comp="161" pin="1"/><net_sink comp="171" pin=1"/></net>

<net id="183"><net_src comp="32" pin="0"/><net_sink comp="177" pin=0"/></net>

<net id="184"><net_src comp="171" pin="2"/><net_sink comp="177" pin=1"/></net>

<net id="185"><net_src comp="22" pin="0"/><net_sink comp="177" pin=2"/></net>

<net id="186"><net_src comp="34" pin="0"/><net_sink comp="177" pin=3"/></net>

<net id="192"><net_src comp="26" pin="0"/><net_sink comp="187" pin=0"/></net>

<net id="193"><net_src comp="28" pin="0"/><net_sink comp="187" pin=2"/></net>

<net id="198"><net_src comp="30" pin="0"/><net_sink comp="194" pin=0"/></net>

<net id="199"><net_src comp="187" pin="3"/><net_sink comp="194" pin=1"/></net>

<net id="206"><net_src comp="32" pin="0"/><net_sink comp="200" pin=0"/></net>

<net id="207"><net_src comp="194" pin="2"/><net_sink comp="200" pin=1"/></net>

<net id="208"><net_src comp="22" pin="0"/><net_sink comp="200" pin=2"/></net>

<net id="209"><net_src comp="34" pin="0"/><net_sink comp="200" pin=3"/></net>

<net id="214"><net_src comp="177" pin="4"/><net_sink comp="210" pin=0"/></net>

<net id="215"><net_src comp="200" pin="4"/><net_sink comp="210" pin=1"/></net>

<net id="223"><net_src comp="216" pin="1"/><net_sink comp="219" pin=0"/></net>

<net id="224"><net_src comp="16" pin="0"/><net_sink comp="219" pin=1"/></net>

<net id="228"><net_src comp="8" pin="0"/><net_sink comp="225" pin=0"/></net>

<net id="232"><net_src comp="225" pin="1"/><net_sink comp="229" pin=0"/></net>

<net id="237"><net_src comp="229" pin="1"/><net_sink comp="233" pin=0"/></net>

<net id="238"><net_src comp="36" pin="0"/><net_sink comp="233" pin=1"/></net>

<net id="245"><net_src comp="20" pin="0"/><net_sink comp="239" pin=0"/></net>

<net id="246"><net_src comp="219" pin="2"/><net_sink comp="239" pin=1"/></net>

<net id="247"><net_src comp="22" pin="0"/><net_sink comp="239" pin=2"/></net>

<net id="248"><net_src comp="24" pin="0"/><net_sink comp="239" pin=3"/></net>

<net id="252"><net_src comp="6" pin="0"/><net_sink comp="249" pin=0"/></net>

<net id="258"><net_src comp="26" pin="0"/><net_sink comp="253" pin=0"/></net>

<net id="259"><net_src comp="249" pin="1"/><net_sink comp="253" pin=1"/></net>

<net id="260"><net_src comp="28" pin="0"/><net_sink comp="253" pin=2"/></net>

<net id="265"><net_src comp="30" pin="0"/><net_sink comp="261" pin=0"/></net>

<net id="266"><net_src comp="253" pin="3"/><net_sink comp="261" pin=1"/></net>

<net id="273"><net_src comp="32" pin="0"/><net_sink comp="267" pin=0"/></net>

<net id="274"><net_src comp="261" pin="2"/><net_sink comp="267" pin=1"/></net>

<net id="275"><net_src comp="22" pin="0"/><net_sink comp="267" pin=2"/></net>

<net id="276"><net_src comp="34" pin="0"/><net_sink comp="267" pin=3"/></net>

<net id="283"><net_src comp="32" pin="0"/><net_sink comp="277" pin=0"/></net>

<net id="284"><net_src comp="233" pin="2"/><net_sink comp="277" pin=1"/></net>

<net id="285"><net_src comp="22" pin="0"/><net_sink comp="277" pin=2"/></net>

<net id="286"><net_src comp="34" pin="0"/><net_sink comp="277" pin=3"/></net>

<net id="291"><net_src comp="249" pin="1"/><net_sink comp="287" pin=0"/></net>

<net id="292"><net_src comp="8" pin="0"/><net_sink comp="287" pin=1"/></net>

<net id="300"><net_src comp="293" pin="1"/><net_sink comp="296" pin=0"/></net>

<net id="305"><net_src comp="296" pin="2"/><net_sink comp="301" pin=0"/></net>

<net id="310"><net_src comp="301" pin="2"/><net_sink comp="306" pin=0"/></net>

<net id="311"><net_src comp="6" pin="0"/><net_sink comp="306" pin=1"/></net>

<net id="320"><net_src comp="26" pin="0"/><net_sink comp="315" pin=0"/></net>

<net id="321"><net_src comp="28" pin="0"/><net_sink comp="315" pin=2"/></net>

<net id="326"><net_src comp="315" pin="3"/><net_sink comp="322" pin=0"/></net>

<net id="327"><net_src comp="312" pin="1"/><net_sink comp="322" pin=1"/></net>

<net id="334"><net_src comp="32" pin="0"/><net_sink comp="328" pin=0"/></net>

<net id="335"><net_src comp="322" pin="2"/><net_sink comp="328" pin=1"/></net>

<net id="336"><net_src comp="22" pin="0"/><net_sink comp="328" pin=2"/></net>

<net id="337"><net_src comp="34" pin="0"/><net_sink comp="328" pin=3"/></net>

<net id="343"><net_src comp="26" pin="0"/><net_sink comp="338" pin=0"/></net>

<net id="344"><net_src comp="28" pin="0"/><net_sink comp="338" pin=2"/></net>

<net id="349"><net_src comp="30" pin="0"/><net_sink comp="345" pin=0"/></net>

<net id="350"><net_src comp="338" pin="3"/><net_sink comp="345" pin=1"/></net>

<net id="357"><net_src comp="32" pin="0"/><net_sink comp="351" pin=0"/></net>

<net id="358"><net_src comp="345" pin="2"/><net_sink comp="351" pin=1"/></net>

<net id="359"><net_src comp="22" pin="0"/><net_sink comp="351" pin=2"/></net>

<net id="360"><net_src comp="34" pin="0"/><net_sink comp="351" pin=3"/></net>

<net id="365"><net_src comp="328" pin="4"/><net_sink comp="361" pin=0"/></net>

<net id="366"><net_src comp="351" pin="4"/><net_sink comp="361" pin=1"/></net>

<net id="374"><net_src comp="367" pin="1"/><net_sink comp="370" pin=0"/></net>

<net id="375"><net_src comp="38" pin="0"/><net_sink comp="370" pin=1"/></net>

<net id="379"><net_src comp="12" pin="0"/><net_sink comp="376" pin=0"/></net>

<net id="383"><net_src comp="376" pin="1"/><net_sink comp="380" pin=0"/></net>

<net id="388"><net_src comp="380" pin="1"/><net_sink comp="384" pin=0"/></net>

<net id="389"><net_src comp="40" pin="0"/><net_sink comp="384" pin=1"/></net>

<net id="396"><net_src comp="20" pin="0"/><net_sink comp="390" pin=0"/></net>

<net id="397"><net_src comp="370" pin="2"/><net_sink comp="390" pin=1"/></net>

<net id="398"><net_src comp="22" pin="0"/><net_sink comp="390" pin=2"/></net>

<net id="399"><net_src comp="24" pin="0"/><net_sink comp="390" pin=3"/></net>

<net id="403"><net_src comp="10" pin="0"/><net_sink comp="400" pin=0"/></net>

<net id="409"><net_src comp="26" pin="0"/><net_sink comp="404" pin=0"/></net>

<net id="410"><net_src comp="400" pin="1"/><net_sink comp="404" pin=1"/></net>

<net id="411"><net_src comp="28" pin="0"/><net_sink comp="404" pin=2"/></net>

<net id="416"><net_src comp="30" pin="0"/><net_sink comp="412" pin=0"/></net>

<net id="417"><net_src comp="404" pin="3"/><net_sink comp="412" pin=1"/></net>

<net id="424"><net_src comp="32" pin="0"/><net_sink comp="418" pin=0"/></net>

<net id="425"><net_src comp="412" pin="2"/><net_sink comp="418" pin=1"/></net>

<net id="426"><net_src comp="22" pin="0"/><net_sink comp="418" pin=2"/></net>

<net id="427"><net_src comp="34" pin="0"/><net_sink comp="418" pin=3"/></net>

<net id="434"><net_src comp="32" pin="0"/><net_sink comp="428" pin=0"/></net>

<net id="435"><net_src comp="384" pin="2"/><net_sink comp="428" pin=1"/></net>

<net id="436"><net_src comp="22" pin="0"/><net_sink comp="428" pin=2"/></net>

<net id="437"><net_src comp="34" pin="0"/><net_sink comp="428" pin=3"/></net>

<net id="442"><net_src comp="400" pin="1"/><net_sink comp="438" pin=0"/></net>

<net id="443"><net_src comp="12" pin="0"/><net_sink comp="438" pin=1"/></net>

<net id="451"><net_src comp="444" pin="1"/><net_sink comp="447" pin=0"/></net>

<net id="456"><net_src comp="447" pin="2"/><net_sink comp="452" pin=0"/></net>

<net id="461"><net_src comp="452" pin="2"/><net_sink comp="457" pin=0"/></net>

<net id="462"><net_src comp="10" pin="0"/><net_sink comp="457" pin=1"/></net>

<net id="471"><net_src comp="26" pin="0"/><net_sink comp="466" pin=0"/></net>

<net id="472"><net_src comp="28" pin="0"/><net_sink comp="466" pin=2"/></net>

<net id="477"><net_src comp="466" pin="3"/><net_sink comp="473" pin=0"/></net>

<net id="478"><net_src comp="463" pin="1"/><net_sink comp="473" pin=1"/></net>

<net id="485"><net_src comp="32" pin="0"/><net_sink comp="479" pin=0"/></net>

<net id="486"><net_src comp="473" pin="2"/><net_sink comp="479" pin=1"/></net>

<net id="487"><net_src comp="22" pin="0"/><net_sink comp="479" pin=2"/></net>

<net id="488"><net_src comp="34" pin="0"/><net_sink comp="479" pin=3"/></net>

<net id="494"><net_src comp="26" pin="0"/><net_sink comp="489" pin=0"/></net>

<net id="495"><net_src comp="28" pin="0"/><net_sink comp="489" pin=2"/></net>

<net id="500"><net_src comp="30" pin="0"/><net_sink comp="496" pin=0"/></net>

<net id="501"><net_src comp="489" pin="3"/><net_sink comp="496" pin=1"/></net>

<net id="508"><net_src comp="32" pin="0"/><net_sink comp="502" pin=0"/></net>

<net id="509"><net_src comp="496" pin="2"/><net_sink comp="502" pin=1"/></net>

<net id="510"><net_src comp="22" pin="0"/><net_sink comp="502" pin=2"/></net>

<net id="511"><net_src comp="34" pin="0"/><net_sink comp="502" pin=3"/></net>

<net id="516"><net_src comp="479" pin="4"/><net_sink comp="512" pin=0"/></net>

<net id="517"><net_src comp="502" pin="4"/><net_sink comp="512" pin=1"/></net>

<net id="526"><net_src comp="26" pin="0"/><net_sink comp="521" pin=0"/></net>

<net id="527"><net_src comp="28" pin="0"/><net_sink comp="521" pin=2"/></net>

<net id="532"><net_src comp="521" pin="3"/><net_sink comp="528" pin=0"/></net>

<net id="533"><net_src comp="518" pin="1"/><net_sink comp="528" pin=1"/></net>

<net id="540"><net_src comp="32" pin="0"/><net_sink comp="534" pin=0"/></net>

<net id="541"><net_src comp="528" pin="2"/><net_sink comp="534" pin=1"/></net>

<net id="542"><net_src comp="22" pin="0"/><net_sink comp="534" pin=2"/></net>

<net id="543"><net_src comp="34" pin="0"/><net_sink comp="534" pin=3"/></net>

<net id="547"><net_src comp="64" pin="1"/><net_sink comp="544" pin=0"/></net>

<net id="548"><net_src comp="544" pin="1"/><net_sink comp="68" pin=0"/></net>

<net id="552"><net_src comp="74" pin="1"/><net_sink comp="549" pin=0"/></net>

<net id="553"><net_src comp="549" pin="1"/><net_sink comp="187" pin=1"/></net>

<net id="557"><net_src comp="78" pin="1"/><net_sink comp="554" pin=0"/></net>

<net id="558"><net_src comp="554" pin="1"/><net_sink comp="82" pin=0"/></net>

<net id="562"><net_src comp="88" pin="4"/><net_sink comp="559" pin=0"/></net>

<net id="563"><net_src comp="559" pin="1"/><net_sink comp="142" pin=0"/></net>

<net id="567"><net_src comp="116" pin="4"/><net_sink comp="564" pin=0"/></net>

<net id="568"><net_src comp="564" pin="1"/><net_sink comp="145" pin=1"/></net>

<net id="572"><net_src comp="126" pin="4"/><net_sink comp="569" pin=0"/></net>

<net id="573"><net_src comp="569" pin="1"/><net_sink comp="150" pin=1"/></net>

<net id="577"><net_src comp="150" pin="2"/><net_sink comp="574" pin=0"/></net>

<net id="578"><net_src comp="574" pin="1"/><net_sink comp="161" pin=0"/></net>

<net id="579"><net_src comp="574" pin="1"/><net_sink comp="164" pin=1"/></net>

<net id="583"><net_src comp="210" pin="2"/><net_sink comp="580" pin=0"/></net>

<net id="584"><net_src comp="580" pin="1"/><net_sink comp="216" pin=0"/></net>

<net id="588"><net_src comp="216" pin="1"/><net_sink comp="585" pin=0"/></net>

<net id="589"><net_src comp="585" pin="1"/><net_sink comp="219" pin=0"/></net>

<net id="593"><net_src comp="225" pin="1"/><net_sink comp="590" pin=0"/></net>

<net id="594"><net_src comp="590" pin="1"/><net_sink comp="338" pin=1"/></net>

<net id="598"><net_src comp="229" pin="1"/><net_sink comp="595" pin=0"/></net>

<net id="599"><net_src comp="595" pin="1"/><net_sink comp="233" pin=0"/></net>

<net id="603"><net_src comp="239" pin="4"/><net_sink comp="600" pin=0"/></net>

<net id="604"><net_src comp="600" pin="1"/><net_sink comp="293" pin=0"/></net>

<net id="608"><net_src comp="267" pin="4"/><net_sink comp="605" pin=0"/></net>

<net id="609"><net_src comp="605" pin="1"/><net_sink comp="296" pin=1"/></net>

<net id="613"><net_src comp="277" pin="4"/><net_sink comp="610" pin=0"/></net>

<net id="614"><net_src comp="610" pin="1"/><net_sink comp="301" pin=1"/></net>

<net id="618"><net_src comp="301" pin="2"/><net_sink comp="615" pin=0"/></net>

<net id="619"><net_src comp="615" pin="1"/><net_sink comp="312" pin=0"/></net>

<net id="620"><net_src comp="615" pin="1"/><net_sink comp="315" pin=1"/></net>

<net id="624"><net_src comp="361" pin="2"/><net_sink comp="621" pin=0"/></net>

<net id="625"><net_src comp="621" pin="1"/><net_sink comp="367" pin=0"/></net>

<net id="629"><net_src comp="367" pin="1"/><net_sink comp="626" pin=0"/></net>

<net id="630"><net_src comp="626" pin="1"/><net_sink comp="370" pin=0"/></net>

<net id="634"><net_src comp="376" pin="1"/><net_sink comp="631" pin=0"/></net>

<net id="635"><net_src comp="631" pin="1"/><net_sink comp="489" pin=1"/></net>

<net id="639"><net_src comp="380" pin="1"/><net_sink comp="636" pin=0"/></net>

<net id="640"><net_src comp="636" pin="1"/><net_sink comp="384" pin=0"/></net>

<net id="644"><net_src comp="390" pin="4"/><net_sink comp="641" pin=0"/></net>

<net id="645"><net_src comp="641" pin="1"/><net_sink comp="444" pin=0"/></net>

<net id="649"><net_src comp="418" pin="4"/><net_sink comp="646" pin=0"/></net>

<net id="650"><net_src comp="646" pin="1"/><net_sink comp="447" pin=1"/></net>

<net id="654"><net_src comp="428" pin="4"/><net_sink comp="651" pin=0"/></net>

<net id="655"><net_src comp="651" pin="1"/><net_sink comp="452" pin=1"/></net>

<net id="659"><net_src comp="452" pin="2"/><net_sink comp="656" pin=0"/></net>

<net id="660"><net_src comp="656" pin="1"/><net_sink comp="463" pin=0"/></net>

<net id="661"><net_src comp="656" pin="1"/><net_sink comp="466" pin=1"/></net>

<net id="665"><net_src comp="512" pin="2"/><net_sink comp="662" pin=0"/></net>

<net id="666"><net_src comp="662" pin="1"/><net_sink comp="518" pin=0"/></net>

<net id="667"><net_src comp="662" pin="1"/><net_sink comp="521" pin=1"/></net>

</net_list>

</model> 
---------------- Datapath Model END ------------------

* FSMD analyzer results:
  - Output states:
	Port: filter_state_w1_2 | {3 }
	Port: filter_state_w2_2 | {2 }
	Port: filter_state_w1_1 | {7 }
	Port: filter_state_w2_1 | {6 }
	Port: filter_state_w1 | {11 }
	Port: filter_state_w2 | {10 }
 - Input state : 
	Port: filter2 : input_r | {1 }
	Port: filter2 : filter_state_w1_2 | {2 }
	Port: filter2 : filter_state_w2_2 | {1 }
	Port: filter2 : filter_state_w1_1 | {6 }
	Port: filter2 : filter_state_w2_1 | {5 }
	Port: filter2 : filter_state_w1 | {10 }
	Port: filter2 : filter_state_w2 | {9 }
  - Chain level:
	State 1
		temp : 1
		sext_ln66_1 : 1
		temp_2 : 2
	State 2
		x_1 : 1
		shl_ln : 1
		temp_1 : 2
		trunc_ln : 3
		trunc_ln67_1 : 1
		store_ln86 : 1
	State 3
		sub_ln81 : 1
		w : 2
		store_ln87 : 3
	State 4
		temp_3 : 1
		trunc_ln67_2 : 2
		temp_4 : 1
		trunc_ln67_3 : 2
		y : 3
	State 5
		temp_5 : 1
		sext_ln66_4 : 1
		temp_7 : 2
	State 6
		x_3 : 1
		shl_ln66_3 : 1
		temp_6 : 2
		trunc_ln67_5 : 3
		trunc_ln67_6 : 1
		store_ln86 : 1
	State 7
		sub_ln81_1 : 1
		w_1 : 2
		store_ln87 : 3
	State 8
		temp_8 : 1
		trunc_ln67_7 : 2
		temp_9 : 1
		trunc_ln67_8 : 2
		y_1 : 3
	State 9
		temp_10 : 1
		sext_ln66_7 : 1
		temp_12 : 2
	State 10
		x_5 : 1
		shl_ln66_6 : 1
		temp_11 : 2
		trunc_ln67_s : 3
		trunc_ln67_4 : 1
		store_ln86 : 1
	State 11
		sub_ln81_2 : 1
		w_2 : 2
		store_ln87 : 3
	State 12
		temp_13 : 1
		trunc_ln67_9 : 2
		temp_14 : 1
		trunc_ln67_10 : 2
		y_2 : 3
	State 13
		temp_15 : 1
		x : 2
		ret_ln116 : 3


============================================================
+ Verbose Summary: Datapath Resource usage 
============================================================

* Functional unit list:
|----------|-------------------------|---------|---------|---------|
| Operation|     Functional Unit     |   DSP   |    FF   |   LUT   |
|----------|-------------------------|---------|---------|---------|
|          |        grp_fu_68        |    2    |   165   |    50   |
|          |        grp_fu_82        |    3    |   165   |    50   |
|    mul   |        grp_fu_219       |    2    |   165   |    50   |
|          |        grp_fu_233       |    3    |   165   |    50   |
|          |        grp_fu_370       |    2    |   165   |    50   |
|          |        grp_fu_384       |    3    |   165   |    50   |
|----------|-------------------------|---------|---------|---------|
|          |      temp_1_fu_110      |    0    |    0    |    70   |
|          |     sub_ln81_fu_145     |    0    |    0    |    32   |
|          |         w_fu_150        |    0    |    0    |    32   |
|          |      temp_3_fu_171      |    0    |    0    |    70   |
|          |      temp_4_fu_194      |    0    |    0    |    70   |
|          |      temp_6_fu_261      |    0    |    0    |    70   |
|          |    sub_ln81_1_fu_296    |    0    |    0    |    32   |
|    sub   |        w_1_fu_301       |    0    |    0    |    32   |
|          |      temp_8_fu_322      |    0    |    0    |    70   |
|          |      temp_9_fu_345      |    0    |    0    |    70   |
|          |      temp_11_fu_412     |    0    |    0    |    70   |
|          |    sub_ln81_2_fu_447    |    0    |    0    |    32   |
|          |        w_2_fu_452       |    0    |    0    |    32   |
|          |      temp_13_fu_473     |    0    |    0    |    70   |
|          |      temp_14_fu_496     |    0    |    0    |    70   |
|          |      temp_15_fu_528     |    0    |    0    |    70   |
|----------|-------------------------|---------|---------|---------|
|          |         y_fu_210        |    0    |    0    |    39   |
|    add   |        y_1_fu_361       |    0    |    0    |    39   |
|          |        y_2_fu_512       |    0    |    0    |    39   |
|----------|-------------------------|---------|---------|---------|
|   read   | input_r_read_read_fu_58 |    0    |    0    |    0    |
|----------|-------------------------|---------|---------|---------|
|          |     sext_ln66_fu_64     |    0    |    0    |    0    |
|          |    sext_ln66_1_fu_78    |    0    |    0    |    0    |
|          |     sext_ln67_fu_142    |    0    |    0    |    0    |
|          |    sext_ln66_2_fu_161   |    0    |    0    |    0    |
|          |    sext_ln66_3_fu_216   |    0    |    0    |    0    |
|          |    sext_ln66_4_fu_229   |    0    |    0    |    0    |
|   sext   |    sext_ln67_1_fu_293   |    0    |    0    |    0    |
|          |    sext_ln66_5_fu_312   |    0    |    0    |    0    |
|          |    sext_ln66_6_fu_367   |    0    |    0    |    0    |
|          |    sext_ln66_7_fu_380   |    0    |    0    |    0    |
|          |    sext_ln67_2_fu_444   |    0    |    0    |    0    |
|          |    sext_ln66_8_fu_463   |    0    |    0    |    0    |
|          |    sext_ln66_9_fu_518   |    0    |    0    |    0    |
|----------|-------------------------|---------|---------|---------|
|          |        x_1_fu_88        |    0    |    0    |    0    |
|          |     trunc_ln_fu_116     |    0    |    0    |    0    |
|          |   trunc_ln67_1_fu_126   |    0    |    0    |    0    |
|          |   trunc_ln67_2_fu_177   |    0    |    0    |    0    |
|          |   trunc_ln67_3_fu_200   |    0    |    0    |    0    |
|          |        x_3_fu_239       |    0    |    0    |    0    |
|          |   trunc_ln67_5_fu_267   |    0    |    0    |    0    |
|partselect|   trunc_ln67_6_fu_277   |    0    |    0    |    0    |
|          |   trunc_ln67_7_fu_328   |    0    |    0    |    0    |
|          |   trunc_ln67_8_fu_351   |    0    |    0    |    0    |
|          |        x_5_fu_390       |    0    |    0    |    0    |
|          |   trunc_ln67_s_fu_418   |    0    |    0    |    0    |
|          |   trunc_ln67_4_fu_428   |    0    |    0    |    0    |
|          |   trunc_ln67_9_fu_479   |    0    |    0    |    0    |
|          |   trunc_ln67_10_fu_502  |    0    |    0    |    0    |
|          |         x_fu_534        |    0    |    0    |    0    |
|----------|-------------------------|---------|---------|---------|
|          |      shl_ln_fu_102      |    0    |    0    |    0    |
|          |    shl_ln66_1_fu_164    |    0    |    0    |    0    |
|          |    shl_ln66_2_fu_187    |    0    |    0    |    0    |
|          |    shl_ln66_3_fu_253    |    0    |    0    |    0    |
|bitconcatenate|    shl_ln66_4_fu_315    |    0    |    0    |    0    |
|          |    shl_ln66_5_fu_338    |    0    |    0    |    0    |
|          |    shl_ln66_6_fu_404    |    0    |    0    |    0    |
|          |    shl_ln66_7_fu_466    |    0    |    0    |    0    |
|          |    shl_ln66_8_fu_489    |    0    |    0    |    0    |
|          |    shl_ln66_9_fu_521    |    0    |    0    |    0    |
|----------|-------------------------|---------|---------|---------|
|   Total  |                         |    15   |   990   |   1309  |
|----------|-------------------------|---------|---------|---------|

Memories:
N/A

* Register list:
+------------------------------+--------+
|                              |   FF   |
+------------------------------+--------+
|filter_state_w2_1_load_reg_590|   32   |
|filter_state_w2_2_load_reg_549|   32   |
| filter_state_w2_load_reg_631 |   32   |
|      sext_ln66_1_reg_554     |   63   |
|      sext_ln66_3_reg_585     |   56   |
|      sext_ln66_4_reg_595     |   63   |
|      sext_ln66_6_reg_626     |   56   |
|      sext_ln66_7_reg_636     |   63   |
|       sext_ln66_reg_544      |   56   |
|     trunc_ln67_1_reg_569     |   32   |
|     trunc_ln67_4_reg_651     |   32   |
|     trunc_ln67_5_reg_605     |   32   |
|     trunc_ln67_6_reg_610     |   32   |
|     trunc_ln67_s_reg_646     |   32   |
|       trunc_ln_reg_564       |   32   |
|          w_1_reg_615         |   32   |
|          w_2_reg_656         |   32   |
|           w_reg_574          |   32   |
|          x_1_reg_559         |   25   |
|          x_3_reg_600         |   25   |
|          x_5_reg_641         |   25   |
|          y_1_reg_621         |   32   |
|          y_2_reg_662         |   32   |
|           y_reg_580          |   32   |
+------------------------------+--------+
|             Total            |   912  |
+------------------------------+--------+

* Multiplexer (MUX) list: 
|------------|------|------|------|--------||---------||---------|
|    Comp    |  Pin | Size |  BW  | S x BW ||  Delay  ||   LUT   |
|------------|------|------|------|--------||---------||---------|
|  grp_fu_68 |  p0  |   2  |  32  |   64   ||    9    |
|  grp_fu_82 |  p0  |   2  |  32  |   64   ||    9    |
| grp_fu_219 |  p0  |   2  |  32  |   64   ||    9    |
| grp_fu_233 |  p0  |   2  |  32  |   64   ||    9    |
| grp_fu_370 |  p0  |   2  |  32  |   64   ||    9    |
| grp_fu_384 |  p0  |   2  |  32  |   64   ||    9    |
|------------|------|------|------|--------||---------||---------|
|    Total   |      |      |      |   384  ||   9.66  ||    54   |
|------------|------|------|------|--------||---------||---------|



* Summary:
+-----------+--------+--------+--------+--------+
|           |   DSP  |  Delay |   FF   |   LUT  |
+-----------+--------+--------+--------+--------+
|  Function |   15   |    -   |   990  |  1309  |
|   Memory  |    -   |    -   |    -   |    -   |
|Multiplexer|    -   |    9   |    -   |   54   |
|  Register |    -   |    -   |   912  |    -   |
+-----------+--------+--------+--------+--------+
|   Total   |   15   |    9   |  1902  |  1363  |
+-----------+--------+--------+--------+--------+
