   Build using "/home/caccolillo/Xilinx_2022_2/Vitis_HLS/2022.2/tps/lnx64/gcc-8.3.0/bin/g++"
   Compiling apatb_filter1.cpp
   Compiling (apcc) filter1.c_pre.c.tb.c
INFO: [HLS 200-10] Running '/home/caccolillo/Xilinx_2022_2/Vitis_HLS/2022.2/bin/unwrapped/lnx64.o/apcc'
INFO: [HLS 200-10] For user 'caccolillo' on host 'caccolillo-OMEN-25L-Desktop-GT12-1xxx' (Linux_x86_64 version 5.15.0-139-generic) on Sun Jun 29 19:51:10 BST 2025
INFO: [HLS 200-10] On os Ubuntu 20.04.3 LTS
INFO: [HLS 200-10] In directory '/home/caccolillo/Downloads/TUTORIAL_FSK/FSK_MODEM/HLS/FILTER1/filter1_prj/solution1/sim/wrapc'
clang: warning: argument unused during compilation: '-fno-builtin-isinf'
clang: warning: argument unused during compilation: '-fno-builtin-isnan'
INFO: [APCC 202-3] Tmp directory is /tmp/apcc_db_caccolillo/246271751223070182693
INFO: [APCC 202-1] APCC is done.
INFO: [HLS 200-112] Total CPU user time: 1.12 seconds. Total CPU system time: 0.22 seconds. Total elapsed time: 1.23 seconds; peak allocated memory: 99.000 MB.
   Compiling (apcc) filter1_tb.c_pre.c.tb.c
INFO: [HLS 200-10] Running '/home/caccolillo/Xilinx_2022_2/Vitis_HLS/2022.2/bin/unwrapped/lnx64.o/apcc'
INFO: [HLS 200-10] For user 'caccolillo' on host 'caccolillo-OMEN-25L-Desktop-GT12-1xxx' (Linux_x86_64 version 5.15.0-139-generic) on Sun Jun 29 19:51:12 BST 2025
INFO: [HLS 200-10] On os Ubuntu 20.04.3 LTS
INFO: [HLS 200-10] In directory '/home/caccolillo/Downloads/TUTORIAL_FSK/FSK_MODEM/HLS/FILTER1/filter1_prj/solution1/sim/wrapc'
clang: warning: argument unused during compilation: '-fno-builtin-isinf'
clang: warning: argument unused during compilation: '-fno-builtin-isnan'
INFO: [APCC 202-3] Tmp directory is /tmp/apcc_db_caccolillo/246831751223072169599
INFO: [APCC 202-1] APCC is done.
INFO: [HLS 200-112] Total CPU user time: 1.13 seconds. Total CPU system time: 0.18 seconds. Total elapsed time: 1.18 seconds; peak allocated memory: 99.000 MB.
   Compiling apatb_filter1_ir.ll
   Generating cosim.tv.exe
