Sun Jun 29 19:59:34 2025: Running xcd server. This server was built by gradle.
Sun Jun 29 19:59:34 2025: Server was asked to start on port: '44867'
Sun Jun 29 19:59:34 2025: Server is using token UUID: 'a9cb4e12-5466-467f-93bb-bb8093edae39'
Sun Jun 29 19:59:34 2025: SESSION_MGR: creating session with session uuid: '6d04a3e9-ade5-4ab9-8d63-1f78fcd2ec76' and name 'default'
Sun Jun 29 19:59:34 2025: Attempting to start server on port '44867'
Sun Jun 29 19:59:34 2025: XCD main fifo: created main fifo '/tmp/xcdmaina9cb4e12-5466-467f-93bb-bb8093edae39', fd read = 13
Sun Jun 29 19:59:34 2025: Running Dispatch Server
Sun Jun 29 19:59:34 2025: Version 2.2.0
Sun Jun 29 19:59:43 2025: Dispatch Server: Accepted socket connection from client
Sun Jun 29 19:59:43 2025: Starting Socket connection
Sun Jun 29 19:59:43 2025: EXCHANGE_TOKEN received, server token: a9cb4e12-5466-467f-93bb-bb8093edae39, passed token: a9cb4e12-5466-467f-93bb-bb8093edae39
Sun Jun 29 19:59:43 2025: SESSION_MGR: creating session with session uuid: '0feaaec0-a09a-42d6-b80b-7d1333bbb02d' and name 'vitis_hls'
Sun Jun 29 19:59:43 2025: KERNEL_SVC: creating session with uuid: '0feaaec0-a09a-42d6-b80b-7d1333bbb02d' and name 'vitis_hls'
Sun Jun 29 19:59:43 2025: GUIDANCE_SMGR: creating guidance session with uuid: '0feaaec0-a09a-42d6-b80b-7d1333bbb02d' and name 'vitis_hls'
Sun Jun 29 19:59:48 2025: STOP_SERVER received, server token: a9cb4e12-5466-467f-93bb-bb8093edae39, passed token: a9cb4e12-5466-467f-93bb-bb8093edae39
Sun Jun 29 19:59:48 2025: Socket received request to stop server.
Sun Jun 29 19:59:48 2025: Dispatch Server: do_await_stop
Sun Jun 29 19:59:48 2025: Dispatch Server: stopping mainFifo_
Sun Jun 29 19:59:48 2025: XCD main fifo: Stopping
Sun Jun 29 19:59:48 2025: XCD main fifo: do_read error code: Operation canceled
Sun Jun 29 19:59:48 2025: XCD main fifo: bytes_transferred: 0
Sun Jun 29 19:59:48 2025: SERVER: destructor for server bound to port 44867
Sun Jun 29 19:59:48 2025: XCD main fifo: Good unlink of /tmp/xcdmaina9cb4e12-5466-467f-93bb-bb8093edae39
Sun Jun 29 19:59:48 2025: Server exiting with status 0.
Sun Jun 29 19:59:48 2025: Closing log file.
Sun Jun 29 20:00:09 2025: Running xcd server. This server was built by gradle.
Sun Jun 29 20:00:09 2025: Server was asked to start on port: '36017'
Sun Jun 29 20:00:09 2025: Server is using token UUID: '4b99cc02-912e-47ce-9152-c5b14899b05d'
Sun Jun 29 20:00:09 2025: SESSION_MGR: creating session with session uuid: '6d04a3e9-ade5-4ab9-8d63-1f78fcd2ec76' and name 'default'
Sun Jun 29 20:00:09 2025: Attempting to start server on port '36017'
Sun Jun 29 20:00:09 2025: XCD main fifo: created main fifo '/tmp/xcdmain4b99cc02-912e-47ce-9152-c5b14899b05d', fd read = 13
Sun Jun 29 20:00:09 2025: Running Dispatch Server
Sun Jun 29 20:00:09 2025: Version 2.2.0
Sun Jun 29 20:00:18 2025: Dispatch Server: Accepted socket connection from client
Sun Jun 29 20:00:18 2025: Starting Socket connection
Sun Jun 29 20:00:18 2025: EXCHANGE_TOKEN received, server token: 4b99cc02-912e-47ce-9152-c5b14899b05d, passed token: 4b99cc02-912e-47ce-9152-c5b14899b05d
Sun Jun 29 20:00:18 2025: SESSION_MGR: creating session with session uuid: 'f8a9e7df-97c4-49c2-812d-39008a69e813' and name 'vitis_hls'
Sun Jun 29 20:00:18 2025: KERNEL_SVC: creating session with uuid: 'f8a9e7df-97c4-49c2-812d-39008a69e813' and name 'vitis_hls'
Sun Jun 29 20:00:18 2025: GUIDANCE_SMGR: creating guidance session with uuid: 'f8a9e7df-97c4-49c2-812d-39008a69e813' and name 'vitis_hls'
Sun Jun 29 20:00:20 2025: STOP_SERVER received, server token: 4b99cc02-912e-47ce-9152-c5b14899b05d, passed token: 4b99cc02-912e-47ce-9152-c5b14899b05d
Sun Jun 29 20:00:20 2025: Socket received request to stop server.
Sun Jun 29 20:00:20 2025: Dispatch Server: do_await_stop
Sun Jun 29 20:00:20 2025: Dispatch Server: stopping mainFifo_
Sun Jun 29 20:00:20 2025: XCD main fifo: Stopping
Sun Jun 29 20:00:20 2025: XCD main fifo: do_read error code: Operation canceled
Sun Jun 29 20:00:20 2025: XCD main fifo: bytes_transferred: 0
Sun Jun 29 20:00:20 2025: SERVER: destructor for server bound to port 36017
Sun Jun 29 20:00:20 2025: XCD main fifo: Good unlink of /tmp/xcdmain4b99cc02-912e-47ce-9152-c5b14899b05d
Sun Jun 29 20:00:20 2025: Server exiting with status 0.
Sun Jun 29 20:00:20 2025: Closing log file.
Sun Jun 29 20:00:56 2025: Running xcd server. This server was built by gradle.
Sun Jun 29 20:00:56 2025: Server was asked to start on port: '43077'
Sun Jun 29 20:00:56 2025: Server is using token UUID: '3cbc46f7-0c9d-4c67-92d8-c9b06792723f'
Sun Jun 29 20:00:56 2025: SESSION_MGR: creating session with session uuid: '6d04a3e9-ade5-4ab9-8d63-1f78fcd2ec76' and name 'default'
Sun Jun 29 20:00:56 2025: Attempting to start server on port '43077'
Sun Jun 29 20:00:56 2025: XCD main fifo: created main fifo '/tmp/xcdmain3cbc46f7-0c9d-4c67-92d8-c9b06792723f', fd read = 13
Sun Jun 29 20:00:56 2025: Running Dispatch Server
Sun Jun 29 20:00:56 2025: Version 2.2.0
Sun Jun 29 20:01:05 2025: Dispatch Server: Accepted socket connection from client
Sun Jun 29 20:01:05 2025: Starting Socket connection
Sun Jun 29 20:01:05 2025: EXCHANGE_TOKEN received, server token: 3cbc46f7-0c9d-4c67-92d8-c9b06792723f, passed token: 3cbc46f7-0c9d-4c67-92d8-c9b06792723f
Sun Jun 29 20:01:05 2025: SESSION_MGR: creating session with session uuid: '9763082e-510c-42f7-9fa8-6d4f772baa67' and name 'vitis_hls'
Sun Jun 29 20:01:05 2025: KERNEL_SVC: creating session with uuid: '9763082e-510c-42f7-9fa8-6d4f772baa67' and name 'vitis_hls'
Sun Jun 29 20:01:05 2025: GUIDANCE_SMGR: creating guidance session with uuid: '9763082e-510c-42f7-9fa8-6d4f772baa67' and name 'vitis_hls'
Sun Jun 29 20:01:09 2025: STOP_SERVER received, server token: 3cbc46f7-0c9d-4c67-92d8-c9b06792723f, passed token: 3cbc46f7-0c9d-4c67-92d8-c9b06792723f
Sun Jun 29 20:01:09 2025: Socket received request to stop server.
Sun Jun 29 20:01:09 2025: Dispatch Server: do_await_stop
Sun Jun 29 20:01:09 2025: Dispatch Server: stopping mainFifo_
Sun Jun 29 20:01:09 2025: XCD main fifo: Stopping
Sun Jun 29 20:01:09 2025: XCD main fifo: do_read error code: Operation canceled
Sun Jun 29 20:01:09 2025: XCD main fifo: bytes_transferred: 0
Sun Jun 29 20:01:09 2025: SERVER: destructor for server bound to port 43077
Sun Jun 29 20:01:09 2025: XCD main fifo: Good unlink of /tmp/xcdmain3cbc46f7-0c9d-4c67-92d8-c9b06792723f
Sun Jun 29 20:01:09 2025: Server exiting with status 0.
Sun Jun 29 20:01:09 2025: Closing log file.
Sun Jun 29 20:03:25 2025: Running xcd server. This server was built by gradle.
Sun Jun 29 20:03:25 2025: Server was asked to start on port: '46311'
Sun Jun 29 20:03:25 2025: Server is using token UUID: '817c6c97-50a8-4399-a779-e5ebc467de09'
Sun Jun 29 20:03:25 2025: SESSION_MGR: creating session with session uuid: '6d04a3e9-ade5-4ab9-8d63-1f78fcd2ec76' and name 'default'
Sun Jun 29 20:03:25 2025: Attempting to start server on port '46311'
Sun Jun 29 20:03:25 2025: XCD main fifo: created main fifo '/tmp/xcdmain817c6c97-50a8-4399-a779-e5ebc467de09', fd read = 13
Sun Jun 29 20:03:25 2025: Running Dispatch Server
Sun Jun 29 20:03:25 2025: Version 2.2.0
Sun Jun 29 20:03:34 2025: Dispatch Server: Accepted socket connection from client
Sun Jun 29 20:03:34 2025: Starting Socket connection
Sun Jun 29 20:03:34 2025: EXCHANGE_TOKEN received, server token: 817c6c97-50a8-4399-a779-e5ebc467de09, passed token: 817c6c97-50a8-4399-a779-e5ebc467de09
Sun Jun 29 20:03:34 2025: SESSION_MGR: creating session with session uuid: 'a6a035dc-5d18-4150-8f5c-dba2745d8226' and name 'vitis_hls'
Sun Jun 29 20:03:34 2025: KERNEL_SVC: creating session with uuid: 'a6a035dc-5d18-4150-8f5c-dba2745d8226' and name 'vitis_hls'
Sun Jun 29 20:03:34 2025: GUIDANCE_SMGR: creating guidance session with uuid: 'a6a035dc-5d18-4150-8f5c-dba2745d8226' and name 'vitis_hls'
Sun Jun 29 20:03:41 2025: STOP_SERVER received, server token: 817c6c97-50a8-4399-a779-e5ebc467de09, passed token: 817c6c97-50a8-4399-a779-e5ebc467de09
Sun Jun 29 20:03:41 2025: Socket received request to stop server.
Sun Jun 29 20:03:41 2025: Dispatch Server: do_await_stop
Sun Jun 29 20:03:41 2025: Dispatch Server: stopping mainFifo_
Sun Jun 29 20:03:41 2025: XCD main fifo: Stopping
Sun Jun 29 20:03:41 2025: XCD main fifo: do_read error code: Operation canceled
Sun Jun 29 20:03:41 2025: XCD main fifo: bytes_transferred: 0
Sun Jun 29 20:03:41 2025: SERVER: destructor for server bound to port 46311
Sun Jun 29 20:03:41 2025: XCD main fifo: Good unlink of /tmp/xcdmain817c6c97-50a8-4399-a779-e5ebc467de09
Sun Jun 29 20:03:41 2025: Server exiting with status 0.
Sun Jun 29 20:03:41 2025: Closing log file.
Sun Jun 29 20:05:21 2025: Running xcd server. This server was built by gradle.
Sun Jun 29 20:05:21 2025: Server was asked to start on port: '46667'
Sun Jun 29 20:05:21 2025: Server is using token UUID: '3e3e85f3-244d-4665-a850-3003713f17b1'
Sun Jun 29 20:05:21 2025: SESSION_MGR: creating session with session uuid: '6d04a3e9-ade5-4ab9-8d63-1f78fcd2ec76' and name 'default'
Sun Jun 29 20:05:21 2025: Attempting to start server on port '46667'
Sun Jun 29 20:05:21 2025: XCD main fifo: created main fifo '/tmp/xcdmain3e3e85f3-244d-4665-a850-3003713f17b1', fd read = 13
Sun Jun 29 20:05:21 2025: Running Dispatch Server
Sun Jun 29 20:05:21 2025: Version 2.2.0
Sun Jun 29 20:05:30 2025: Dispatch Server: Accepted socket connection from client
Sun Jun 29 20:05:30 2025: Starting Socket connection
Sun Jun 29 20:05:30 2025: EXCHANGE_TOKEN received, server token: 3e3e85f3-244d-4665-a850-3003713f17b1, passed token: 3e3e85f3-244d-4665-a850-3003713f17b1
Sun Jun 29 20:05:30 2025: SESSION_MGR: creating session with session uuid: 'a41feb14-2001-4eaf-adf6-3f654ffa4be8' and name 'vitis_hls'
Sun Jun 29 20:05:30 2025: KERNEL_SVC: creating session with uuid: 'a41feb14-2001-4eaf-adf6-3f654ffa4be8' and name 'vitis_hls'
Sun Jun 29 20:05:30 2025: GUIDANCE_SMGR: creating guidance session with uuid: 'a41feb14-2001-4eaf-adf6-3f654ffa4be8' and name 'vitis_hls'
Sun Jun 29 20:05:44 2025: STOP_SERVER received, server token: 3e3e85f3-244d-4665-a850-3003713f17b1, passed token: 3e3e85f3-244d-4665-a850-3003713f17b1
Sun Jun 29 20:05:44 2025: Socket received request to stop server.
Sun Jun 29 20:05:44 2025: Dispatch Server: do_await_stop
Sun Jun 29 20:05:44 2025: Dispatch Server: stopping mainFifo_
Sun Jun 29 20:05:44 2025: XCD main fifo: Stopping
Sun Jun 29 20:05:44 2025: XCD main fifo: do_read error code: Operation canceled
Sun Jun 29 20:05:44 2025: XCD main fifo: bytes_transferred: 0
Sun Jun 29 20:05:44 2025: SERVER: destructor for server bound to port 46667
Sun Jun 29 20:05:44 2025: XCD main fifo: Good unlink of /tmp/xcdmain3e3e85f3-244d-4665-a850-3003713f17b1
Sun Jun 29 20:05:44 2025: Server exiting with status 0.
Sun Jun 29 20:05:44 2025: Closing log file.
Sun Jun 29 20:11:45 2025: Running xcd server. This server was built by gradle.
Sun Jun 29 20:11:45 2025: Server was asked to start on port: '37203'
Sun Jun 29 20:11:45 2025: Server is using token UUID: 'c331c9d1-d1c0-4970-b43f-76b49f25cb38'
Sun Jun 29 20:11:45 2025: SESSION_MGR: creating session with session uuid: '6d04a3e9-ade5-4ab9-8d63-1f78fcd2ec76' and name 'default'
Sun Jun 29 20:11:45 2025: Attempting to start server on port '37203'
Sun Jun 29 20:11:45 2025: XCD main fifo: created main fifo '/tmp/xcdmainc331c9d1-d1c0-4970-b43f-76b49f25cb38', fd read = 13
Sun Jun 29 20:11:45 2025: Running Dispatch Server
Sun Jun 29 20:11:45 2025: Version 2.2.0
Sun Jun 29 20:11:54 2025: Dispatch Server: Accepted socket connection from client
Sun Jun 29 20:11:54 2025: Starting Socket connection
Sun Jun 29 20:11:54 2025: EXCHANGE_TOKEN received, server token: c331c9d1-d1c0-4970-b43f-76b49f25cb38, passed token: c331c9d1-d1c0-4970-b43f-76b49f25cb38
Sun Jun 29 20:11:54 2025: SESSION_MGR: creating session with session uuid: 'd3e7fbbb-e925-4147-b5ba-7a9dd5416cc8' and name 'vitis_hls'
Sun Jun 29 20:11:54 2025: KERNEL_SVC: creating session with uuid: 'd3e7fbbb-e925-4147-b5ba-7a9dd5416cc8' and name 'vitis_hls'
Sun Jun 29 20:11:54 2025: GUIDANCE_SMGR: creating guidance session with uuid: 'd3e7fbbb-e925-4147-b5ba-7a9dd5416cc8' and name 'vitis_hls'
Sun Jun 29 20:11:59 2025: STOP_SERVER received, server token: c331c9d1-d1c0-4970-b43f-76b49f25cb38, passed token: c331c9d1-d1c0-4970-b43f-76b49f25cb38
Sun Jun 29 20:11:59 2025: Socket received request to stop server.
Sun Jun 29 20:11:59 2025: Dispatch Server: do_await_stop
Sun Jun 29 20:11:59 2025: Dispatch Server: stopping mainFifo_
Sun Jun 29 20:11:59 2025: XCD main fifo: Stopping
Sun Jun 29 20:11:59 2025: XCD main fifo: do_read error code: Operation canceled
Sun Jun 29 20:11:59 2025: XCD main fifo: bytes_transferred: 0
Sun Jun 29 20:11:59 2025: SERVER: destructor for server bound to port 37203
Sun Jun 29 20:11:59 2025: XCD main fifo: Good unlink of /tmp/xcdmainc331c9d1-d1c0-4970-b43f-76b49f25cb38
Sun Jun 29 20:11:59 2025: Server exiting with status 0.
Sun Jun 29 20:11:59 2025: Closing log file.
Sun Jun 29 20:13:52 2025: Running xcd server. This server was built by gradle.
Sun Jun 29 20:13:52 2025: Server was asked to start on port: '40157'
Sun Jun 29 20:13:52 2025: Server is using token UUID: 'dfaa7da4-2fb9-4c2c-91ed-74df317101e0'
Sun Jun 29 20:13:52 2025: SESSION_MGR: creating session with session uuid: '6d04a3e9-ade5-4ab9-8d63-1f78fcd2ec76' and name 'default'
Sun Jun 29 20:13:52 2025: Attempting to start server on port '40157'
Sun Jun 29 20:13:52 2025: XCD main fifo: created main fifo '/tmp/xcdmaindfaa7da4-2fb9-4c2c-91ed-74df317101e0', fd read = 13
Sun Jun 29 20:13:52 2025: Running Dispatch Server
Sun Jun 29 20:13:52 2025: Version 2.2.0
Sun Jun 29 20:14:01 2025: Dispatch Server: Accepted socket connection from client
Sun Jun 29 20:14:01 2025: Starting Socket connection
Sun Jun 29 20:14:01 2025: EXCHANGE_TOKEN received, server token: dfaa7da4-2fb9-4c2c-91ed-74df317101e0, passed token: dfaa7da4-2fb9-4c2c-91ed-74df317101e0
Sun Jun 29 20:14:01 2025: SESSION_MGR: creating session with session uuid: 'a54fde9d-b484-4dff-bbb5-dfc4fdd3bbe8' and name 'vitis_hls'
Sun Jun 29 20:14:01 2025: KERNEL_SVC: creating session with uuid: 'a54fde9d-b484-4dff-bbb5-dfc4fdd3bbe8' and name 'vitis_hls'
Sun Jun 29 20:14:01 2025: GUIDANCE_SMGR: creating guidance session with uuid: 'a54fde9d-b484-4dff-bbb5-dfc4fdd3bbe8' and name 'vitis_hls'
Sun Jun 29 20:14:05 2025: STOP_SERVER received, server token: dfaa7da4-2fb9-4c2c-91ed-74df317101e0, passed token: dfaa7da4-2fb9-4c2c-91ed-74df317101e0
Sun Jun 29 20:14:05 2025: Socket received request to stop server.
Sun Jun 29 20:14:05 2025: Dispatch Server: do_await_stop
Sun Jun 29 20:14:05 2025: Dispatch Server: stopping mainFifo_
Sun Jun 29 20:14:05 2025: XCD main fifo: Stopping
Sun Jun 29 20:14:05 2025: XCD main fifo: do_read error code: Operation canceled
Sun Jun 29 20:14:05 2025: XCD main fifo: bytes_transferred: 0
Sun Jun 29 20:14:05 2025: SERVER: destructor for server bound to port 40157
Sun Jun 29 20:14:05 2025: XCD main fifo: Good unlink of /tmp/xcdmaindfaa7da4-2fb9-4c2c-91ed-74df317101e0
Sun Jun 29 20:14:05 2025: Server exiting with status 0.
Sun Jun 29 20:14:05 2025: Closing log file.
